[2022-09-27 06:00:17,622] {taskinstance.py:1032} INFO - Dependencies all met for <TaskInstance: first_dag.training_model_A scheduled__2022-09-26T00:00:00+00:00 [queued]>
[2022-09-27 06:00:17,650] {taskinstance.py:1032} INFO - Dependencies all met for <TaskInstance: first_dag.training_model_A scheduled__2022-09-26T00:00:00+00:00 [queued]>
[2022-09-27 06:00:17,651] {taskinstance.py:1238} INFO - 
--------------------------------------------------------------------------------
[2022-09-27 06:00:17,652] {taskinstance.py:1239} INFO - Starting attempt 1 of 1
[2022-09-27 06:00:17,653] {taskinstance.py:1240} INFO - 
--------------------------------------------------------------------------------
[2022-09-27 06:00:17,709] {taskinstance.py:1259} INFO - Executing <Task(PythonOperator): training_model_A> on 2022-09-26 00:00:00+00:00
[2022-09-27 06:00:17,736] {standard_task_runner.py:52} INFO - Started process 105 to run task
[2022-09-27 06:00:17,760] {standard_task_runner.py:76} INFO - Running: ['***', 'tasks', 'run', 'first_dag', 'training_model_A', 'scheduled__2022-09-26T00:00:00+00:00', '--job-id', '73', '--raw', '--subdir', 'DAGS_FOLDER/xcom_dag.py', '--cfg-path', '/tmp/tmpbe0oy9cg', '--error-file', '/tmp/tmpprpz6eqd']
[2022-09-27 06:00:17,762] {standard_task_runner.py:77} INFO - Job 73: Subtask training_model_A
[2022-09-27 06:00:17,982] {logging_mixin.py:109} INFO - Running <TaskInstance: first_dag.training_model_A scheduled__2022-09-26T00:00:00+00:00 [running]> on host 2302558ab94b
[2022-09-27 06:00:18,655] {taskinstance.py:1426} INFO - Exporting the following env vars:
AIRFLOW_CTX_DAG_OWNER=***
AIRFLOW_CTX_DAG_ID=first_dag
AIRFLOW_CTX_TASK_ID=training_model_A
AIRFLOW_CTX_EXECUTION_DATE=2022-09-26T00:00:00+00:00
AIRFLOW_CTX_DAG_RUN_ID=scheduled__2022-09-26T00:00:00+00:00
[2022-09-27 06:00:18,671] {python.py:175} INFO - Done. Returned value was: 10
[2022-09-27 06:00:19,019] {taskinstance.py:1277} INFO - Marking task as SUCCESS. dag_id=first_dag, task_id=training_model_A, execution_date=20220926T000000, start_date=20220927T060017, end_date=20220927T060019
[2022-09-27 06:00:19,365] {local_task_job.py:154} INFO - Task exited with return code 0
[2022-09-27 06:00:20,302] {local_task_job.py:264} INFO - 0 downstream tasks scheduled from follow-on schedule check
[2022-09-27 17:14:14,517] {taskinstance.py:1032} INFO - Dependencies all met for <TaskInstance: first_dag.training_model_A scheduled__2022-09-26T00:00:00+00:00 [queued]>
[2022-09-27 17:14:14,561] {taskinstance.py:1032} INFO - Dependencies all met for <TaskInstance: first_dag.training_model_A scheduled__2022-09-26T00:00:00+00:00 [queued]>
[2022-09-27 17:14:14,568] {taskinstance.py:1238} INFO - 
--------------------------------------------------------------------------------
[2022-09-27 17:14:14,569] {taskinstance.py:1239} INFO - Starting attempt 1 of 1
[2022-09-27 17:14:14,570] {taskinstance.py:1240} INFO - 
--------------------------------------------------------------------------------
[2022-09-27 17:14:14,642] {taskinstance.py:1259} INFO - Executing <Task(PythonOperator): training_model_A> on 2022-09-26 00:00:00+00:00
[2022-09-27 17:14:14,662] {standard_task_runner.py:52} INFO - Started process 162 to run task
[2022-09-27 17:14:14,687] {standard_task_runner.py:76} INFO - Running: ['***', 'tasks', 'run', 'first_dag', 'training_model_A', 'scheduled__2022-09-26T00:00:00+00:00', '--job-id', '142', '--raw', '--subdir', 'DAGS_FOLDER/xcom_dag.py', '--cfg-path', '/tmp/tmp2n7wu36h', '--error-file', '/tmp/tmpkbei5pnc']
[2022-09-27 17:14:14,724] {standard_task_runner.py:77} INFO - Job 142: Subtask training_model_A
[2022-09-27 17:14:15,139] {logging_mixin.py:109} INFO - Running <TaskInstance: first_dag.training_model_A scheduled__2022-09-26T00:00:00+00:00 [running]> on host f5057273dea0
[2022-09-27 17:14:15,571] {taskinstance.py:1426} INFO - Exporting the following env vars:
AIRFLOW_CTX_DAG_OWNER=***
AIRFLOW_CTX_DAG_ID=first_dag
AIRFLOW_CTX_TASK_ID=training_model_A
AIRFLOW_CTX_EXECUTION_DATE=2022-09-26T00:00:00+00:00
AIRFLOW_CTX_DAG_RUN_ID=scheduled__2022-09-26T00:00:00+00:00
[2022-09-27 17:14:15,582] {python.py:175} INFO - Done. Returned value was: 3
[2022-09-27 17:14:15,668] {taskinstance.py:1277} INFO - Marking task as SUCCESS. dag_id=first_dag, task_id=training_model_A, execution_date=20220926T000000, start_date=20220927T171414, end_date=20220927T171415
[2022-09-27 17:14:15,762] {local_task_job.py:154} INFO - Task exited with return code 0
[2022-09-27 17:14:15,928] {local_task_job.py:264} INFO - 0 downstream tasks scheduled from follow-on schedule check
