[2022-09-28 02:46:54,786] {taskinstance.py:1032} INFO - Dependencies all met for <TaskInstance: local_data_ingestion_gcs_dag.upload_file manual__2022-09-28T02:46:53.025119+00:00 [queued]>
[2022-09-28 02:46:54,803] {taskinstance.py:1032} INFO - Dependencies all met for <TaskInstance: local_data_ingestion_gcs_dag.upload_file manual__2022-09-28T02:46:53.025119+00:00 [queued]>
[2022-09-28 02:46:54,803] {taskinstance.py:1238} INFO - 
--------------------------------------------------------------------------------
[2022-09-28 02:46:54,804] {taskinstance.py:1239} INFO - Starting attempt 1 of 2
[2022-09-28 02:46:54,804] {taskinstance.py:1240} INFO - 
--------------------------------------------------------------------------------
[2022-09-28 02:46:54,821] {taskinstance.py:1259} INFO - Executing <Task(LocalFilesystemToGCSOperator): upload_file> on 2022-09-28 02:46:53.025119+00:00
[2022-09-28 02:46:54,827] {standard_task_runner.py:52} INFO - Started process 463 to run task
[2022-09-28 02:46:54,831] {standard_task_runner.py:76} INFO - Running: ['***', 'tasks', 'run', 'local_data_ingestion_gcs_dag', 'upload_file', 'manual__2022-09-28T02:46:53.025119+00:00', '--job-id', '177', '--raw', '--subdir', 'DAGS_FOLDER/upload_to_gcs.py', '--cfg-path', '/tmp/tmp5hayffui', '--error-file', '/tmp/tmpy6vwcp_n']
[2022-09-28 02:46:54,832] {standard_task_runner.py:77} INFO - Job 177: Subtask upload_file
[2022-09-28 02:46:54,904] {logging_mixin.py:109} INFO - Running <TaskInstance: local_data_ingestion_gcs_dag.upload_file manual__2022-09-28T02:46:53.025119+00:00 [running]> on host 85830348c970
[2022-09-28 02:46:54,987] {taskinstance.py:1426} INFO - Exporting the following env vars:
AIRFLOW_CTX_DAG_OWNER=***
AIRFLOW_CTX_DAG_ID=local_data_ingestion_gcs_dag
AIRFLOW_CTX_TASK_ID=upload_file
AIRFLOW_CTX_EXECUTION_DATE=2022-09-28T02:46:53.025119+00:00
AIRFLOW_CTX_DAG_RUN_ID=manual__2022-09-28T02:46:53.025119+00:00
[2022-09-28 02:46:54,989] {crypto.py:82} WARNING - empty cryptography key - values will not be stored encrypted.
[2022-09-28 02:46:55,004] {taskinstance.py:1277} INFO - Marking task as SUCCESS. dag_id=local_data_ingestion_gcs_dag, task_id=upload_file, execution_date=20220928T024653, start_date=20220928T024654, end_date=20220928T024655
[2022-09-28 02:46:55,044] {local_task_job.py:154} INFO - Task exited with return code 0
[2022-09-28 02:46:55,107] {local_task_job.py:264} INFO - 0 downstream tasks scheduled from follow-on schedule check
