[2022-09-24 05:38:18,527] {taskinstance.py:1032} INFO - Dependencies all met for <TaskInstance: data_ingestion_gcs_dag.format_to_parquet_task manual__2022-09-24T05:38:04.672640+00:00 [queued]>
[2022-09-24 05:38:18,563] {taskinstance.py:1032} INFO - Dependencies all met for <TaskInstance: data_ingestion_gcs_dag.format_to_parquet_task manual__2022-09-24T05:38:04.672640+00:00 [queued]>
[2022-09-24 05:38:18,564] {taskinstance.py:1238} INFO - 
--------------------------------------------------------------------------------
[2022-09-24 05:38:18,564] {taskinstance.py:1239} INFO - Starting attempt 1 of 2
[2022-09-24 05:38:18,565] {taskinstance.py:1240} INFO - 
--------------------------------------------------------------------------------
[2022-09-24 05:38:18,599] {taskinstance.py:1259} INFO - Executing <Task(PythonOperator): format_to_parquet_task> on 2022-09-24 05:38:04.672640+00:00
[2022-09-24 05:38:18,629] {standard_task_runner.py:52} INFO - Started process 114 to run task
[2022-09-24 05:38:18,639] {standard_task_runner.py:76} INFO - Running: ['***', 'tasks', 'run', 'data_ingestion_gcs_dag', 'format_to_parquet_task', 'manual__2022-09-24T05:38:04.672640+00:00', '--job-id', '42', '--raw', '--subdir', 'DAGS_FOLDER/data_ingestion_gcs_dag.py', '--cfg-path', '/tmp/tmp5xwl2jch', '--error-file', '/tmp/tmpgx79lcxy']
[2022-09-24 05:38:18,652] {standard_task_runner.py:77} INFO - Job 42: Subtask format_to_parquet_task
[2022-09-24 05:38:19,003] {logging_mixin.py:109} INFO - Running <TaskInstance: data_ingestion_gcs_dag.format_to_parquet_task manual__2022-09-24T05:38:04.672640+00:00 [running]> on host c5ea83aa16a9
[2022-09-24 05:38:19,749] {taskinstance.py:1426} INFO - Exporting the following env vars:
AIRFLOW_CTX_DAG_OWNER=***
AIRFLOW_CTX_DAG_ID=data_ingestion_gcs_dag
AIRFLOW_CTX_TASK_ID=format_to_parquet_task
AIRFLOW_CTX_EXECUTION_DATE=2022-09-24T05:38:04.672640+00:00
AIRFLOW_CTX_DAG_RUN_ID=manual__2022-09-24T05:38:04.672640+00:00
[2022-09-24 05:38:20,302] {python.py:175} INFO - Done. Returned value was: None
[2022-09-24 05:38:20,332] {taskinstance.py:1277} INFO - Marking task as SUCCESS. dag_id=data_ingestion_gcs_dag, task_id=format_to_parquet_task, execution_date=20220924T053804, start_date=20220924T053818, end_date=20220924T053820
[2022-09-24 05:38:20,466] {local_task_job.py:154} INFO - Task exited with return code 0
[2022-09-24 05:38:20,569] {local_task_job.py:264} INFO - 1 downstream tasks scheduled from follow-on schedule check
