[2022-09-24 04:42:03,169] {taskinstance.py:1032} INFO - Dependencies all met for <TaskInstance: data_ingestion_gcs_dag.download_dataset_task manual__2022-09-24T04:41:57.579710+00:00 [queued]>
[2022-09-24 04:42:03,184] {taskinstance.py:1032} INFO - Dependencies all met for <TaskInstance: data_ingestion_gcs_dag.download_dataset_task manual__2022-09-24T04:41:57.579710+00:00 [queued]>
[2022-09-24 04:42:03,184] {taskinstance.py:1238} INFO - 
--------------------------------------------------------------------------------
[2022-09-24 04:42:03,185] {taskinstance.py:1239} INFO - Starting attempt 1 of 2
[2022-09-24 04:42:03,185] {taskinstance.py:1240} INFO - 
--------------------------------------------------------------------------------
[2022-09-24 04:42:03,202] {taskinstance.py:1259} INFO - Executing <Task(BashOperator): download_dataset_task> on 2022-09-24 04:41:57.579710+00:00
[2022-09-24 04:42:03,209] {standard_task_runner.py:52} INFO - Started process 107 to run task
[2022-09-24 04:42:03,212] {standard_task_runner.py:76} INFO - Running: ['***', 'tasks', 'run', 'data_ingestion_gcs_dag', 'download_dataset_task', 'manual__2022-09-24T04:41:57.579710+00:00', '--job-id', '29', '--raw', '--subdir', 'DAGS_FOLDER/data_ingestion_gcs_dag.py', '--cfg-path', '/tmp/tmpfscxspba', '--error-file', '/tmp/tmph4pd6wc2']
[2022-09-24 04:42:03,213] {standard_task_runner.py:77} INFO - Job 29: Subtask download_dataset_task
[2022-09-24 04:42:03,266] {logging_mixin.py:109} INFO - Running <TaskInstance: data_ingestion_gcs_dag.download_dataset_task manual__2022-09-24T04:41:57.579710+00:00 [running]> on host 553986369e7d
[2022-09-24 04:42:03,324] {taskinstance.py:1426} INFO - Exporting the following env vars:
AIRFLOW_CTX_DAG_OWNER=***
AIRFLOW_CTX_DAG_ID=data_ingestion_gcs_dag
AIRFLOW_CTX_TASK_ID=download_dataset_task
AIRFLOW_CTX_EXECUTION_DATE=2022-09-24T04:41:57.579710+00:00
AIRFLOW_CTX_DAG_RUN_ID=manual__2022-09-24T04:41:57.579710+00:00
[2022-09-24 04:42:03,326] {subprocess.py:62} INFO - Tmp dir root location: 
 /tmp
[2022-09-24 04:42:03,328] {subprocess.py:74} INFO - Running command: ['bash', '-c', 'curl -sSL https://github.com/datapackage-examples/sample-csv/blob/master/sample.csv > /opt/***//sample.csv']
[2022-09-24 04:42:03,344] {subprocess.py:85} INFO - Output:
[2022-09-24 04:42:04,216] {subprocess.py:93} INFO - Command exited with return code 0
[2022-09-24 04:42:04,303] {taskinstance.py:1277} INFO - Marking task as SUCCESS. dag_id=data_ingestion_gcs_dag, task_id=download_dataset_task, execution_date=20220924T044157, start_date=20220924T044203, end_date=20220924T044204
[2022-09-24 04:42:04,399] {local_task_job.py:154} INFO - Task exited with return code 0
[2022-09-24 04:42:04,518] {local_task_job.py:264} INFO - 1 downstream tasks scheduled from follow-on schedule check
