[2022-10-03 07:56:21,044] {taskinstance.py:1032} INFO - Dependencies all met for <TaskInstance: data_ingestion_gcs_dag.bigquery_external_table_task manual__2022-10-03T07:53:52.891470+00:00 [queued]>
[2022-10-03 07:56:21,070] {taskinstance.py:1032} INFO - Dependencies all met for <TaskInstance: data_ingestion_gcs_dag.bigquery_external_table_task manual__2022-10-03T07:53:52.891470+00:00 [queued]>
[2022-10-03 07:56:21,070] {taskinstance.py:1238} INFO - 
--------------------------------------------------------------------------------
[2022-10-03 07:56:21,071] {taskinstance.py:1239} INFO - Starting attempt 1 of 2
[2022-10-03 07:56:21,072] {taskinstance.py:1240} INFO - 
--------------------------------------------------------------------------------
[2022-10-03 07:56:21,101] {taskinstance.py:1259} INFO - Executing <Task(BigQueryCreateExternalTableOperator): bigquery_external_table_task> on 2022-10-03 07:53:52.891470+00:00
[2022-10-03 07:56:21,113] {standard_task_runner.py:52} INFO - Started process 449 to run task
[2022-10-03 07:56:21,120] {standard_task_runner.py:76} INFO - Running: ['***', 'tasks', 'run', 'data_ingestion_gcs_dag', 'bigquery_external_table_task', 'manual__2022-10-03T07:53:52.891470+00:00', '--job-id', '317', '--raw', '--subdir', 'DAGS_FOLDER/data_ingestion_gcs_dag.py', '--cfg-path', '/tmp/tmpqrfnpb66', '--error-file', '/tmp/tmp00j2mzsd']
[2022-10-03 07:56:21,121] {standard_task_runner.py:77} INFO - Job 317: Subtask bigquery_external_table_task
[2022-10-03 07:56:21,340] {logging_mixin.py:109} INFO - Running <TaskInstance: data_ingestion_gcs_dag.bigquery_external_table_task manual__2022-10-03T07:53:52.891470+00:00 [running]> on host 0114b0d4e7c4
[2022-10-03 07:56:21,602] {taskinstance.py:1426} INFO - Exporting the following env vars:
AIRFLOW_CTX_DAG_OWNER=***
AIRFLOW_CTX_DAG_ID=data_ingestion_gcs_dag
AIRFLOW_CTX_TASK_ID=bigquery_external_table_task
AIRFLOW_CTX_EXECUTION_DATE=2022-10-03T07:53:52.891470+00:00
AIRFLOW_CTX_DAG_RUN_ID=manual__2022-10-03T07:53:52.891470+00:00
[2022-10-03 07:56:21,619] {crypto.py:82} WARNING - empty cryptography key - values will not be stored encrypted.
[2022-10-03 07:56:23,182] {taskinstance.py:1277} INFO - Marking task as SUCCESS. dag_id=data_ingestion_gcs_dag, task_id=bigquery_external_table_task, execution_date=20221003T075352, start_date=20221003T075621, end_date=20221003T075623
[2022-10-03 07:56:23,333] {local_task_job.py:154} INFO - Task exited with return code 0
[2022-10-03 07:56:23,513] {local_task_job.py:264} INFO - 0 downstream tasks scheduled from follow-on schedule check
