[2022-09-28 01:16:33,450] {taskinstance.py:1032} INFO - Dependencies all met for <TaskInstance: first_dag.training_model_C scheduled__2022-09-27T00:00:00+00:00 [queued]>
[2022-09-28 01:16:33,715] {taskinstance.py:1032} INFO - Dependencies all met for <TaskInstance: first_dag.training_model_C scheduled__2022-09-27T00:00:00+00:00 [queued]>
[2022-09-28 01:16:33,745] {taskinstance.py:1238} INFO - 
--------------------------------------------------------------------------------
[2022-09-28 01:16:33,813] {taskinstance.py:1239} INFO - Starting attempt 1 of 1
[2022-09-28 01:16:33,844] {taskinstance.py:1240} INFO - 
--------------------------------------------------------------------------------
[2022-09-28 01:16:34,012] {taskinstance.py:1259} INFO - Executing <Task(PythonOperator): training_model_C> on 2022-09-27 00:00:00+00:00
[2022-09-28 01:16:34,118] {standard_task_runner.py:52} INFO - Started process 83 to run task
[2022-09-28 01:16:34,147] {standard_task_runner.py:76} INFO - Running: ['***', 'tasks', 'run', 'first_dag', 'training_model_C', 'scheduled__2022-09-27T00:00:00+00:00', '--job-id', '150', '--raw', '--subdir', 'DAGS_FOLDER/xcom_dag.py', '--cfg-path', '/tmp/tmpbqm4ff4o', '--error-file', '/tmp/tmp6b6464mo']
[2022-09-28 01:16:34,160] {standard_task_runner.py:77} INFO - Job 150: Subtask training_model_C
[2022-09-28 01:16:34,887] {logging_mixin.py:109} INFO - Running <TaskInstance: first_dag.training_model_C scheduled__2022-09-27T00:00:00+00:00 [running]> on host f6375dd22f23
[2022-09-28 01:16:35,808] {taskinstance.py:1426} INFO - Exporting the following env vars:
AIRFLOW_CTX_DAG_OWNER=***
AIRFLOW_CTX_DAG_ID=first_dag
AIRFLOW_CTX_TASK_ID=training_model_C
AIRFLOW_CTX_EXECUTION_DATE=2022-09-27T00:00:00+00:00
AIRFLOW_CTX_DAG_RUN_ID=scheduled__2022-09-27T00:00:00+00:00
[2022-09-28 01:16:35,857] {python.py:175} INFO - Done. Returned value was: 7
[2022-09-28 01:16:36,585] {taskinstance.py:1277} INFO - Marking task as SUCCESS. dag_id=first_dag, task_id=training_model_C, execution_date=20220927T000000, start_date=20220928T011633, end_date=20220928T011636
[2022-09-28 01:16:37,120] {local_task_job.py:154} INFO - Task exited with return code 0
[2022-09-28 01:16:37,662] {local_task_job.py:264} INFO - 0 downstream tasks scheduled from follow-on schedule check
