[2022-09-27 06:00:25,742] {taskinstance.py:1032} INFO - Dependencies all met for <TaskInstance: first_dag.choose_best_model scheduled__2022-09-26T00:00:00+00:00 [queued]>
[2022-09-27 06:00:26,044] {taskinstance.py:1032} INFO - Dependencies all met for <TaskInstance: first_dag.choose_best_model scheduled__2022-09-26T00:00:00+00:00 [queued]>
[2022-09-27 06:00:26,060] {taskinstance.py:1238} INFO - 
--------------------------------------------------------------------------------
[2022-09-27 06:00:26,062] {taskinstance.py:1239} INFO - Starting attempt 1 of 1
[2022-09-27 06:00:26,065] {taskinstance.py:1240} INFO - 
--------------------------------------------------------------------------------
[2022-09-27 06:00:26,153] {taskinstance.py:1259} INFO - Executing <Task(BranchPythonOperator): choose_best_model> on 2022-09-26 00:00:00+00:00
[2022-09-27 06:00:26,212] {standard_task_runner.py:52} INFO - Started process 116 to run task
[2022-09-27 06:00:26,286] {standard_task_runner.py:76} INFO - Running: ['***', 'tasks', 'run', 'first_dag', 'choose_best_model', 'scheduled__2022-09-26T00:00:00+00:00', '--job-id', '76', '--raw', '--subdir', 'DAGS_FOLDER/xcom_dag.py', '--cfg-path', '/tmp/tmpeovwr98y', '--error-file', '/tmp/tmp2b5viquf']
[2022-09-27 06:00:26,288] {standard_task_runner.py:77} INFO - Job 76: Subtask choose_best_model
[2022-09-27 06:00:27,368] {logging_mixin.py:109} INFO - Running <TaskInstance: first_dag.choose_best_model scheduled__2022-09-26T00:00:00+00:00 [running]> on host 2302558ab94b
[2022-09-27 06:00:27,806] {taskinstance.py:1426} INFO - Exporting the following env vars:
AIRFLOW_CTX_DAG_OWNER=***
AIRFLOW_CTX_DAG_ID=first_dag
AIRFLOW_CTX_TASK_ID=choose_best_model
AIRFLOW_CTX_EXECUTION_DATE=2022-09-26T00:00:00+00:00
AIRFLOW_CTX_DAG_RUN_ID=scheduled__2022-09-26T00:00:00+00:00
[2022-09-27 06:00:27,958] {python.py:175} INFO - Done. Returned value was: accurate
[2022-09-27 06:00:27,985] {skipmixin.py:143} INFO - Following branch accurate
[2022-09-27 06:00:28,022] {skipmixin.py:174} INFO - Skipping tasks ['inaccurate']
[2022-09-27 06:00:28,418] {taskinstance.py:1277} INFO - Marking task as SUCCESS. dag_id=first_dag, task_id=choose_best_model, execution_date=20220926T000000, start_date=20220927T060025, end_date=20220927T060028
[2022-09-27 06:00:28,635] {local_task_job.py:154} INFO - Task exited with return code 0
[2022-09-27 06:00:29,119] {local_task_job.py:264} INFO - 1 downstream tasks scheduled from follow-on schedule check
[2022-09-27 17:14:17,613] {taskinstance.py:1032} INFO - Dependencies all met for <TaskInstance: first_dag.choose_best_model scheduled__2022-09-26T00:00:00+00:00 [queued]>
[2022-09-27 17:14:17,661] {taskinstance.py:1032} INFO - Dependencies all met for <TaskInstance: first_dag.choose_best_model scheduled__2022-09-26T00:00:00+00:00 [queued]>
[2022-09-27 17:14:17,662] {taskinstance.py:1238} INFO - 
--------------------------------------------------------------------------------
[2022-09-27 17:14:17,662] {taskinstance.py:1239} INFO - Starting attempt 1 of 1
[2022-09-27 17:14:17,663] {taskinstance.py:1240} INFO - 
--------------------------------------------------------------------------------
[2022-09-27 17:14:17,686] {taskinstance.py:1259} INFO - Executing <Task(BranchPythonOperator): choose_best_model> on 2022-09-26 00:00:00+00:00
[2022-09-27 17:14:17,693] {standard_task_runner.py:52} INFO - Started process 166 to run task
[2022-09-27 17:14:17,697] {standard_task_runner.py:76} INFO - Running: ['***', 'tasks', 'run', 'first_dag', 'choose_best_model', 'scheduled__2022-09-26T00:00:00+00:00', '--job-id', '144', '--raw', '--subdir', 'DAGS_FOLDER/xcom_dag.py', '--cfg-path', '/tmp/tmp06kl68d8', '--error-file', '/tmp/tmpgtvcfokc']
[2022-09-27 17:14:17,698] {standard_task_runner.py:77} INFO - Job 144: Subtask choose_best_model
[2022-09-27 17:14:17,792] {logging_mixin.py:109} INFO - Running <TaskInstance: first_dag.choose_best_model scheduled__2022-09-26T00:00:00+00:00 [running]> on host f5057273dea0
[2022-09-27 17:14:17,878] {taskinstance.py:1426} INFO - Exporting the following env vars:
AIRFLOW_CTX_DAG_OWNER=***
AIRFLOW_CTX_DAG_ID=first_dag
AIRFLOW_CTX_TASK_ID=choose_best_model
AIRFLOW_CTX_EXECUTION_DATE=2022-09-26T00:00:00+00:00
AIRFLOW_CTX_DAG_RUN_ID=scheduled__2022-09-26T00:00:00+00:00
[2022-09-27 17:14:17,895] {python.py:175} INFO - Done. Returned value was: accurate
[2022-09-27 17:14:17,897] {skipmixin.py:143} INFO - Following branch accurate
[2022-09-27 17:14:17,898] {skipmixin.py:174} INFO - Skipping tasks ['inaccurate']
[2022-09-27 17:14:17,976] {taskinstance.py:1277} INFO - Marking task as SUCCESS. dag_id=first_dag, task_id=choose_best_model, execution_date=20220926T000000, start_date=20220927T171417, end_date=20220927T171417
[2022-09-27 17:14:18,031] {local_task_job.py:154} INFO - Task exited with return code 0
[2022-09-27 17:14:18,128] {local_task_job.py:264} INFO - 1 downstream tasks scheduled from follow-on schedule check
