[2022-09-28 01:16:31,997] {taskinstance.py:1032} INFO - Dependencies all met for <TaskInstance: first_dag.training_model_A scheduled__2022-09-27T00:00:00+00:00 [queued]>
[2022-09-28 01:16:32,089] {taskinstance.py:1032} INFO - Dependencies all met for <TaskInstance: first_dag.training_model_A scheduled__2022-09-27T00:00:00+00:00 [queued]>
[2022-09-28 01:16:32,090] {taskinstance.py:1238} INFO - 
--------------------------------------------------------------------------------
[2022-09-28 01:16:32,120] {taskinstance.py:1239} INFO - Starting attempt 1 of 1
[2022-09-28 01:16:32,129] {taskinstance.py:1240} INFO - 
--------------------------------------------------------------------------------
[2022-09-28 01:16:32,278] {taskinstance.py:1259} INFO - Executing <Task(PythonOperator): training_model_A> on 2022-09-27 00:00:00+00:00
[2022-09-28 01:16:32,324] {standard_task_runner.py:52} INFO - Started process 81 to run task
[2022-09-28 01:16:32,354] {standard_task_runner.py:76} INFO - Running: ['***', 'tasks', 'run', 'first_dag', 'training_model_A', 'scheduled__2022-09-27T00:00:00+00:00', '--job-id', '148', '--raw', '--subdir', 'DAGS_FOLDER/xcom_dag.py', '--cfg-path', '/tmp/tmp3cpzrto2', '--error-file', '/tmp/tmp5rjwsii3']
[2022-09-28 01:16:32,389] {standard_task_runner.py:77} INFO - Job 148: Subtask training_model_A
[2022-09-28 01:16:33,844] {logging_mixin.py:109} INFO - Running <TaskInstance: first_dag.training_model_A scheduled__2022-09-27T00:00:00+00:00 [running]> on host f6375dd22f23
[2022-09-28 01:16:34,967] {taskinstance.py:1426} INFO - Exporting the following env vars:
AIRFLOW_CTX_DAG_OWNER=***
AIRFLOW_CTX_DAG_ID=first_dag
AIRFLOW_CTX_TASK_ID=training_model_A
AIRFLOW_CTX_EXECUTION_DATE=2022-09-27T00:00:00+00:00
AIRFLOW_CTX_DAG_RUN_ID=scheduled__2022-09-27T00:00:00+00:00
[2022-09-28 01:16:35,045] {python.py:175} INFO - Done. Returned value was: 7
[2022-09-28 01:16:35,846] {taskinstance.py:1277} INFO - Marking task as SUCCESS. dag_id=first_dag, task_id=training_model_A, execution_date=20220927T000000, start_date=20220928T011632, end_date=20220928T011635
[2022-09-28 01:16:36,361] {local_task_job.py:154} INFO - Task exited with return code 0
[2022-09-28 01:16:37,522] {local_task_job.py:264} INFO - 1 downstream tasks scheduled from follow-on schedule check
