[2022-09-28 09:35:56,375] {taskinstance.py:1032} INFO - Dependencies all met for <TaskInstance: data_ingestion_gcs_dag.format_to_parquet_task manual__2022-09-28T05:31:13.222680+00:00 [queued]>
[2022-09-28 09:35:56,406] {taskinstance.py:1032} INFO - Dependencies all met for <TaskInstance: data_ingestion_gcs_dag.format_to_parquet_task manual__2022-09-28T05:31:13.222680+00:00 [queued]>
[2022-09-28 09:35:56,407] {taskinstance.py:1238} INFO - 
--------------------------------------------------------------------------------
[2022-09-28 09:35:56,408] {taskinstance.py:1239} INFO - Starting attempt 2 of 3
[2022-09-28 09:35:56,409] {taskinstance.py:1240} INFO - 
--------------------------------------------------------------------------------
[2022-09-28 09:35:56,440] {taskinstance.py:1259} INFO - Executing <Task(PythonOperator): format_to_parquet_task> on 2022-09-28 05:31:13.222680+00:00
[2022-09-28 09:35:56,447] {standard_task_runner.py:52} INFO - Started process 175 to run task
[2022-09-28 09:35:56,457] {standard_task_runner.py:76} INFO - Running: ['***', 'tasks', 'run', 'data_ingestion_gcs_dag', 'format_to_parquet_task', 'manual__2022-09-28T05:31:13.222680+00:00', '--job-id', '292', '--raw', '--subdir', 'DAGS_FOLDER/data_ingestion_gcs_dag.py', '--cfg-path', '/tmp/tmpmtd7rome', '--error-file', '/tmp/tmpt4x8r_5k']
[2022-09-28 09:35:56,459] {standard_task_runner.py:77} INFO - Job 292: Subtask format_to_parquet_task
[2022-09-28 09:35:56,589] {logging_mixin.py:109} INFO - Running <TaskInstance: data_ingestion_gcs_dag.format_to_parquet_task manual__2022-09-28T05:31:13.222680+00:00 [running]> on host 7862f99ff0e5
[2022-09-28 09:35:56,695] {taskinstance.py:1426} INFO - Exporting the following env vars:
AIRFLOW_CTX_DAG_OWNER=***
AIRFLOW_CTX_DAG_ID=data_ingestion_gcs_dag
AIRFLOW_CTX_TASK_ID=format_to_parquet_task
AIRFLOW_CTX_EXECUTION_DATE=2022-09-28T05:31:13.222680+00:00
AIRFLOW_CTX_DAG_RUN_ID=manual__2022-09-28T05:31:13.222680+00:00
[2022-09-28 09:35:57,721] {python.py:175} INFO - Done. Returned value was: None
[2022-09-28 09:35:57,750] {taskinstance.py:1277} INFO - Marking task as SUCCESS. dag_id=data_ingestion_gcs_dag, task_id=format_to_parquet_task, execution_date=20220928T053113, start_date=20220928T093556, end_date=20220928T093557
[2022-09-28 09:35:57,843] {local_task_job.py:154} INFO - Task exited with return code 0
[2022-09-28 09:35:57,928] {local_task_job.py:264} INFO - 0 downstream tasks scheduled from follow-on schedule check
