[2022-10-06 05:03:15,616] {taskinstance.py:1032} INFO - Dependencies all met for <TaskInstance: data_ingestion_gcs_dag.download_dataset_task scheduled__2022-10-05T00:00:00+00:00 [queued]>
[2022-10-06 05:03:15,695] {taskinstance.py:1032} INFO - Dependencies all met for <TaskInstance: data_ingestion_gcs_dag.download_dataset_task scheduled__2022-10-05T00:00:00+00:00 [queued]>
[2022-10-06 05:03:15,706] {taskinstance.py:1238} INFO - 
--------------------------------------------------------------------------------
[2022-10-06 05:03:15,707] {taskinstance.py:1239} INFO - Starting attempt 1 of 2
[2022-10-06 05:03:15,708] {taskinstance.py:1240} INFO - 
--------------------------------------------------------------------------------
[2022-10-06 05:03:15,850] {taskinstance.py:1259} INFO - Executing <Task(BashOperator): download_dataset_task> on 2022-10-05 00:00:00+00:00
[2022-10-06 05:03:15,909] {standard_task_runner.py:52} INFO - Started process 144 to run task
[2022-10-06 05:03:15,968] {standard_task_runner.py:76} INFO - Running: ['***', 'tasks', 'run', 'data_ingestion_gcs_dag', 'download_dataset_task', 'scheduled__2022-10-05T00:00:00+00:00', '--job-id', '326', '--raw', '--subdir', 'DAGS_FOLDER/data_ingestion_gcs_dag.py', '--cfg-path', '/tmp/tmpb7poch_2', '--error-file', '/tmp/tmp_dz_7m2b']
[2022-10-06 05:03:16,011] {standard_task_runner.py:77} INFO - Job 326: Subtask download_dataset_task
[2022-10-06 05:03:16,584] {logging_mixin.py:109} INFO - Running <TaskInstance: data_ingestion_gcs_dag.download_dataset_task scheduled__2022-10-05T00:00:00+00:00 [running]> on host d1144214b887
[2022-10-06 05:03:17,138] {taskinstance.py:1426} INFO - Exporting the following env vars:
AIRFLOW_CTX_DAG_OWNER=***
AIRFLOW_CTX_DAG_ID=data_ingestion_gcs_dag
AIRFLOW_CTX_TASK_ID=download_dataset_task
AIRFLOW_CTX_EXECUTION_DATE=2022-10-05T00:00:00+00:00
AIRFLOW_CTX_DAG_RUN_ID=scheduled__2022-10-05T00:00:00+00:00
[2022-10-06 05:03:17,151] {subprocess.py:62} INFO - Tmp dir root location: 
 /tmp
[2022-10-06 05:03:17,168] {subprocess.py:74} INFO - Running command: ['bash', '-c', 'curl -sSL https://raw.githubusercontent.com/zikranazir/final_project_data_fellowsip-7/alfian/dataset/application_record.csv > /opt/***//application_record.csv']
[2022-10-06 05:03:17,221] {subprocess.py:85} INFO - Output:
[2022-10-06 05:03:30,505] {subprocess.py:93} INFO - Command exited with return code 0
[2022-10-06 05:03:30,772] {taskinstance.py:1277} INFO - Marking task as SUCCESS. dag_id=data_ingestion_gcs_dag, task_id=download_dataset_task, execution_date=20221005T000000, start_date=20221006T050315, end_date=20221006T050330
[2022-10-06 05:03:30,938] {local_task_job.py:154} INFO - Task exited with return code 0
[2022-10-06 05:03:31,318] {local_task_job.py:264} INFO - 1 downstream tasks scheduled from follow-on schedule check
