[2022-09-28 01:16:32,344] {taskinstance.py:1032} INFO - Dependencies all met for <TaskInstance: first_dag.training_model_B scheduled__2022-09-27T00:00:00+00:00 [queued]>
[2022-09-28 01:16:32,928] {taskinstance.py:1032} INFO - Dependencies all met for <TaskInstance: first_dag.training_model_B scheduled__2022-09-27T00:00:00+00:00 [queued]>
[2022-09-28 01:16:32,941] {taskinstance.py:1238} INFO - 
--------------------------------------------------------------------------------
[2022-09-28 01:16:32,957] {taskinstance.py:1239} INFO - Starting attempt 1 of 1
[2022-09-28 01:16:32,972] {taskinstance.py:1240} INFO - 
--------------------------------------------------------------------------------
[2022-09-28 01:16:33,364] {taskinstance.py:1259} INFO - Executing <Task(PythonOperator): training_model_B> on 2022-09-27 00:00:00+00:00
[2022-09-28 01:16:33,589] {standard_task_runner.py:76} INFO - Running: ['***', 'tasks', 'run', 'first_dag', 'training_model_B', 'scheduled__2022-09-27T00:00:00+00:00', '--job-id', '149', '--raw', '--subdir', 'DAGS_FOLDER/xcom_dag.py', '--cfg-path', '/tmp/tmpgxx2mk69', '--error-file', '/tmp/tmpm_c5qmce']
[2022-09-28 01:16:33,598] {standard_task_runner.py:77} INFO - Job 149: Subtask training_model_B
[2022-09-28 01:16:33,511] {standard_task_runner.py:52} INFO - Started process 82 to run task
[2022-09-28 01:16:34,857] {logging_mixin.py:109} INFO - Running <TaskInstance: first_dag.training_model_B scheduled__2022-09-27T00:00:00+00:00 [running]> on host f6375dd22f23
[2022-09-28 01:16:36,297] {taskinstance.py:1426} INFO - Exporting the following env vars:
AIRFLOW_CTX_DAG_OWNER=***
AIRFLOW_CTX_DAG_ID=first_dag
AIRFLOW_CTX_TASK_ID=training_model_B
AIRFLOW_CTX_EXECUTION_DATE=2022-09-27T00:00:00+00:00
AIRFLOW_CTX_DAG_RUN_ID=scheduled__2022-09-27T00:00:00+00:00
[2022-09-28 01:16:36,311] {python.py:175} INFO - Done. Returned value was: 8
[2022-09-28 01:16:37,032] {taskinstance.py:1277} INFO - Marking task as SUCCESS. dag_id=first_dag, task_id=training_model_B, execution_date=20220927T000000, start_date=20220928T011632, end_date=20220928T011637
[2022-09-28 01:16:37,365] {local_task_job.py:154} INFO - Task exited with return code 0
[2022-09-28 01:16:37,958] {local_task_job.py:264} INFO - 0 downstream tasks scheduled from follow-on schedule check
