[2022-09-28 03:56:25,628] {taskinstance.py:1032} INFO - Dependencies all met for <TaskInstance: data_ingestion_gcs_dag.local_to_gcs_task manual__2022-09-28T03:53:27.092748+00:00 [queued]>
[2022-09-28 03:56:25,654] {taskinstance.py:1032} INFO - Dependencies all met for <TaskInstance: data_ingestion_gcs_dag.local_to_gcs_task manual__2022-09-28T03:53:27.092748+00:00 [queued]>
[2022-09-28 03:56:25,655] {taskinstance.py:1238} INFO - 
--------------------------------------------------------------------------------
[2022-09-28 03:56:25,655] {taskinstance.py:1239} INFO - Starting attempt 1 of 2
[2022-09-28 03:56:25,656] {taskinstance.py:1240} INFO - 
--------------------------------------------------------------------------------
[2022-09-28 03:56:25,684] {taskinstance.py:1259} INFO - Executing <Task(PythonOperator): local_to_gcs_task> on 2022-09-28 03:53:27.092748+00:00
[2022-09-28 03:56:25,692] {standard_task_runner.py:52} INFO - Started process 315 to run task
[2022-09-28 03:56:25,696] {standard_task_runner.py:76} INFO - Running: ['***', 'tasks', 'run', 'data_ingestion_gcs_dag', 'local_to_gcs_task', 'manual__2022-09-28T03:53:27.092748+00:00', '--job-id', '192', '--raw', '--subdir', 'DAGS_FOLDER/data_ingestion_gcs_dag.py', '--cfg-path', '/tmp/tmp0bwmvoyc', '--error-file', '/tmp/tmp4fsfj4ku']
[2022-09-28 03:56:25,697] {standard_task_runner.py:77} INFO - Job 192: Subtask local_to_gcs_task
[2022-09-28 03:56:25,792] {logging_mixin.py:109} INFO - Running <TaskInstance: data_ingestion_gcs_dag.local_to_gcs_task manual__2022-09-28T03:53:27.092748+00:00 [running]> on host ff773bd43bea
[2022-09-28 03:56:25,884] {taskinstance.py:1426} INFO - Exporting the following env vars:
AIRFLOW_CTX_DAG_OWNER=***
AIRFLOW_CTX_DAG_ID=data_ingestion_gcs_dag
AIRFLOW_CTX_TASK_ID=local_to_gcs_task
AIRFLOW_CTX_EXECUTION_DATE=2022-09-28T03:53:27.092748+00:00
AIRFLOW_CTX_DAG_RUN_ID=manual__2022-09-28T03:53:27.092748+00:00
[2022-09-28 03:56:37,232] {python.py:175} INFO - Done. Returned value was: None
[2022-09-28 03:56:37,268] {taskinstance.py:1277} INFO - Marking task as SUCCESS. dag_id=data_ingestion_gcs_dag, task_id=local_to_gcs_task, execution_date=20220928T035327, start_date=20220928T035625, end_date=20220928T035637
[2022-09-28 03:56:37,342] {local_task_job.py:154} INFO - Task exited with return code 0
[2022-09-28 03:56:37,410] {local_task_job.py:264} INFO - 0 downstream tasks scheduled from follow-on schedule check
