[2022-09-28 01:19:25,584] {taskinstance.py:1032} INFO - Dependencies all met for <TaskInstance: data_ingestion_gcs_dag.format_to_parquet_task manual__2022-09-28T01:17:59.932244+00:00 [queued]>
[2022-09-28 01:19:25,612] {taskinstance.py:1032} INFO - Dependencies all met for <TaskInstance: data_ingestion_gcs_dag.format_to_parquet_task manual__2022-09-28T01:17:59.932244+00:00 [queued]>
[2022-09-28 01:19:25,613] {taskinstance.py:1238} INFO - 
--------------------------------------------------------------------------------
[2022-09-28 01:19:25,613] {taskinstance.py:1239} INFO - Starting attempt 1 of 2
[2022-09-28 01:19:25,614] {taskinstance.py:1240} INFO - 
--------------------------------------------------------------------------------
[2022-09-28 01:19:25,637] {taskinstance.py:1259} INFO - Executing <Task(PythonOperator): format_to_parquet_task> on 2022-09-28 01:17:59.932244+00:00
[2022-09-28 01:19:25,644] {standard_task_runner.py:52} INFO - Started process 194 to run task
[2022-09-28 01:19:25,648] {standard_task_runner.py:76} INFO - Running: ['***', 'tasks', 'run', 'data_ingestion_gcs_dag', 'format_to_parquet_task', 'manual__2022-09-28T01:17:59.932244+00:00', '--job-id', '156', '--raw', '--subdir', 'DAGS_FOLDER/data_ingestion_gcs_dag.py', '--cfg-path', '/tmp/tmpjzmtuhmr', '--error-file', '/tmp/tmp7unzp1f3']
[2022-09-28 01:19:25,650] {standard_task_runner.py:77} INFO - Job 156: Subtask format_to_parquet_task
[2022-09-28 01:19:25,733] {logging_mixin.py:109} INFO - Running <TaskInstance: data_ingestion_gcs_dag.format_to_parquet_task manual__2022-09-28T01:17:59.932244+00:00 [running]> on host f6375dd22f23
[2022-09-28 01:19:25,817] {taskinstance.py:1426} INFO - Exporting the following env vars:
AIRFLOW_CTX_DAG_OWNER=***
AIRFLOW_CTX_DAG_ID=data_ingestion_gcs_dag
AIRFLOW_CTX_TASK_ID=format_to_parquet_task
AIRFLOW_CTX_EXECUTION_DATE=2022-09-28T01:17:59.932244+00:00
AIRFLOW_CTX_DAG_RUN_ID=manual__2022-09-28T01:17:59.932244+00:00
[2022-09-28 01:19:27,092] {python.py:175} INFO - Done. Returned value was: None
[2022-09-28 01:19:27,125] {taskinstance.py:1277} INFO - Marking task as SUCCESS. dag_id=data_ingestion_gcs_dag, task_id=format_to_parquet_task, execution_date=20220928T011759, start_date=20220928T011925, end_date=20220928T011927
[2022-09-28 01:19:27,192] {local_task_job.py:154} INFO - Task exited with return code 0
[2022-09-28 01:19:27,260] {local_task_job.py:264} INFO - 1 downstream tasks scheduled from follow-on schedule check
