[2022-09-28 03:54:45,003] {taskinstance.py:1032} INFO - Dependencies all met for <TaskInstance: data_ingestion_gcs_dag.format_to_parquet_task manual__2022-09-28T01:17:59.932244+00:00 [queued]>
[2022-09-28 03:54:45,020] {taskinstance.py:1032} INFO - Dependencies all met for <TaskInstance: data_ingestion_gcs_dag.format_to_parquet_task manual__2022-09-28T01:17:59.932244+00:00 [queued]>
[2022-09-28 03:54:45,021] {taskinstance.py:1238} INFO - 
--------------------------------------------------------------------------------
[2022-09-28 03:54:45,021] {taskinstance.py:1239} INFO - Starting attempt 2 of 3
[2022-09-28 03:54:45,022] {taskinstance.py:1240} INFO - 
--------------------------------------------------------------------------------
[2022-09-28 03:54:45,039] {taskinstance.py:1259} INFO - Executing <Task(PythonOperator): format_to_parquet_task> on 2022-09-28 01:17:59.932244+00:00
[2022-09-28 03:54:45,046] {standard_task_runner.py:52} INFO - Started process 233 to run task
[2022-09-28 03:54:45,051] {standard_task_runner.py:76} INFO - Running: ['***', 'tasks', 'run', 'data_ingestion_gcs_dag', 'format_to_parquet_task', 'manual__2022-09-28T01:17:59.932244+00:00', '--job-id', '188', '--raw', '--subdir', 'DAGS_FOLDER/data_ingestion_gcs_dag.py', '--cfg-path', '/tmp/tmp65pawofd', '--error-file', '/tmp/tmp5cwkj2v8']
[2022-09-28 03:54:45,052] {standard_task_runner.py:77} INFO - Job 188: Subtask format_to_parquet_task
[2022-09-28 03:54:45,143] {logging_mixin.py:109} INFO - Running <TaskInstance: data_ingestion_gcs_dag.format_to_parquet_task manual__2022-09-28T01:17:59.932244+00:00 [running]> on host ff773bd43bea
[2022-09-28 03:54:45,220] {taskinstance.py:1426} INFO - Exporting the following env vars:
AIRFLOW_CTX_DAG_OWNER=***
AIRFLOW_CTX_DAG_ID=data_ingestion_gcs_dag
AIRFLOW_CTX_TASK_ID=format_to_parquet_task
AIRFLOW_CTX_EXECUTION_DATE=2022-09-28T01:17:59.932244+00:00
AIRFLOW_CTX_DAG_RUN_ID=manual__2022-09-28T01:17:59.932244+00:00
[2022-09-28 03:54:47,652] {python.py:175} INFO - Done. Returned value was: None
[2022-09-28 03:54:47,690] {taskinstance.py:1277} INFO - Marking task as SUCCESS. dag_id=data_ingestion_gcs_dag, task_id=format_to_parquet_task, execution_date=20220928T011759, start_date=20220928T035445, end_date=20220928T035447
[2022-09-28 03:54:47,812] {local_task_job.py:154} INFO - Task exited with return code 0
[2022-09-28 03:54:47,914] {local_task_job.py:264} INFO - 1 downstream tasks scheduled from follow-on schedule check
