[2022-10-03 07:56:07,625] {taskinstance.py:1032} INFO - Dependencies all met for <TaskInstance: data_ingestion_gcs_dag.format_to_parquet_task manual__2022-10-03T07:53:52.891470+00:00 [queued]>
[2022-10-03 07:56:07,662] {taskinstance.py:1032} INFO - Dependencies all met for <TaskInstance: data_ingestion_gcs_dag.format_to_parquet_task manual__2022-10-03T07:53:52.891470+00:00 [queued]>
[2022-10-03 07:56:07,663] {taskinstance.py:1238} INFO - 
--------------------------------------------------------------------------------
[2022-10-03 07:56:07,664] {taskinstance.py:1239} INFO - Starting attempt 1 of 2
[2022-10-03 07:56:07,665] {taskinstance.py:1240} INFO - 
--------------------------------------------------------------------------------
[2022-10-03 07:56:07,698] {taskinstance.py:1259} INFO - Executing <Task(PythonOperator): format_to_parquet_task> on 2022-10-03 07:53:52.891470+00:00
[2022-10-03 07:56:07,706] {standard_task_runner.py:52} INFO - Started process 428 to run task
[2022-10-03 07:56:07,710] {standard_task_runner.py:76} INFO - Running: ['***', 'tasks', 'run', 'data_ingestion_gcs_dag', 'format_to_parquet_task', 'manual__2022-10-03T07:53:52.891470+00:00', '--job-id', '315', '--raw', '--subdir', 'DAGS_FOLDER/data_ingestion_gcs_dag.py', '--cfg-path', '/tmp/tmpa4l505wt', '--error-file', '/tmp/tmp2pxl582w']
[2022-10-03 07:56:07,711] {standard_task_runner.py:77} INFO - Job 315: Subtask format_to_parquet_task
[2022-10-03 07:56:07,859] {logging_mixin.py:109} INFO - Running <TaskInstance: data_ingestion_gcs_dag.format_to_parquet_task manual__2022-10-03T07:53:52.891470+00:00 [running]> on host 0114b0d4e7c4
[2022-10-03 07:56:08,015] {taskinstance.py:1426} INFO - Exporting the following env vars:
AIRFLOW_CTX_DAG_OWNER=***
AIRFLOW_CTX_DAG_ID=data_ingestion_gcs_dag
AIRFLOW_CTX_TASK_ID=format_to_parquet_task
AIRFLOW_CTX_EXECUTION_DATE=2022-10-03T07:53:52.891470+00:00
AIRFLOW_CTX_DAG_RUN_ID=manual__2022-10-03T07:53:52.891470+00:00
[2022-10-03 07:56:10,033] {python.py:175} INFO - Done. Returned value was: None
[2022-10-03 07:56:10,076] {taskinstance.py:1277} INFO - Marking task as SUCCESS. dag_id=data_ingestion_gcs_dag, task_id=format_to_parquet_task, execution_date=20221003T075352, start_date=20221003T075607, end_date=20221003T075610
[2022-10-03 07:56:10,214] {local_task_job.py:154} INFO - Task exited with return code 0
[2022-10-03 07:56:10,300] {local_task_job.py:264} INFO - 1 downstream tasks scheduled from follow-on schedule check
