[2022-09-28 05:29:49,664] {taskinstance.py:1032} INFO - Dependencies all met for <TaskInstance: local_data_ingestion_gcs_dag.upload_file manual__2022-09-28T05:28:57.107947+00:00 [queued]>
[2022-09-28 05:29:49,682] {taskinstance.py:1032} INFO - Dependencies all met for <TaskInstance: local_data_ingestion_gcs_dag.upload_file manual__2022-09-28T05:28:57.107947+00:00 [queued]>
[2022-09-28 05:29:49,683] {taskinstance.py:1238} INFO - 
--------------------------------------------------------------------------------
[2022-09-28 05:29:49,684] {taskinstance.py:1239} INFO - Starting attempt 2 of 3
[2022-09-28 05:29:49,684] {taskinstance.py:1240} INFO - 
--------------------------------------------------------------------------------
[2022-09-28 05:29:49,733] {taskinstance.py:1259} INFO - Executing <Task(LocalFilesystemToGCSOperator): upload_file> on 2022-09-28 05:28:57.107947+00:00
[2022-09-28 05:29:49,743] {standard_task_runner.py:52} INFO - Started process 246 to run task
[2022-09-28 05:29:49,749] {standard_task_runner.py:76} INFO - Running: ['***', 'tasks', 'run', 'local_data_ingestion_gcs_dag', 'upload_file', 'manual__2022-09-28T05:28:57.107947+00:00', '--job-id', '218', '--raw', '--subdir', 'DAGS_FOLDER/upload_to_gcs.py', '--cfg-path', '/tmp/tmph0wasal8', '--error-file', '/tmp/tmp9xh6h96n']
[2022-09-28 05:29:49,750] {standard_task_runner.py:77} INFO - Job 218: Subtask upload_file
[2022-09-28 05:29:49,911] {logging_mixin.py:109} INFO - Running <TaskInstance: local_data_ingestion_gcs_dag.upload_file manual__2022-09-28T05:28:57.107947+00:00 [running]> on host 7339e28b3b1f
[2022-09-28 05:29:50,068] {taskinstance.py:1426} INFO - Exporting the following env vars:
AIRFLOW_CTX_DAG_OWNER=***
AIRFLOW_CTX_DAG_ID=local_data_ingestion_gcs_dag
AIRFLOW_CTX_TASK_ID=upload_file
AIRFLOW_CTX_EXECUTION_DATE=2022-09-28T05:28:57.107947+00:00
AIRFLOW_CTX_DAG_RUN_ID=manual__2022-09-28T05:28:57.107947+00:00
[2022-09-28 05:29:50,073] {crypto.py:82} WARNING - empty cryptography key - values will not be stored encrypted.
[2022-09-28 05:29:50,116] {taskinstance.py:1277} INFO - Marking task as SUCCESS. dag_id=local_data_ingestion_gcs_dag, task_id=upload_file, execution_date=20220928T052857, start_date=20220928T052949, end_date=20220928T052950
[2022-09-28 05:29:50,176] {local_task_job.py:154} INFO - Task exited with return code 0
[2022-09-28 05:29:50,224] {local_task_job.py:264} INFO - 0 downstream tasks scheduled from follow-on schedule check
