[2022-09-28 05:29:59,904] {taskinstance.py:1032} INFO - Dependencies all met for <TaskInstance: local_data_ingestion_gcs_dag.upload_file manual__2022-09-28T05:28:57.107947+00:00 [queued]>
[2022-09-28 05:29:59,922] {taskinstance.py:1032} INFO - Dependencies all met for <TaskInstance: local_data_ingestion_gcs_dag.upload_file manual__2022-09-28T05:28:57.107947+00:00 [queued]>
[2022-09-28 05:29:59,922] {taskinstance.py:1238} INFO - 
--------------------------------------------------------------------------------
[2022-09-28 05:29:59,922] {taskinstance.py:1239} INFO - Starting attempt 3 of 4
[2022-09-28 05:29:59,923] {taskinstance.py:1240} INFO - 
--------------------------------------------------------------------------------
[2022-09-28 05:29:59,943] {taskinstance.py:1259} INFO - Executing <Task(LocalFilesystemToGCSOperator): upload_file> on 2022-09-28 05:28:57.107947+00:00
[2022-09-28 05:29:59,948] {standard_task_runner.py:52} INFO - Started process 257 to run task
[2022-09-28 05:29:59,952] {standard_task_runner.py:76} INFO - Running: ['***', 'tasks', 'run', 'local_data_ingestion_gcs_dag', 'upload_file', 'manual__2022-09-28T05:28:57.107947+00:00', '--job-id', '219', '--raw', '--subdir', 'DAGS_FOLDER/upload_to_gcs.py', '--cfg-path', '/tmp/tmprrpuvzod', '--error-file', '/tmp/tmp4p42z0s4']
[2022-09-28 05:29:59,953] {standard_task_runner.py:77} INFO - Job 219: Subtask upload_file
[2022-09-28 05:30:00,042] {logging_mixin.py:109} INFO - Running <TaskInstance: local_data_ingestion_gcs_dag.upload_file manual__2022-09-28T05:28:57.107947+00:00 [running]> on host 7339e28b3b1f
[2022-09-28 05:30:00,126] {taskinstance.py:1426} INFO - Exporting the following env vars:
AIRFLOW_CTX_DAG_OWNER=***
AIRFLOW_CTX_DAG_ID=local_data_ingestion_gcs_dag
AIRFLOW_CTX_TASK_ID=upload_file
AIRFLOW_CTX_EXECUTION_DATE=2022-09-28T05:28:57.107947+00:00
AIRFLOW_CTX_DAG_RUN_ID=manual__2022-09-28T05:28:57.107947+00:00
[2022-09-28 05:30:00,128] {crypto.py:82} WARNING - empty cryptography key - values will not be stored encrypted.
[2022-09-28 05:30:00,147] {taskinstance.py:1277} INFO - Marking task as SUCCESS. dag_id=local_data_ingestion_gcs_dag, task_id=upload_file, execution_date=20220928T052857, start_date=20220928T052959, end_date=20220928T053000
[2022-09-28 05:30:00,204] {local_task_job.py:154} INFO - Task exited with return code 0
[2022-09-28 05:30:00,249] {local_task_job.py:264} INFO - 0 downstream tasks scheduled from follow-on schedule check
