[2022-09-28 03:25:32,076] {taskinstance.py:1032} INFO - Dependencies all met for <TaskInstance: local_data_ingestion_gcs_dag.upload_file manual__2022-09-28T03:20:14.339848+00:00 [queued]>
[2022-09-28 03:25:32,099] {taskinstance.py:1032} INFO - Dependencies all met for <TaskInstance: local_data_ingestion_gcs_dag.upload_file manual__2022-09-28T03:20:14.339848+00:00 [queued]>
[2022-09-28 03:25:32,099] {taskinstance.py:1238} INFO - 
--------------------------------------------------------------------------------
[2022-09-28 03:25:32,100] {taskinstance.py:1239} INFO - Starting attempt 2 of 3
[2022-09-28 03:25:32,101] {taskinstance.py:1240} INFO - 
--------------------------------------------------------------------------------
[2022-09-28 03:25:32,126] {taskinstance.py:1259} INFO - Executing <Task(LocalFilesystemToGCSOperator): upload_file> on 2022-09-28 03:20:14.339848+00:00
[2022-09-28 03:25:32,133] {standard_task_runner.py:52} INFO - Started process 304 to run task
[2022-09-28 03:25:32,137] {standard_task_runner.py:76} INFO - Running: ['***', 'tasks', 'run', 'local_data_ingestion_gcs_dag', 'upload_file', 'manual__2022-09-28T03:20:14.339848+00:00', '--job-id', '182', '--raw', '--subdir', 'DAGS_FOLDER/upload_to_gcs.py', '--cfg-path', '/tmp/tmp5_yh6wvu', '--error-file', '/tmp/tmpfdqd05uv']
[2022-09-28 03:25:32,138] {standard_task_runner.py:77} INFO - Job 182: Subtask upload_file
[2022-09-28 03:25:32,272] {logging_mixin.py:109} INFO - Running <TaskInstance: local_data_ingestion_gcs_dag.upload_file manual__2022-09-28T03:20:14.339848+00:00 [running]> on host 044ba7eaa3d7
[2022-09-28 03:25:32,438] {taskinstance.py:1426} INFO - Exporting the following env vars:
AIRFLOW_CTX_DAG_OWNER=***
AIRFLOW_CTX_DAG_ID=local_data_ingestion_gcs_dag
AIRFLOW_CTX_TASK_ID=upload_file
AIRFLOW_CTX_EXECUTION_DATE=2022-09-28T03:20:14.339848+00:00
AIRFLOW_CTX_DAG_RUN_ID=manual__2022-09-28T03:20:14.339848+00:00
[2022-09-28 03:25:32,445] {crypto.py:82} WARNING - empty cryptography key - values will not be stored encrypted.
[2022-09-28 03:25:32,482] {taskinstance.py:1277} INFO - Marking task as SUCCESS. dag_id=local_data_ingestion_gcs_dag, task_id=upload_file, execution_date=20220928T032014, start_date=20220928T032532, end_date=20220928T032532
[2022-09-28 03:25:32,557] {local_task_job.py:154} INFO - Task exited with return code 0
[2022-09-28 03:25:32,727] {local_task_job.py:264} INFO - 0 downstream tasks scheduled from follow-on schedule check
