[2022-09-28 06:58:53,388] {taskinstance.py:1032} INFO - Dependencies all met for <TaskInstance: local_data_ingestion_gcs_dag.upload_file manual__2022-09-28T06:58:49.609695+00:00 [queued]>
[2022-09-28 06:58:53,406] {taskinstance.py:1032} INFO - Dependencies all met for <TaskInstance: local_data_ingestion_gcs_dag.upload_file manual__2022-09-28T06:58:49.609695+00:00 [queued]>
[2022-09-28 06:58:53,407] {taskinstance.py:1238} INFO - 
--------------------------------------------------------------------------------
[2022-09-28 06:58:53,408] {taskinstance.py:1239} INFO - Starting attempt 1 of 2
[2022-09-28 06:58:53,409] {taskinstance.py:1240} INFO - 
--------------------------------------------------------------------------------
[2022-09-28 06:58:53,446] {taskinstance.py:1259} INFO - Executing <Task(LocalFilesystemToGCSOperator): upload_file> on 2022-09-28 06:58:49.609695+00:00
[2022-09-28 06:58:53,451] {standard_task_runner.py:52} INFO - Started process 248 to run task
[2022-09-28 06:58:53,454] {standard_task_runner.py:76} INFO - Running: ['***', 'tasks', 'run', 'local_data_ingestion_gcs_dag', 'upload_file', 'manual__2022-09-28T06:58:49.609695+00:00', '--job-id', '273', '--raw', '--subdir', 'DAGS_FOLDER/upload_to_gcs.py', '--cfg-path', '/tmp/tmpnmi3qd6l', '--error-file', '/tmp/tmp_8hvtm3p']
[2022-09-28 06:58:53,456] {standard_task_runner.py:77} INFO - Job 273: Subtask upload_file
[2022-09-28 06:58:53,535] {logging_mixin.py:109} INFO - Running <TaskInstance: local_data_ingestion_gcs_dag.upload_file manual__2022-09-28T06:58:49.609695+00:00 [running]> on host 9fd45f7b3445
[2022-09-28 06:58:53,687] {taskinstance.py:1426} INFO - Exporting the following env vars:
AIRFLOW_CTX_DAG_OWNER=***
AIRFLOW_CTX_DAG_ID=local_data_ingestion_gcs_dag
AIRFLOW_CTX_TASK_ID=upload_file
AIRFLOW_CTX_EXECUTION_DATE=2022-09-28T06:58:49.609695+00:00
AIRFLOW_CTX_DAG_RUN_ID=manual__2022-09-28T06:58:49.609695+00:00
[2022-09-28 06:58:53,690] {crypto.py:82} WARNING - empty cryptography key - values will not be stored encrypted.
[2022-09-28 06:58:53,725] {taskinstance.py:1277} INFO - Marking task as SUCCESS. dag_id=local_data_ingestion_gcs_dag, task_id=upload_file, execution_date=20220928T065849, start_date=20220928T065853, end_date=20220928T065853
[2022-09-28 06:58:53,795] {local_task_job.py:154} INFO - Task exited with return code 0
[2022-09-28 06:58:53,997] {local_task_job.py:264} INFO - 0 downstream tasks scheduled from follow-on schedule check
