[2022-09-24 11:42:37,684] {taskinstance.py:1032} INFO - Dependencies all met for <TaskInstance: data_ingestion_gcs_dag.local_to_gcs_task manual__2022-09-24T11:42:19.271354+00:00 [queued]>
[2022-09-24 11:42:37,710] {taskinstance.py:1032} INFO - Dependencies all met for <TaskInstance: data_ingestion_gcs_dag.local_to_gcs_task manual__2022-09-24T11:42:19.271354+00:00 [queued]>
[2022-09-24 11:42:37,710] {taskinstance.py:1238} INFO - 
--------------------------------------------------------------------------------
[2022-09-24 11:42:37,711] {taskinstance.py:1239} INFO - Starting attempt 1 of 2
[2022-09-24 11:42:37,712] {taskinstance.py:1240} INFO - 
--------------------------------------------------------------------------------
[2022-09-24 11:42:37,747] {taskinstance.py:1259} INFO - Executing <Task(PythonOperator): local_to_gcs_task> on 2022-09-24 11:42:19.271354+00:00
[2022-09-24 11:42:37,756] {standard_task_runner.py:52} INFO - Started process 267 to run task
[2022-09-24 11:42:37,760] {standard_task_runner.py:76} INFO - Running: ['***', 'tasks', 'run', 'data_ingestion_gcs_dag', 'local_to_gcs_task', 'manual__2022-09-24T11:42:19.271354+00:00', '--job-id', '53', '--raw', '--subdir', 'DAGS_FOLDER/data_ingestion_gcs_dag.py', '--cfg-path', '/tmp/tmplvhsjmv_', '--error-file', '/tmp/tmporriqcyx']
[2022-09-24 11:42:37,772] {standard_task_runner.py:77} INFO - Job 53: Subtask local_to_gcs_task
[2022-09-24 11:42:38,034] {logging_mixin.py:109} INFO - Running <TaskInstance: data_ingestion_gcs_dag.local_to_gcs_task manual__2022-09-24T11:42:19.271354+00:00 [running]> on host 0e8ed230e9aa
[2022-09-24 11:42:38,421] {taskinstance.py:1426} INFO - Exporting the following env vars:
AIRFLOW_CTX_DAG_OWNER=***
AIRFLOW_CTX_DAG_ID=data_ingestion_gcs_dag
AIRFLOW_CTX_TASK_ID=local_to_gcs_task
AIRFLOW_CTX_EXECUTION_DATE=2022-09-24T11:42:19.271354+00:00
AIRFLOW_CTX_DAG_RUN_ID=manual__2022-09-24T11:42:19.271354+00:00
[2022-09-24 11:42:39,912] {python.py:175} INFO - Done. Returned value was: None
[2022-09-24 11:42:40,033] {taskinstance.py:1277} INFO - Marking task as SUCCESS. dag_id=data_ingestion_gcs_dag, task_id=local_to_gcs_task, execution_date=20220924T114219, start_date=20220924T114237, end_date=20220924T114240
[2022-09-24 11:42:40,341] {local_task_job.py:154} INFO - Task exited with return code 0
[2022-09-24 11:42:40,614] {local_task_job.py:264} INFO - 0 downstream tasks scheduled from follow-on schedule check
