[2022-09-28 02:28:32,172] {taskinstance.py:1032} INFO - Dependencies all met for <TaskInstance: local_data_ingestion_gcs_dag.upload_file manual__2022-09-28T02:28:30.329761+00:00 [queued]>
[2022-09-28 02:28:32,191] {taskinstance.py:1032} INFO - Dependencies all met for <TaskInstance: local_data_ingestion_gcs_dag.upload_file manual__2022-09-28T02:28:30.329761+00:00 [queued]>
[2022-09-28 02:28:32,192] {taskinstance.py:1238} INFO - 
--------------------------------------------------------------------------------
[2022-09-28 02:28:32,193] {taskinstance.py:1239} INFO - Starting attempt 1 of 2
[2022-09-28 02:28:32,193] {taskinstance.py:1240} INFO - 
--------------------------------------------------------------------------------
[2022-09-28 02:28:32,214] {taskinstance.py:1259} INFO - Executing <Task(LocalFilesystemToGCSOperator): upload_file> on 2022-09-28 02:28:30.329761+00:00
[2022-09-28 02:28:32,220] {standard_task_runner.py:52} INFO - Started process 135 to run task
[2022-09-28 02:28:32,226] {standard_task_runner.py:76} INFO - Running: ['***', 'tasks', 'run', 'local_data_ingestion_gcs_dag', 'upload_file', 'manual__2022-09-28T02:28:30.329761+00:00', '--job-id', '169', '--raw', '--subdir', 'DAGS_FOLDER/upload_to_gcs.py', '--cfg-path', '/tmp/tmp21wlo9ii', '--error-file', '/tmp/tmpzjzgnuy0']
[2022-09-28 02:28:32,228] {standard_task_runner.py:77} INFO - Job 169: Subtask upload_file
[2022-09-28 02:28:32,326] {logging_mixin.py:109} INFO - Running <TaskInstance: local_data_ingestion_gcs_dag.upload_file manual__2022-09-28T02:28:30.329761+00:00 [running]> on host 85830348c970
[2022-09-28 02:28:32,417] {taskinstance.py:1426} INFO - Exporting the following env vars:
AIRFLOW_CTX_DAG_OWNER=***
AIRFLOW_CTX_DAG_ID=local_data_ingestion_gcs_dag
AIRFLOW_CTX_TASK_ID=upload_file
AIRFLOW_CTX_EXECUTION_DATE=2022-09-28T02:28:30.329761+00:00
AIRFLOW_CTX_DAG_RUN_ID=manual__2022-09-28T02:28:30.329761+00:00
[2022-09-28 02:28:32,419] {crypto.py:82} WARNING - empty cryptography key - values will not be stored encrypted.
[2022-09-28 02:28:32,438] {taskinstance.py:1277} INFO - Marking task as SUCCESS. dag_id=local_data_ingestion_gcs_dag, task_id=upload_file, execution_date=20220928T022830, start_date=20220928T022832, end_date=20220928T022832
[2022-09-28 02:28:32,479] {local_task_job.py:154} INFO - Task exited with return code 0
[2022-09-28 02:28:32,546] {local_task_job.py:264} INFO - 0 downstream tasks scheduled from follow-on schedule check
