[2022-09-28 02:30:25,730] {taskinstance.py:1032} INFO - Dependencies all met for <TaskInstance: local_data_ingestion_gcs_dag.upload_file manual__2022-09-28T02:28:30.329761+00:00 [queued]>
[2022-09-28 02:30:25,746] {taskinstance.py:1032} INFO - Dependencies all met for <TaskInstance: local_data_ingestion_gcs_dag.upload_file manual__2022-09-28T02:28:30.329761+00:00 [queued]>
[2022-09-28 02:30:25,746] {taskinstance.py:1238} INFO - 
--------------------------------------------------------------------------------
[2022-09-28 02:30:25,747] {taskinstance.py:1239} INFO - Starting attempt 2 of 3
[2022-09-28 02:30:25,748] {taskinstance.py:1240} INFO - 
--------------------------------------------------------------------------------
[2022-09-28 02:30:25,766] {taskinstance.py:1259} INFO - Executing <Task(LocalFilesystemToGCSOperator): upload_file> on 2022-09-28 02:28:30.329761+00:00
[2022-09-28 02:30:25,772] {standard_task_runner.py:52} INFO - Started process 201 to run task
[2022-09-28 02:30:25,776] {standard_task_runner.py:76} INFO - Running: ['***', 'tasks', 'run', 'local_data_ingestion_gcs_dag', 'upload_file', 'manual__2022-09-28T02:28:30.329761+00:00', '--job-id', '170', '--raw', '--subdir', 'DAGS_FOLDER/upload_to_gcs.py', '--cfg-path', '/tmp/tmpnr6v53ea', '--error-file', '/tmp/tmp6gdtz52m']
[2022-09-28 02:30:25,777] {standard_task_runner.py:77} INFO - Job 170: Subtask upload_file
[2022-09-28 02:30:25,840] {logging_mixin.py:109} INFO - Running <TaskInstance: local_data_ingestion_gcs_dag.upload_file manual__2022-09-28T02:28:30.329761+00:00 [running]> on host 85830348c970
[2022-09-28 02:30:25,906] {taskinstance.py:1426} INFO - Exporting the following env vars:
AIRFLOW_CTX_DAG_OWNER=***
AIRFLOW_CTX_DAG_ID=local_data_ingestion_gcs_dag
AIRFLOW_CTX_TASK_ID=upload_file
AIRFLOW_CTX_EXECUTION_DATE=2022-09-28T02:28:30.329761+00:00
AIRFLOW_CTX_DAG_RUN_ID=manual__2022-09-28T02:28:30.329761+00:00
[2022-09-28 02:30:25,907] {crypto.py:82} WARNING - empty cryptography key - values will not be stored encrypted.
[2022-09-28 02:30:25,921] {taskinstance.py:1277} INFO - Marking task as SUCCESS. dag_id=local_data_ingestion_gcs_dag, task_id=upload_file, execution_date=20220928T022830, start_date=20220928T023025, end_date=20220928T023025
[2022-09-28 02:30:25,948] {local_task_job.py:154} INFO - Task exited with return code 0
[2022-09-28 02:30:25,983] {local_task_job.py:264} INFO - 0 downstream tasks scheduled from follow-on schedule check
