[2022-09-24 05:38:26,411] {taskinstance.py:1032} INFO - Dependencies all met for <TaskInstance: data_ingestion_gcs_dag.local_to_gcs_task manual__2022-09-24T05:38:04.672640+00:00 [queued]>
[2022-09-24 05:38:26,441] {taskinstance.py:1032} INFO - Dependencies all met for <TaskInstance: data_ingestion_gcs_dag.local_to_gcs_task manual__2022-09-24T05:38:04.672640+00:00 [queued]>
[2022-09-24 05:38:26,442] {taskinstance.py:1238} INFO - 
--------------------------------------------------------------------------------
[2022-09-24 05:38:26,443] {taskinstance.py:1239} INFO - Starting attempt 1 of 2
[2022-09-24 05:38:26,444] {taskinstance.py:1240} INFO - 
--------------------------------------------------------------------------------
[2022-09-24 05:38:26,480] {taskinstance.py:1259} INFO - Executing <Task(PythonOperator): local_to_gcs_task> on 2022-09-24 05:38:04.672640+00:00
[2022-09-24 05:38:26,492] {standard_task_runner.py:52} INFO - Started process 122 to run task
[2022-09-24 05:38:26,496] {standard_task_runner.py:76} INFO - Running: ['***', 'tasks', 'run', 'data_ingestion_gcs_dag', 'local_to_gcs_task', 'manual__2022-09-24T05:38:04.672640+00:00', '--job-id', '43', '--raw', '--subdir', 'DAGS_FOLDER/data_ingestion_gcs_dag.py', '--cfg-path', '/tmp/tmpk3nc9m6f', '--error-file', '/tmp/tmpt3ez_o5a']
[2022-09-24 05:38:26,498] {standard_task_runner.py:77} INFO - Job 43: Subtask local_to_gcs_task
[2022-09-24 05:38:26,590] {logging_mixin.py:109} INFO - Running <TaskInstance: data_ingestion_gcs_dag.local_to_gcs_task manual__2022-09-24T05:38:04.672640+00:00 [running]> on host c5ea83aa16a9
[2022-09-24 05:38:26,677] {taskinstance.py:1426} INFO - Exporting the following env vars:
AIRFLOW_CTX_DAG_OWNER=***
AIRFLOW_CTX_DAG_ID=data_ingestion_gcs_dag
AIRFLOW_CTX_TASK_ID=local_to_gcs_task
AIRFLOW_CTX_EXECUTION_DATE=2022-09-24T05:38:04.672640+00:00
AIRFLOW_CTX_DAG_RUN_ID=manual__2022-09-24T05:38:04.672640+00:00
[2022-09-24 05:38:27,532] {python.py:175} INFO - Done. Returned value was: None
[2022-09-24 05:38:27,591] {taskinstance.py:1277} INFO - Marking task as SUCCESS. dag_id=data_ingestion_gcs_dag, task_id=local_to_gcs_task, execution_date=20220924T053804, start_date=20220924T053826, end_date=20220924T053827
[2022-09-24 05:38:27,676] {local_task_job.py:154} INFO - Task exited with return code 0
[2022-09-24 05:38:27,776] {local_task_job.py:264} INFO - 0 downstream tasks scheduled from follow-on schedule check
