[2022-09-28 01:18:10,645] {taskinstance.py:1032} INFO - Dependencies all met for <TaskInstance: data_ingestion_gcs_dag.format_to_parquet_task scheduled__2022-09-27T00:00:00+00:00 [queued]>
[2022-09-28 01:18:10,663] {taskinstance.py:1032} INFO - Dependencies all met for <TaskInstance: data_ingestion_gcs_dag.format_to_parquet_task scheduled__2022-09-27T00:00:00+00:00 [queued]>
[2022-09-28 01:18:10,663] {taskinstance.py:1238} INFO - 
--------------------------------------------------------------------------------
[2022-09-28 01:18:10,664] {taskinstance.py:1239} INFO - Starting attempt 1 of 2
[2022-09-28 01:18:10,664] {taskinstance.py:1240} INFO - 
--------------------------------------------------------------------------------
[2022-09-28 01:18:10,682] {taskinstance.py:1259} INFO - Executing <Task(PythonOperator): format_to_parquet_task> on 2022-09-27 00:00:00+00:00
[2022-09-28 01:18:10,689] {standard_task_runner.py:52} INFO - Started process 139 to run task
[2022-09-28 01:18:10,693] {standard_task_runner.py:76} INFO - Running: ['***', 'tasks', 'run', 'data_ingestion_gcs_dag', 'format_to_parquet_task', 'scheduled__2022-09-27T00:00:00+00:00', '--job-id', '153', '--raw', '--subdir', 'DAGS_FOLDER/data_ingestion_gcs_dag.py', '--cfg-path', '/tmp/tmporpcl8yv', '--error-file', '/tmp/tmp78tp03m4']
[2022-09-28 01:18:10,695] {standard_task_runner.py:77} INFO - Job 153: Subtask format_to_parquet_task
[2022-09-28 01:18:10,775] {logging_mixin.py:109} INFO - Running <TaskInstance: data_ingestion_gcs_dag.format_to_parquet_task scheduled__2022-09-27T00:00:00+00:00 [running]> on host f6375dd22f23
[2022-09-28 01:18:10,939] {taskinstance.py:1426} INFO - Exporting the following env vars:
AIRFLOW_CTX_DAG_OWNER=***
AIRFLOW_CTX_DAG_ID=data_ingestion_gcs_dag
AIRFLOW_CTX_TASK_ID=format_to_parquet_task
AIRFLOW_CTX_EXECUTION_DATE=2022-09-27T00:00:00+00:00
AIRFLOW_CTX_DAG_RUN_ID=scheduled__2022-09-27T00:00:00+00:00
[2022-09-28 01:18:14,622] {python.py:175} INFO - Done. Returned value was: None
[2022-09-28 01:18:14,664] {taskinstance.py:1277} INFO - Marking task as SUCCESS. dag_id=data_ingestion_gcs_dag, task_id=format_to_parquet_task, execution_date=20220927T000000, start_date=20220928T011810, end_date=20220928T011814
[2022-09-28 01:18:14,813] {local_task_job.py:154} INFO - Task exited with return code 0
[2022-09-28 01:18:14,885] {local_task_job.py:264} INFO - 1 downstream tasks scheduled from follow-on schedule check
