[2022-09-24 12:57:35,579] {taskinstance.py:1032} INFO - Dependencies all met for <TaskInstance: data_ingestion_gcs_dag.download_dataset_task manual__2022-09-24T12:57:18.459764+00:00 [queued]>
[2022-09-24 12:57:35,627] {taskinstance.py:1032} INFO - Dependencies all met for <TaskInstance: data_ingestion_gcs_dag.download_dataset_task manual__2022-09-24T12:57:18.459764+00:00 [queued]>
[2022-09-24 12:57:35,628] {taskinstance.py:1238} INFO - 
--------------------------------------------------------------------------------
[2022-09-24 12:57:35,629] {taskinstance.py:1239} INFO - Starting attempt 1 of 2
[2022-09-24 12:57:35,630] {taskinstance.py:1240} INFO - 
--------------------------------------------------------------------------------
[2022-09-24 12:57:35,658] {taskinstance.py:1259} INFO - Executing <Task(BashOperator): download_dataset_task> on 2022-09-24 12:57:18.459764+00:00
[2022-09-24 12:57:35,670] {standard_task_runner.py:52} INFO - Started process 133 to run task
[2022-09-24 12:57:35,675] {standard_task_runner.py:76} INFO - Running: ['***', 'tasks', 'run', 'data_ingestion_gcs_dag', 'download_dataset_task', 'manual__2022-09-24T12:57:18.459764+00:00', '--job-id', '56', '--raw', '--subdir', 'DAGS_FOLDER/data_ingestion_gcs_dag.py', '--cfg-path', '/tmp/tmprlx_iz_b', '--error-file', '/tmp/tmp2tptf2e4']
[2022-09-24 12:57:35,680] {standard_task_runner.py:77} INFO - Job 56: Subtask download_dataset_task
[2022-09-24 12:57:35,795] {logging_mixin.py:109} INFO - Running <TaskInstance: data_ingestion_gcs_dag.download_dataset_task manual__2022-09-24T12:57:18.459764+00:00 [running]> on host 2d91003d0298
[2022-09-24 12:57:35,904] {taskinstance.py:1426} INFO - Exporting the following env vars:
AIRFLOW_CTX_DAG_OWNER=***
AIRFLOW_CTX_DAG_ID=data_ingestion_gcs_dag
AIRFLOW_CTX_TASK_ID=download_dataset_task
AIRFLOW_CTX_EXECUTION_DATE=2022-09-24T12:57:18.459764+00:00
AIRFLOW_CTX_DAG_RUN_ID=manual__2022-09-24T12:57:18.459764+00:00
[2022-09-24 12:57:35,906] {subprocess.py:62} INFO - Tmp dir root location: 
 /tmp
[2022-09-24 12:57:35,907] {subprocess.py:74} INFO - Running command: ['bash', '-c', 'curl -sSL https://people.sc.fsu.edu/~jburkardt/data/csv/crash_catalonia.csv > /opt/***//crash_catalonia.csv']
[2022-09-24 12:57:35,935] {subprocess.py:85} INFO - Output:
[2022-09-24 12:57:38,831] {subprocess.py:93} INFO - Command exited with return code 0
[2022-09-24 12:57:38,918] {taskinstance.py:1277} INFO - Marking task as SUCCESS. dag_id=data_ingestion_gcs_dag, task_id=download_dataset_task, execution_date=20220924T125718, start_date=20220924T125735, end_date=20220924T125738
[2022-09-24 12:57:39,019] {local_task_job.py:154} INFO - Task exited with return code 0
[2022-09-24 12:57:39,140] {local_task_job.py:264} INFO - 1 downstream tasks scheduled from follow-on schedule check
