[2022-09-28 09:37:30,989] {taskinstance.py:1032} INFO - Dependencies all met for <TaskInstance: data_ingestion_gcs_dag.format_to_parquet_task manual__2022-09-28T09:34:10.557471+00:00 [queued]>
[2022-09-28 09:37:31,015] {taskinstance.py:1032} INFO - Dependencies all met for <TaskInstance: data_ingestion_gcs_dag.format_to_parquet_task manual__2022-09-28T09:34:10.557471+00:00 [queued]>
[2022-09-28 09:37:31,016] {taskinstance.py:1238} INFO - 
--------------------------------------------------------------------------------
[2022-09-28 09:37:31,016] {taskinstance.py:1239} INFO - Starting attempt 1 of 2
[2022-09-28 09:37:31,017] {taskinstance.py:1240} INFO - 
--------------------------------------------------------------------------------
[2022-09-28 09:37:31,044] {taskinstance.py:1259} INFO - Executing <Task(PythonOperator): format_to_parquet_task> on 2022-09-28 09:34:10.557471+00:00
[2022-09-28 09:37:31,054] {standard_task_runner.py:52} INFO - Started process 247 to run task
[2022-09-28 09:37:31,059] {standard_task_runner.py:76} INFO - Running: ['***', 'tasks', 'run', 'data_ingestion_gcs_dag', 'format_to_parquet_task', 'manual__2022-09-28T09:34:10.557471+00:00', '--job-id', '295', '--raw', '--subdir', 'DAGS_FOLDER/data_ingestion_gcs_dag.py', '--cfg-path', '/tmp/tmpdxts4izy', '--error-file', '/tmp/tmpuobk9192']
[2022-09-28 09:37:31,060] {standard_task_runner.py:77} INFO - Job 295: Subtask format_to_parquet_task
[2022-09-28 09:37:31,146] {logging_mixin.py:109} INFO - Running <TaskInstance: data_ingestion_gcs_dag.format_to_parquet_task manual__2022-09-28T09:34:10.557471+00:00 [running]> on host 7862f99ff0e5
[2022-09-28 09:37:31,232] {taskinstance.py:1426} INFO - Exporting the following env vars:
AIRFLOW_CTX_DAG_OWNER=***
AIRFLOW_CTX_DAG_ID=data_ingestion_gcs_dag
AIRFLOW_CTX_TASK_ID=format_to_parquet_task
AIRFLOW_CTX_EXECUTION_DATE=2022-09-28T09:34:10.557471+00:00
AIRFLOW_CTX_DAG_RUN_ID=manual__2022-09-28T09:34:10.557471+00:00
[2022-09-28 09:37:33,247] {python.py:175} INFO - Done. Returned value was: None
[2022-09-28 09:37:33,272] {taskinstance.py:1277} INFO - Marking task as SUCCESS. dag_id=data_ingestion_gcs_dag, task_id=format_to_parquet_task, execution_date=20220928T093410, start_date=20220928T093730, end_date=20220928T093733
[2022-09-28 09:37:33,426] {local_task_job.py:154} INFO - Task exited with return code 0
[2022-09-28 09:37:33,618] {local_task_job.py:264} INFO - 1 downstream tasks scheduled from follow-on schedule check
