[2022-09-24 12:57:41,577] {taskinstance.py:1032} INFO - Dependencies all met for <TaskInstance: data_ingestion_gcs_dag.format_to_parquet_task manual__2022-09-24T12:57:18.459764+00:00 [queued]>
[2022-09-24 12:57:41,606] {taskinstance.py:1032} INFO - Dependencies all met for <TaskInstance: data_ingestion_gcs_dag.format_to_parquet_task manual__2022-09-24T12:57:18.459764+00:00 [queued]>
[2022-09-24 12:57:41,607] {taskinstance.py:1238} INFO - 
--------------------------------------------------------------------------------
[2022-09-24 12:57:41,608] {taskinstance.py:1239} INFO - Starting attempt 1 of 2
[2022-09-24 12:57:41,608] {taskinstance.py:1240} INFO - 
--------------------------------------------------------------------------------
[2022-09-24 12:57:41,637] {taskinstance.py:1259} INFO - Executing <Task(PythonOperator): format_to_parquet_task> on 2022-09-24 12:57:18.459764+00:00
[2022-09-24 12:57:41,652] {standard_task_runner.py:52} INFO - Started process 147 to run task
[2022-09-24 12:57:41,656] {standard_task_runner.py:76} INFO - Running: ['***', 'tasks', 'run', 'data_ingestion_gcs_dag', 'format_to_parquet_task', 'manual__2022-09-24T12:57:18.459764+00:00', '--job-id', '57', '--raw', '--subdir', 'DAGS_FOLDER/data_ingestion_gcs_dag.py', '--cfg-path', '/tmp/tmpzh5vkphc', '--error-file', '/tmp/tmpr5x_4nuw']
[2022-09-24 12:57:41,665] {standard_task_runner.py:77} INFO - Job 57: Subtask format_to_parquet_task
[2022-09-24 12:57:41,839] {logging_mixin.py:109} INFO - Running <TaskInstance: data_ingestion_gcs_dag.format_to_parquet_task manual__2022-09-24T12:57:18.459764+00:00 [running]> on host 2d91003d0298
[2022-09-24 12:57:41,984] {taskinstance.py:1426} INFO - Exporting the following env vars:
AIRFLOW_CTX_DAG_OWNER=***
AIRFLOW_CTX_DAG_ID=data_ingestion_gcs_dag
AIRFLOW_CTX_TASK_ID=format_to_parquet_task
AIRFLOW_CTX_EXECUTION_DATE=2022-09-24T12:57:18.459764+00:00
AIRFLOW_CTX_DAG_RUN_ID=manual__2022-09-24T12:57:18.459764+00:00
[2022-09-24 12:57:42,190] {python.py:175} INFO - Done. Returned value was: None
[2022-09-24 12:57:42,242] {taskinstance.py:1277} INFO - Marking task as SUCCESS. dag_id=data_ingestion_gcs_dag, task_id=format_to_parquet_task, execution_date=20220924T125718, start_date=20220924T125741, end_date=20220924T125742
[2022-09-24 12:57:42,347] {local_task_job.py:154} INFO - Task exited with return code 0
[2022-09-24 12:57:42,467] {local_task_job.py:264} INFO - 0 downstream tasks scheduled from follow-on schedule check
