[2022-09-23 17:17:26,932] {processor.py:163} INFO - Started process (PID=46) to work on /opt/airflow/dags/data_ingestion_gcs_dag.py
[2022-09-23 17:17:26,937] {processor.py:642} INFO - Processing file /opt/airflow/dags/data_ingestion_gcs_dag.py for tasks to queue
[2022-09-23 17:17:26,945] {logging_mixin.py:109} INFO - [2022-09-23 17:17:26,945] {dagbag.py:500} INFO - Filling up the DagBag from /opt/airflow/dags/data_ingestion_gcs_dag.py
[2022-09-23 17:17:39,132] {processor.py:654} INFO - DAG(s) dict_keys(['data_ingestion_gcs_dag']) retrieved from /opt/airflow/dags/data_ingestion_gcs_dag.py
[2022-09-23 17:17:47,237] {logging_mixin.py:109} INFO - [2022-09-23 17:17:47,237] {manager.py:496} INFO - Created Permission View: can read on DAG:data_ingestion_gcs_dag
[2022-09-23 17:17:47,265] {logging_mixin.py:109} INFO - [2022-09-23 17:17:47,265] {manager.py:496} INFO - Created Permission View: can edit on DAG:data_ingestion_gcs_dag
[2022-09-23 17:17:47,267] {logging_mixin.py:109} INFO - [2022-09-23 17:17:47,266] {dag.py:2396} INFO - Sync 1 DAGs
[2022-09-23 17:17:47,283] {logging_mixin.py:109} INFO - [2022-09-23 17:17:47,282] {dag.py:2415} INFO - Creating ORM DAG for data_ingestion_gcs_dag
[2022-09-23 17:17:47,307] {logging_mixin.py:109} INFO - [2022-09-23 17:17:47,307] {dag.py:2935} INFO - Setting next_dagrun for data_ingestion_gcs_dag to 2022-09-22 00:00:00+00:00
[2022-09-23 17:17:47,357] {processor.py:171} INFO - Processing /opt/airflow/dags/data_ingestion_gcs_dag.py took 20.502 seconds
[2022-09-23 17:18:18,419] {processor.py:163} INFO - Started process (PID=79) to work on /opt/airflow/dags/data_ingestion_gcs_dag.py
[2022-09-23 17:18:18,430] {processor.py:642} INFO - Processing file /opt/airflow/dags/data_ingestion_gcs_dag.py for tasks to queue
[2022-09-23 17:18:18,438] {logging_mixin.py:109} INFO - [2022-09-23 17:18:18,438] {dagbag.py:500} INFO - Filling up the DagBag from /opt/airflow/dags/data_ingestion_gcs_dag.py
[2022-09-23 17:18:22,212] {processor.py:654} INFO - DAG(s) dict_keys(['data_ingestion_gcs_dag']) retrieved from /opt/airflow/dags/data_ingestion_gcs_dag.py
[2022-09-23 17:18:22,281] {logging_mixin.py:109} INFO - [2022-09-23 17:18:22,280] {dag.py:2396} INFO - Sync 1 DAGs
[2022-09-23 17:18:22,389] {logging_mixin.py:109} INFO - [2022-09-23 17:18:22,389] {dag.py:2935} INFO - Setting next_dagrun for data_ingestion_gcs_dag to 2022-09-22 00:00:00+00:00
[2022-09-23 17:18:22,458] {processor.py:171} INFO - Processing /opt/airflow/dags/data_ingestion_gcs_dag.py took 4.044 seconds
[2022-09-23 17:18:52,572] {processor.py:163} INFO - Started process (PID=102) to work on /opt/airflow/dags/data_ingestion_gcs_dag.py
[2022-09-23 17:18:52,575] {processor.py:642} INFO - Processing file /opt/airflow/dags/data_ingestion_gcs_dag.py for tasks to queue
[2022-09-23 17:18:52,576] {logging_mixin.py:109} INFO - [2022-09-23 17:18:52,576] {dagbag.py:500} INFO - Filling up the DagBag from /opt/airflow/dags/data_ingestion_gcs_dag.py
[2022-09-23 17:18:55,453] {processor.py:654} INFO - DAG(s) dict_keys(['data_ingestion_gcs_dag']) retrieved from /opt/airflow/dags/data_ingestion_gcs_dag.py
[2022-09-23 17:18:55,469] {logging_mixin.py:109} INFO - [2022-09-23 17:18:55,469] {dag.py:2396} INFO - Sync 1 DAGs
[2022-09-23 17:18:55,504] {logging_mixin.py:109} INFO - [2022-09-23 17:18:55,504] {dag.py:2935} INFO - Setting next_dagrun for data_ingestion_gcs_dag to 2022-09-22 00:00:00+00:00
[2022-09-23 17:18:55,521] {processor.py:171} INFO - Processing /opt/airflow/dags/data_ingestion_gcs_dag.py took 2.953 seconds
[2022-09-23 17:19:25,948] {processor.py:163} INFO - Started process (PID=135) to work on /opt/airflow/dags/data_ingestion_gcs_dag.py
[2022-09-23 17:19:25,951] {processor.py:642} INFO - Processing file /opt/airflow/dags/data_ingestion_gcs_dag.py for tasks to queue
[2022-09-23 17:19:25,957] {logging_mixin.py:109} INFO - [2022-09-23 17:19:25,957] {dagbag.py:500} INFO - Filling up the DagBag from /opt/airflow/dags/data_ingestion_gcs_dag.py
[2022-09-23 17:19:28,879] {processor.py:654} INFO - DAG(s) dict_keys(['data_ingestion_gcs_dag']) retrieved from /opt/airflow/dags/data_ingestion_gcs_dag.py
[2022-09-23 17:19:28,938] {logging_mixin.py:109} INFO - [2022-09-23 17:19:28,927] {dag.py:2396} INFO - Sync 1 DAGs
[2022-09-23 17:19:29,021] {logging_mixin.py:109} INFO - [2022-09-23 17:19:29,021] {dag.py:2935} INFO - Setting next_dagrun for data_ingestion_gcs_dag to 2022-09-22 00:00:00+00:00
[2022-09-23 17:19:29,058] {processor.py:171} INFO - Processing /opt/airflow/dags/data_ingestion_gcs_dag.py took 3.115 seconds
[2022-09-23 17:19:59,340] {processor.py:163} INFO - Started process (PID=159) to work on /opt/airflow/dags/data_ingestion_gcs_dag.py
[2022-09-23 17:19:59,345] {processor.py:642} INFO - Processing file /opt/airflow/dags/data_ingestion_gcs_dag.py for tasks to queue
[2022-09-23 17:19:59,347] {logging_mixin.py:109} INFO - [2022-09-23 17:19:59,347] {dagbag.py:500} INFO - Filling up the DagBag from /opt/airflow/dags/data_ingestion_gcs_dag.py
[2022-09-23 17:20:00,876] {processor.py:654} INFO - DAG(s) dict_keys(['data_ingestion_gcs_dag']) retrieved from /opt/airflow/dags/data_ingestion_gcs_dag.py
[2022-09-23 17:20:00,893] {logging_mixin.py:109} INFO - [2022-09-23 17:20:00,892] {dag.py:2396} INFO - Sync 1 DAGs
[2022-09-23 17:20:00,922] {logging_mixin.py:109} INFO - [2022-09-23 17:20:00,921] {dag.py:2935} INFO - Setting next_dagrun for data_ingestion_gcs_dag to 2022-09-22 00:00:00+00:00
[2022-09-23 17:20:00,941] {processor.py:171} INFO - Processing /opt/airflow/dags/data_ingestion_gcs_dag.py took 1.606 seconds
[2022-09-23 17:20:31,221] {processor.py:163} INFO - Started process (PID=181) to work on /opt/airflow/dags/data_ingestion_gcs_dag.py
[2022-09-23 17:20:31,237] {processor.py:642} INFO - Processing file /opt/airflow/dags/data_ingestion_gcs_dag.py for tasks to queue
[2022-09-23 17:20:31,248] {logging_mixin.py:109} INFO - [2022-09-23 17:20:31,247] {dagbag.py:500} INFO - Filling up the DagBag from /opt/airflow/dags/data_ingestion_gcs_dag.py
[2022-09-23 17:20:32,747] {processor.py:654} INFO - DAG(s) dict_keys(['data_ingestion_gcs_dag']) retrieved from /opt/airflow/dags/data_ingestion_gcs_dag.py
[2022-09-23 17:20:32,778] {logging_mixin.py:109} INFO - [2022-09-23 17:20:32,778] {dag.py:2396} INFO - Sync 1 DAGs
[2022-09-23 17:20:32,834] {logging_mixin.py:109} INFO - [2022-09-23 17:20:32,834] {dag.py:2935} INFO - Setting next_dagrun for data_ingestion_gcs_dag to 2022-09-22 00:00:00+00:00
[2022-09-23 17:20:32,851] {processor.py:171} INFO - Processing /opt/airflow/dags/data_ingestion_gcs_dag.py took 1.637 seconds
[2022-09-23 17:21:03,003] {processor.py:163} INFO - Started process (PID=206) to work on /opt/airflow/dags/data_ingestion_gcs_dag.py
[2022-09-23 17:21:03,005] {processor.py:642} INFO - Processing file /opt/airflow/dags/data_ingestion_gcs_dag.py for tasks to queue
[2022-09-23 17:21:03,007] {logging_mixin.py:109} INFO - [2022-09-23 17:21:03,007] {dagbag.py:500} INFO - Filling up the DagBag from /opt/airflow/dags/data_ingestion_gcs_dag.py
[2022-09-23 17:21:04,395] {processor.py:654} INFO - DAG(s) dict_keys(['data_ingestion_gcs_dag']) retrieved from /opt/airflow/dags/data_ingestion_gcs_dag.py
[2022-09-23 17:21:04,416] {logging_mixin.py:109} INFO - [2022-09-23 17:21:04,415] {dag.py:2396} INFO - Sync 1 DAGs
[2022-09-23 17:21:04,444] {logging_mixin.py:109} INFO - [2022-09-23 17:21:04,444] {dag.py:2935} INFO - Setting next_dagrun for data_ingestion_gcs_dag to 2022-09-22 00:00:00+00:00
[2022-09-23 17:21:04,472] {processor.py:171} INFO - Processing /opt/airflow/dags/data_ingestion_gcs_dag.py took 1.472 seconds
[2022-09-23 17:21:34,640] {processor.py:163} INFO - Started process (PID=238) to work on /opt/airflow/dags/data_ingestion_gcs_dag.py
[2022-09-23 17:21:34,644] {processor.py:642} INFO - Processing file /opt/airflow/dags/data_ingestion_gcs_dag.py for tasks to queue
[2022-09-23 17:21:34,647] {logging_mixin.py:109} INFO - [2022-09-23 17:21:34,647] {dagbag.py:500} INFO - Filling up the DagBag from /opt/airflow/dags/data_ingestion_gcs_dag.py
[2022-09-23 17:21:36,075] {processor.py:654} INFO - DAG(s) dict_keys(['data_ingestion_gcs_dag']) retrieved from /opt/airflow/dags/data_ingestion_gcs_dag.py
[2022-09-23 17:21:36,089] {logging_mixin.py:109} INFO - [2022-09-23 17:21:36,088] {dag.py:2396} INFO - Sync 1 DAGs
[2022-09-23 17:21:36,111] {logging_mixin.py:109} INFO - [2022-09-23 17:21:36,111] {dag.py:2935} INFO - Setting next_dagrun for data_ingestion_gcs_dag to 2022-09-22 00:00:00+00:00
[2022-09-23 17:21:36,127] {processor.py:171} INFO - Processing /opt/airflow/dags/data_ingestion_gcs_dag.py took 1.491 seconds
[2022-09-23 17:22:06,821] {processor.py:163} INFO - Started process (PID=261) to work on /opt/airflow/dags/data_ingestion_gcs_dag.py
[2022-09-23 17:22:06,829] {processor.py:642} INFO - Processing file /opt/airflow/dags/data_ingestion_gcs_dag.py for tasks to queue
[2022-09-23 17:22:06,831] {logging_mixin.py:109} INFO - [2022-09-23 17:22:06,831] {dagbag.py:500} INFO - Filling up the DagBag from /opt/airflow/dags/data_ingestion_gcs_dag.py
[2022-09-23 17:22:11,982] {processor.py:654} INFO - DAG(s) dict_keys(['data_ingestion_gcs_dag']) retrieved from /opt/airflow/dags/data_ingestion_gcs_dag.py
[2022-09-23 17:22:12,022] {logging_mixin.py:109} INFO - [2022-09-23 17:22:12,021] {dag.py:2396} INFO - Sync 1 DAGs
[2022-09-23 17:22:12,099] {logging_mixin.py:109} INFO - [2022-09-23 17:22:12,099] {dag.py:2935} INFO - Setting next_dagrun for data_ingestion_gcs_dag to 2022-09-22 00:00:00+00:00
[2022-09-23 17:22:12,172] {processor.py:171} INFO - Processing /opt/airflow/dags/data_ingestion_gcs_dag.py took 5.351 seconds
[2022-09-23 17:22:42,749] {processor.py:163} INFO - Started process (PID=284) to work on /opt/airflow/dags/data_ingestion_gcs_dag.py
[2022-09-23 17:22:42,752] {processor.py:642} INFO - Processing file /opt/airflow/dags/data_ingestion_gcs_dag.py for tasks to queue
[2022-09-23 17:22:42,754] {logging_mixin.py:109} INFO - [2022-09-23 17:22:42,754] {dagbag.py:500} INFO - Filling up the DagBag from /opt/airflow/dags/data_ingestion_gcs_dag.py
[2022-09-23 17:22:45,353] {processor.py:654} INFO - DAG(s) dict_keys(['data_ingestion_gcs_dag']) retrieved from /opt/airflow/dags/data_ingestion_gcs_dag.py
[2022-09-23 17:22:45,386] {logging_mixin.py:109} INFO - [2022-09-23 17:22:45,385] {dag.py:2396} INFO - Sync 1 DAGs
[2022-09-23 17:22:45,445] {logging_mixin.py:109} INFO - [2022-09-23 17:22:45,445] {dag.py:2935} INFO - Setting next_dagrun for data_ingestion_gcs_dag to 2022-09-22 00:00:00+00:00
[2022-09-23 17:22:45,568] {processor.py:171} INFO - Processing /opt/airflow/dags/data_ingestion_gcs_dag.py took 2.824 seconds
[2022-09-23 17:23:15,658] {processor.py:163} INFO - Started process (PID=307) to work on /opt/airflow/dags/data_ingestion_gcs_dag.py
[2022-09-23 17:23:15,664] {processor.py:642} INFO - Processing file /opt/airflow/dags/data_ingestion_gcs_dag.py for tasks to queue
[2022-09-23 17:23:15,666] {logging_mixin.py:109} INFO - [2022-09-23 17:23:15,666] {dagbag.py:500} INFO - Filling up the DagBag from /opt/airflow/dags/data_ingestion_gcs_dag.py
[2022-09-23 17:23:17,141] {processor.py:654} INFO - DAG(s) dict_keys(['data_ingestion_gcs_dag']) retrieved from /opt/airflow/dags/data_ingestion_gcs_dag.py
[2022-09-23 17:23:17,158] {logging_mixin.py:109} INFO - [2022-09-23 17:23:17,158] {dag.py:2396} INFO - Sync 1 DAGs
[2022-09-23 17:23:17,190] {logging_mixin.py:109} INFO - [2022-09-23 17:23:17,190] {dag.py:2935} INFO - Setting next_dagrun for data_ingestion_gcs_dag to 2022-09-22 00:00:00+00:00
[2022-09-23 17:23:17,215] {processor.py:171} INFO - Processing /opt/airflow/dags/data_ingestion_gcs_dag.py took 1.565 seconds
[2022-09-23 17:23:47,399] {processor.py:163} INFO - Started process (PID=341) to work on /opt/airflow/dags/data_ingestion_gcs_dag.py
[2022-09-23 17:23:47,407] {processor.py:642} INFO - Processing file /opt/airflow/dags/data_ingestion_gcs_dag.py for tasks to queue
[2022-09-23 17:23:47,408] {logging_mixin.py:109} INFO - [2022-09-23 17:23:47,408] {dagbag.py:500} INFO - Filling up the DagBag from /opt/airflow/dags/data_ingestion_gcs_dag.py
[2022-09-23 17:23:48,980] {processor.py:654} INFO - DAG(s) dict_keys(['data_ingestion_gcs_dag']) retrieved from /opt/airflow/dags/data_ingestion_gcs_dag.py
[2022-09-23 17:23:49,010] {logging_mixin.py:109} INFO - [2022-09-23 17:23:49,009] {dag.py:2396} INFO - Sync 1 DAGs
[2022-09-23 17:23:49,030] {logging_mixin.py:109} INFO - [2022-09-23 17:23:49,030] {dag.py:2935} INFO - Setting next_dagrun for data_ingestion_gcs_dag to 2022-09-22 00:00:00+00:00
[2022-09-23 17:23:49,043] {processor.py:171} INFO - Processing /opt/airflow/dags/data_ingestion_gcs_dag.py took 1.649 seconds
[2022-09-23 17:24:19,231] {processor.py:163} INFO - Started process (PID=363) to work on /opt/airflow/dags/data_ingestion_gcs_dag.py
[2022-09-23 17:24:19,234] {processor.py:642} INFO - Processing file /opt/airflow/dags/data_ingestion_gcs_dag.py for tasks to queue
[2022-09-23 17:24:19,235] {logging_mixin.py:109} INFO - [2022-09-23 17:24:19,235] {dagbag.py:500} INFO - Filling up the DagBag from /opt/airflow/dags/data_ingestion_gcs_dag.py
[2022-09-23 17:24:20,553] {processor.py:654} INFO - DAG(s) dict_keys(['data_ingestion_gcs_dag']) retrieved from /opt/airflow/dags/data_ingestion_gcs_dag.py
[2022-09-23 17:24:20,565] {logging_mixin.py:109} INFO - [2022-09-23 17:24:20,564] {dag.py:2396} INFO - Sync 1 DAGs
[2022-09-23 17:24:20,591] {logging_mixin.py:109} INFO - [2022-09-23 17:24:20,591] {dag.py:2935} INFO - Setting next_dagrun for data_ingestion_gcs_dag to 2022-09-22 00:00:00+00:00
[2022-09-23 17:24:20,610] {processor.py:171} INFO - Processing /opt/airflow/dags/data_ingestion_gcs_dag.py took 1.388 seconds
[2022-09-23 17:24:50,814] {processor.py:163} INFO - Started process (PID=386) to work on /opt/airflow/dags/data_ingestion_gcs_dag.py
[2022-09-23 17:24:50,815] {processor.py:642} INFO - Processing file /opt/airflow/dags/data_ingestion_gcs_dag.py for tasks to queue
[2022-09-23 17:24:50,817] {logging_mixin.py:109} INFO - [2022-09-23 17:24:50,816] {dagbag.py:500} INFO - Filling up the DagBag from /opt/airflow/dags/data_ingestion_gcs_dag.py
[2022-09-23 17:24:51,750] {processor.py:654} INFO - DAG(s) dict_keys(['data_ingestion_gcs_dag']) retrieved from /opt/airflow/dags/data_ingestion_gcs_dag.py
[2022-09-23 17:24:51,760] {logging_mixin.py:109} INFO - [2022-09-23 17:24:51,760] {dag.py:2396} INFO - Sync 1 DAGs
[2022-09-23 17:24:51,779] {logging_mixin.py:109} INFO - [2022-09-23 17:24:51,779] {dag.py:2935} INFO - Setting next_dagrun for data_ingestion_gcs_dag to 2022-09-22 00:00:00+00:00
[2022-09-23 17:24:51,792] {processor.py:171} INFO - Processing /opt/airflow/dags/data_ingestion_gcs_dag.py took 0.982 seconds
[2022-09-23 17:25:21,996] {processor.py:163} INFO - Started process (PID=409) to work on /opt/airflow/dags/data_ingestion_gcs_dag.py
[2022-09-23 17:25:21,999] {processor.py:642} INFO - Processing file /opt/airflow/dags/data_ingestion_gcs_dag.py for tasks to queue
[2022-09-23 17:25:22,001] {logging_mixin.py:109} INFO - [2022-09-23 17:25:22,000] {dagbag.py:500} INFO - Filling up the DagBag from /opt/airflow/dags/data_ingestion_gcs_dag.py
[2022-09-23 17:25:23,319] {processor.py:654} INFO - DAG(s) dict_keys(['data_ingestion_gcs_dag']) retrieved from /opt/airflow/dags/data_ingestion_gcs_dag.py
[2022-09-23 17:25:23,330] {logging_mixin.py:109} INFO - [2022-09-23 17:25:23,329] {dag.py:2396} INFO - Sync 1 DAGs
[2022-09-23 17:25:23,350] {logging_mixin.py:109} INFO - [2022-09-23 17:25:23,350] {dag.py:2935} INFO - Setting next_dagrun for data_ingestion_gcs_dag to 2022-09-22 00:00:00+00:00
[2022-09-23 17:25:23,365] {processor.py:171} INFO - Processing /opt/airflow/dags/data_ingestion_gcs_dag.py took 1.373 seconds
[2022-09-23 17:25:53,552] {processor.py:163} INFO - Started process (PID=443) to work on /opt/airflow/dags/data_ingestion_gcs_dag.py
[2022-09-23 17:25:53,556] {processor.py:642} INFO - Processing file /opt/airflow/dags/data_ingestion_gcs_dag.py for tasks to queue
[2022-09-23 17:25:53,557] {logging_mixin.py:109} INFO - [2022-09-23 17:25:53,557] {dagbag.py:500} INFO - Filling up the DagBag from /opt/airflow/dags/data_ingestion_gcs_dag.py
[2022-09-23 17:25:54,769] {processor.py:654} INFO - DAG(s) dict_keys(['data_ingestion_gcs_dag']) retrieved from /opt/airflow/dags/data_ingestion_gcs_dag.py
[2022-09-23 17:25:54,782] {logging_mixin.py:109} INFO - [2022-09-23 17:25:54,782] {dag.py:2396} INFO - Sync 1 DAGs
[2022-09-23 17:25:54,802] {logging_mixin.py:109} INFO - [2022-09-23 17:25:54,802] {dag.py:2935} INFO - Setting next_dagrun for data_ingestion_gcs_dag to 2022-09-22 00:00:00+00:00
[2022-09-23 17:25:54,817] {processor.py:171} INFO - Processing /opt/airflow/dags/data_ingestion_gcs_dag.py took 1.273 seconds
[2022-09-23 17:26:24,966] {processor.py:163} INFO - Started process (PID=466) to work on /opt/airflow/dags/data_ingestion_gcs_dag.py
[2022-09-23 17:26:24,968] {processor.py:642} INFO - Processing file /opt/airflow/dags/data_ingestion_gcs_dag.py for tasks to queue
[2022-09-23 17:26:24,969] {logging_mixin.py:109} INFO - [2022-09-23 17:26:24,968] {dagbag.py:500} INFO - Filling up the DagBag from /opt/airflow/dags/data_ingestion_gcs_dag.py
[2022-09-23 17:26:25,922] {processor.py:654} INFO - DAG(s) dict_keys(['data_ingestion_gcs_dag']) retrieved from /opt/airflow/dags/data_ingestion_gcs_dag.py
[2022-09-23 17:26:25,936] {logging_mixin.py:109} INFO - [2022-09-23 17:26:25,936] {dag.py:2396} INFO - Sync 1 DAGs
[2022-09-23 17:26:25,962] {logging_mixin.py:109} INFO - [2022-09-23 17:26:25,961] {dag.py:2935} INFO - Setting next_dagrun for data_ingestion_gcs_dag to 2022-09-22 00:00:00+00:00
[2022-09-23 17:26:25,977] {processor.py:171} INFO - Processing /opt/airflow/dags/data_ingestion_gcs_dag.py took 1.015 seconds
[2022-09-23 17:26:56,272] {processor.py:163} INFO - Started process (PID=489) to work on /opt/airflow/dags/data_ingestion_gcs_dag.py
[2022-09-23 17:26:56,275] {processor.py:642} INFO - Processing file /opt/airflow/dags/data_ingestion_gcs_dag.py for tasks to queue
[2022-09-23 17:26:56,278] {logging_mixin.py:109} INFO - [2022-09-23 17:26:56,278] {dagbag.py:500} INFO - Filling up the DagBag from /opt/airflow/dags/data_ingestion_gcs_dag.py
[2022-09-23 17:26:57,639] {processor.py:654} INFO - DAG(s) dict_keys(['data_ingestion_gcs_dag']) retrieved from /opt/airflow/dags/data_ingestion_gcs_dag.py
[2022-09-23 17:26:57,672] {logging_mixin.py:109} INFO - [2022-09-23 17:26:57,671] {dag.py:2396} INFO - Sync 1 DAGs
[2022-09-23 17:26:57,702] {logging_mixin.py:109} INFO - [2022-09-23 17:26:57,702] {dag.py:2935} INFO - Setting next_dagrun for data_ingestion_gcs_dag to 2022-09-22 00:00:00+00:00
[2022-09-23 17:26:57,724] {processor.py:171} INFO - Processing /opt/airflow/dags/data_ingestion_gcs_dag.py took 1.456 seconds
[2022-09-23 17:27:27,911] {processor.py:163} INFO - Started process (PID=514) to work on /opt/airflow/dags/data_ingestion_gcs_dag.py
[2022-09-23 17:27:27,915] {processor.py:642} INFO - Processing file /opt/airflow/dags/data_ingestion_gcs_dag.py for tasks to queue
[2022-09-23 17:27:27,917] {logging_mixin.py:109} INFO - [2022-09-23 17:27:27,917] {dagbag.py:500} INFO - Filling up the DagBag from /opt/airflow/dags/data_ingestion_gcs_dag.py
[2022-09-23 17:27:28,985] {processor.py:654} INFO - DAG(s) dict_keys(['data_ingestion_gcs_dag']) retrieved from /opt/airflow/dags/data_ingestion_gcs_dag.py
[2022-09-23 17:27:28,999] {logging_mixin.py:109} INFO - [2022-09-23 17:27:28,998] {dag.py:2396} INFO - Sync 1 DAGs
[2022-09-23 17:27:29,025] {logging_mixin.py:109} INFO - [2022-09-23 17:27:29,025] {dag.py:2935} INFO - Setting next_dagrun for data_ingestion_gcs_dag to 2022-09-22 00:00:00+00:00
[2022-09-23 17:27:29,040] {processor.py:171} INFO - Processing /opt/airflow/dags/data_ingestion_gcs_dag.py took 1.139 seconds
[2022-09-23 17:27:59,168] {processor.py:163} INFO - Started process (PID=547) to work on /opt/airflow/dags/data_ingestion_gcs_dag.py
[2022-09-23 17:27:59,185] {processor.py:642} INFO - Processing file /opt/airflow/dags/data_ingestion_gcs_dag.py for tasks to queue
[2022-09-23 17:27:59,199] {logging_mixin.py:109} INFO - [2022-09-23 17:27:59,199] {dagbag.py:500} INFO - Filling up the DagBag from /opt/airflow/dags/data_ingestion_gcs_dag.py
[2022-09-23 17:28:00,634] {processor.py:654} INFO - DAG(s) dict_keys(['data_ingestion_gcs_dag']) retrieved from /opt/airflow/dags/data_ingestion_gcs_dag.py
[2022-09-23 17:28:00,680] {logging_mixin.py:109} INFO - [2022-09-23 17:28:00,680] {dag.py:2396} INFO - Sync 1 DAGs
[2022-09-23 17:28:00,771] {logging_mixin.py:109} INFO - [2022-09-23 17:28:00,770] {dag.py:2935} INFO - Setting next_dagrun for data_ingestion_gcs_dag to 2022-09-22 00:00:00+00:00
[2022-09-23 17:28:00,803] {processor.py:171} INFO - Processing /opt/airflow/dags/data_ingestion_gcs_dag.py took 1.651 seconds
[2022-09-23 17:28:31,012] {processor.py:163} INFO - Started process (PID=570) to work on /opt/airflow/dags/data_ingestion_gcs_dag.py
[2022-09-23 17:28:31,014] {processor.py:642} INFO - Processing file /opt/airflow/dags/data_ingestion_gcs_dag.py for tasks to queue
[2022-09-23 17:28:31,016] {logging_mixin.py:109} INFO - [2022-09-23 17:28:31,016] {dagbag.py:500} INFO - Filling up the DagBag from /opt/airflow/dags/data_ingestion_gcs_dag.py
[2022-09-23 17:28:33,020] {processor.py:654} INFO - DAG(s) dict_keys(['data_ingestion_gcs_dag']) retrieved from /opt/airflow/dags/data_ingestion_gcs_dag.py
[2022-09-23 17:28:33,033] {logging_mixin.py:109} INFO - [2022-09-23 17:28:33,032] {dag.py:2396} INFO - Sync 1 DAGs
[2022-09-23 17:28:33,057] {logging_mixin.py:109} INFO - [2022-09-23 17:28:33,056] {dag.py:2935} INFO - Setting next_dagrun for data_ingestion_gcs_dag to 2022-09-22 00:00:00+00:00
[2022-09-23 17:28:33,072] {processor.py:171} INFO - Processing /opt/airflow/dags/data_ingestion_gcs_dag.py took 2.071 seconds
[2022-09-23 17:29:03,235] {processor.py:163} INFO - Started process (PID=594) to work on /opt/airflow/dags/data_ingestion_gcs_dag.py
[2022-09-23 17:29:03,243] {processor.py:642} INFO - Processing file /opt/airflow/dags/data_ingestion_gcs_dag.py for tasks to queue
[2022-09-23 17:29:03,247] {logging_mixin.py:109} INFO - [2022-09-23 17:29:03,246] {dagbag.py:500} INFO - Filling up the DagBag from /opt/airflow/dags/data_ingestion_gcs_dag.py
[2022-09-23 17:29:04,660] {processor.py:654} INFO - DAG(s) dict_keys(['data_ingestion_gcs_dag']) retrieved from /opt/airflow/dags/data_ingestion_gcs_dag.py
[2022-09-23 17:29:04,680] {logging_mixin.py:109} INFO - [2022-09-23 17:29:04,679] {dag.py:2396} INFO - Sync 1 DAGs
[2022-09-23 17:29:04,713] {logging_mixin.py:109} INFO - [2022-09-23 17:29:04,713] {dag.py:2935} INFO - Setting next_dagrun for data_ingestion_gcs_dag to 2022-09-22 00:00:00+00:00
[2022-09-23 17:29:04,736] {processor.py:171} INFO - Processing /opt/airflow/dags/data_ingestion_gcs_dag.py took 1.507 seconds
[2022-09-23 17:29:34,982] {processor.py:163} INFO - Started process (PID=619) to work on /opt/airflow/dags/data_ingestion_gcs_dag.py
[2022-09-23 17:29:34,985] {processor.py:642} INFO - Processing file /opt/airflow/dags/data_ingestion_gcs_dag.py for tasks to queue
[2022-09-23 17:29:34,986] {logging_mixin.py:109} INFO - [2022-09-23 17:29:34,986] {dagbag.py:500} INFO - Filling up the DagBag from /opt/airflow/dags/data_ingestion_gcs_dag.py
[2022-09-23 17:29:36,003] {processor.py:654} INFO - DAG(s) dict_keys(['data_ingestion_gcs_dag']) retrieved from /opt/airflow/dags/data_ingestion_gcs_dag.py
[2022-09-23 17:29:36,014] {logging_mixin.py:109} INFO - [2022-09-23 17:29:36,013] {dag.py:2396} INFO - Sync 1 DAGs
[2022-09-23 17:29:36,036] {logging_mixin.py:109} INFO - [2022-09-23 17:29:36,036] {dag.py:2935} INFO - Setting next_dagrun for data_ingestion_gcs_dag to 2022-09-22 00:00:00+00:00
[2022-09-23 17:29:36,056] {processor.py:171} INFO - Processing /opt/airflow/dags/data_ingestion_gcs_dag.py took 1.078 seconds
[2022-09-23 17:30:06,175] {processor.py:163} INFO - Started process (PID=651) to work on /opt/airflow/dags/data_ingestion_gcs_dag.py
[2022-09-23 17:30:06,179] {processor.py:642} INFO - Processing file /opt/airflow/dags/data_ingestion_gcs_dag.py for tasks to queue
[2022-09-23 17:30:06,181] {logging_mixin.py:109} INFO - [2022-09-23 17:30:06,180] {dagbag.py:500} INFO - Filling up the DagBag from /opt/airflow/dags/data_ingestion_gcs_dag.py
[2022-09-23 17:30:07,409] {processor.py:654} INFO - DAG(s) dict_keys(['data_ingestion_gcs_dag']) retrieved from /opt/airflow/dags/data_ingestion_gcs_dag.py
[2022-09-23 17:30:07,421] {logging_mixin.py:109} INFO - [2022-09-23 17:30:07,421] {dag.py:2396} INFO - Sync 1 DAGs
[2022-09-23 17:30:07,440] {logging_mixin.py:109} INFO - [2022-09-23 17:30:07,440] {dag.py:2935} INFO - Setting next_dagrun for data_ingestion_gcs_dag to 2022-09-22 00:00:00+00:00
[2022-09-23 17:30:07,453] {processor.py:171} INFO - Processing /opt/airflow/dags/data_ingestion_gcs_dag.py took 1.283 seconds
[2022-09-23 17:30:37,657] {processor.py:163} INFO - Started process (PID=674) to work on /opt/airflow/dags/data_ingestion_gcs_dag.py
[2022-09-23 17:30:37,659] {processor.py:642} INFO - Processing file /opt/airflow/dags/data_ingestion_gcs_dag.py for tasks to queue
[2022-09-23 17:30:37,661] {logging_mixin.py:109} INFO - [2022-09-23 17:30:37,660] {dagbag.py:500} INFO - Filling up the DagBag from /opt/airflow/dags/data_ingestion_gcs_dag.py
[2022-09-23 17:30:38,786] {processor.py:654} INFO - DAG(s) dict_keys(['data_ingestion_gcs_dag']) retrieved from /opt/airflow/dags/data_ingestion_gcs_dag.py
[2022-09-23 17:30:38,796] {logging_mixin.py:109} INFO - [2022-09-23 17:30:38,796] {dag.py:2396} INFO - Sync 1 DAGs
[2022-09-23 17:30:38,816] {logging_mixin.py:109} INFO - [2022-09-23 17:30:38,816] {dag.py:2935} INFO - Setting next_dagrun for data_ingestion_gcs_dag to 2022-09-22 00:00:00+00:00
[2022-09-23 17:30:38,837] {processor.py:171} INFO - Processing /opt/airflow/dags/data_ingestion_gcs_dag.py took 1.189 seconds
[2022-09-23 17:31:09,024] {processor.py:163} INFO - Started process (PID=697) to work on /opt/airflow/dags/data_ingestion_gcs_dag.py
[2022-09-23 17:31:09,025] {processor.py:642} INFO - Processing file /opt/airflow/dags/data_ingestion_gcs_dag.py for tasks to queue
[2022-09-23 17:31:09,027] {logging_mixin.py:109} INFO - [2022-09-23 17:31:09,027] {dagbag.py:500} INFO - Filling up the DagBag from /opt/airflow/dags/data_ingestion_gcs_dag.py
[2022-09-23 17:31:10,066] {processor.py:654} INFO - DAG(s) dict_keys(['data_ingestion_gcs_dag']) retrieved from /opt/airflow/dags/data_ingestion_gcs_dag.py
[2022-09-23 17:31:10,082] {logging_mixin.py:109} INFO - [2022-09-23 17:31:10,082] {dag.py:2396} INFO - Sync 1 DAGs
[2022-09-23 17:31:10,104] {logging_mixin.py:109} INFO - [2022-09-23 17:31:10,103] {dag.py:2935} INFO - Setting next_dagrun for data_ingestion_gcs_dag to 2022-09-22 00:00:00+00:00
[2022-09-23 17:31:10,118] {processor.py:171} INFO - Processing /opt/airflow/dags/data_ingestion_gcs_dag.py took 1.099 seconds
[2022-09-23 17:31:40,445] {processor.py:163} INFO - Started process (PID=720) to work on /opt/airflow/dags/data_ingestion_gcs_dag.py
[2022-09-23 17:31:40,447] {processor.py:642} INFO - Processing file /opt/airflow/dags/data_ingestion_gcs_dag.py for tasks to queue
[2022-09-23 17:31:40,448] {logging_mixin.py:109} INFO - [2022-09-23 17:31:40,448] {dagbag.py:500} INFO - Filling up the DagBag from /opt/airflow/dags/data_ingestion_gcs_dag.py
[2022-09-23 17:31:41,366] {processor.py:654} INFO - DAG(s) dict_keys(['data_ingestion_gcs_dag']) retrieved from /opt/airflow/dags/data_ingestion_gcs_dag.py
[2022-09-23 17:31:41,380] {logging_mixin.py:109} INFO - [2022-09-23 17:31:41,380] {dag.py:2396} INFO - Sync 1 DAGs
[2022-09-23 17:31:41,405] {logging_mixin.py:109} INFO - [2022-09-23 17:31:41,405] {dag.py:2935} INFO - Setting next_dagrun for data_ingestion_gcs_dag to 2022-09-22 00:00:00+00:00
[2022-09-23 17:31:41,424] {processor.py:171} INFO - Processing /opt/airflow/dags/data_ingestion_gcs_dag.py took 0.982 seconds
[2022-09-23 17:32:11,661] {processor.py:163} INFO - Started process (PID=750) to work on /opt/airflow/dags/data_ingestion_gcs_dag.py
[2022-09-23 17:32:11,663] {processor.py:642} INFO - Processing file /opt/airflow/dags/data_ingestion_gcs_dag.py for tasks to queue
[2022-09-23 17:32:11,665] {logging_mixin.py:109} INFO - [2022-09-23 17:32:11,665] {dagbag.py:500} INFO - Filling up the DagBag from /opt/airflow/dags/data_ingestion_gcs_dag.py
[2022-09-23 17:32:12,856] {processor.py:654} INFO - DAG(s) dict_keys(['data_ingestion_gcs_dag']) retrieved from /opt/airflow/dags/data_ingestion_gcs_dag.py
[2022-09-23 17:32:12,872] {logging_mixin.py:109} INFO - [2022-09-23 17:32:12,872] {dag.py:2396} INFO - Sync 1 DAGs
[2022-09-23 17:32:12,900] {logging_mixin.py:109} INFO - [2022-09-23 17:32:12,900] {dag.py:2935} INFO - Setting next_dagrun for data_ingestion_gcs_dag to 2022-09-22 00:00:00+00:00
[2022-09-23 17:32:12,921] {processor.py:171} INFO - Processing /opt/airflow/dags/data_ingestion_gcs_dag.py took 1.264 seconds
[2022-09-23 17:32:43,001] {processor.py:163} INFO - Started process (PID=775) to work on /opt/airflow/dags/data_ingestion_gcs_dag.py
[2022-09-23 17:32:43,004] {processor.py:642} INFO - Processing file /opt/airflow/dags/data_ingestion_gcs_dag.py for tasks to queue
[2022-09-23 17:32:43,007] {logging_mixin.py:109} INFO - [2022-09-23 17:32:43,006] {dagbag.py:500} INFO - Filling up the DagBag from /opt/airflow/dags/data_ingestion_gcs_dag.py
[2022-09-23 17:32:44,173] {processor.py:654} INFO - DAG(s) dict_keys(['data_ingestion_gcs_dag']) retrieved from /opt/airflow/dags/data_ingestion_gcs_dag.py
[2022-09-23 17:32:44,184] {logging_mixin.py:109} INFO - [2022-09-23 17:32:44,184] {dag.py:2396} INFO - Sync 1 DAGs
[2022-09-23 17:32:44,207] {logging_mixin.py:109} INFO - [2022-09-23 17:32:44,207] {dag.py:2935} INFO - Setting next_dagrun for data_ingestion_gcs_dag to 2022-09-22 00:00:00+00:00
[2022-09-23 17:32:44,223] {processor.py:171} INFO - Processing /opt/airflow/dags/data_ingestion_gcs_dag.py took 1.232 seconds
[2022-09-23 17:33:14,321] {processor.py:163} INFO - Started process (PID=798) to work on /opt/airflow/dags/data_ingestion_gcs_dag.py
[2022-09-23 17:33:14,325] {processor.py:642} INFO - Processing file /opt/airflow/dags/data_ingestion_gcs_dag.py for tasks to queue
[2022-09-23 17:33:14,326] {logging_mixin.py:109} INFO - [2022-09-23 17:33:14,326] {dagbag.py:500} INFO - Filling up the DagBag from /opt/airflow/dags/data_ingestion_gcs_dag.py
[2022-09-23 17:33:15,409] {processor.py:654} INFO - DAG(s) dict_keys(['data_ingestion_gcs_dag']) retrieved from /opt/airflow/dags/data_ingestion_gcs_dag.py
[2022-09-23 17:33:15,422] {logging_mixin.py:109} INFO - [2022-09-23 17:33:15,422] {dag.py:2396} INFO - Sync 1 DAGs
[2022-09-23 17:33:15,446] {logging_mixin.py:109} INFO - [2022-09-23 17:33:15,446] {dag.py:2935} INFO - Setting next_dagrun for data_ingestion_gcs_dag to 2022-09-22 00:00:00+00:00
[2022-09-23 17:33:15,464] {processor.py:171} INFO - Processing /opt/airflow/dags/data_ingestion_gcs_dag.py took 1.149 seconds
[2022-09-23 17:33:45,641] {processor.py:163} INFO - Started process (PID=821) to work on /opt/airflow/dags/data_ingestion_gcs_dag.py
[2022-09-23 17:33:45,643] {processor.py:642} INFO - Processing file /opt/airflow/dags/data_ingestion_gcs_dag.py for tasks to queue
[2022-09-23 17:33:45,644] {logging_mixin.py:109} INFO - [2022-09-23 17:33:45,644] {dagbag.py:500} INFO - Filling up the DagBag from /opt/airflow/dags/data_ingestion_gcs_dag.py
[2022-09-23 17:33:46,674] {processor.py:654} INFO - DAG(s) dict_keys(['data_ingestion_gcs_dag']) retrieved from /opt/airflow/dags/data_ingestion_gcs_dag.py
[2022-09-23 17:33:46,684] {logging_mixin.py:109} INFO - [2022-09-23 17:33:46,684] {dag.py:2396} INFO - Sync 1 DAGs
[2022-09-23 17:33:46,707] {logging_mixin.py:109} INFO - [2022-09-23 17:33:46,707] {dag.py:2935} INFO - Setting next_dagrun for data_ingestion_gcs_dag to 2022-09-22 00:00:00+00:00
[2022-09-23 17:33:46,722] {processor.py:171} INFO - Processing /opt/airflow/dags/data_ingestion_gcs_dag.py took 1.084 seconds
[2022-09-23 17:34:16,934] {processor.py:163} INFO - Started process (PID=854) to work on /opt/airflow/dags/data_ingestion_gcs_dag.py
[2022-09-23 17:34:16,936] {processor.py:642} INFO - Processing file /opt/airflow/dags/data_ingestion_gcs_dag.py for tasks to queue
[2022-09-23 17:34:16,937] {logging_mixin.py:109} INFO - [2022-09-23 17:34:16,937] {dagbag.py:500} INFO - Filling up the DagBag from /opt/airflow/dags/data_ingestion_gcs_dag.py
[2022-09-23 17:34:18,429] {processor.py:654} INFO - DAG(s) dict_keys(['data_ingestion_gcs_dag']) retrieved from /opt/airflow/dags/data_ingestion_gcs_dag.py
[2022-09-23 17:34:18,447] {logging_mixin.py:109} INFO - [2022-09-23 17:34:18,446] {dag.py:2396} INFO - Sync 1 DAGs
[2022-09-23 17:34:18,494] {logging_mixin.py:109} INFO - [2022-09-23 17:34:18,494] {dag.py:2935} INFO - Setting next_dagrun for data_ingestion_gcs_dag to 2022-09-22 00:00:00+00:00
[2022-09-23 17:34:18,512] {processor.py:171} INFO - Processing /opt/airflow/dags/data_ingestion_gcs_dag.py took 1.582 seconds
[2022-09-23 17:34:48,698] {processor.py:163} INFO - Started process (PID=877) to work on /opt/airflow/dags/data_ingestion_gcs_dag.py
[2022-09-23 17:34:48,699] {processor.py:642} INFO - Processing file /opt/airflow/dags/data_ingestion_gcs_dag.py for tasks to queue
[2022-09-23 17:34:48,700] {logging_mixin.py:109} INFO - [2022-09-23 17:34:48,700] {dagbag.py:500} INFO - Filling up the DagBag from /opt/airflow/dags/data_ingestion_gcs_dag.py
[2022-09-23 17:34:49,782] {processor.py:654} INFO - DAG(s) dict_keys(['data_ingestion_gcs_dag']) retrieved from /opt/airflow/dags/data_ingestion_gcs_dag.py
[2022-09-23 17:34:49,796] {logging_mixin.py:109} INFO - [2022-09-23 17:34:49,796] {dag.py:2396} INFO - Sync 1 DAGs
[2022-09-23 17:34:49,817] {logging_mixin.py:109} INFO - [2022-09-23 17:34:49,816] {dag.py:2935} INFO - Setting next_dagrun for data_ingestion_gcs_dag to 2022-09-22 00:00:00+00:00
[2022-09-23 17:34:49,830] {processor.py:171} INFO - Processing /opt/airflow/dags/data_ingestion_gcs_dag.py took 1.135 seconds
[2022-09-23 17:35:19,920] {processor.py:163} INFO - Started process (PID=899) to work on /opt/airflow/dags/data_ingestion_gcs_dag.py
[2022-09-23 17:35:19,926] {processor.py:642} INFO - Processing file /opt/airflow/dags/data_ingestion_gcs_dag.py for tasks to queue
[2022-09-23 17:35:19,930] {logging_mixin.py:109} INFO - [2022-09-23 17:35:19,929] {dagbag.py:500} INFO - Filling up the DagBag from /opt/airflow/dags/data_ingestion_gcs_dag.py
[2022-09-23 17:35:21,048] {processor.py:654} INFO - DAG(s) dict_keys(['data_ingestion_gcs_dag']) retrieved from /opt/airflow/dags/data_ingestion_gcs_dag.py
[2022-09-23 17:35:21,065] {logging_mixin.py:109} INFO - [2022-09-23 17:35:21,064] {dag.py:2396} INFO - Sync 1 DAGs
[2022-09-23 17:35:21,090] {logging_mixin.py:109} INFO - [2022-09-23 17:35:21,090] {dag.py:2935} INFO - Setting next_dagrun for data_ingestion_gcs_dag to 2022-09-22 00:00:00+00:00
[2022-09-23 17:35:21,105] {processor.py:171} INFO - Processing /opt/airflow/dags/data_ingestion_gcs_dag.py took 1.195 seconds
[2022-09-23 17:35:51,408] {processor.py:163} INFO - Started process (PID=923) to work on /opt/airflow/dags/data_ingestion_gcs_dag.py
[2022-09-23 17:35:51,411] {processor.py:642} INFO - Processing file /opt/airflow/dags/data_ingestion_gcs_dag.py for tasks to queue
[2022-09-23 17:35:51,413] {logging_mixin.py:109} INFO - [2022-09-23 17:35:51,413] {dagbag.py:500} INFO - Filling up the DagBag from /opt/airflow/dags/data_ingestion_gcs_dag.py
[2022-09-23 17:35:52,589] {processor.py:654} INFO - DAG(s) dict_keys(['data_ingestion_gcs_dag']) retrieved from /opt/airflow/dags/data_ingestion_gcs_dag.py
[2022-09-23 17:35:52,616] {logging_mixin.py:109} INFO - [2022-09-23 17:35:52,616] {dag.py:2396} INFO - Sync 1 DAGs
[2022-09-23 17:35:52,686] {logging_mixin.py:109} INFO - [2022-09-23 17:35:52,685] {dag.py:2935} INFO - Setting next_dagrun for data_ingestion_gcs_dag to 2022-09-22 00:00:00+00:00
[2022-09-23 17:35:52,718] {processor.py:171} INFO - Processing /opt/airflow/dags/data_ingestion_gcs_dag.py took 1.319 seconds
[2022-09-23 17:36:22,924] {processor.py:163} INFO - Started process (PID=954) to work on /opt/airflow/dags/data_ingestion_gcs_dag.py
[2022-09-23 17:36:22,926] {processor.py:642} INFO - Processing file /opt/airflow/dags/data_ingestion_gcs_dag.py for tasks to queue
[2022-09-23 17:36:22,928] {logging_mixin.py:109} INFO - [2022-09-23 17:36:22,927] {dagbag.py:500} INFO - Filling up the DagBag from /opt/airflow/dags/data_ingestion_gcs_dag.py
[2022-09-23 17:36:24,173] {processor.py:654} INFO - DAG(s) dict_keys(['data_ingestion_gcs_dag']) retrieved from /opt/airflow/dags/data_ingestion_gcs_dag.py
[2022-09-23 17:36:24,203] {logging_mixin.py:109} INFO - [2022-09-23 17:36:24,203] {dag.py:2396} INFO - Sync 1 DAGs
[2022-09-23 17:36:24,240] {logging_mixin.py:109} INFO - [2022-09-23 17:36:24,240] {dag.py:2935} INFO - Setting next_dagrun for data_ingestion_gcs_dag to 2022-09-22 00:00:00+00:00
[2022-09-23 17:36:24,259] {processor.py:171} INFO - Processing /opt/airflow/dags/data_ingestion_gcs_dag.py took 1.340 seconds
[2022-09-23 17:36:54,474] {processor.py:163} INFO - Started process (PID=978) to work on /opt/airflow/dags/data_ingestion_gcs_dag.py
[2022-09-23 17:36:54,476] {processor.py:642} INFO - Processing file /opt/airflow/dags/data_ingestion_gcs_dag.py for tasks to queue
[2022-09-23 17:36:54,477] {logging_mixin.py:109} INFO - [2022-09-23 17:36:54,477] {dagbag.py:500} INFO - Filling up the DagBag from /opt/airflow/dags/data_ingestion_gcs_dag.py
[2022-09-23 17:36:55,598] {processor.py:654} INFO - DAG(s) dict_keys(['data_ingestion_gcs_dag']) retrieved from /opt/airflow/dags/data_ingestion_gcs_dag.py
[2022-09-23 17:36:55,609] {logging_mixin.py:109} INFO - [2022-09-23 17:36:55,609] {dag.py:2396} INFO - Sync 1 DAGs
[2022-09-23 17:36:55,628] {logging_mixin.py:109} INFO - [2022-09-23 17:36:55,628] {dag.py:2935} INFO - Setting next_dagrun for data_ingestion_gcs_dag to 2022-09-22 00:00:00+00:00
[2022-09-23 17:36:55,642] {processor.py:171} INFO - Processing /opt/airflow/dags/data_ingestion_gcs_dag.py took 1.172 seconds
[2022-09-23 17:37:25,712] {processor.py:163} INFO - Started process (PID=1001) to work on /opt/airflow/dags/data_ingestion_gcs_dag.py
[2022-09-23 17:37:25,715] {processor.py:642} INFO - Processing file /opt/airflow/dags/data_ingestion_gcs_dag.py for tasks to queue
[2022-09-23 17:37:25,716] {logging_mixin.py:109} INFO - [2022-09-23 17:37:25,716] {dagbag.py:500} INFO - Filling up the DagBag from /opt/airflow/dags/data_ingestion_gcs_dag.py
[2022-09-23 17:37:26,916] {processor.py:654} INFO - DAG(s) dict_keys(['data_ingestion_gcs_dag']) retrieved from /opt/airflow/dags/data_ingestion_gcs_dag.py
[2022-09-23 17:37:26,933] {logging_mixin.py:109} INFO - [2022-09-23 17:37:26,932] {dag.py:2396} INFO - Sync 1 DAGs
[2022-09-23 17:37:26,959] {logging_mixin.py:109} INFO - [2022-09-23 17:37:26,958] {dag.py:2935} INFO - Setting next_dagrun for data_ingestion_gcs_dag to 2022-09-22 00:00:00+00:00
[2022-09-23 17:37:26,982] {processor.py:171} INFO - Processing /opt/airflow/dags/data_ingestion_gcs_dag.py took 1.277 seconds
[2022-09-23 17:37:57,337] {processor.py:163} INFO - Started process (PID=1024) to work on /opt/airflow/dags/data_ingestion_gcs_dag.py
[2022-09-23 17:37:57,340] {processor.py:642} INFO - Processing file /opt/airflow/dags/data_ingestion_gcs_dag.py for tasks to queue
[2022-09-23 17:37:57,341] {logging_mixin.py:109} INFO - [2022-09-23 17:37:57,341] {dagbag.py:500} INFO - Filling up the DagBag from /opt/airflow/dags/data_ingestion_gcs_dag.py
[2022-09-23 17:37:58,763] {processor.py:654} INFO - DAG(s) dict_keys(['data_ingestion_gcs_dag']) retrieved from /opt/airflow/dags/data_ingestion_gcs_dag.py
[2022-09-23 17:37:58,782] {logging_mixin.py:109} INFO - [2022-09-23 17:37:58,782] {dag.py:2396} INFO - Sync 1 DAGs
[2022-09-23 17:37:58,811] {logging_mixin.py:109} INFO - [2022-09-23 17:37:58,811] {dag.py:2935} INFO - Setting next_dagrun for data_ingestion_gcs_dag to 2022-09-22 00:00:00+00:00
[2022-09-23 17:37:58,830] {processor.py:171} INFO - Processing /opt/airflow/dags/data_ingestion_gcs_dag.py took 1.499 seconds
[2022-09-23 17:38:29,041] {processor.py:163} INFO - Started process (PID=1047) to work on /opt/airflow/dags/data_ingestion_gcs_dag.py
[2022-09-23 17:38:29,044] {processor.py:642} INFO - Processing file /opt/airflow/dags/data_ingestion_gcs_dag.py for tasks to queue
[2022-09-23 17:38:29,046] {logging_mixin.py:109} INFO - [2022-09-23 17:38:29,045] {dagbag.py:500} INFO - Filling up the DagBag from /opt/airflow/dags/data_ingestion_gcs_dag.py
[2022-09-23 17:38:30,257] {processor.py:654} INFO - DAG(s) dict_keys(['data_ingestion_gcs_dag']) retrieved from /opt/airflow/dags/data_ingestion_gcs_dag.py
[2022-09-23 17:38:30,268] {logging_mixin.py:109} INFO - [2022-09-23 17:38:30,267] {dag.py:2396} INFO - Sync 1 DAGs
[2022-09-23 17:38:30,286] {logging_mixin.py:109} INFO - [2022-09-23 17:38:30,286] {dag.py:2935} INFO - Setting next_dagrun for data_ingestion_gcs_dag to 2022-09-22 00:00:00+00:00
[2022-09-23 17:38:30,300] {processor.py:171} INFO - Processing /opt/airflow/dags/data_ingestion_gcs_dag.py took 1.265 seconds
[2022-09-23 17:39:00,433] {processor.py:163} INFO - Started process (PID=1079) to work on /opt/airflow/dags/data_ingestion_gcs_dag.py
[2022-09-23 17:39:00,435] {processor.py:642} INFO - Processing file /opt/airflow/dags/data_ingestion_gcs_dag.py for tasks to queue
[2022-09-23 17:39:00,436] {logging_mixin.py:109} INFO - [2022-09-23 17:39:00,436] {dagbag.py:500} INFO - Filling up the DagBag from /opt/airflow/dags/data_ingestion_gcs_dag.py
[2022-09-23 17:39:02,228] {processor.py:654} INFO - DAG(s) dict_keys(['data_ingestion_gcs_dag']) retrieved from /opt/airflow/dags/data_ingestion_gcs_dag.py
[2022-09-23 17:39:02,277] {logging_mixin.py:109} INFO - [2022-09-23 17:39:02,277] {dag.py:2396} INFO - Sync 1 DAGs
[2022-09-23 17:39:02,337] {logging_mixin.py:109} INFO - [2022-09-23 17:39:02,337] {dag.py:2935} INFO - Setting next_dagrun for data_ingestion_gcs_dag to 2022-09-22 00:00:00+00:00
[2022-09-23 17:39:02,378] {processor.py:171} INFO - Processing /opt/airflow/dags/data_ingestion_gcs_dag.py took 1.949 seconds
[2022-09-23 17:39:32,664] {processor.py:163} INFO - Started process (PID=1103) to work on /opt/airflow/dags/data_ingestion_gcs_dag.py
[2022-09-23 17:39:32,666] {processor.py:642} INFO - Processing file /opt/airflow/dags/data_ingestion_gcs_dag.py for tasks to queue
[2022-09-23 17:39:32,669] {logging_mixin.py:109} INFO - [2022-09-23 17:39:32,668] {dagbag.py:500} INFO - Filling up the DagBag from /opt/airflow/dags/data_ingestion_gcs_dag.py
[2022-09-23 17:39:33,856] {processor.py:654} INFO - DAG(s) dict_keys(['data_ingestion_gcs_dag']) retrieved from /opt/airflow/dags/data_ingestion_gcs_dag.py
[2022-09-23 17:39:33,874] {logging_mixin.py:109} INFO - [2022-09-23 17:39:33,873] {dag.py:2396} INFO - Sync 1 DAGs
[2022-09-23 17:39:33,916] {logging_mixin.py:109} INFO - [2022-09-23 17:39:33,916] {dag.py:2935} INFO - Setting next_dagrun for data_ingestion_gcs_dag to 2022-09-22 00:00:00+00:00
[2022-09-23 17:39:33,934] {processor.py:171} INFO - Processing /opt/airflow/dags/data_ingestion_gcs_dag.py took 1.276 seconds
[2022-09-23 17:40:04,791] {processor.py:163} INFO - Started process (PID=1127) to work on /opt/airflow/dags/data_ingestion_gcs_dag.py
[2022-09-23 17:40:04,793] {processor.py:642} INFO - Processing file /opt/airflow/dags/data_ingestion_gcs_dag.py for tasks to queue
[2022-09-23 17:40:04,807] {logging_mixin.py:109} INFO - [2022-09-23 17:40:04,807] {dagbag.py:500} INFO - Filling up the DagBag from /opt/airflow/dags/data_ingestion_gcs_dag.py
[2022-09-23 17:40:08,004] {processor.py:654} INFO - DAG(s) dict_keys(['data_ingestion_gcs_dag']) retrieved from /opt/airflow/dags/data_ingestion_gcs_dag.py
[2022-09-23 17:40:08,055] {logging_mixin.py:109} INFO - [2022-09-23 17:40:08,054] {dag.py:2396} INFO - Sync 1 DAGs
[2022-09-23 17:40:08,118] {logging_mixin.py:109} INFO - [2022-09-23 17:40:08,118] {dag.py:2935} INFO - Setting next_dagrun for data_ingestion_gcs_dag to 2022-09-22 00:00:00+00:00
[2022-09-23 17:40:08,141] {processor.py:171} INFO - Processing /opt/airflow/dags/data_ingestion_gcs_dag.py took 3.365 seconds
[2022-09-23 17:40:38,274] {processor.py:163} INFO - Started process (PID=1151) to work on /opt/airflow/dags/data_ingestion_gcs_dag.py
[2022-09-23 17:40:38,275] {processor.py:642} INFO - Processing file /opt/airflow/dags/data_ingestion_gcs_dag.py for tasks to queue
[2022-09-23 17:40:38,276] {logging_mixin.py:109} INFO - [2022-09-23 17:40:38,276] {dagbag.py:500} INFO - Filling up the DagBag from /opt/airflow/dags/data_ingestion_gcs_dag.py
[2022-09-23 17:40:39,347] {processor.py:654} INFO - DAG(s) dict_keys(['data_ingestion_gcs_dag']) retrieved from /opt/airflow/dags/data_ingestion_gcs_dag.py
[2022-09-23 17:40:39,356] {logging_mixin.py:109} INFO - [2022-09-23 17:40:39,356] {dag.py:2396} INFO - Sync 1 DAGs
[2022-09-23 17:40:39,373] {logging_mixin.py:109} INFO - [2022-09-23 17:40:39,373] {dag.py:2935} INFO - Setting next_dagrun for data_ingestion_gcs_dag to 2022-09-22 00:00:00+00:00
[2022-09-23 17:40:39,386] {processor.py:171} INFO - Processing /opt/airflow/dags/data_ingestion_gcs_dag.py took 1.115 seconds
[2022-09-23 17:41:09,563] {processor.py:163} INFO - Started process (PID=1173) to work on /opt/airflow/dags/data_ingestion_gcs_dag.py
[2022-09-23 17:41:09,564] {processor.py:642} INFO - Processing file /opt/airflow/dags/data_ingestion_gcs_dag.py for tasks to queue
[2022-09-23 17:41:09,565] {logging_mixin.py:109} INFO - [2022-09-23 17:41:09,565] {dagbag.py:500} INFO - Filling up the DagBag from /opt/airflow/dags/data_ingestion_gcs_dag.py
[2022-09-23 17:41:10,543] {processor.py:654} INFO - DAG(s) dict_keys(['data_ingestion_gcs_dag']) retrieved from /opt/airflow/dags/data_ingestion_gcs_dag.py
[2022-09-23 17:41:10,554] {logging_mixin.py:109} INFO - [2022-09-23 17:41:10,554] {dag.py:2396} INFO - Sync 1 DAGs
[2022-09-23 17:41:10,577] {logging_mixin.py:109} INFO - [2022-09-23 17:41:10,576] {dag.py:2935} INFO - Setting next_dagrun for data_ingestion_gcs_dag to 2022-09-22 00:00:00+00:00
[2022-09-23 17:41:10,589] {processor.py:171} INFO - Processing /opt/airflow/dags/data_ingestion_gcs_dag.py took 1.032 seconds
[2022-09-23 17:41:40,821] {processor.py:163} INFO - Started process (PID=1207) to work on /opt/airflow/dags/data_ingestion_gcs_dag.py
[2022-09-23 17:41:40,825] {processor.py:642} INFO - Processing file /opt/airflow/dags/data_ingestion_gcs_dag.py for tasks to queue
[2022-09-23 17:41:40,839] {logging_mixin.py:109} INFO - [2022-09-23 17:41:40,838] {dagbag.py:500} INFO - Filling up the DagBag from /opt/airflow/dags/data_ingestion_gcs_dag.py
[2022-09-23 17:41:43,182] {processor.py:654} INFO - DAG(s) dict_keys(['data_ingestion_gcs_dag']) retrieved from /opt/airflow/dags/data_ingestion_gcs_dag.py
[2022-09-23 17:41:43,271] {logging_mixin.py:109} INFO - [2022-09-23 17:41:43,262] {dag.py:2396} INFO - Sync 1 DAGs
[2022-09-23 17:41:43,335] {logging_mixin.py:109} INFO - [2022-09-23 17:41:43,335] {dag.py:2935} INFO - Setting next_dagrun for data_ingestion_gcs_dag to 2022-09-22 00:00:00+00:00
[2022-09-23 17:41:43,353] {processor.py:171} INFO - Processing /opt/airflow/dags/data_ingestion_gcs_dag.py took 2.546 seconds
[2022-09-23 17:42:13,558] {processor.py:163} INFO - Started process (PID=1231) to work on /opt/airflow/dags/data_ingestion_gcs_dag.py
[2022-09-23 17:42:13,561] {processor.py:642} INFO - Processing file /opt/airflow/dags/data_ingestion_gcs_dag.py for tasks to queue
[2022-09-23 17:42:13,563] {logging_mixin.py:109} INFO - [2022-09-23 17:42:13,563] {dagbag.py:500} INFO - Filling up the DagBag from /opt/airflow/dags/data_ingestion_gcs_dag.py
[2022-09-23 17:42:14,816] {processor.py:654} INFO - DAG(s) dict_keys(['data_ingestion_gcs_dag']) retrieved from /opt/airflow/dags/data_ingestion_gcs_dag.py
[2022-09-23 17:42:14,833] {logging_mixin.py:109} INFO - [2022-09-23 17:42:14,831] {dag.py:2396} INFO - Sync 1 DAGs
[2022-09-23 17:42:14,859] {logging_mixin.py:109} INFO - [2022-09-23 17:42:14,858] {dag.py:2935} INFO - Setting next_dagrun for data_ingestion_gcs_dag to 2022-09-22 00:00:00+00:00
[2022-09-23 17:42:14,879] {processor.py:171} INFO - Processing /opt/airflow/dags/data_ingestion_gcs_dag.py took 1.327 seconds
[2022-09-23 17:42:44,991] {processor.py:163} INFO - Started process (PID=1255) to work on /opt/airflow/dags/data_ingestion_gcs_dag.py
[2022-09-23 17:42:44,993] {processor.py:642} INFO - Processing file /opt/airflow/dags/data_ingestion_gcs_dag.py for tasks to queue
[2022-09-23 17:42:44,998] {logging_mixin.py:109} INFO - [2022-09-23 17:42:44,998] {dagbag.py:500} INFO - Filling up the DagBag from /opt/airflow/dags/data_ingestion_gcs_dag.py
[2022-09-23 17:42:45,758] {processor.py:654} INFO - DAG(s) dict_keys(['data_ingestion_gcs_dag']) retrieved from /opt/airflow/dags/data_ingestion_gcs_dag.py
[2022-09-23 17:42:45,767] {logging_mixin.py:109} INFO - [2022-09-23 17:42:45,767] {dag.py:2396} INFO - Sync 1 DAGs
[2022-09-23 17:42:45,799] {logging_mixin.py:109} INFO - [2022-09-23 17:42:45,798] {dag.py:2935} INFO - Setting next_dagrun for data_ingestion_gcs_dag to 2022-09-22 00:00:00+00:00
[2022-09-23 17:42:45,819] {processor.py:171} INFO - Processing /opt/airflow/dags/data_ingestion_gcs_dag.py took 0.831 seconds
[2022-09-23 17:43:16,102] {processor.py:163} INFO - Started process (PID=1279) to work on /opt/airflow/dags/data_ingestion_gcs_dag.py
[2022-09-23 17:43:16,105] {processor.py:642} INFO - Processing file /opt/airflow/dags/data_ingestion_gcs_dag.py for tasks to queue
[2022-09-23 17:43:16,108] {logging_mixin.py:109} INFO - [2022-09-23 17:43:16,107] {dagbag.py:500} INFO - Filling up the DagBag from /opt/airflow/dags/data_ingestion_gcs_dag.py
[2022-09-23 17:43:17,170] {processor.py:654} INFO - DAG(s) dict_keys(['data_ingestion_gcs_dag']) retrieved from /opt/airflow/dags/data_ingestion_gcs_dag.py
[2022-09-23 17:43:17,188] {logging_mixin.py:109} INFO - [2022-09-23 17:43:17,187] {dag.py:2396} INFO - Sync 1 DAGs
[2022-09-23 17:43:17,212] {logging_mixin.py:109} INFO - [2022-09-23 17:43:17,211] {dag.py:2935} INFO - Setting next_dagrun for data_ingestion_gcs_dag to 2022-09-22 00:00:00+00:00
[2022-09-23 17:43:17,228] {processor.py:171} INFO - Processing /opt/airflow/dags/data_ingestion_gcs_dag.py took 1.132 seconds
[2022-09-23 17:43:47,365] {processor.py:163} INFO - Started process (PID=1313) to work on /opt/airflow/dags/data_ingestion_gcs_dag.py
[2022-09-23 17:43:47,367] {processor.py:642} INFO - Processing file /opt/airflow/dags/data_ingestion_gcs_dag.py for tasks to queue
[2022-09-23 17:43:47,368] {logging_mixin.py:109} INFO - [2022-09-23 17:43:47,368] {dagbag.py:500} INFO - Filling up the DagBag from /opt/airflow/dags/data_ingestion_gcs_dag.py
[2022-09-23 17:43:49,287] {processor.py:654} INFO - DAG(s) dict_keys(['data_ingestion_gcs_dag']) retrieved from /opt/airflow/dags/data_ingestion_gcs_dag.py
[2022-09-23 17:43:49,303] {logging_mixin.py:109} INFO - [2022-09-23 17:43:49,302] {dag.py:2396} INFO - Sync 1 DAGs
[2022-09-23 17:43:49,334] {logging_mixin.py:109} INFO - [2022-09-23 17:43:49,334] {dag.py:2935} INFO - Setting next_dagrun for data_ingestion_gcs_dag to 2022-09-22 00:00:00+00:00
[2022-09-23 17:43:49,361] {processor.py:171} INFO - Processing /opt/airflow/dags/data_ingestion_gcs_dag.py took 2.001 seconds
[2022-09-23 17:44:19,658] {processor.py:163} INFO - Started process (PID=1337) to work on /opt/airflow/dags/data_ingestion_gcs_dag.py
[2022-09-23 17:44:19,659] {processor.py:642} INFO - Processing file /opt/airflow/dags/data_ingestion_gcs_dag.py for tasks to queue
[2022-09-23 17:44:19,660] {logging_mixin.py:109} INFO - [2022-09-23 17:44:19,660] {dagbag.py:500} INFO - Filling up the DagBag from /opt/airflow/dags/data_ingestion_gcs_dag.py
[2022-09-23 17:44:20,806] {processor.py:654} INFO - DAG(s) dict_keys(['data_ingestion_gcs_dag']) retrieved from /opt/airflow/dags/data_ingestion_gcs_dag.py
[2022-09-23 17:44:20,828] {logging_mixin.py:109} INFO - [2022-09-23 17:44:20,827] {dag.py:2396} INFO - Sync 1 DAGs
[2022-09-23 17:44:20,869] {logging_mixin.py:109} INFO - [2022-09-23 17:44:20,868] {dag.py:2935} INFO - Setting next_dagrun for data_ingestion_gcs_dag to 2022-09-22 00:00:00+00:00
[2022-09-23 17:44:20,892] {processor.py:171} INFO - Processing /opt/airflow/dags/data_ingestion_gcs_dag.py took 1.239 seconds
[2022-09-23 17:47:38,502] {processor.py:163} INFO - Started process (PID=37) to work on /opt/airflow/dags/data_ingestion_gcs_dag.py
[2022-09-23 17:47:38,505] {processor.py:642} INFO - Processing file /opt/airflow/dags/data_ingestion_gcs_dag.py for tasks to queue
[2022-09-23 17:47:38,514] {logging_mixin.py:109} INFO - [2022-09-23 17:47:38,514] {dagbag.py:500} INFO - Filling up the DagBag from /opt/airflow/dags/data_ingestion_gcs_dag.py
[2022-09-23 17:47:40,963] {processor.py:654} INFO - DAG(s) dict_keys(['data_ingestion_gcs_dag']) retrieved from /opt/airflow/dags/data_ingestion_gcs_dag.py
[2022-09-23 17:47:42,746] {logging_mixin.py:109} INFO - [2022-09-23 17:47:42,746] {dag.py:2396} INFO - Sync 1 DAGs
[2022-09-23 17:47:42,806] {logging_mixin.py:109} INFO - [2022-09-23 17:47:42,805] {dag.py:2935} INFO - Setting next_dagrun for data_ingestion_gcs_dag to 2022-09-22 00:00:00+00:00
[2022-09-23 17:47:42,852] {processor.py:171} INFO - Processing /opt/airflow/dags/data_ingestion_gcs_dag.py took 4.352 seconds
[2022-09-23 17:48:13,065] {processor.py:163} INFO - Started process (PID=59) to work on /opt/airflow/dags/data_ingestion_gcs_dag.py
[2022-09-23 17:48:13,066] {processor.py:642} INFO - Processing file /opt/airflow/dags/data_ingestion_gcs_dag.py for tasks to queue
[2022-09-23 17:48:13,068] {logging_mixin.py:109} INFO - [2022-09-23 17:48:13,068] {dagbag.py:500} INFO - Filling up the DagBag from /opt/airflow/dags/data_ingestion_gcs_dag.py
[2022-09-23 17:48:14,351] {processor.py:654} INFO - DAG(s) dict_keys(['data_ingestion_gcs_dag']) retrieved from /opt/airflow/dags/data_ingestion_gcs_dag.py
[2022-09-23 17:48:14,364] {logging_mixin.py:109} INFO - [2022-09-23 17:48:14,363] {dag.py:2396} INFO - Sync 1 DAGs
[2022-09-23 17:48:14,384] {logging_mixin.py:109} INFO - [2022-09-23 17:48:14,384] {dag.py:2935} INFO - Setting next_dagrun for data_ingestion_gcs_dag to 2022-09-22 00:00:00+00:00
[2022-09-23 17:48:14,398] {processor.py:171} INFO - Processing /opt/airflow/dags/data_ingestion_gcs_dag.py took 1.337 seconds
[2022-09-23 17:48:44,717] {processor.py:163} INFO - Started process (PID=93) to work on /opt/airflow/dags/data_ingestion_gcs_dag.py
[2022-09-23 17:48:44,728] {processor.py:642} INFO - Processing file /opt/airflow/dags/data_ingestion_gcs_dag.py for tasks to queue
[2022-09-23 17:48:44,738] {logging_mixin.py:109} INFO - [2022-09-23 17:48:44,738] {dagbag.py:500} INFO - Filling up the DagBag from /opt/airflow/dags/data_ingestion_gcs_dag.py
[2022-09-23 17:48:46,470] {processor.py:654} INFO - DAG(s) dict_keys(['data_ingestion_gcs_dag']) retrieved from /opt/airflow/dags/data_ingestion_gcs_dag.py
[2022-09-23 17:48:46,502] {logging_mixin.py:109} INFO - [2022-09-23 17:48:46,501] {dag.py:2396} INFO - Sync 1 DAGs
[2022-09-23 17:48:46,548] {logging_mixin.py:109} INFO - [2022-09-23 17:48:46,547] {dag.py:2935} INFO - Setting next_dagrun for data_ingestion_gcs_dag to 2022-09-22 00:00:00+00:00
[2022-09-23 17:48:46,566] {processor.py:171} INFO - Processing /opt/airflow/dags/data_ingestion_gcs_dag.py took 1.856 seconds
[2022-09-23 17:49:18,076] {processor.py:163} INFO - Started process (PID=116) to work on /opt/airflow/dags/data_ingestion_gcs_dag.py
[2022-09-23 17:49:18,112] {processor.py:642} INFO - Processing file /opt/airflow/dags/data_ingestion_gcs_dag.py for tasks to queue
[2022-09-23 17:49:18,132] {logging_mixin.py:109} INFO - [2022-09-23 17:49:18,132] {dagbag.py:500} INFO - Filling up the DagBag from /opt/airflow/dags/data_ingestion_gcs_dag.py
[2022-09-23 17:49:25,264] {processor.py:654} INFO - DAG(s) dict_keys(['data_ingestion_gcs_dag']) retrieved from /opt/airflow/dags/data_ingestion_gcs_dag.py
[2022-09-23 17:49:25,294] {logging_mixin.py:109} INFO - [2022-09-23 17:49:25,294] {dag.py:2396} INFO - Sync 1 DAGs
[2022-09-23 17:49:25,336] {logging_mixin.py:109} INFO - [2022-09-23 17:49:25,336] {dag.py:2935} INFO - Setting next_dagrun for data_ingestion_gcs_dag to 2022-09-22 00:00:00+00:00
[2022-09-23 17:49:25,362] {processor.py:171} INFO - Processing /opt/airflow/dags/data_ingestion_gcs_dag.py took 7.290 seconds
[2022-09-23 17:49:55,780] {processor.py:163} INFO - Started process (PID=140) to work on /opt/airflow/dags/data_ingestion_gcs_dag.py
[2022-09-23 17:49:55,784] {processor.py:642} INFO - Processing file /opt/airflow/dags/data_ingestion_gcs_dag.py for tasks to queue
[2022-09-23 17:49:55,787] {logging_mixin.py:109} INFO - [2022-09-23 17:49:55,786] {dagbag.py:500} INFO - Filling up the DagBag from /opt/airflow/dags/data_ingestion_gcs_dag.py
[2022-09-23 17:49:57,737] {processor.py:654} INFO - DAG(s) dict_keys(['data_ingestion_gcs_dag']) retrieved from /opt/airflow/dags/data_ingestion_gcs_dag.py
[2022-09-23 17:49:57,761] {logging_mixin.py:109} INFO - [2022-09-23 17:49:57,760] {dag.py:2396} INFO - Sync 1 DAGs
[2022-09-23 17:49:57,830] {logging_mixin.py:109} INFO - [2022-09-23 17:49:57,830] {dag.py:2935} INFO - Setting next_dagrun for data_ingestion_gcs_dag to 2022-09-22 00:00:00+00:00
[2022-09-23 17:49:57,887] {processor.py:171} INFO - Processing /opt/airflow/dags/data_ingestion_gcs_dag.py took 2.117 seconds
[2022-09-23 17:50:28,171] {processor.py:163} INFO - Started process (PID=163) to work on /opt/airflow/dags/data_ingestion_gcs_dag.py
[2022-09-23 17:50:28,173] {processor.py:642} INFO - Processing file /opt/airflow/dags/data_ingestion_gcs_dag.py for tasks to queue
[2022-09-23 17:50:28,174] {logging_mixin.py:109} INFO - [2022-09-23 17:50:28,174] {dagbag.py:500} INFO - Filling up the DagBag from /opt/airflow/dags/data_ingestion_gcs_dag.py
[2022-09-23 17:50:29,666] {processor.py:654} INFO - DAG(s) dict_keys(['data_ingestion_gcs_dag']) retrieved from /opt/airflow/dags/data_ingestion_gcs_dag.py
[2022-09-23 17:50:29,683] {logging_mixin.py:109} INFO - [2022-09-23 17:50:29,683] {dag.py:2396} INFO - Sync 1 DAGs
[2022-09-23 17:50:29,720] {logging_mixin.py:109} INFO - [2022-09-23 17:50:29,720] {dag.py:2935} INFO - Setting next_dagrun for data_ingestion_gcs_dag to 2022-09-22 00:00:00+00:00
[2022-09-23 17:50:29,743] {processor.py:171} INFO - Processing /opt/airflow/dags/data_ingestion_gcs_dag.py took 1.579 seconds
[2022-09-23 17:51:00,017] {processor.py:163} INFO - Started process (PID=187) to work on /opt/airflow/dags/data_ingestion_gcs_dag.py
[2022-09-23 17:51:00,020] {processor.py:642} INFO - Processing file /opt/airflow/dags/data_ingestion_gcs_dag.py for tasks to queue
[2022-09-23 17:51:00,022] {logging_mixin.py:109} INFO - [2022-09-23 17:51:00,022] {dagbag.py:500} INFO - Filling up the DagBag from /opt/airflow/dags/data_ingestion_gcs_dag.py
[2022-09-23 17:51:01,112] {processor.py:654} INFO - DAG(s) dict_keys(['data_ingestion_gcs_dag']) retrieved from /opt/airflow/dags/data_ingestion_gcs_dag.py
[2022-09-23 17:51:01,124] {logging_mixin.py:109} INFO - [2022-09-23 17:51:01,124] {dag.py:2396} INFO - Sync 1 DAGs
[2022-09-23 17:51:01,143] {logging_mixin.py:109} INFO - [2022-09-23 17:51:01,143] {dag.py:2935} INFO - Setting next_dagrun for data_ingestion_gcs_dag to 2022-09-22 00:00:00+00:00
[2022-09-23 17:51:01,158] {processor.py:171} INFO - Processing /opt/airflow/dags/data_ingestion_gcs_dag.py took 1.154 seconds
[2022-09-23 17:51:31,282] {processor.py:163} INFO - Started process (PID=209) to work on /opt/airflow/dags/data_ingestion_gcs_dag.py
[2022-09-23 17:51:31,286] {processor.py:642} INFO - Processing file /opt/airflow/dags/data_ingestion_gcs_dag.py for tasks to queue
[2022-09-23 17:51:31,290] {logging_mixin.py:109} INFO - [2022-09-23 17:51:31,290] {dagbag.py:500} INFO - Filling up the DagBag from /opt/airflow/dags/data_ingestion_gcs_dag.py
[2022-09-23 17:51:32,424] {processor.py:654} INFO - DAG(s) dict_keys(['data_ingestion_gcs_dag']) retrieved from /opt/airflow/dags/data_ingestion_gcs_dag.py
[2022-09-23 17:51:32,437] {logging_mixin.py:109} INFO - [2022-09-23 17:51:32,437] {dag.py:2396} INFO - Sync 1 DAGs
[2022-09-23 17:51:32,464] {logging_mixin.py:109} INFO - [2022-09-23 17:51:32,464] {dag.py:2935} INFO - Setting next_dagrun for data_ingestion_gcs_dag to 2022-09-22 00:00:00+00:00
[2022-09-23 17:51:32,485] {processor.py:171} INFO - Processing /opt/airflow/dags/data_ingestion_gcs_dag.py took 1.207 seconds
[2022-09-23 17:52:02,576] {processor.py:163} INFO - Started process (PID=232) to work on /opt/airflow/dags/data_ingestion_gcs_dag.py
[2022-09-23 17:52:02,578] {processor.py:642} INFO - Processing file /opt/airflow/dags/data_ingestion_gcs_dag.py for tasks to queue
[2022-09-23 17:52:02,579] {logging_mixin.py:109} INFO - [2022-09-23 17:52:02,579] {dagbag.py:500} INFO - Filling up the DagBag from /opt/airflow/dags/data_ingestion_gcs_dag.py
[2022-09-23 17:52:03,872] {processor.py:654} INFO - DAG(s) dict_keys(['data_ingestion_gcs_dag']) retrieved from /opt/airflow/dags/data_ingestion_gcs_dag.py
[2022-09-23 17:52:03,896] {logging_mixin.py:109} INFO - [2022-09-23 17:52:03,895] {dag.py:2396} INFO - Sync 1 DAGs
[2022-09-23 17:52:03,936] {logging_mixin.py:109} INFO - [2022-09-23 17:52:03,936] {dag.py:2935} INFO - Setting next_dagrun for data_ingestion_gcs_dag to 2022-09-22 00:00:00+00:00
[2022-09-23 17:52:03,962] {processor.py:171} INFO - Processing /opt/airflow/dags/data_ingestion_gcs_dag.py took 1.391 seconds
[2022-09-23 17:52:34,265] {processor.py:163} INFO - Started process (PID=264) to work on /opt/airflow/dags/data_ingestion_gcs_dag.py
[2022-09-23 17:52:34,270] {processor.py:642} INFO - Processing file /opt/airflow/dags/data_ingestion_gcs_dag.py for tasks to queue
[2022-09-23 17:52:34,272] {logging_mixin.py:109} INFO - [2022-09-23 17:52:34,272] {dagbag.py:500} INFO - Filling up the DagBag from /opt/airflow/dags/data_ingestion_gcs_dag.py
[2022-09-23 17:52:35,149] {processor.py:654} INFO - DAG(s) dict_keys(['data_ingestion_gcs_dag']) retrieved from /opt/airflow/dags/data_ingestion_gcs_dag.py
[2022-09-23 17:52:35,161] {logging_mixin.py:109} INFO - [2022-09-23 17:52:35,161] {dag.py:2396} INFO - Sync 1 DAGs
[2022-09-23 17:52:35,207] {logging_mixin.py:109} INFO - [2022-09-23 17:52:35,207] {dag.py:2935} INFO - Setting next_dagrun for data_ingestion_gcs_dag to 2022-09-22 00:00:00+00:00
[2022-09-23 17:52:35,224] {processor.py:171} INFO - Processing /opt/airflow/dags/data_ingestion_gcs_dag.py took 0.963 seconds
[2022-09-23 17:57:50,481] {processor.py:163} INFO - Started process (PID=46) to work on /opt/airflow/dags/data_ingestion_gcs_dag.py
[2022-09-23 17:57:50,504] {processor.py:642} INFO - Processing file /opt/airflow/dags/data_ingestion_gcs_dag.py for tasks to queue
[2022-09-23 17:57:50,506] {logging_mixin.py:109} INFO - [2022-09-23 17:57:50,506] {dagbag.py:500} INFO - Filling up the DagBag from /opt/airflow/dags/data_ingestion_gcs_dag.py
[2022-09-23 17:57:53,904] {processor.py:654} INFO - DAG(s) dict_keys(['data_ingestion_gcs_dag']) retrieved from /opt/airflow/dags/data_ingestion_gcs_dag.py
[2022-09-23 17:57:54,525] {logging_mixin.py:109} INFO - [2022-09-23 17:57:54,524] {dag.py:2396} INFO - Sync 1 DAGs
[2022-09-23 17:57:54,563] {logging_mixin.py:109} INFO - [2022-09-23 17:57:54,562] {dag.py:2935} INFO - Setting next_dagrun for data_ingestion_gcs_dag to 2022-09-22 00:00:00+00:00
[2022-09-23 17:57:54,593] {processor.py:171} INFO - Processing /opt/airflow/dags/data_ingestion_gcs_dag.py took 4.123 seconds
[2022-09-23 17:58:24,817] {processor.py:163} INFO - Started process (PID=69) to work on /opt/airflow/dags/data_ingestion_gcs_dag.py
[2022-09-23 17:58:24,820] {processor.py:642} INFO - Processing file /opt/airflow/dags/data_ingestion_gcs_dag.py for tasks to queue
[2022-09-23 17:58:24,822] {logging_mixin.py:109} INFO - [2022-09-23 17:58:24,822] {dagbag.py:500} INFO - Filling up the DagBag from /opt/airflow/dags/data_ingestion_gcs_dag.py
[2022-09-23 17:58:26,373] {processor.py:654} INFO - DAG(s) dict_keys(['data_ingestion_gcs_dag']) retrieved from /opt/airflow/dags/data_ingestion_gcs_dag.py
[2022-09-23 17:58:26,406] {logging_mixin.py:109} INFO - [2022-09-23 17:58:26,405] {dag.py:2396} INFO - Sync 1 DAGs
[2022-09-23 17:58:26,450] {logging_mixin.py:109} INFO - [2022-09-23 17:58:26,447] {dag.py:2935} INFO - Setting next_dagrun for data_ingestion_gcs_dag to 2022-09-22 00:00:00+00:00
[2022-09-23 17:58:26,481] {processor.py:171} INFO - Processing /opt/airflow/dags/data_ingestion_gcs_dag.py took 1.671 seconds
[2022-09-23 17:58:56,670] {processor.py:163} INFO - Started process (PID=93) to work on /opt/airflow/dags/data_ingestion_gcs_dag.py
[2022-09-23 17:58:56,674] {processor.py:642} INFO - Processing file /opt/airflow/dags/data_ingestion_gcs_dag.py for tasks to queue
[2022-09-23 17:58:56,676] {logging_mixin.py:109} INFO - [2022-09-23 17:58:56,676] {dagbag.py:500} INFO - Filling up the DagBag from /opt/airflow/dags/data_ingestion_gcs_dag.py
[2022-09-23 17:58:58,110] {processor.py:654} INFO - DAG(s) dict_keys(['data_ingestion_gcs_dag']) retrieved from /opt/airflow/dags/data_ingestion_gcs_dag.py
[2022-09-23 17:58:58,124] {logging_mixin.py:109} INFO - [2022-09-23 17:58:58,123] {dag.py:2396} INFO - Sync 1 DAGs
[2022-09-23 17:58:58,149] {logging_mixin.py:109} INFO - [2022-09-23 17:58:58,149] {dag.py:2935} INFO - Setting next_dagrun for data_ingestion_gcs_dag to 2022-09-22 00:00:00+00:00
[2022-09-23 17:58:58,165] {processor.py:171} INFO - Processing /opt/airflow/dags/data_ingestion_gcs_dag.py took 1.499 seconds
[2022-09-23 17:59:28,366] {processor.py:163} INFO - Started process (PID=116) to work on /opt/airflow/dags/data_ingestion_gcs_dag.py
[2022-09-23 17:59:28,368] {processor.py:642} INFO - Processing file /opt/airflow/dags/data_ingestion_gcs_dag.py for tasks to queue
[2022-09-23 17:59:28,370] {logging_mixin.py:109} INFO - [2022-09-23 17:59:28,369] {dagbag.py:500} INFO - Filling up the DagBag from /opt/airflow/dags/data_ingestion_gcs_dag.py
[2022-09-23 17:59:29,533] {processor.py:654} INFO - DAG(s) dict_keys(['data_ingestion_gcs_dag']) retrieved from /opt/airflow/dags/data_ingestion_gcs_dag.py
[2022-09-23 17:59:29,544] {logging_mixin.py:109} INFO - [2022-09-23 17:59:29,544] {dag.py:2396} INFO - Sync 1 DAGs
[2022-09-23 17:59:29,565] {logging_mixin.py:109} INFO - [2022-09-23 17:59:29,565] {dag.py:2935} INFO - Setting next_dagrun for data_ingestion_gcs_dag to 2022-09-22 00:00:00+00:00
[2022-09-23 17:59:29,579] {processor.py:171} INFO - Processing /opt/airflow/dags/data_ingestion_gcs_dag.py took 1.218 seconds
[2022-09-23 17:59:59,765] {processor.py:163} INFO - Started process (PID=148) to work on /opt/airflow/dags/data_ingestion_gcs_dag.py
[2022-09-23 17:59:59,767] {processor.py:642} INFO - Processing file /opt/airflow/dags/data_ingestion_gcs_dag.py for tasks to queue
[2022-09-23 17:59:59,769] {logging_mixin.py:109} INFO - [2022-09-23 17:59:59,768] {dagbag.py:500} INFO - Filling up the DagBag from /opt/airflow/dags/data_ingestion_gcs_dag.py
[2022-09-23 18:00:00,706] {processor.py:654} INFO - DAG(s) dict_keys(['data_ingestion_gcs_dag']) retrieved from /opt/airflow/dags/data_ingestion_gcs_dag.py
[2022-09-23 18:00:00,717] {logging_mixin.py:109} INFO - [2022-09-23 18:00:00,717] {dag.py:2396} INFO - Sync 1 DAGs
[2022-09-23 18:00:00,736] {logging_mixin.py:109} INFO - [2022-09-23 18:00:00,736] {dag.py:2935} INFO - Setting next_dagrun for data_ingestion_gcs_dag to 2022-09-22 00:00:00+00:00
[2022-09-23 18:00:00,749] {processor.py:171} INFO - Processing /opt/airflow/dags/data_ingestion_gcs_dag.py took 0.991 seconds
[2022-09-23 18:00:31,014] {processor.py:163} INFO - Started process (PID=172) to work on /opt/airflow/dags/data_ingestion_gcs_dag.py
[2022-09-23 18:00:31,016] {processor.py:642} INFO - Processing file /opt/airflow/dags/data_ingestion_gcs_dag.py for tasks to queue
[2022-09-23 18:00:31,018] {logging_mixin.py:109} INFO - [2022-09-23 18:00:31,018] {dagbag.py:500} INFO - Filling up the DagBag from /opt/airflow/dags/data_ingestion_gcs_dag.py
[2022-09-23 18:00:33,351] {processor.py:654} INFO - DAG(s) dict_keys(['data_ingestion_gcs_dag']) retrieved from /opt/airflow/dags/data_ingestion_gcs_dag.py
[2022-09-23 18:00:33,397] {logging_mixin.py:109} INFO - [2022-09-23 18:00:33,395] {dag.py:2396} INFO - Sync 1 DAGs
[2022-09-23 18:00:33,475] {logging_mixin.py:109} INFO - [2022-09-23 18:00:33,475] {dag.py:2935} INFO - Setting next_dagrun for data_ingestion_gcs_dag to 2022-09-22 00:00:00+00:00
[2022-09-23 18:00:33,508] {processor.py:171} INFO - Processing /opt/airflow/dags/data_ingestion_gcs_dag.py took 2.499 seconds
[2022-09-23 18:01:03,822] {processor.py:163} INFO - Started process (PID=195) to work on /opt/airflow/dags/data_ingestion_gcs_dag.py
[2022-09-23 18:01:03,833] {processor.py:642} INFO - Processing file /opt/airflow/dags/data_ingestion_gcs_dag.py for tasks to queue
[2022-09-23 18:01:03,836] {logging_mixin.py:109} INFO - [2022-09-23 18:01:03,835] {dagbag.py:500} INFO - Filling up the DagBag from /opt/airflow/dags/data_ingestion_gcs_dag.py
[2022-09-23 18:01:05,116] {processor.py:654} INFO - DAG(s) dict_keys(['data_ingestion_gcs_dag']) retrieved from /opt/airflow/dags/data_ingestion_gcs_dag.py
[2022-09-23 18:01:05,131] {logging_mixin.py:109} INFO - [2022-09-23 18:01:05,130] {dag.py:2396} INFO - Sync 1 DAGs
[2022-09-23 18:01:05,156] {logging_mixin.py:109} INFO - [2022-09-23 18:01:05,156] {dag.py:2935} INFO - Setting next_dagrun for data_ingestion_gcs_dag to 2022-09-22 00:00:00+00:00
[2022-09-23 18:01:05,173] {processor.py:171} INFO - Processing /opt/airflow/dags/data_ingestion_gcs_dag.py took 1.356 seconds
[2022-09-23 18:01:35,667] {processor.py:163} INFO - Started process (PID=218) to work on /opt/airflow/dags/data_ingestion_gcs_dag.py
[2022-09-23 18:01:35,671] {processor.py:642} INFO - Processing file /opt/airflow/dags/data_ingestion_gcs_dag.py for tasks to queue
[2022-09-23 18:01:35,674] {logging_mixin.py:109} INFO - [2022-09-23 18:01:35,673] {dagbag.py:500} INFO - Filling up the DagBag from /opt/airflow/dags/data_ingestion_gcs_dag.py
[2022-09-23 18:01:37,018] {processor.py:654} INFO - DAG(s) dict_keys(['data_ingestion_gcs_dag']) retrieved from /opt/airflow/dags/data_ingestion_gcs_dag.py
[2022-09-23 18:01:37,033] {logging_mixin.py:109} INFO - [2022-09-23 18:01:37,033] {dag.py:2396} INFO - Sync 1 DAGs
[2022-09-23 18:01:37,061] {logging_mixin.py:109} INFO - [2022-09-23 18:01:37,061] {dag.py:2935} INFO - Setting next_dagrun for data_ingestion_gcs_dag to 2022-09-22 00:00:00+00:00
[2022-09-23 18:01:37,076] {processor.py:171} INFO - Processing /opt/airflow/dags/data_ingestion_gcs_dag.py took 1.423 seconds
[2022-09-23 18:02:07,228] {processor.py:163} INFO - Started process (PID=252) to work on /opt/airflow/dags/data_ingestion_gcs_dag.py
[2022-09-23 18:02:07,230] {processor.py:642} INFO - Processing file /opt/airflow/dags/data_ingestion_gcs_dag.py for tasks to queue
[2022-09-23 18:02:07,231] {logging_mixin.py:109} INFO - [2022-09-23 18:02:07,231] {dagbag.py:500} INFO - Filling up the DagBag from /opt/airflow/dags/data_ingestion_gcs_dag.py
[2022-09-23 18:02:08,637] {processor.py:654} INFO - DAG(s) dict_keys(['data_ingestion_gcs_dag']) retrieved from /opt/airflow/dags/data_ingestion_gcs_dag.py
[2022-09-23 18:02:08,651] {logging_mixin.py:109} INFO - [2022-09-23 18:02:08,651] {dag.py:2396} INFO - Sync 1 DAGs
[2022-09-23 18:02:08,683] {logging_mixin.py:109} INFO - [2022-09-23 18:02:08,683] {dag.py:2935} INFO - Setting next_dagrun for data_ingestion_gcs_dag to 2022-09-22 00:00:00+00:00
[2022-09-23 18:02:08,709] {processor.py:171} INFO - Processing /opt/airflow/dags/data_ingestion_gcs_dag.py took 1.487 seconds
[2022-09-23 18:02:38,909] {processor.py:163} INFO - Started process (PID=275) to work on /opt/airflow/dags/data_ingestion_gcs_dag.py
[2022-09-23 18:02:38,915] {processor.py:642} INFO - Processing file /opt/airflow/dags/data_ingestion_gcs_dag.py for tasks to queue
[2022-09-23 18:02:38,918] {logging_mixin.py:109} INFO - [2022-09-23 18:02:38,918] {dagbag.py:500} INFO - Filling up the DagBag from /opt/airflow/dags/data_ingestion_gcs_dag.py
[2022-09-23 18:02:39,924] {processor.py:654} INFO - DAG(s) dict_keys(['data_ingestion_gcs_dag']) retrieved from /opt/airflow/dags/data_ingestion_gcs_dag.py
[2022-09-23 18:02:39,938] {logging_mixin.py:109} INFO - [2022-09-23 18:02:39,937] {dag.py:2396} INFO - Sync 1 DAGs
[2022-09-23 18:02:39,960] {logging_mixin.py:109} INFO - [2022-09-23 18:02:39,960] {dag.py:2935} INFO - Setting next_dagrun for data_ingestion_gcs_dag to 2022-09-22 00:00:00+00:00
[2022-09-23 18:02:39,975] {processor.py:171} INFO - Processing /opt/airflow/dags/data_ingestion_gcs_dag.py took 1.071 seconds
[2022-09-23 18:03:10,155] {processor.py:163} INFO - Started process (PID=298) to work on /opt/airflow/dags/data_ingestion_gcs_dag.py
[2022-09-23 18:03:10,156] {processor.py:642} INFO - Processing file /opt/airflow/dags/data_ingestion_gcs_dag.py for tasks to queue
[2022-09-23 18:03:10,158] {logging_mixin.py:109} INFO - [2022-09-23 18:03:10,157] {dagbag.py:500} INFO - Filling up the DagBag from /opt/airflow/dags/data_ingestion_gcs_dag.py
[2022-09-23 18:03:10,933] {processor.py:654} INFO - DAG(s) dict_keys(['data_ingestion_gcs_dag']) retrieved from /opt/airflow/dags/data_ingestion_gcs_dag.py
[2022-09-23 18:03:10,943] {logging_mixin.py:109} INFO - [2022-09-23 18:03:10,942] {dag.py:2396} INFO - Sync 1 DAGs
[2022-09-23 18:03:10,960] {logging_mixin.py:109} INFO - [2022-09-23 18:03:10,960] {dag.py:2935} INFO - Setting next_dagrun for data_ingestion_gcs_dag to 2022-09-22 00:00:00+00:00
[2022-09-23 18:03:10,974] {processor.py:171} INFO - Processing /opt/airflow/dags/data_ingestion_gcs_dag.py took 0.823 seconds
[2022-09-23 18:03:41,344] {processor.py:163} INFO - Started process (PID=330) to work on /opt/airflow/dags/data_ingestion_gcs_dag.py
[2022-09-23 18:03:41,346] {processor.py:642} INFO - Processing file /opt/airflow/dags/data_ingestion_gcs_dag.py for tasks to queue
[2022-09-23 18:03:41,361] {logging_mixin.py:109} INFO - [2022-09-23 18:03:41,360] {dagbag.py:500} INFO - Filling up the DagBag from /opt/airflow/dags/data_ingestion_gcs_dag.py
[2022-09-23 18:03:43,183] {processor.py:654} INFO - DAG(s) dict_keys(['data_ingestion_gcs_dag']) retrieved from /opt/airflow/dags/data_ingestion_gcs_dag.py
[2022-09-23 18:03:43,229] {logging_mixin.py:109} INFO - [2022-09-23 18:03:43,228] {dag.py:2396} INFO - Sync 1 DAGs
[2022-09-23 18:03:43,285] {logging_mixin.py:109} INFO - [2022-09-23 18:03:43,285] {dag.py:2935} INFO - Setting next_dagrun for data_ingestion_gcs_dag to 2022-09-22 00:00:00+00:00
[2022-09-23 18:03:43,332] {processor.py:171} INFO - Processing /opt/airflow/dags/data_ingestion_gcs_dag.py took 2.007 seconds
[2022-09-23 18:06:31,917] {processor.py:163} INFO - Started process (PID=38) to work on /opt/airflow/dags/data_ingestion_gcs_dag.py
[2022-09-23 18:06:31,919] {processor.py:642} INFO - Processing file /opt/airflow/dags/data_ingestion_gcs_dag.py for tasks to queue
[2022-09-23 18:06:31,921] {logging_mixin.py:109} INFO - [2022-09-23 18:06:31,920] {dagbag.py:500} INFO - Filling up the DagBag from /opt/airflow/dags/data_ingestion_gcs_dag.py
[2022-09-23 18:06:33,823] {processor.py:654} INFO - DAG(s) dict_keys(['data_ingestion_gcs_dag']) retrieved from /opt/airflow/dags/data_ingestion_gcs_dag.py
[2022-09-23 18:06:34,721] {logging_mixin.py:109} INFO - [2022-09-23 18:06:34,721] {dag.py:2396} INFO - Sync 1 DAGs
[2022-09-23 18:06:34,752] {logging_mixin.py:109} INFO - [2022-09-23 18:06:34,752] {dag.py:2935} INFO - Setting next_dagrun for data_ingestion_gcs_dag to 2022-09-22 00:00:00+00:00
[2022-09-23 18:06:34,817] {processor.py:171} INFO - Processing /opt/airflow/dags/data_ingestion_gcs_dag.py took 2.909 seconds
[2022-09-23 18:07:05,090] {processor.py:163} INFO - Started process (PID=62) to work on /opt/airflow/dags/data_ingestion_gcs_dag.py
[2022-09-23 18:07:05,106] {processor.py:642} INFO - Processing file /opt/airflow/dags/data_ingestion_gcs_dag.py for tasks to queue
[2022-09-23 18:07:05,109] {logging_mixin.py:109} INFO - [2022-09-23 18:07:05,109] {dagbag.py:500} INFO - Filling up the DagBag from /opt/airflow/dags/data_ingestion_gcs_dag.py
[2022-09-23 18:07:06,442] {processor.py:654} INFO - DAG(s) dict_keys(['data_ingestion_gcs_dag']) retrieved from /opt/airflow/dags/data_ingestion_gcs_dag.py
[2022-09-23 18:07:06,463] {logging_mixin.py:109} INFO - [2022-09-23 18:07:06,461] {dag.py:2396} INFO - Sync 1 DAGs
[2022-09-23 18:07:06,494] {logging_mixin.py:109} INFO - [2022-09-23 18:07:06,494] {dag.py:2935} INFO - Setting next_dagrun for data_ingestion_gcs_dag to 2022-09-22 00:00:00+00:00
[2022-09-23 18:07:06,510] {processor.py:171} INFO - Processing /opt/airflow/dags/data_ingestion_gcs_dag.py took 1.432 seconds
[2022-09-23 18:07:36,716] {processor.py:163} INFO - Started process (PID=85) to work on /opt/airflow/dags/data_ingestion_gcs_dag.py
[2022-09-23 18:07:36,718] {processor.py:642} INFO - Processing file /opt/airflow/dags/data_ingestion_gcs_dag.py for tasks to queue
[2022-09-23 18:07:36,719] {logging_mixin.py:109} INFO - [2022-09-23 18:07:36,719] {dagbag.py:500} INFO - Filling up the DagBag from /opt/airflow/dags/data_ingestion_gcs_dag.py
[2022-09-23 18:07:38,488] {processor.py:654} INFO - DAG(s) dict_keys(['data_ingestion_gcs_dag']) retrieved from /opt/airflow/dags/data_ingestion_gcs_dag.py
[2022-09-23 18:07:38,504] {logging_mixin.py:109} INFO - [2022-09-23 18:07:38,504] {dag.py:2396} INFO - Sync 1 DAGs
[2022-09-23 18:07:38,531] {logging_mixin.py:109} INFO - [2022-09-23 18:07:38,531] {dag.py:2935} INFO - Setting next_dagrun for data_ingestion_gcs_dag to 2022-09-22 00:00:00+00:00
[2022-09-23 18:07:38,548] {processor.py:171} INFO - Processing /opt/airflow/dags/data_ingestion_gcs_dag.py took 1.836 seconds
[2022-09-23 18:08:08,967] {processor.py:163} INFO - Started process (PID=118) to work on /opt/airflow/dags/data_ingestion_gcs_dag.py
[2022-09-23 18:08:08,972] {processor.py:642} INFO - Processing file /opt/airflow/dags/data_ingestion_gcs_dag.py for tasks to queue
[2022-09-23 18:08:09,013] {logging_mixin.py:109} INFO - [2022-09-23 18:08:08,991] {dagbag.py:500} INFO - Filling up the DagBag from /opt/airflow/dags/data_ingestion_gcs_dag.py
[2022-09-23 18:08:10,543] {processor.py:654} INFO - DAG(s) dict_keys(['data_ingestion_gcs_dag']) retrieved from /opt/airflow/dags/data_ingestion_gcs_dag.py
[2022-09-23 18:08:10,558] {logging_mixin.py:109} INFO - [2022-09-23 18:08:10,558] {dag.py:2396} INFO - Sync 1 DAGs
[2022-09-23 18:08:10,603] {logging_mixin.py:109} INFO - [2022-09-23 18:08:10,603] {dag.py:2935} INFO - Setting next_dagrun for data_ingestion_gcs_dag to 2022-09-22 00:00:00+00:00
[2022-09-23 18:08:10,631] {processor.py:171} INFO - Processing /opt/airflow/dags/data_ingestion_gcs_dag.py took 1.694 seconds
[2022-09-23 18:08:40,894] {processor.py:163} INFO - Started process (PID=141) to work on /opt/airflow/dags/data_ingestion_gcs_dag.py
[2022-09-23 18:08:40,896] {processor.py:642} INFO - Processing file /opt/airflow/dags/data_ingestion_gcs_dag.py for tasks to queue
[2022-09-23 18:08:40,897] {logging_mixin.py:109} INFO - [2022-09-23 18:08:40,897] {dagbag.py:500} INFO - Filling up the DagBag from /opt/airflow/dags/data_ingestion_gcs_dag.py
[2022-09-23 18:08:41,954] {processor.py:654} INFO - DAG(s) dict_keys(['data_ingestion_gcs_dag']) retrieved from /opt/airflow/dags/data_ingestion_gcs_dag.py
[2022-09-23 18:08:41,966] {logging_mixin.py:109} INFO - [2022-09-23 18:08:41,966] {dag.py:2396} INFO - Sync 1 DAGs
[2022-09-23 18:08:41,992] {logging_mixin.py:109} INFO - [2022-09-23 18:08:41,992] {dag.py:2935} INFO - Setting next_dagrun for data_ingestion_gcs_dag to 2022-09-22 00:00:00+00:00
[2022-09-23 18:08:42,013] {processor.py:171} INFO - Processing /opt/airflow/dags/data_ingestion_gcs_dag.py took 1.124 seconds
[2022-09-23 18:09:12,132] {processor.py:163} INFO - Started process (PID=164) to work on /opt/airflow/dags/data_ingestion_gcs_dag.py
[2022-09-23 18:09:12,134] {processor.py:642} INFO - Processing file /opt/airflow/dags/data_ingestion_gcs_dag.py for tasks to queue
[2022-09-23 18:09:12,135] {logging_mixin.py:109} INFO - [2022-09-23 18:09:12,135] {dagbag.py:500} INFO - Filling up the DagBag from /opt/airflow/dags/data_ingestion_gcs_dag.py
[2022-09-23 18:09:13,246] {processor.py:654} INFO - DAG(s) dict_keys(['data_ingestion_gcs_dag']) retrieved from /opt/airflow/dags/data_ingestion_gcs_dag.py
[2022-09-23 18:09:13,256] {logging_mixin.py:109} INFO - [2022-09-23 18:09:13,256] {dag.py:2396} INFO - Sync 1 DAGs
[2022-09-23 18:09:13,281] {logging_mixin.py:109} INFO - [2022-09-23 18:09:13,281] {dag.py:2935} INFO - Setting next_dagrun for data_ingestion_gcs_dag to 2022-09-22 00:00:00+00:00
[2022-09-23 18:09:13,297] {processor.py:171} INFO - Processing /opt/airflow/dags/data_ingestion_gcs_dag.py took 1.169 seconds
[2022-09-23 18:09:43,421] {processor.py:163} INFO - Started process (PID=187) to work on /opt/airflow/dags/data_ingestion_gcs_dag.py
[2022-09-23 18:09:43,423] {processor.py:642} INFO - Processing file /opt/airflow/dags/data_ingestion_gcs_dag.py for tasks to queue
[2022-09-23 18:09:43,425] {logging_mixin.py:109} INFO - [2022-09-23 18:09:43,425] {dagbag.py:500} INFO - Filling up the DagBag from /opt/airflow/dags/data_ingestion_gcs_dag.py
[2022-09-23 18:09:45,224] {processor.py:654} INFO - DAG(s) dict_keys(['data_ingestion_gcs_dag']) retrieved from /opt/airflow/dags/data_ingestion_gcs_dag.py
[2022-09-23 18:09:45,242] {logging_mixin.py:109} INFO - [2022-09-23 18:09:45,242] {dag.py:2396} INFO - Sync 1 DAGs
[2022-09-23 18:09:45,271] {logging_mixin.py:109} INFO - [2022-09-23 18:09:45,271] {dag.py:2935} INFO - Setting next_dagrun for data_ingestion_gcs_dag to 2022-09-22 00:00:00+00:00
[2022-09-23 18:09:45,287] {processor.py:171} INFO - Processing /opt/airflow/dags/data_ingestion_gcs_dag.py took 1.870 seconds
[2022-09-23 18:10:15,588] {processor.py:163} INFO - Started process (PID=220) to work on /opt/airflow/dags/data_ingestion_gcs_dag.py
[2022-09-23 18:10:15,594] {processor.py:642} INFO - Processing file /opt/airflow/dags/data_ingestion_gcs_dag.py for tasks to queue
[2022-09-23 18:10:15,596] {logging_mixin.py:109} INFO - [2022-09-23 18:10:15,596] {dagbag.py:500} INFO - Filling up the DagBag from /opt/airflow/dags/data_ingestion_gcs_dag.py
[2022-09-23 18:10:17,807] {processor.py:654} INFO - DAG(s) dict_keys(['data_ingestion_gcs_dag']) retrieved from /opt/airflow/dags/data_ingestion_gcs_dag.py
[2022-09-23 18:10:17,833] {logging_mixin.py:109} INFO - [2022-09-23 18:10:17,833] {dag.py:2396} INFO - Sync 1 DAGs
[2022-09-23 18:10:17,913] {logging_mixin.py:109} INFO - [2022-09-23 18:10:17,913] {dag.py:2935} INFO - Setting next_dagrun for data_ingestion_gcs_dag to 2022-09-22 00:00:00+00:00
[2022-09-23 18:10:17,942] {processor.py:171} INFO - Processing /opt/airflow/dags/data_ingestion_gcs_dag.py took 2.362 seconds
[2022-09-23 18:10:48,177] {processor.py:163} INFO - Started process (PID=243) to work on /opt/airflow/dags/data_ingestion_gcs_dag.py
[2022-09-23 18:10:48,178] {processor.py:642} INFO - Processing file /opt/airflow/dags/data_ingestion_gcs_dag.py for tasks to queue
[2022-09-23 18:10:48,180] {logging_mixin.py:109} INFO - [2022-09-23 18:10:48,180] {dagbag.py:500} INFO - Filling up the DagBag from /opt/airflow/dags/data_ingestion_gcs_dag.py
[2022-09-23 18:10:49,727] {processor.py:654} INFO - DAG(s) dict_keys(['data_ingestion_gcs_dag']) retrieved from /opt/airflow/dags/data_ingestion_gcs_dag.py
[2022-09-23 18:10:49,739] {logging_mixin.py:109} INFO - [2022-09-23 18:10:49,739] {dag.py:2396} INFO - Sync 1 DAGs
[2022-09-23 18:10:49,758] {logging_mixin.py:109} INFO - [2022-09-23 18:10:49,758] {dag.py:2935} INFO - Setting next_dagrun for data_ingestion_gcs_dag to 2022-09-22 00:00:00+00:00
[2022-09-23 18:10:49,773] {processor.py:171} INFO - Processing /opt/airflow/dags/data_ingestion_gcs_dag.py took 1.602 seconds
[2022-09-23 18:11:20,143] {processor.py:163} INFO - Started process (PID=265) to work on /opt/airflow/dags/data_ingestion_gcs_dag.py
[2022-09-23 18:11:20,145] {processor.py:642} INFO - Processing file /opt/airflow/dags/data_ingestion_gcs_dag.py for tasks to queue
[2022-09-23 18:11:20,146] {logging_mixin.py:109} INFO - [2022-09-23 18:11:20,146] {dagbag.py:500} INFO - Filling up the DagBag from /opt/airflow/dags/data_ingestion_gcs_dag.py
[2022-09-23 18:11:21,850] {processor.py:654} INFO - DAG(s) dict_keys(['data_ingestion_gcs_dag']) retrieved from /opt/airflow/dags/data_ingestion_gcs_dag.py
[2022-09-23 18:11:21,865] {logging_mixin.py:109} INFO - [2022-09-23 18:11:21,865] {dag.py:2396} INFO - Sync 1 DAGs
[2022-09-23 18:11:21,889] {logging_mixin.py:109} INFO - [2022-09-23 18:11:21,889] {dag.py:2935} INFO - Setting next_dagrun for data_ingestion_gcs_dag to 2022-09-22 00:00:00+00:00
[2022-09-23 18:11:21,905] {processor.py:171} INFO - Processing /opt/airflow/dags/data_ingestion_gcs_dag.py took 1.770 seconds
[2022-09-23 18:11:52,264] {processor.py:163} INFO - Started process (PID=288) to work on /opt/airflow/dags/data_ingestion_gcs_dag.py
[2022-09-23 18:11:52,266] {processor.py:642} INFO - Processing file /opt/airflow/dags/data_ingestion_gcs_dag.py for tasks to queue
[2022-09-23 18:11:52,268] {logging_mixin.py:109} INFO - [2022-09-23 18:11:52,268] {dagbag.py:500} INFO - Filling up the DagBag from /opt/airflow/dags/data_ingestion_gcs_dag.py
[2022-09-23 18:11:53,408] {processor.py:654} INFO - DAG(s) dict_keys(['data_ingestion_gcs_dag']) retrieved from /opt/airflow/dags/data_ingestion_gcs_dag.py
[2022-09-23 18:11:53,421] {logging_mixin.py:109} INFO - [2022-09-23 18:11:53,421] {dag.py:2396} INFO - Sync 1 DAGs
[2022-09-23 18:11:53,451] {logging_mixin.py:109} INFO - [2022-09-23 18:11:53,450] {dag.py:2935} INFO - Setting next_dagrun for data_ingestion_gcs_dag to 2022-09-22 00:00:00+00:00
[2022-09-23 18:11:53,476] {processor.py:171} INFO - Processing /opt/airflow/dags/data_ingestion_gcs_dag.py took 1.219 seconds
[2022-09-23 18:12:23,606] {processor.py:163} INFO - Started process (PID=310) to work on /opt/airflow/dags/data_ingestion_gcs_dag.py
[2022-09-23 18:12:23,609] {processor.py:642} INFO - Processing file /opt/airflow/dags/data_ingestion_gcs_dag.py for tasks to queue
[2022-09-23 18:12:23,612] {logging_mixin.py:109} INFO - [2022-09-23 18:12:23,612] {dagbag.py:500} INFO - Filling up the DagBag from /opt/airflow/dags/data_ingestion_gcs_dag.py
[2022-09-23 18:12:24,856] {processor.py:654} INFO - DAG(s) dict_keys(['data_ingestion_gcs_dag']) retrieved from /opt/airflow/dags/data_ingestion_gcs_dag.py
[2022-09-23 18:12:24,866] {logging_mixin.py:109} INFO - [2022-09-23 18:12:24,866] {dag.py:2396} INFO - Sync 1 DAGs
[2022-09-23 18:12:24,886] {logging_mixin.py:109} INFO - [2022-09-23 18:12:24,886] {dag.py:2935} INFO - Setting next_dagrun for data_ingestion_gcs_dag to 2022-09-22 00:00:00+00:00
[2022-09-23 18:12:24,899] {processor.py:171} INFO - Processing /opt/airflow/dags/data_ingestion_gcs_dag.py took 1.304 seconds
[2022-09-23 18:12:55,144] {processor.py:163} INFO - Started process (PID=333) to work on /opt/airflow/dags/data_ingestion_gcs_dag.py
[2022-09-23 18:12:55,145] {processor.py:642} INFO - Processing file /opt/airflow/dags/data_ingestion_gcs_dag.py for tasks to queue
[2022-09-23 18:12:55,147] {logging_mixin.py:109} INFO - [2022-09-23 18:12:55,147] {dagbag.py:500} INFO - Filling up the DagBag from /opt/airflow/dags/data_ingestion_gcs_dag.py
[2022-09-23 18:12:57,905] {processor.py:654} INFO - DAG(s) dict_keys(['data_ingestion_gcs_dag']) retrieved from /opt/airflow/dags/data_ingestion_gcs_dag.py
[2022-09-23 18:12:57,928] {logging_mixin.py:109} INFO - [2022-09-23 18:12:57,927] {dag.py:2396} INFO - Sync 1 DAGs
[2022-09-23 18:12:57,975] {logging_mixin.py:109} INFO - [2022-09-23 18:12:57,975] {dag.py:2935} INFO - Setting next_dagrun for data_ingestion_gcs_dag to 2022-09-22 00:00:00+00:00
[2022-09-23 18:12:58,007] {processor.py:171} INFO - Processing /opt/airflow/dags/data_ingestion_gcs_dag.py took 2.866 seconds
[2022-09-23 18:13:28,405] {processor.py:163} INFO - Started process (PID=356) to work on /opt/airflow/dags/data_ingestion_gcs_dag.py
[2022-09-23 18:13:28,406] {processor.py:642} INFO - Processing file /opt/airflow/dags/data_ingestion_gcs_dag.py for tasks to queue
[2022-09-23 18:13:28,408] {logging_mixin.py:109} INFO - [2022-09-23 18:13:28,407] {dagbag.py:500} INFO - Filling up the DagBag from /opt/airflow/dags/data_ingestion_gcs_dag.py
[2022-09-23 18:13:29,290] {processor.py:654} INFO - DAG(s) dict_keys(['data_ingestion_gcs_dag']) retrieved from /opt/airflow/dags/data_ingestion_gcs_dag.py
[2022-09-23 18:13:29,300] {logging_mixin.py:109} INFO - [2022-09-23 18:13:29,300] {dag.py:2396} INFO - Sync 1 DAGs
[2022-09-23 18:13:29,319] {logging_mixin.py:109} INFO - [2022-09-23 18:13:29,319] {dag.py:2935} INFO - Setting next_dagrun for data_ingestion_gcs_dag to 2022-09-22 00:00:00+00:00
[2022-09-23 18:13:29,332] {processor.py:171} INFO - Processing /opt/airflow/dags/data_ingestion_gcs_dag.py took 0.931 seconds
[2022-09-23 18:13:59,785] {processor.py:163} INFO - Started process (PID=380) to work on /opt/airflow/dags/data_ingestion_gcs_dag.py
[2022-09-23 18:13:59,790] {processor.py:642} INFO - Processing file /opt/airflow/dags/data_ingestion_gcs_dag.py for tasks to queue
[2022-09-23 18:13:59,803] {logging_mixin.py:109} INFO - [2022-09-23 18:13:59,802] {dagbag.py:500} INFO - Filling up the DagBag from /opt/airflow/dags/data_ingestion_gcs_dag.py
[2022-09-23 18:14:02,543] {processor.py:654} INFO - DAG(s) dict_keys(['data_ingestion_gcs_dag']) retrieved from /opt/airflow/dags/data_ingestion_gcs_dag.py
[2022-09-23 18:14:02,601] {logging_mixin.py:109} INFO - [2022-09-23 18:14:02,600] {dag.py:2396} INFO - Sync 1 DAGs
[2022-09-23 18:14:02,685] {logging_mixin.py:109} INFO - [2022-09-23 18:14:02,685] {dag.py:2935} INFO - Setting next_dagrun for data_ingestion_gcs_dag to 2022-09-22 00:00:00+00:00
[2022-09-23 18:14:02,756] {processor.py:171} INFO - Processing /opt/airflow/dags/data_ingestion_gcs_dag.py took 2.984 seconds
[2022-09-23 18:14:33,248] {processor.py:163} INFO - Started process (PID=405) to work on /opt/airflow/dags/data_ingestion_gcs_dag.py
[2022-09-23 18:14:33,251] {processor.py:642} INFO - Processing file /opt/airflow/dags/data_ingestion_gcs_dag.py for tasks to queue
[2022-09-23 18:14:33,253] {logging_mixin.py:109} INFO - [2022-09-23 18:14:33,253] {dagbag.py:500} INFO - Filling up the DagBag from /opt/airflow/dags/data_ingestion_gcs_dag.py
[2022-09-23 18:14:34,882] {processor.py:654} INFO - DAG(s) dict_keys(['data_ingestion_gcs_dag']) retrieved from /opt/airflow/dags/data_ingestion_gcs_dag.py
[2022-09-23 18:14:34,924] {logging_mixin.py:109} INFO - [2022-09-23 18:14:34,923] {dag.py:2396} INFO - Sync 1 DAGs
[2022-09-23 18:14:34,994] {logging_mixin.py:109} INFO - [2022-09-23 18:14:34,994] {dag.py:2935} INFO - Setting next_dagrun for data_ingestion_gcs_dag to 2022-09-22 00:00:00+00:00
[2022-09-23 18:14:35,057] {processor.py:171} INFO - Processing /opt/airflow/dags/data_ingestion_gcs_dag.py took 1.815 seconds
[2022-09-23 18:15:05,378] {processor.py:163} INFO - Started process (PID=428) to work on /opt/airflow/dags/data_ingestion_gcs_dag.py
[2022-09-23 18:15:05,379] {processor.py:642} INFO - Processing file /opt/airflow/dags/data_ingestion_gcs_dag.py for tasks to queue
[2022-09-23 18:15:05,381] {logging_mixin.py:109} INFO - [2022-09-23 18:15:05,381] {dagbag.py:500} INFO - Filling up the DagBag from /opt/airflow/dags/data_ingestion_gcs_dag.py
[2022-09-23 18:15:06,484] {processor.py:654} INFO - DAG(s) dict_keys(['data_ingestion_gcs_dag']) retrieved from /opt/airflow/dags/data_ingestion_gcs_dag.py
[2022-09-23 18:15:06,523] {logging_mixin.py:109} INFO - [2022-09-23 18:15:06,521] {dag.py:2396} INFO - Sync 1 DAGs
[2022-09-23 18:15:06,564] {logging_mixin.py:109} INFO - [2022-09-23 18:15:06,564] {dag.py:2935} INFO - Setting next_dagrun for data_ingestion_gcs_dag to 2022-09-22 00:00:00+00:00
[2022-09-23 18:15:06,584] {processor.py:171} INFO - Processing /opt/airflow/dags/data_ingestion_gcs_dag.py took 1.210 seconds
[2022-09-23 18:15:36,956] {processor.py:163} INFO - Started process (PID=450) to work on /opt/airflow/dags/data_ingestion_gcs_dag.py
[2022-09-23 18:15:36,958] {processor.py:642} INFO - Processing file /opt/airflow/dags/data_ingestion_gcs_dag.py for tasks to queue
[2022-09-23 18:15:36,959] {logging_mixin.py:109} INFO - [2022-09-23 18:15:36,959] {dagbag.py:500} INFO - Filling up the DagBag from /opt/airflow/dags/data_ingestion_gcs_dag.py
[2022-09-23 18:15:37,896] {processor.py:654} INFO - DAG(s) dict_keys(['data_ingestion_gcs_dag']) retrieved from /opt/airflow/dags/data_ingestion_gcs_dag.py
[2022-09-23 18:15:37,906] {logging_mixin.py:109} INFO - [2022-09-23 18:15:37,905] {dag.py:2396} INFO - Sync 1 DAGs
[2022-09-23 18:15:37,924] {logging_mixin.py:109} INFO - [2022-09-23 18:15:37,924] {dag.py:2935} INFO - Setting next_dagrun for data_ingestion_gcs_dag to 2022-09-22 00:00:00+00:00
[2022-09-23 18:15:37,941] {processor.py:171} INFO - Processing /opt/airflow/dags/data_ingestion_gcs_dag.py took 0.988 seconds
[2022-09-23 18:16:08,133] {processor.py:163} INFO - Started process (PID=474) to work on /opt/airflow/dags/data_ingestion_gcs_dag.py
[2022-09-23 18:16:08,135] {processor.py:642} INFO - Processing file /opt/airflow/dags/data_ingestion_gcs_dag.py for tasks to queue
[2022-09-23 18:16:08,136] {logging_mixin.py:109} INFO - [2022-09-23 18:16:08,135] {dagbag.py:500} INFO - Filling up the DagBag from /opt/airflow/dags/data_ingestion_gcs_dag.py
[2022-09-23 18:16:09,290] {processor.py:654} INFO - DAG(s) dict_keys(['data_ingestion_gcs_dag']) retrieved from /opt/airflow/dags/data_ingestion_gcs_dag.py
[2022-09-23 18:16:09,307] {logging_mixin.py:109} INFO - [2022-09-23 18:16:09,306] {dag.py:2396} INFO - Sync 1 DAGs
[2022-09-23 18:16:09,339] {logging_mixin.py:109} INFO - [2022-09-23 18:16:09,338] {dag.py:2935} INFO - Setting next_dagrun for data_ingestion_gcs_dag to 2022-09-22 00:00:00+00:00
[2022-09-23 18:16:09,378] {processor.py:171} INFO - Processing /opt/airflow/dags/data_ingestion_gcs_dag.py took 1.250 seconds
[2022-09-23 18:16:39,996] {processor.py:163} INFO - Started process (PID=507) to work on /opt/airflow/dags/data_ingestion_gcs_dag.py
[2022-09-23 18:16:39,998] {processor.py:642} INFO - Processing file /opt/airflow/dags/data_ingestion_gcs_dag.py for tasks to queue
[2022-09-23 18:16:40,000] {logging_mixin.py:109} INFO - [2022-09-23 18:16:40,000] {dagbag.py:500} INFO - Filling up the DagBag from /opt/airflow/dags/data_ingestion_gcs_dag.py
[2022-09-23 18:16:41,616] {processor.py:654} INFO - DAG(s) dict_keys(['data_ingestion_gcs_dag']) retrieved from /opt/airflow/dags/data_ingestion_gcs_dag.py
[2022-09-23 18:16:41,633] {logging_mixin.py:109} INFO - [2022-09-23 18:16:41,633] {dag.py:2396} INFO - Sync 1 DAGs
[2022-09-23 18:16:41,660] {logging_mixin.py:109} INFO - [2022-09-23 18:16:41,660] {dag.py:2935} INFO - Setting next_dagrun for data_ingestion_gcs_dag to 2022-09-22 00:00:00+00:00
[2022-09-23 18:16:41,694] {processor.py:171} INFO - Processing /opt/airflow/dags/data_ingestion_gcs_dag.py took 1.702 seconds
