[2022-09-24 03:58:23,516] {taskinstance.py:1032} INFO - Dependencies all met for <TaskInstance: data_ingestion_gcs_dag.download_dataset_task manual__2022-09-24T03:58:17.399654+00:00 [queued]>
[2022-09-24 03:58:23,537] {taskinstance.py:1032} INFO - Dependencies all met for <TaskInstance: data_ingestion_gcs_dag.download_dataset_task manual__2022-09-24T03:58:17.399654+00:00 [queued]>
[2022-09-24 03:58:23,544] {taskinstance.py:1238} INFO - 
--------------------------------------------------------------------------------
[2022-09-24 03:58:23,545] {taskinstance.py:1239} INFO - Starting attempt 1 of 2
[2022-09-24 03:58:23,546] {taskinstance.py:1240} INFO - 
--------------------------------------------------------------------------------
[2022-09-24 03:58:23,571] {taskinstance.py:1259} INFO - Executing <Task(BashOperator): download_dataset_task> on 2022-09-24 03:58:17.399654+00:00
[2022-09-24 03:58:23,589] {standard_task_runner.py:76} INFO - Running: ['***', 'tasks', 'run', 'data_ingestion_gcs_dag', 'download_dataset_task', 'manual__2022-09-24T03:58:17.399654+00:00', '--job-id', '24', '--raw', '--subdir', 'DAGS_FOLDER/data_ingestion_gcs_dag.py', '--cfg-path', '/tmp/tmpi8hkfgdy', '--error-file', '/tmp/tmp4kkhrc2i']
[2022-09-24 03:58:23,580] {standard_task_runner.py:52} INFO - Started process 116 to run task
[2022-09-24 03:58:23,590] {standard_task_runner.py:77} INFO - Job 24: Subtask download_dataset_task
[2022-09-24 03:58:23,910] {logging_mixin.py:109} INFO - Running <TaskInstance: data_ingestion_gcs_dag.download_dataset_task manual__2022-09-24T03:58:17.399654+00:00 [running]> on host 7d12b0b017b3
[2022-09-24 03:58:24,143] {taskinstance.py:1426} INFO - Exporting the following env vars:
AIRFLOW_CTX_DAG_OWNER=***
AIRFLOW_CTX_DAG_ID=data_ingestion_gcs_dag
AIRFLOW_CTX_TASK_ID=download_dataset_task
AIRFLOW_CTX_EXECUTION_DATE=2022-09-24T03:58:17.399654+00:00
AIRFLOW_CTX_DAG_RUN_ID=manual__2022-09-24T03:58:17.399654+00:00
[2022-09-24 03:58:24,146] {subprocess.py:62} INFO - Tmp dir root location: 
 /tmp
[2022-09-24 03:58:24,152] {subprocess.py:74} INFO - Running command: ['bash', '-c', 'curl -sSL https://github.com/datapackage-examples/sample-csv/blob/master/sample.csv > /opt/***//sample.csv']
[2022-09-24 03:58:24,199] {subprocess.py:85} INFO - Output:
[2022-09-24 03:58:26,353] {subprocess.py:93} INFO - Command exited with return code 0
[2022-09-24 03:58:26,550] {taskinstance.py:1277} INFO - Marking task as SUCCESS. dag_id=data_ingestion_gcs_dag, task_id=download_dataset_task, execution_date=20220924T035817, start_date=20220924T035823, end_date=20220924T035826
[2022-09-24 03:58:26,660] {local_task_job.py:154} INFO - Task exited with return code 0
[2022-09-24 03:58:26,884] {local_task_job.py:264} INFO - 1 downstream tasks scheduled from follow-on schedule check
