[2022-10-06 05:03:48,580] {taskinstance.py:1032} INFO - Dependencies all met for <TaskInstance: data_ingestion_gcs_dag.local_to_gcs_task scheduled__2022-10-05T00:00:00+00:00 [queued]>
[2022-10-06 05:03:48,629] {taskinstance.py:1032} INFO - Dependencies all met for <TaskInstance: data_ingestion_gcs_dag.local_to_gcs_task scheduled__2022-10-05T00:00:00+00:00 [queued]>
[2022-10-06 05:03:48,630] {taskinstance.py:1238} INFO - 
--------------------------------------------------------------------------------
[2022-10-06 05:03:48,631] {taskinstance.py:1239} INFO - Starting attempt 1 of 2
[2022-10-06 05:03:48,632] {taskinstance.py:1240} INFO - 
--------------------------------------------------------------------------------
[2022-10-06 05:03:48,664] {taskinstance.py:1259} INFO - Executing <Task(PythonOperator): local_to_gcs_task> on 2022-10-05 00:00:00+00:00
[2022-10-06 05:03:48,675] {standard_task_runner.py:52} INFO - Started process 174 to run task
[2022-10-06 05:03:48,682] {standard_task_runner.py:76} INFO - Running: ['***', 'tasks', 'run', 'data_ingestion_gcs_dag', 'local_to_gcs_task', 'scheduled__2022-10-05T00:00:00+00:00', '--job-id', '328', '--raw', '--subdir', 'DAGS_FOLDER/data_ingestion_gcs_dag.py', '--cfg-path', '/tmp/tmp9w70l0sn', '--error-file', '/tmp/tmpbn03do43']
[2022-10-06 05:03:48,687] {standard_task_runner.py:77} INFO - Job 328: Subtask local_to_gcs_task
[2022-10-06 05:03:48,948] {logging_mixin.py:109} INFO - Running <TaskInstance: data_ingestion_gcs_dag.local_to_gcs_task scheduled__2022-10-05T00:00:00+00:00 [running]> on host d1144214b887
[2022-10-06 05:03:49,326] {taskinstance.py:1426} INFO - Exporting the following env vars:
AIRFLOW_CTX_DAG_OWNER=***
AIRFLOW_CTX_DAG_ID=data_ingestion_gcs_dag
AIRFLOW_CTX_TASK_ID=local_to_gcs_task
AIRFLOW_CTX_EXECUTION_DATE=2022-10-05T00:00:00+00:00
AIRFLOW_CTX_DAG_RUN_ID=scheduled__2022-10-05T00:00:00+00:00
[2022-10-06 05:03:53,274] {python.py:175} INFO - Done. Returned value was: None
[2022-10-06 05:03:53,335] {taskinstance.py:1277} INFO - Marking task as SUCCESS. dag_id=data_ingestion_gcs_dag, task_id=local_to_gcs_task, execution_date=20221005T000000, start_date=20221006T050348, end_date=20221006T050353
[2022-10-06 05:03:53,431] {local_task_job.py:154} INFO - Task exited with return code 0
[2022-10-06 05:03:53,549] {local_task_job.py:264} INFO - 1 downstream tasks scheduled from follow-on schedule check
