[2022-09-28 06:11:20,807] {taskinstance.py:1032} INFO - Dependencies all met for <TaskInstance: local_data_ingestion_gcs_dag.upload_file manual__2022-09-28T06:10:57.127993+00:00 [queued]>
[2022-09-28 06:11:20,885] {taskinstance.py:1032} INFO - Dependencies all met for <TaskInstance: local_data_ingestion_gcs_dag.upload_file manual__2022-09-28T06:10:57.127993+00:00 [queued]>
[2022-09-28 06:11:20,887] {taskinstance.py:1238} INFO - 
--------------------------------------------------------------------------------
[2022-09-28 06:11:20,891] {taskinstance.py:1239} INFO - Starting attempt 3 of 4
[2022-09-28 06:11:20,895] {taskinstance.py:1240} INFO - 
--------------------------------------------------------------------------------
[2022-09-28 06:11:20,955] {taskinstance.py:1259} INFO - Executing <Task(LocalFilesystemToGCSOperator): upload_file> on 2022-09-28 06:10:57.127993+00:00
[2022-09-28 06:11:20,966] {standard_task_runner.py:52} INFO - Started process 179 to run task
[2022-09-28 06:11:20,970] {standard_task_runner.py:76} INFO - Running: ['***', 'tasks', 'run', 'local_data_ingestion_gcs_dag', 'upload_file', 'manual__2022-09-28T06:10:57.127993+00:00', '--job-id', '245', '--raw', '--subdir', 'DAGS_FOLDER/upload_to_gcs.py', '--cfg-path', '/tmp/tmpfq7efzls', '--error-file', '/tmp/tmpn7bdqzv8']
[2022-09-28 06:11:20,974] {standard_task_runner.py:77} INFO - Job 245: Subtask upload_file
[2022-09-28 06:11:21,129] {logging_mixin.py:109} INFO - Running <TaskInstance: local_data_ingestion_gcs_dag.upload_file manual__2022-09-28T06:10:57.127993+00:00 [running]> on host 7d9b31c22d22
[2022-09-28 06:11:21,320] {taskinstance.py:1426} INFO - Exporting the following env vars:
AIRFLOW_CTX_DAG_OWNER=***
AIRFLOW_CTX_DAG_ID=local_data_ingestion_gcs_dag
AIRFLOW_CTX_TASK_ID=upload_file
AIRFLOW_CTX_EXECUTION_DATE=2022-09-28T06:10:57.127993+00:00
AIRFLOW_CTX_DAG_RUN_ID=manual__2022-09-28T06:10:57.127993+00:00
[2022-09-28 06:11:21,323] {crypto.py:82} WARNING - empty cryptography key - values will not be stored encrypted.
[2022-09-28 06:11:21,347] {taskinstance.py:1277} INFO - Marking task as SUCCESS. dag_id=local_data_ingestion_gcs_dag, task_id=upload_file, execution_date=20220928T061057, start_date=20220928T061120, end_date=20220928T061121
[2022-09-28 06:11:21,418] {local_task_job.py:154} INFO - Task exited with return code 0
[2022-09-28 06:11:21,482] {local_task_job.py:264} INFO - 0 downstream tasks scheduled from follow-on schedule check
