[2022-09-28 06:25:16,616] {taskinstance.py:1032} INFO - Dependencies all met for <TaskInstance: local_data_ingestion_gcs_dag.upload_file manual__2022-09-28T06:10:57.127993+00:00 [queued]>
[2022-09-28 06:25:16,645] {taskinstance.py:1032} INFO - Dependencies all met for <TaskInstance: local_data_ingestion_gcs_dag.upload_file manual__2022-09-28T06:10:57.127993+00:00 [queued]>
[2022-09-28 06:25:16,646] {taskinstance.py:1238} INFO - 
--------------------------------------------------------------------------------
[2022-09-28 06:25:16,647] {taskinstance.py:1239} INFO - Starting attempt 4 of 5
[2022-09-28 06:25:16,648] {taskinstance.py:1240} INFO - 
--------------------------------------------------------------------------------
[2022-09-28 06:25:16,714] {taskinstance.py:1259} INFO - Executing <Task(LocalFilesystemToGCSOperator): upload_file> on 2022-09-28 06:10:57.127993+00:00
[2022-09-28 06:25:16,734] {standard_task_runner.py:52} INFO - Started process 154 to run task
[2022-09-28 06:25:16,738] {standard_task_runner.py:76} INFO - Running: ['***', 'tasks', 'run', 'local_data_ingestion_gcs_dag', 'upload_file', 'manual__2022-09-28T06:10:57.127993+00:00', '--job-id', '251', '--raw', '--subdir', 'DAGS_FOLDER/upload_to_gcs.py', '--cfg-path', '/tmp/tmpn0qy2te2', '--error-file', '/tmp/tmpd2j5fgy0']
[2022-09-28 06:25:16,747] {standard_task_runner.py:77} INFO - Job 251: Subtask upload_file
[2022-09-28 06:25:16,880] {logging_mixin.py:109} INFO - Running <TaskInstance: local_data_ingestion_gcs_dag.upload_file manual__2022-09-28T06:10:57.127993+00:00 [running]> on host 5b6b5f2fb026
[2022-09-28 06:25:16,982] {taskinstance.py:1426} INFO - Exporting the following env vars:
AIRFLOW_CTX_DAG_OWNER=***
AIRFLOW_CTX_DAG_ID=local_data_ingestion_gcs_dag
AIRFLOW_CTX_TASK_ID=upload_file
AIRFLOW_CTX_EXECUTION_DATE=2022-09-28T06:10:57.127993+00:00
AIRFLOW_CTX_DAG_RUN_ID=manual__2022-09-28T06:10:57.127993+00:00
[2022-09-28 06:25:16,985] {crypto.py:82} WARNING - empty cryptography key - values will not be stored encrypted.
[2022-09-28 06:25:17,003] {taskinstance.py:1277} INFO - Marking task as SUCCESS. dag_id=local_data_ingestion_gcs_dag, task_id=upload_file, execution_date=20220928T061057, start_date=20220928T062516, end_date=20220928T062517
[2022-09-28 06:25:17,042] {local_task_job.py:154} INFO - Task exited with return code 0
[2022-09-28 06:25:17,092] {local_task_job.py:264} INFO - 0 downstream tasks scheduled from follow-on schedule check
