[2022-09-28 06:25:20,948] {taskinstance.py:1032} INFO - Dependencies all met for <TaskInstance: local_data_ingestion_gcs_dag.upload_file manual__2022-09-28T06:25:13.949219+00:00 [queued]>
[2022-09-28 06:25:20,999] {taskinstance.py:1032} INFO - Dependencies all met for <TaskInstance: local_data_ingestion_gcs_dag.upload_file manual__2022-09-28T06:25:13.949219+00:00 [queued]>
[2022-09-28 06:25:21,040] {taskinstance.py:1238} INFO - 
--------------------------------------------------------------------------------
[2022-09-28 06:25:21,056] {taskinstance.py:1239} INFO - Starting attempt 1 of 2
[2022-09-28 06:25:21,067] {taskinstance.py:1240} INFO - 
--------------------------------------------------------------------------------
[2022-09-28 06:25:21,167] {taskinstance.py:1259} INFO - Executing <Task(LocalFilesystemToGCSOperator): upload_file> on 2022-09-28 06:25:13.949219+00:00
[2022-09-28 06:25:21,213] {standard_task_runner.py:52} INFO - Started process 156 to run task
[2022-09-28 06:25:21,202] {standard_task_runner.py:76} INFO - Running: ['***', 'tasks', 'run', 'local_data_ingestion_gcs_dag', 'upload_file', 'manual__2022-09-28T06:25:13.949219+00:00', '--job-id', '252', '--raw', '--subdir', 'DAGS_FOLDER/upload_to_gcs.py', '--cfg-path', '/tmp/tmpr20vmxhl', '--error-file', '/tmp/tmprghic4ep']
[2022-09-28 06:25:21,234] {standard_task_runner.py:77} INFO - Job 252: Subtask upload_file
[2022-09-28 06:25:21,574] {logging_mixin.py:109} INFO - Running <TaskInstance: local_data_ingestion_gcs_dag.upload_file manual__2022-09-28T06:25:13.949219+00:00 [running]> on host 5b6b5f2fb026
[2022-09-28 06:25:22,156] {taskinstance.py:1426} INFO - Exporting the following env vars:
AIRFLOW_CTX_DAG_OWNER=***
AIRFLOW_CTX_DAG_ID=local_data_ingestion_gcs_dag
AIRFLOW_CTX_TASK_ID=upload_file
AIRFLOW_CTX_EXECUTION_DATE=2022-09-28T06:25:13.949219+00:00
AIRFLOW_CTX_DAG_RUN_ID=manual__2022-09-28T06:25:13.949219+00:00
[2022-09-28 06:25:22,167] {crypto.py:82} WARNING - empty cryptography key - values will not be stored encrypted.
[2022-09-28 06:25:22,257] {taskinstance.py:1277} INFO - Marking task as SUCCESS. dag_id=local_data_ingestion_gcs_dag, task_id=upload_file, execution_date=20220928T062513, start_date=20220928T062520, end_date=20220928T062522
[2022-09-28 06:25:22,315] {local_task_job.py:154} INFO - Task exited with return code 0
[2022-09-28 06:25:22,387] {local_task_job.py:264} INFO - 0 downstream tasks scheduled from follow-on schedule check
