[2022-09-28 06:57:02,249] {taskinstance.py:1032} INFO - Dependencies all met for <TaskInstance: local_data_ingestion_gcs_dag.upload_file manual__2022-09-28T06:56:57.323987+00:00 [queued]>
[2022-09-28 06:57:02,271] {taskinstance.py:1032} INFO - Dependencies all met for <TaskInstance: local_data_ingestion_gcs_dag.upload_file manual__2022-09-28T06:56:57.323987+00:00 [queued]>
[2022-09-28 06:57:02,272] {taskinstance.py:1238} INFO - 
--------------------------------------------------------------------------------
[2022-09-28 06:57:02,273] {taskinstance.py:1239} INFO - Starting attempt 1 of 2
[2022-09-28 06:57:02,273] {taskinstance.py:1240} INFO - 
--------------------------------------------------------------------------------
[2022-09-28 06:57:02,297] {taskinstance.py:1259} INFO - Executing <Task(LocalFilesystemToGCSOperator): upload_file> on 2022-09-28 06:56:57.323987+00:00
[2022-09-28 06:57:02,306] {standard_task_runner.py:52} INFO - Started process 185 to run task
[2022-09-28 06:57:02,311] {standard_task_runner.py:76} INFO - Running: ['***', 'tasks', 'run', 'local_data_ingestion_gcs_dag', 'upload_file', 'manual__2022-09-28T06:56:57.323987+00:00', '--job-id', '269', '--raw', '--subdir', 'DAGS_FOLDER/upload_to_gcs.py', '--cfg-path', '/tmp/tmpz9gzhaef', '--error-file', '/tmp/tmp6ghu_im6']
[2022-09-28 06:57:02,313] {standard_task_runner.py:77} INFO - Job 269: Subtask upload_file
[2022-09-28 06:57:02,448] {logging_mixin.py:109} INFO - Running <TaskInstance: local_data_ingestion_gcs_dag.upload_file manual__2022-09-28T06:56:57.323987+00:00 [running]> on host 9fd45f7b3445
[2022-09-28 06:57:02,649] {taskinstance.py:1426} INFO - Exporting the following env vars:
AIRFLOW_CTX_DAG_OWNER=***
AIRFLOW_CTX_DAG_ID=local_data_ingestion_gcs_dag
AIRFLOW_CTX_TASK_ID=upload_file
AIRFLOW_CTX_EXECUTION_DATE=2022-09-28T06:56:57.323987+00:00
AIRFLOW_CTX_DAG_RUN_ID=manual__2022-09-28T06:56:57.323987+00:00
[2022-09-28 06:57:02,655] {crypto.py:82} WARNING - empty cryptography key - values will not be stored encrypted.
[2022-09-28 06:57:02,685] {taskinstance.py:1277} INFO - Marking task as SUCCESS. dag_id=local_data_ingestion_gcs_dag, task_id=upload_file, execution_date=20220928T065657, start_date=20220928T065702, end_date=20220928T065702
[2022-09-28 06:57:02,782] {local_task_job.py:154} INFO - Task exited with return code 0
[2022-09-28 06:57:02,906] {local_task_job.py:264} INFO - 0 downstream tasks scheduled from follow-on schedule check
