[2022-09-27 17:13:36,752] {taskinstance.py:1032} INFO - Dependencies all met for <TaskInstance: data_ingestion_gcs_dag.local_to_gcs_task manual__2022-09-27T17:13:14.714798+00:00 [queued]>
[2022-09-27 17:13:36,769] {taskinstance.py:1032} INFO - Dependencies all met for <TaskInstance: data_ingestion_gcs_dag.local_to_gcs_task manual__2022-09-27T17:13:14.714798+00:00 [queued]>
[2022-09-27 17:13:36,770] {taskinstance.py:1238} INFO - 
--------------------------------------------------------------------------------
[2022-09-27 17:13:36,771] {taskinstance.py:1239} INFO - Starting attempt 1 of 2
[2022-09-27 17:13:36,772] {taskinstance.py:1240} INFO - 
--------------------------------------------------------------------------------
[2022-09-27 17:13:36,802] {taskinstance.py:1259} INFO - Executing <Task(PythonOperator): local_to_gcs_task> on 2022-09-27 17:13:14.714798+00:00
[2022-09-27 17:13:36,810] {standard_task_runner.py:52} INFO - Started process 139 to run task
[2022-09-27 17:13:36,827] {standard_task_runner.py:76} INFO - Running: ['***', 'tasks', 'run', 'data_ingestion_gcs_dag', 'local_to_gcs_task', 'manual__2022-09-27T17:13:14.714798+00:00', '--job-id', '140', '--raw', '--subdir', 'DAGS_FOLDER/data_ingestion_gcs_dag.py', '--cfg-path', '/tmp/tmpu9s34uwc', '--error-file', '/tmp/tmp65gifwft']
[2022-09-27 17:13:36,832] {standard_task_runner.py:77} INFO - Job 140: Subtask local_to_gcs_task
[2022-09-27 17:13:36,934] {logging_mixin.py:109} INFO - Running <TaskInstance: data_ingestion_gcs_dag.local_to_gcs_task manual__2022-09-27T17:13:14.714798+00:00 [running]> on host f5057273dea0
[2022-09-27 17:13:37,030] {taskinstance.py:1426} INFO - Exporting the following env vars:
AIRFLOW_CTX_DAG_OWNER=***
AIRFLOW_CTX_DAG_ID=data_ingestion_gcs_dag
AIRFLOW_CTX_TASK_ID=local_to_gcs_task
AIRFLOW_CTX_EXECUTION_DATE=2022-09-27T17:13:14.714798+00:00
AIRFLOW_CTX_DAG_RUN_ID=manual__2022-09-27T17:13:14.714798+00:00
[2022-09-27 17:13:39,841] {python.py:175} INFO - Done. Returned value was: None
[2022-09-27 17:13:39,858] {taskinstance.py:1277} INFO - Marking task as SUCCESS. dag_id=data_ingestion_gcs_dag, task_id=local_to_gcs_task, execution_date=20220927T171314, start_date=20220927T171336, end_date=20220927T171339
[2022-09-27 17:13:39,927] {local_task_job.py:154} INFO - Task exited with return code 0
[2022-09-27 17:13:39,974] {local_task_job.py:264} INFO - 0 downstream tasks scheduled from follow-on schedule check
