[2022-09-27 06:00:17,904] {taskinstance.py:1032} INFO - Dependencies all met for <TaskInstance: first_dag.training_model_B scheduled__2022-09-26T00:00:00+00:00 [queued]>
[2022-09-27 06:00:17,979] {taskinstance.py:1032} INFO - Dependencies all met for <TaskInstance: first_dag.training_model_B scheduled__2022-09-26T00:00:00+00:00 [queued]>
[2022-09-27 06:00:17,980] {taskinstance.py:1238} INFO - 
--------------------------------------------------------------------------------
[2022-09-27 06:00:17,981] {taskinstance.py:1239} INFO - Starting attempt 1 of 1
[2022-09-27 06:00:17,986] {taskinstance.py:1240} INFO - 
--------------------------------------------------------------------------------
[2022-09-27 06:00:18,129] {taskinstance.py:1259} INFO - Executing <Task(PythonOperator): training_model_B> on 2022-09-26 00:00:00+00:00
[2022-09-27 06:00:18,259] {standard_task_runner.py:52} INFO - Started process 107 to run task
[2022-09-27 06:00:18,333] {standard_task_runner.py:76} INFO - Running: ['***', 'tasks', 'run', 'first_dag', 'training_model_B', 'scheduled__2022-09-26T00:00:00+00:00', '--job-id', '75', '--raw', '--subdir', 'DAGS_FOLDER/xcom_dag.py', '--cfg-path', '/tmp/tmptc1x4nyi', '--error-file', '/tmp/tmpyx_lsb1t']
[2022-09-27 06:00:18,395] {standard_task_runner.py:77} INFO - Job 75: Subtask training_model_B
[2022-09-27 06:00:19,197] {logging_mixin.py:109} INFO - Running <TaskInstance: first_dag.training_model_B scheduled__2022-09-26T00:00:00+00:00 [running]> on host 2302558ab94b
[2022-09-27 06:00:20,581] {taskinstance.py:1426} INFO - Exporting the following env vars:
AIRFLOW_CTX_DAG_OWNER=***
AIRFLOW_CTX_DAG_ID=first_dag
AIRFLOW_CTX_TASK_ID=training_model_B
AIRFLOW_CTX_EXECUTION_DATE=2022-09-26T00:00:00+00:00
AIRFLOW_CTX_DAG_RUN_ID=scheduled__2022-09-26T00:00:00+00:00
[2022-09-27 06:00:20,627] {python.py:175} INFO - Done. Returned value was: 2
[2022-09-27 06:00:21,115] {taskinstance.py:1277} INFO - Marking task as SUCCESS. dag_id=first_dag, task_id=training_model_B, execution_date=20220926T000000, start_date=20220927T060017, end_date=20220927T060021
[2022-09-27 06:00:21,463] {local_task_job.py:154} INFO - Task exited with return code 0
[2022-09-27 06:00:22,633] {local_task_job.py:264} INFO - 0 downstream tasks scheduled from follow-on schedule check
[2022-09-27 17:14:14,821] {taskinstance.py:1032} INFO - Dependencies all met for <TaskInstance: first_dag.training_model_B scheduled__2022-09-26T00:00:00+00:00 [queued]>
[2022-09-27 17:14:14,876] {taskinstance.py:1032} INFO - Dependencies all met for <TaskInstance: first_dag.training_model_B scheduled__2022-09-26T00:00:00+00:00 [queued]>
[2022-09-27 17:14:14,876] {taskinstance.py:1238} INFO - 
--------------------------------------------------------------------------------
[2022-09-27 17:14:14,877] {taskinstance.py:1239} INFO - Starting attempt 1 of 1
[2022-09-27 17:14:14,878] {taskinstance.py:1240} INFO - 
--------------------------------------------------------------------------------
[2022-09-27 17:14:14,920] {taskinstance.py:1259} INFO - Executing <Task(PythonOperator): training_model_B> on 2022-09-26 00:00:00+00:00
[2022-09-27 17:14:14,967] {standard_task_runner.py:52} INFO - Started process 164 to run task
[2022-09-27 17:14:14,987] {standard_task_runner.py:76} INFO - Running: ['***', 'tasks', 'run', 'first_dag', 'training_model_B', 'scheduled__2022-09-26T00:00:00+00:00', '--job-id', '143', '--raw', '--subdir', 'DAGS_FOLDER/xcom_dag.py', '--cfg-path', '/tmp/tmp2sv_nxs7', '--error-file', '/tmp/tmp8c6tj6ve']
[2022-09-27 17:14:14,999] {standard_task_runner.py:77} INFO - Job 143: Subtask training_model_B
[2022-09-27 17:14:15,338] {logging_mixin.py:109} INFO - Running <TaskInstance: first_dag.training_model_B scheduled__2022-09-26T00:00:00+00:00 [running]> on host f5057273dea0
[2022-09-27 17:14:15,789] {taskinstance.py:1426} INFO - Exporting the following env vars:
AIRFLOW_CTX_DAG_OWNER=***
AIRFLOW_CTX_DAG_ID=first_dag
AIRFLOW_CTX_TASK_ID=training_model_B
AIRFLOW_CTX_EXECUTION_DATE=2022-09-26T00:00:00+00:00
AIRFLOW_CTX_DAG_RUN_ID=scheduled__2022-09-26T00:00:00+00:00
[2022-09-27 17:14:15,790] {python.py:175} INFO - Done. Returned value was: 6
[2022-09-27 17:14:15,950] {taskinstance.py:1277} INFO - Marking task as SUCCESS. dag_id=first_dag, task_id=training_model_B, execution_date=20220926T000000, start_date=20220927T171414, end_date=20220927T171415
[2022-09-27 17:14:16,029] {local_task_job.py:154} INFO - Task exited with return code 0
[2022-09-27 17:14:16,197] {local_task_job.py:264} INFO - 0 downstream tasks scheduled from follow-on schedule check
