[2022-09-27 06:00:17,734] {taskinstance.py:1032} INFO - Dependencies all met for <TaskInstance: first_dag.training_model_C scheduled__2022-09-26T00:00:00+00:00 [queued]>
[2022-09-27 06:00:17,810] {taskinstance.py:1032} INFO - Dependencies all met for <TaskInstance: first_dag.training_model_C scheduled__2022-09-26T00:00:00+00:00 [queued]>
[2022-09-27 06:00:17,812] {taskinstance.py:1238} INFO - 
--------------------------------------------------------------------------------
[2022-09-27 06:00:17,812] {taskinstance.py:1239} INFO - Starting attempt 1 of 1
[2022-09-27 06:00:17,814] {taskinstance.py:1240} INFO - 
--------------------------------------------------------------------------------
[2022-09-27 06:00:17,865] {taskinstance.py:1259} INFO - Executing <Task(PythonOperator): training_model_C> on 2022-09-26 00:00:00+00:00
[2022-09-27 06:00:17,881] {standard_task_runner.py:52} INFO - Started process 106 to run task
[2022-09-27 06:00:17,905] {standard_task_runner.py:76} INFO - Running: ['***', 'tasks', 'run', 'first_dag', 'training_model_C', 'scheduled__2022-09-26T00:00:00+00:00', '--job-id', '74', '--raw', '--subdir', 'DAGS_FOLDER/xcom_dag.py', '--cfg-path', '/tmp/tmptp0x7jxd', '--error-file', '/tmp/tmps1ieil5n']
[2022-09-27 06:00:17,910] {standard_task_runner.py:77} INFO - Job 74: Subtask training_model_C
[2022-09-27 06:00:18,613] {logging_mixin.py:109} INFO - Running <TaskInstance: first_dag.training_model_C scheduled__2022-09-26T00:00:00+00:00 [running]> on host 2302558ab94b
[2022-09-27 06:00:19,379] {taskinstance.py:1426} INFO - Exporting the following env vars:
AIRFLOW_CTX_DAG_OWNER=***
AIRFLOW_CTX_DAG_ID=first_dag
AIRFLOW_CTX_TASK_ID=training_model_C
AIRFLOW_CTX_EXECUTION_DATE=2022-09-26T00:00:00+00:00
AIRFLOW_CTX_DAG_RUN_ID=scheduled__2022-09-26T00:00:00+00:00
[2022-09-27 06:00:19,385] {python.py:175} INFO - Done. Returned value was: 8
[2022-09-27 06:00:19,763] {taskinstance.py:1277} INFO - Marking task as SUCCESS. dag_id=first_dag, task_id=training_model_C, execution_date=20220926T000000, start_date=20220927T060017, end_date=20220927T060019
[2022-09-27 06:00:20,171] {local_task_job.py:154} INFO - Task exited with return code 0
[2022-09-27 06:00:21,118] {local_task_job.py:264} INFO - 0 downstream tasks scheduled from follow-on schedule check
[2022-09-27 17:14:14,650] {taskinstance.py:1032} INFO - Dependencies all met for <TaskInstance: first_dag.training_model_C scheduled__2022-09-26T00:00:00+00:00 [queued]>
[2022-09-27 17:14:14,692] {taskinstance.py:1032} INFO - Dependencies all met for <TaskInstance: first_dag.training_model_C scheduled__2022-09-26T00:00:00+00:00 [queued]>
[2022-09-27 17:14:14,725] {taskinstance.py:1238} INFO - 
--------------------------------------------------------------------------------
[2022-09-27 17:14:14,726] {taskinstance.py:1239} INFO - Starting attempt 1 of 1
[2022-09-27 17:14:14,726] {taskinstance.py:1240} INFO - 
--------------------------------------------------------------------------------
[2022-09-27 17:14:14,786] {taskinstance.py:1259} INFO - Executing <Task(PythonOperator): training_model_C> on 2022-09-26 00:00:00+00:00
[2022-09-27 17:14:14,807] {standard_task_runner.py:52} INFO - Started process 163 to run task
[2022-09-27 17:14:14,817] {standard_task_runner.py:76} INFO - Running: ['***', 'tasks', 'run', 'first_dag', 'training_model_C', 'scheduled__2022-09-26T00:00:00+00:00', '--job-id', '141', '--raw', '--subdir', 'DAGS_FOLDER/xcom_dag.py', '--cfg-path', '/tmp/tmplb3tfs77', '--error-file', '/tmp/tmp89r9rg68']
[2022-09-27 17:14:14,837] {standard_task_runner.py:77} INFO - Job 141: Subtask training_model_C
[2022-09-27 17:14:15,303] {logging_mixin.py:109} INFO - Running <TaskInstance: first_dag.training_model_C scheduled__2022-09-26T00:00:00+00:00 [running]> on host f5057273dea0
[2022-09-27 17:14:15,658] {taskinstance.py:1426} INFO - Exporting the following env vars:
AIRFLOW_CTX_DAG_OWNER=***
AIRFLOW_CTX_DAG_ID=first_dag
AIRFLOW_CTX_TASK_ID=training_model_C
AIRFLOW_CTX_EXECUTION_DATE=2022-09-26T00:00:00+00:00
AIRFLOW_CTX_DAG_RUN_ID=scheduled__2022-09-26T00:00:00+00:00
[2022-09-27 17:14:15,659] {python.py:175} INFO - Done. Returned value was: 10
[2022-09-27 17:14:15,766] {taskinstance.py:1277} INFO - Marking task as SUCCESS. dag_id=first_dag, task_id=training_model_C, execution_date=20220926T000000, start_date=20220927T171414, end_date=20220927T171415
[2022-09-27 17:14:15,882] {local_task_job.py:154} INFO - Task exited with return code 0
[2022-09-27 17:14:16,040] {local_task_job.py:264} INFO - 1 downstream tasks scheduled from follow-on schedule check
