[2022-10-03 07:55:39,140] {taskinstance.py:1032} INFO - Dependencies all met for <TaskInstance: data_ingestion_gcs_dag.download_dataset_task manual__2022-10-03T07:53:52.891470+00:00 [queued]>
[2022-10-03 07:55:39,155] {taskinstance.py:1032} INFO - Dependencies all met for <TaskInstance: data_ingestion_gcs_dag.download_dataset_task manual__2022-10-03T07:53:52.891470+00:00 [queued]>
[2022-10-03 07:55:39,156] {taskinstance.py:1238} INFO - 
--------------------------------------------------------------------------------
[2022-10-03 07:55:39,156] {taskinstance.py:1239} INFO - Starting attempt 1 of 2
[2022-10-03 07:55:39,157] {taskinstance.py:1240} INFO - 
--------------------------------------------------------------------------------
[2022-10-03 07:55:39,174] {taskinstance.py:1259} INFO - Executing <Task(BashOperator): download_dataset_task> on 2022-10-03 07:53:52.891470+00:00
[2022-10-03 07:55:39,181] {standard_task_runner.py:52} INFO - Started process 413 to run task
[2022-10-03 07:55:39,186] {standard_task_runner.py:76} INFO - Running: ['***', 'tasks', 'run', 'data_ingestion_gcs_dag', 'download_dataset_task', 'manual__2022-10-03T07:53:52.891470+00:00', '--job-id', '314', '--raw', '--subdir', 'DAGS_FOLDER/data_ingestion_gcs_dag.py', '--cfg-path', '/tmp/tmpeyl2vefu', '--error-file', '/tmp/tmp49j0w8cm']
[2022-10-03 07:55:39,187] {standard_task_runner.py:77} INFO - Job 314: Subtask download_dataset_task
[2022-10-03 07:55:39,256] {logging_mixin.py:109} INFO - Running <TaskInstance: data_ingestion_gcs_dag.download_dataset_task manual__2022-10-03T07:53:52.891470+00:00 [running]> on host 0114b0d4e7c4
[2022-10-03 07:55:39,418] {taskinstance.py:1426} INFO - Exporting the following env vars:
AIRFLOW_CTX_DAG_OWNER=***
AIRFLOW_CTX_DAG_ID=data_ingestion_gcs_dag
AIRFLOW_CTX_TASK_ID=download_dataset_task
AIRFLOW_CTX_EXECUTION_DATE=2022-10-03T07:53:52.891470+00:00
AIRFLOW_CTX_DAG_RUN_ID=manual__2022-10-03T07:53:52.891470+00:00
[2022-10-03 07:55:39,420] {subprocess.py:62} INFO - Tmp dir root location: 
 /tmp
[2022-10-03 07:55:39,421] {subprocess.py:74} INFO - Running command: ['bash', '-c', 'curl -sSL https://raw.githubusercontent.com/zikranazir/final_project_data_fellowsip-7/alfian/dataset/application_record.csv > /opt/***//application_record.csv']
[2022-10-03 07:55:39,462] {subprocess.py:85} INFO - Output:
[2022-10-03 07:56:04,463] {subprocess.py:93} INFO - Command exited with return code 0
[2022-10-03 07:56:04,686] {taskinstance.py:1277} INFO - Marking task as SUCCESS. dag_id=data_ingestion_gcs_dag, task_id=download_dataset_task, execution_date=20221003T075352, start_date=20221003T075539, end_date=20221003T075604
[2022-10-03 07:56:04,812] {local_task_job.py:154} INFO - Task exited with return code 0
[2022-10-03 07:56:04,905] {local_task_job.py:264} INFO - 1 downstream tasks scheduled from follow-on schedule check
