[2022-09-28 06:35:42,494] {taskinstance.py:1032} INFO - Dependencies all met for <TaskInstance: local_data_ingestion_gcs_dag.upload_file manual__2022-09-28T06:35:39.891771+00:00 [queued]>
[2022-09-28 06:35:42,514] {taskinstance.py:1032} INFO - Dependencies all met for <TaskInstance: local_data_ingestion_gcs_dag.upload_file manual__2022-09-28T06:35:39.891771+00:00 [queued]>
[2022-09-28 06:35:42,514] {taskinstance.py:1238} INFO - 
--------------------------------------------------------------------------------
[2022-09-28 06:35:42,515] {taskinstance.py:1239} INFO - Starting attempt 1 of 2
[2022-09-28 06:35:42,516] {taskinstance.py:1240} INFO - 
--------------------------------------------------------------------------------
[2022-09-28 06:35:42,538] {taskinstance.py:1259} INFO - Executing <Task(LocalFilesystemToGCSOperator): upload_file> on 2022-09-28 06:35:39.891771+00:00
[2022-09-28 06:35:42,543] {standard_task_runner.py:52} INFO - Started process 204 to run task
[2022-09-28 06:35:42,547] {standard_task_runner.py:76} INFO - Running: ['***', 'tasks', 'run', 'local_data_ingestion_gcs_dag', 'upload_file', 'manual__2022-09-28T06:35:39.891771+00:00', '--job-id', '258', '--raw', '--subdir', 'DAGS_FOLDER/upload_to_gcs.py', '--cfg-path', '/tmp/tmpl6ntbakr', '--error-file', '/tmp/tmplfp9f7rm']
[2022-09-28 06:35:42,548] {standard_task_runner.py:77} INFO - Job 258: Subtask upload_file
[2022-09-28 06:35:42,634] {logging_mixin.py:109} INFO - Running <TaskInstance: local_data_ingestion_gcs_dag.upload_file manual__2022-09-28T06:35:39.891771+00:00 [running]> on host 8ebcec8e5444
[2022-09-28 06:35:42,793] {taskinstance.py:1426} INFO - Exporting the following env vars:
AIRFLOW_CTX_DAG_OWNER=***
AIRFLOW_CTX_DAG_ID=local_data_ingestion_gcs_dag
AIRFLOW_CTX_TASK_ID=upload_file
AIRFLOW_CTX_EXECUTION_DATE=2022-09-28T06:35:39.891771+00:00
AIRFLOW_CTX_DAG_RUN_ID=manual__2022-09-28T06:35:39.891771+00:00
[2022-09-28 06:35:42,796] {crypto.py:82} WARNING - empty cryptography key - values will not be stored encrypted.
[2022-09-28 06:35:42,814] {taskinstance.py:1277} INFO - Marking task as SUCCESS. dag_id=local_data_ingestion_gcs_dag, task_id=upload_file, execution_date=20220928T063539, start_date=20220928T063542, end_date=20220928T063542
[2022-09-28 06:35:42,842] {local_task_job.py:154} INFO - Task exited with return code 0
[2022-09-28 06:35:42,889] {local_task_job.py:264} INFO - 0 downstream tasks scheduled from follow-on schedule check
