[2022-09-24 12:57:45,525] {taskinstance.py:1032} INFO - Dependencies all met for <TaskInstance: data_ingestion_gcs_dag.local_to_gcs_task manual__2022-09-24T12:57:18.459764+00:00 [queued]>
[2022-09-24 12:57:45,550] {taskinstance.py:1032} INFO - Dependencies all met for <TaskInstance: data_ingestion_gcs_dag.local_to_gcs_task manual__2022-09-24T12:57:18.459764+00:00 [queued]>
[2022-09-24 12:57:45,550] {taskinstance.py:1238} INFO - 
--------------------------------------------------------------------------------
[2022-09-24 12:57:45,551] {taskinstance.py:1239} INFO - Starting attempt 1 of 2
[2022-09-24 12:57:45,551] {taskinstance.py:1240} INFO - 
--------------------------------------------------------------------------------
[2022-09-24 12:57:45,570] {taskinstance.py:1259} INFO - Executing <Task(PythonOperator): local_to_gcs_task> on 2022-09-24 12:57:18.459764+00:00
[2022-09-24 12:57:45,579] {standard_task_runner.py:52} INFO - Started process 154 to run task
[2022-09-24 12:57:45,588] {standard_task_runner.py:76} INFO - Running: ['***', 'tasks', 'run', 'data_ingestion_gcs_dag', 'local_to_gcs_task', 'manual__2022-09-24T12:57:18.459764+00:00', '--job-id', '58', '--raw', '--subdir', 'DAGS_FOLDER/data_ingestion_gcs_dag.py', '--cfg-path', '/tmp/tmphh181xml', '--error-file', '/tmp/tmpho_a6xnu']
[2022-09-24 12:57:45,590] {standard_task_runner.py:77} INFO - Job 58: Subtask local_to_gcs_task
[2022-09-24 12:57:45,670] {logging_mixin.py:109} INFO - Running <TaskInstance: data_ingestion_gcs_dag.local_to_gcs_task manual__2022-09-24T12:57:18.459764+00:00 [running]> on host 2d91003d0298
[2022-09-24 12:57:45,754] {taskinstance.py:1426} INFO - Exporting the following env vars:
AIRFLOW_CTX_DAG_OWNER=***
AIRFLOW_CTX_DAG_ID=data_ingestion_gcs_dag
AIRFLOW_CTX_TASK_ID=local_to_gcs_task
AIRFLOW_CTX_EXECUTION_DATE=2022-09-24T12:57:18.459764+00:00
AIRFLOW_CTX_DAG_RUN_ID=manual__2022-09-24T12:57:18.459764+00:00
[2022-09-24 12:57:46,602] {python.py:175} INFO - Done. Returned value was: None
[2022-09-24 12:57:46,625] {taskinstance.py:1277} INFO - Marking task as SUCCESS. dag_id=data_ingestion_gcs_dag, task_id=local_to_gcs_task, execution_date=20220924T125718, start_date=20220924T125745, end_date=20220924T125746
[2022-09-24 12:57:46,686] {local_task_job.py:154} INFO - Task exited with return code 0
[2022-09-24 12:57:46,735] {local_task_job.py:264} INFO - 0 downstream tasks scheduled from follow-on schedule check
