[2022-09-27 15:56:37,106] {processor.py:163} INFO - Started process (PID=46) to work on /opt/airflow/dags/data_upload_to_gcs.py
[2022-09-27 15:56:37,123] {processor.py:642} INFO - Processing file /opt/airflow/dags/data_upload_to_gcs.py for tasks to queue
[2022-09-27 15:56:37,127] {logging_mixin.py:109} INFO - [2022-09-27 15:56:37,127] {dagbag.py:500} INFO - Filling up the DagBag from /opt/airflow/dags/data_upload_to_gcs.py
[2022-09-27 15:56:38,537] {processor.py:690} INFO - Deactivated 1 DAGs which are no longer present in /opt/airflow/dags/data_upload_to_gcs.py
[2022-09-27 15:56:38,538] {processor.py:654} INFO - DAG(s) dict_keys(['data_ingestion_gcs_dag']) retrieved from /opt/airflow/dags/data_upload_to_gcs.py
[2022-09-27 15:56:41,960] {logging_mixin.py:109} INFO - [2022-09-27 15:56:41,959] {dag.py:2396} INFO - Sync 1 DAGs
[2022-09-27 15:56:42,002] {logging_mixin.py:109} INFO - [2022-09-27 15:56:42,002] {dag.py:2935} INFO - Setting next_dagrun for data_ingestion_gcs_dag to 2022-09-27T00:00:00+00:00
[2022-09-27 15:56:42,049] {processor.py:171} INFO - Processing /opt/airflow/dags/data_upload_to_gcs.py took 4.956 seconds
[2022-09-27 15:57:12,671] {processor.py:163} INFO - Started process (PID=73) to work on /opt/airflow/dags/data_upload_to_gcs.py
[2022-09-27 15:57:12,676] {processor.py:642} INFO - Processing file /opt/airflow/dags/data_upload_to_gcs.py for tasks to queue
[2022-09-27 15:57:12,682] {logging_mixin.py:109} INFO - [2022-09-27 15:57:12,682] {dagbag.py:500} INFO - Filling up the DagBag from /opt/airflow/dags/data_upload_to_gcs.py
[2022-09-27 15:57:12,864] {processor.py:654} INFO - DAG(s) dict_keys(['data_ingestion_gcs_dag']) retrieved from /opt/airflow/dags/data_upload_to_gcs.py
[2022-09-27 15:57:12,882] {logging_mixin.py:109} INFO - [2022-09-27 15:57:12,881] {dag.py:2396} INFO - Sync 1 DAGs
[2022-09-27 15:57:12,910] {logging_mixin.py:109} INFO - [2022-09-27 15:57:12,910] {dag.py:2935} INFO - Setting next_dagrun for data_ingestion_gcs_dag to 2022-09-27T00:00:00+00:00
[2022-09-27 15:57:12,925] {processor.py:171} INFO - Processing /opt/airflow/dags/data_upload_to_gcs.py took 0.259 seconds
[2022-09-27 15:57:43,237] {processor.py:163} INFO - Started process (PID=98) to work on /opt/airflow/dags/data_upload_to_gcs.py
[2022-09-27 15:57:43,239] {processor.py:642} INFO - Processing file /opt/airflow/dags/data_upload_to_gcs.py for tasks to queue
[2022-09-27 15:57:43,241] {logging_mixin.py:109} INFO - [2022-09-27 15:57:43,241] {dagbag.py:500} INFO - Filling up the DagBag from /opt/airflow/dags/data_upload_to_gcs.py
[2022-09-27 15:57:43,384] {processor.py:654} INFO - DAG(s) dict_keys(['data_ingestion_gcs_dag']) retrieved from /opt/airflow/dags/data_upload_to_gcs.py
[2022-09-27 15:57:43,394] {logging_mixin.py:109} INFO - [2022-09-27 15:57:43,393] {dag.py:2396} INFO - Sync 1 DAGs
[2022-09-27 15:57:43,423] {logging_mixin.py:109} INFO - [2022-09-27 15:57:43,423] {dag.py:2935} INFO - Setting next_dagrun for data_ingestion_gcs_dag to 2022-09-27T00:00:00+00:00
[2022-09-27 15:57:43,439] {processor.py:171} INFO - Processing /opt/airflow/dags/data_upload_to_gcs.py took 0.209 seconds
[2022-09-27 16:01:24,808] {processor.py:163} INFO - Started process (PID=46) to work on /opt/airflow/dags/data_upload_to_gcs.py
[2022-09-27 16:01:24,820] {processor.py:642} INFO - Processing file /opt/airflow/dags/data_upload_to_gcs.py for tasks to queue
[2022-09-27 16:01:24,823] {logging_mixin.py:109} INFO - [2022-09-27 16:01:24,822] {dagbag.py:500} INFO - Filling up the DagBag from /opt/airflow/dags/data_upload_to_gcs.py
[2022-09-27 16:01:25,362] {processor.py:654} INFO - DAG(s) dict_keys(['local_data_ingestion_gcs_dag']) retrieved from /opt/airflow/dags/data_upload_to_gcs.py
[2022-09-27 16:01:40,971] {logging_mixin.py:109} INFO - [2022-09-27 16:01:40,970] {manager.py:496} INFO - Created Permission View: can read on DAG:local_data_ingestion_gcs_dag
[2022-09-27 16:01:40,991] {logging_mixin.py:109} INFO - [2022-09-27 16:01:40,991] {manager.py:496} INFO - Created Permission View: can edit on DAG:local_data_ingestion_gcs_dag
[2022-09-27 16:01:40,997] {logging_mixin.py:109} INFO - [2022-09-27 16:01:40,996] {dag.py:2396} INFO - Sync 1 DAGs
[2022-09-27 16:01:41,034] {logging_mixin.py:109} INFO - [2022-09-27 16:01:41,033] {dag.py:2415} INFO - Creating ORM DAG for local_data_ingestion_gcs_dag
[2022-09-27 16:01:41,069] {logging_mixin.py:109} INFO - [2022-09-27 16:01:41,069] {dag.py:2935} INFO - Setting next_dagrun for local_data_ingestion_gcs_dag to 2022-09-26 00:00:00+00:00
[2022-09-27 16:01:41,196] {processor.py:171} INFO - Processing /opt/airflow/dags/data_upload_to_gcs.py took 16.394 seconds
[2022-09-27 16:02:11,836] {processor.py:163} INFO - Started process (PID=90) to work on /opt/airflow/dags/data_upload_to_gcs.py
[2022-09-27 16:02:11,839] {processor.py:642} INFO - Processing file /opt/airflow/dags/data_upload_to_gcs.py for tasks to queue
[2022-09-27 16:02:11,842] {logging_mixin.py:109} INFO - [2022-09-27 16:02:11,842] {dagbag.py:500} INFO - Filling up the DagBag from /opt/airflow/dags/data_upload_to_gcs.py
[2022-09-27 16:02:12,169] {processor.py:654} INFO - DAG(s) dict_keys(['local_data_ingestion_gcs_dag']) retrieved from /opt/airflow/dags/data_upload_to_gcs.py
[2022-09-27 16:02:12,194] {logging_mixin.py:109} INFO - [2022-09-27 16:02:12,193] {dag.py:2396} INFO - Sync 1 DAGs
[2022-09-27 16:02:12,264] {logging_mixin.py:109} INFO - [2022-09-27 16:02:12,263] {dag.py:2935} INFO - Setting next_dagrun for local_data_ingestion_gcs_dag to 2022-09-26 00:00:00+00:00
[2022-09-27 16:02:12,314] {processor.py:171} INFO - Processing /opt/airflow/dags/data_upload_to_gcs.py took 0.485 seconds
[2022-09-27 16:02:42,880] {processor.py:163} INFO - Started process (PID=115) to work on /opt/airflow/dags/data_upload_to_gcs.py
[2022-09-27 16:02:42,883] {processor.py:642} INFO - Processing file /opt/airflow/dags/data_upload_to_gcs.py for tasks to queue
[2022-09-27 16:02:42,884] {logging_mixin.py:109} INFO - [2022-09-27 16:02:42,884] {dagbag.py:500} INFO - Filling up the DagBag from /opt/airflow/dags/data_upload_to_gcs.py
[2022-09-27 16:02:43,025] {processor.py:654} INFO - DAG(s) dict_keys(['local_data_ingestion_gcs_dag']) retrieved from /opt/airflow/dags/data_upload_to_gcs.py
[2022-09-27 16:02:43,041] {logging_mixin.py:109} INFO - [2022-09-27 16:02:43,040] {dag.py:2396} INFO - Sync 1 DAGs
[2022-09-27 16:02:43,082] {processor.py:171} INFO - Processing /opt/airflow/dags/data_upload_to_gcs.py took 0.205 seconds
[2022-09-27 16:03:13,489] {processor.py:163} INFO - Started process (PID=140) to work on /opt/airflow/dags/data_upload_to_gcs.py
[2022-09-27 16:03:13,490] {processor.py:642} INFO - Processing file /opt/airflow/dags/data_upload_to_gcs.py for tasks to queue
[2022-09-27 16:03:13,491] {logging_mixin.py:109} INFO - [2022-09-27 16:03:13,491] {dagbag.py:500} INFO - Filling up the DagBag from /opt/airflow/dags/data_upload_to_gcs.py
[2022-09-27 16:03:13,581] {processor.py:654} INFO - DAG(s) dict_keys(['local_data_ingestion_gcs_dag']) retrieved from /opt/airflow/dags/data_upload_to_gcs.py
[2022-09-27 16:03:13,589] {logging_mixin.py:109} INFO - [2022-09-27 16:03:13,589] {dag.py:2396} INFO - Sync 1 DAGs
[2022-09-27 16:03:13,628] {processor.py:171} INFO - Processing /opt/airflow/dags/data_upload_to_gcs.py took 0.142 seconds
[2022-09-27 16:03:43,907] {processor.py:163} INFO - Started process (PID=166) to work on /opt/airflow/dags/data_upload_to_gcs.py
[2022-09-27 16:03:43,909] {processor.py:642} INFO - Processing file /opt/airflow/dags/data_upload_to_gcs.py for tasks to queue
[2022-09-27 16:03:43,910] {logging_mixin.py:109} INFO - [2022-09-27 16:03:43,910] {dagbag.py:500} INFO - Filling up the DagBag from /opt/airflow/dags/data_upload_to_gcs.py
[2022-09-27 16:03:44,054] {processor.py:654} INFO - DAG(s) dict_keys(['local_data_ingestion_gcs_dag']) retrieved from /opt/airflow/dags/data_upload_to_gcs.py
[2022-09-27 16:03:44,065] {logging_mixin.py:109} INFO - [2022-09-27 16:03:44,064] {dag.py:2396} INFO - Sync 1 DAGs
[2022-09-27 16:03:44,102] {processor.py:171} INFO - Processing /opt/airflow/dags/data_upload_to_gcs.py took 0.198 seconds
[2022-09-27 16:04:14,307] {processor.py:163} INFO - Started process (PID=200) to work on /opt/airflow/dags/data_upload_to_gcs.py
[2022-09-27 16:04:14,311] {processor.py:642} INFO - Processing file /opt/airflow/dags/data_upload_to_gcs.py for tasks to queue
[2022-09-27 16:04:14,313] {logging_mixin.py:109} INFO - [2022-09-27 16:04:14,312] {dagbag.py:500} INFO - Filling up the DagBag from /opt/airflow/dags/data_upload_to_gcs.py
[2022-09-27 16:04:14,469] {processor.py:654} INFO - DAG(s) dict_keys(['local_data_ingestion_gcs_dag']) retrieved from /opt/airflow/dags/data_upload_to_gcs.py
[2022-09-27 16:04:14,486] {logging_mixin.py:109} INFO - [2022-09-27 16:04:14,485] {dag.py:2396} INFO - Sync 1 DAGs
[2022-09-27 16:04:14,541] {processor.py:171} INFO - Processing /opt/airflow/dags/data_upload_to_gcs.py took 0.240 seconds
[2022-09-27 16:04:45,060] {processor.py:163} INFO - Started process (PID=226) to work on /opt/airflow/dags/data_upload_to_gcs.py
[2022-09-27 16:04:45,063] {processor.py:642} INFO - Processing file /opt/airflow/dags/data_upload_to_gcs.py for tasks to queue
[2022-09-27 16:04:45,064] {logging_mixin.py:109} INFO - [2022-09-27 16:04:45,064] {dagbag.py:500} INFO - Filling up the DagBag from /opt/airflow/dags/data_upload_to_gcs.py
[2022-09-27 16:04:45,162] {processor.py:654} INFO - DAG(s) dict_keys(['local_data_ingestion_gcs_dag']) retrieved from /opt/airflow/dags/data_upload_to_gcs.py
[2022-09-27 16:04:45,174] {logging_mixin.py:109} INFO - [2022-09-27 16:04:45,174] {dag.py:2396} INFO - Sync 1 DAGs
[2022-09-27 16:04:45,210] {processor.py:171} INFO - Processing /opt/airflow/dags/data_upload_to_gcs.py took 0.153 seconds
[2022-09-27 16:05:15,421] {processor.py:163} INFO - Started process (PID=252) to work on /opt/airflow/dags/data_upload_to_gcs.py
[2022-09-27 16:05:15,423] {processor.py:642} INFO - Processing file /opt/airflow/dags/data_upload_to_gcs.py for tasks to queue
[2022-09-27 16:05:15,425] {logging_mixin.py:109} INFO - [2022-09-27 16:05:15,424] {dagbag.py:500} INFO - Filling up the DagBag from /opt/airflow/dags/data_upload_to_gcs.py
[2022-09-27 16:05:15,571] {processor.py:654} INFO - DAG(s) dict_keys(['local_data_ingestion_gcs_dag']) retrieved from /opt/airflow/dags/data_upload_to_gcs.py
[2022-09-27 16:05:15,582] {logging_mixin.py:109} INFO - [2022-09-27 16:05:15,582] {dag.py:2396} INFO - Sync 1 DAGs
[2022-09-27 16:05:15,655] {processor.py:171} INFO - Processing /opt/airflow/dags/data_upload_to_gcs.py took 0.240 seconds
[2022-09-27 16:05:46,084] {processor.py:163} INFO - Started process (PID=278) to work on /opt/airflow/dags/data_upload_to_gcs.py
[2022-09-27 16:05:46,087] {processor.py:642} INFO - Processing file /opt/airflow/dags/data_upload_to_gcs.py for tasks to queue
[2022-09-27 16:05:46,089] {logging_mixin.py:109} INFO - [2022-09-27 16:05:46,089] {dagbag.py:500} INFO - Filling up the DagBag from /opt/airflow/dags/data_upload_to_gcs.py
[2022-09-27 16:05:46,312] {processor.py:654} INFO - DAG(s) dict_keys(['local_data_ingestion_gcs_dag']) retrieved from /opt/airflow/dags/data_upload_to_gcs.py
[2022-09-27 16:05:46,358] {logging_mixin.py:109} INFO - [2022-09-27 16:05:46,357] {dag.py:2396} INFO - Sync 1 DAGs
[2022-09-27 16:05:46,611] {processor.py:171} INFO - Processing /opt/airflow/dags/data_upload_to_gcs.py took 0.531 seconds
[2022-09-27 16:06:17,001] {processor.py:163} INFO - Started process (PID=309) to work on /opt/airflow/dags/data_upload_to_gcs.py
[2022-09-27 16:06:17,030] {processor.py:642} INFO - Processing file /opt/airflow/dags/data_upload_to_gcs.py for tasks to queue
[2022-09-27 16:06:17,032] {logging_mixin.py:109} INFO - [2022-09-27 16:06:17,031] {dagbag.py:500} INFO - Filling up the DagBag from /opt/airflow/dags/data_upload_to_gcs.py
[2022-09-27 16:06:17,642] {processor.py:654} INFO - DAG(s) dict_keys(['local_data_ingestion_gcs_dag']) retrieved from /opt/airflow/dags/data_upload_to_gcs.py
[2022-09-27 16:06:17,689] {logging_mixin.py:109} INFO - [2022-09-27 16:06:17,671] {dag.py:2396} INFO - Sync 1 DAGs
[2022-09-27 16:06:18,760] {processor.py:171} INFO - Processing /opt/airflow/dags/data_upload_to_gcs.py took 1.765 seconds
[2022-09-27 16:06:49,611] {processor.py:163} INFO - Started process (PID=331) to work on /opt/airflow/dags/data_upload_to_gcs.py
[2022-09-27 16:06:49,614] {processor.py:642} INFO - Processing file /opt/airflow/dags/data_upload_to_gcs.py for tasks to queue
[2022-09-27 16:06:49,616] {logging_mixin.py:109} INFO - [2022-09-27 16:06:49,616] {dagbag.py:500} INFO - Filling up the DagBag from /opt/airflow/dags/data_upload_to_gcs.py
[2022-09-27 16:06:50,209] {processor.py:654} INFO - DAG(s) dict_keys(['local_data_ingestion_gcs_dag']) retrieved from /opt/airflow/dags/data_upload_to_gcs.py
[2022-09-27 16:06:50,270] {logging_mixin.py:109} INFO - [2022-09-27 16:06:50,270] {dag.py:2396} INFO - Sync 1 DAGs
[2022-09-27 16:06:50,580] {processor.py:171} INFO - Processing /opt/airflow/dags/data_upload_to_gcs.py took 0.981 seconds
[2022-09-27 16:09:17,170] {processor.py:163} INFO - Started process (PID=47) to work on /opt/airflow/dags/data_upload_to_gcs.py
[2022-09-27 16:09:17,206] {processor.py:642} INFO - Processing file /opt/airflow/dags/data_upload_to_gcs.py for tasks to queue
[2022-09-27 16:09:17,299] {logging_mixin.py:109} INFO - [2022-09-27 16:09:17,299] {dagbag.py:500} INFO - Filling up the DagBag from /opt/airflow/dags/data_upload_to_gcs.py
[2022-09-27 16:09:18,211] {processor.py:654} INFO - DAG(s) dict_keys(['local_data_ingestion_gcs_dag']) retrieved from /opt/airflow/dags/data_upload_to_gcs.py
[2022-09-27 16:09:18,340] {logging_mixin.py:109} INFO - [2022-09-27 16:09:18,340] {dag.py:2396} INFO - Sync 1 DAGs
[2022-09-27 16:09:18,598] {processor.py:171} INFO - Processing /opt/airflow/dags/data_upload_to_gcs.py took 1.516 seconds
[2022-09-27 16:09:49,128] {processor.py:163} INFO - Started process (PID=73) to work on /opt/airflow/dags/data_upload_to_gcs.py
[2022-09-27 16:09:49,130] {processor.py:642} INFO - Processing file /opt/airflow/dags/data_upload_to_gcs.py for tasks to queue
[2022-09-27 16:09:49,143] {logging_mixin.py:109} INFO - [2022-09-27 16:09:49,142] {dagbag.py:500} INFO - Filling up the DagBag from /opt/airflow/dags/data_upload_to_gcs.py
[2022-09-27 16:09:49,589] {processor.py:654} INFO - DAG(s) dict_keys(['local_data_ingestion_gcs_dag']) retrieved from /opt/airflow/dags/data_upload_to_gcs.py
[2022-09-27 16:09:49,606] {logging_mixin.py:109} INFO - [2022-09-27 16:09:49,605] {dag.py:2396} INFO - Sync 1 DAGs
[2022-09-27 16:09:49,709] {processor.py:171} INFO - Processing /opt/airflow/dags/data_upload_to_gcs.py took 0.587 seconds
[2022-09-27 16:10:20,380] {processor.py:163} INFO - Started process (PID=99) to work on /opt/airflow/dags/data_upload_to_gcs.py
[2022-09-27 16:10:20,382] {processor.py:642} INFO - Processing file /opt/airflow/dags/data_upload_to_gcs.py for tasks to queue
[2022-09-27 16:10:20,384] {logging_mixin.py:109} INFO - [2022-09-27 16:10:20,384] {dagbag.py:500} INFO - Filling up the DagBag from /opt/airflow/dags/data_upload_to_gcs.py
[2022-09-27 16:10:20,591] {processor.py:654} INFO - DAG(s) dict_keys(['local_data_ingestion_gcs_dag']) retrieved from /opt/airflow/dags/data_upload_to_gcs.py
[2022-09-27 16:10:20,625] {logging_mixin.py:109} INFO - [2022-09-27 16:10:20,624] {dag.py:2396} INFO - Sync 1 DAGs
[2022-09-27 16:10:20,725] {processor.py:171} INFO - Processing /opt/airflow/dags/data_upload_to_gcs.py took 0.349 seconds
[2022-09-27 16:10:50,892] {processor.py:163} INFO - Started process (PID=127) to work on /opt/airflow/dags/data_upload_to_gcs.py
[2022-09-27 16:10:50,895] {processor.py:642} INFO - Processing file /opt/airflow/dags/data_upload_to_gcs.py for tasks to queue
[2022-09-27 16:10:50,897] {logging_mixin.py:109} INFO - [2022-09-27 16:10:50,896] {dagbag.py:500} INFO - Filling up the DagBag from /opt/airflow/dags/data_upload_to_gcs.py
[2022-09-27 16:10:51,116] {processor.py:654} INFO - DAG(s) dict_keys(['local_data_ingestion_gcs_dag']) retrieved from /opt/airflow/dags/data_upload_to_gcs.py
[2022-09-27 16:10:51,130] {logging_mixin.py:109} INFO - [2022-09-27 16:10:51,129] {dag.py:2396} INFO - Sync 1 DAGs
[2022-09-27 16:10:51,171] {processor.py:171} INFO - Processing /opt/airflow/dags/data_upload_to_gcs.py took 0.293 seconds
[2022-09-27 16:11:21,957] {processor.py:163} INFO - Started process (PID=152) to work on /opt/airflow/dags/data_upload_to_gcs.py
[2022-09-27 16:11:21,959] {processor.py:642} INFO - Processing file /opt/airflow/dags/data_upload_to_gcs.py for tasks to queue
[2022-09-27 16:11:21,961] {logging_mixin.py:109} INFO - [2022-09-27 16:11:21,961] {dagbag.py:500} INFO - Filling up the DagBag from /opt/airflow/dags/data_upload_to_gcs.py
[2022-09-27 16:11:22,286] {processor.py:654} INFO - DAG(s) dict_keys(['local_data_ingestion_gcs_dag']) retrieved from /opt/airflow/dags/data_upload_to_gcs.py
[2022-09-27 16:11:22,302] {logging_mixin.py:109} INFO - [2022-09-27 16:11:22,301] {dag.py:2396} INFO - Sync 1 DAGs
[2022-09-27 16:11:22,353] {processor.py:171} INFO - Processing /opt/airflow/dags/data_upload_to_gcs.py took 0.401 seconds
[2022-09-27 16:11:52,601] {processor.py:163} INFO - Started process (PID=177) to work on /opt/airflow/dags/data_upload_to_gcs.py
[2022-09-27 16:11:52,603] {processor.py:642} INFO - Processing file /opt/airflow/dags/data_upload_to_gcs.py for tasks to queue
[2022-09-27 16:11:52,604] {logging_mixin.py:109} INFO - [2022-09-27 16:11:52,604] {dagbag.py:500} INFO - Filling up the DagBag from /opt/airflow/dags/data_upload_to_gcs.py
[2022-09-27 16:11:52,743] {processor.py:654} INFO - DAG(s) dict_keys(['local_data_ingestion_gcs_dag']) retrieved from /opt/airflow/dags/data_upload_to_gcs.py
[2022-09-27 16:11:52,757] {logging_mixin.py:109} INFO - [2022-09-27 16:11:52,756] {dag.py:2396} INFO - Sync 1 DAGs
[2022-09-27 16:11:52,821] {processor.py:171} INFO - Processing /opt/airflow/dags/data_upload_to_gcs.py took 0.225 seconds
[2022-09-27 16:12:23,234] {processor.py:163} INFO - Started process (PID=203) to work on /opt/airflow/dags/data_upload_to_gcs.py
[2022-09-27 16:12:23,240] {processor.py:642} INFO - Processing file /opt/airflow/dags/data_upload_to_gcs.py for tasks to queue
[2022-09-27 16:12:23,242] {logging_mixin.py:109} INFO - [2022-09-27 16:12:23,242] {dagbag.py:500} INFO - Filling up the DagBag from /opt/airflow/dags/data_upload_to_gcs.py
[2022-09-27 16:12:23,392] {processor.py:654} INFO - DAG(s) dict_keys(['local_data_ingestion_gcs_dag']) retrieved from /opt/airflow/dags/data_upload_to_gcs.py
[2022-09-27 16:12:23,404] {logging_mixin.py:109} INFO - [2022-09-27 16:12:23,404] {dag.py:2396} INFO - Sync 1 DAGs
[2022-09-27 16:12:23,447] {processor.py:171} INFO - Processing /opt/airflow/dags/data_upload_to_gcs.py took 0.217 seconds
[2022-09-27 16:12:53,536] {processor.py:163} INFO - Started process (PID=229) to work on /opt/airflow/dags/data_upload_to_gcs.py
[2022-09-27 16:12:53,539] {processor.py:642} INFO - Processing file /opt/airflow/dags/data_upload_to_gcs.py for tasks to queue
[2022-09-27 16:12:53,540] {logging_mixin.py:109} INFO - [2022-09-27 16:12:53,540] {dagbag.py:500} INFO - Filling up the DagBag from /opt/airflow/dags/data_upload_to_gcs.py
[2022-09-27 16:12:53,758] {processor.py:654} INFO - DAG(s) dict_keys(['local_data_ingestion_gcs_dag']) retrieved from /opt/airflow/dags/data_upload_to_gcs.py
[2022-09-27 16:12:53,770] {logging_mixin.py:109} INFO - [2022-09-27 16:12:53,770] {dag.py:2396} INFO - Sync 1 DAGs
[2022-09-27 16:12:53,809] {processor.py:171} INFO - Processing /opt/airflow/dags/data_upload_to_gcs.py took 0.277 seconds
[2022-09-27 16:13:24,042] {processor.py:163} INFO - Started process (PID=253) to work on /opt/airflow/dags/data_upload_to_gcs.py
[2022-09-27 16:13:24,045] {processor.py:642} INFO - Processing file /opt/airflow/dags/data_upload_to_gcs.py for tasks to queue
[2022-09-27 16:13:24,046] {logging_mixin.py:109} INFO - [2022-09-27 16:13:24,046] {dagbag.py:500} INFO - Filling up the DagBag from /opt/airflow/dags/data_upload_to_gcs.py
[2022-09-27 16:13:24,281] {processor.py:654} INFO - DAG(s) dict_keys(['local_data_ingestion_gcs_dag']) retrieved from /opt/airflow/dags/data_upload_to_gcs.py
[2022-09-27 16:13:24,296] {logging_mixin.py:109} INFO - [2022-09-27 16:13:24,296] {dag.py:2396} INFO - Sync 1 DAGs
[2022-09-27 16:13:24,344] {processor.py:171} INFO - Processing /opt/airflow/dags/data_upload_to_gcs.py took 0.306 seconds
[2022-09-27 16:13:55,019] {processor.py:163} INFO - Started process (PID=278) to work on /opt/airflow/dags/data_upload_to_gcs.py
[2022-09-27 16:13:55,022] {processor.py:642} INFO - Processing file /opt/airflow/dags/data_upload_to_gcs.py for tasks to queue
[2022-09-27 16:13:55,025] {logging_mixin.py:109} INFO - [2022-09-27 16:13:55,025] {dagbag.py:500} INFO - Filling up the DagBag from /opt/airflow/dags/data_upload_to_gcs.py
[2022-09-27 16:13:55,281] {processor.py:654} INFO - DAG(s) dict_keys(['local_data_ingestion_gcs_dag']) retrieved from /opt/airflow/dags/data_upload_to_gcs.py
[2022-09-27 16:13:55,305] {logging_mixin.py:109} INFO - [2022-09-27 16:13:55,304] {dag.py:2396} INFO - Sync 1 DAGs
[2022-09-27 16:13:55,386] {processor.py:171} INFO - Processing /opt/airflow/dags/data_upload_to_gcs.py took 0.374 seconds
[2022-09-27 16:14:25,998] {processor.py:163} INFO - Started process (PID=303) to work on /opt/airflow/dags/data_upload_to_gcs.py
[2022-09-27 16:14:26,001] {processor.py:642} INFO - Processing file /opt/airflow/dags/data_upload_to_gcs.py for tasks to queue
[2022-09-27 16:14:26,003] {logging_mixin.py:109} INFO - [2022-09-27 16:14:26,003] {dagbag.py:500} INFO - Filling up the DagBag from /opt/airflow/dags/data_upload_to_gcs.py
[2022-09-27 16:14:26,219] {processor.py:654} INFO - DAG(s) dict_keys(['local_data_ingestion_gcs_dag']) retrieved from /opt/airflow/dags/data_upload_to_gcs.py
[2022-09-27 16:14:26,242] {logging_mixin.py:109} INFO - [2022-09-27 16:14:26,242] {dag.py:2396} INFO - Sync 1 DAGs
[2022-09-27 16:14:26,416] {processor.py:171} INFO - Processing /opt/airflow/dags/data_upload_to_gcs.py took 0.426 seconds
[2022-09-27 16:14:57,289] {processor.py:163} INFO - Started process (PID=328) to work on /opt/airflow/dags/data_upload_to_gcs.py
[2022-09-27 16:14:57,291] {processor.py:642} INFO - Processing file /opt/airflow/dags/data_upload_to_gcs.py for tasks to queue
[2022-09-27 16:14:57,293] {logging_mixin.py:109} INFO - [2022-09-27 16:14:57,293] {dagbag.py:500} INFO - Filling up the DagBag from /opt/airflow/dags/data_upload_to_gcs.py
[2022-09-27 16:14:57,443] {processor.py:654} INFO - DAG(s) dict_keys(['local_data_ingestion_gcs_dag']) retrieved from /opt/airflow/dags/data_upload_to_gcs.py
[2022-09-27 16:14:57,458] {logging_mixin.py:109} INFO - [2022-09-27 16:14:57,458] {dag.py:2396} INFO - Sync 1 DAGs
[2022-09-27 16:14:57,651] {processor.py:171} INFO - Processing /opt/airflow/dags/data_upload_to_gcs.py took 0.366 seconds
[2022-09-27 16:15:27,915] {processor.py:163} INFO - Started process (PID=353) to work on /opt/airflow/dags/data_upload_to_gcs.py
[2022-09-27 16:15:27,917] {processor.py:642} INFO - Processing file /opt/airflow/dags/data_upload_to_gcs.py for tasks to queue
[2022-09-27 16:15:27,919] {logging_mixin.py:109} INFO - [2022-09-27 16:15:27,918] {dagbag.py:500} INFO - Filling up the DagBag from /opt/airflow/dags/data_upload_to_gcs.py
[2022-09-27 16:15:28,101] {processor.py:654} INFO - DAG(s) dict_keys(['local_data_ingestion_gcs_dag']) retrieved from /opt/airflow/dags/data_upload_to_gcs.py
[2022-09-27 16:15:28,113] {logging_mixin.py:109} INFO - [2022-09-27 16:15:28,113] {dag.py:2396} INFO - Sync 1 DAGs
[2022-09-27 16:15:28,251] {processor.py:171} INFO - Processing /opt/airflow/dags/data_upload_to_gcs.py took 0.340 seconds
[2022-09-27 16:15:58,774] {processor.py:163} INFO - Started process (PID=378) to work on /opt/airflow/dags/data_upload_to_gcs.py
[2022-09-27 16:15:58,775] {processor.py:642} INFO - Processing file /opt/airflow/dags/data_upload_to_gcs.py for tasks to queue
[2022-09-27 16:15:58,777] {logging_mixin.py:109} INFO - [2022-09-27 16:15:58,777] {dagbag.py:500} INFO - Filling up the DagBag from /opt/airflow/dags/data_upload_to_gcs.py
[2022-09-27 16:15:58,962] {processor.py:654} INFO - DAG(s) dict_keys(['local_data_ingestion_gcs_dag']) retrieved from /opt/airflow/dags/data_upload_to_gcs.py
[2022-09-27 16:15:58,979] {logging_mixin.py:109} INFO - [2022-09-27 16:15:58,979] {dag.py:2396} INFO - Sync 1 DAGs
[2022-09-27 16:15:59,100] {processor.py:171} INFO - Processing /opt/airflow/dags/data_upload_to_gcs.py took 0.332 seconds
[2022-09-27 16:16:29,388] {processor.py:163} INFO - Started process (PID=404) to work on /opt/airflow/dags/data_upload_to_gcs.py
[2022-09-27 16:16:29,390] {processor.py:642} INFO - Processing file /opt/airflow/dags/data_upload_to_gcs.py for tasks to queue
[2022-09-27 16:16:29,392] {logging_mixin.py:109} INFO - [2022-09-27 16:16:29,392] {dagbag.py:500} INFO - Filling up the DagBag from /opt/airflow/dags/data_upload_to_gcs.py
[2022-09-27 16:16:29,565] {processor.py:654} INFO - DAG(s) dict_keys(['local_data_ingestion_gcs_dag']) retrieved from /opt/airflow/dags/data_upload_to_gcs.py
[2022-09-27 16:16:29,582] {logging_mixin.py:109} INFO - [2022-09-27 16:16:29,582] {dag.py:2396} INFO - Sync 1 DAGs
[2022-09-27 16:16:29,735] {processor.py:171} INFO - Processing /opt/airflow/dags/data_upload_to_gcs.py took 0.352 seconds
[2022-09-27 16:25:33,049] {processor.py:163} INFO - Started process (PID=38) to work on /opt/airflow/dags/data_upload_to_gcs.py
[2022-09-27 16:25:33,060] {processor.py:642} INFO - Processing file /opt/airflow/dags/data_upload_to_gcs.py for tasks to queue
[2022-09-27 16:25:33,063] {logging_mixin.py:109} INFO - [2022-09-27 16:25:33,062] {dagbag.py:500} INFO - Filling up the DagBag from /opt/airflow/dags/data_upload_to_gcs.py
[2022-09-27 16:25:33,433] {processor.py:654} INFO - DAG(s) dict_keys(['local_data_ingestion_gcs_dag']) retrieved from /opt/airflow/dags/data_upload_to_gcs.py
[2022-09-27 16:25:34,310] {logging_mixin.py:109} INFO - [2022-09-27 16:25:34,309] {dag.py:2396} INFO - Sync 1 DAGs
[2022-09-27 16:25:34,431] {processor.py:171} INFO - Processing /opt/airflow/dags/data_upload_to_gcs.py took 1.385 seconds
[2022-09-27 16:26:04,634] {processor.py:163} INFO - Started process (PID=64) to work on /opt/airflow/dags/data_upload_to_gcs.py
[2022-09-27 16:26:04,636] {processor.py:642} INFO - Processing file /opt/airflow/dags/data_upload_to_gcs.py for tasks to queue
[2022-09-27 16:26:04,637] {logging_mixin.py:109} INFO - [2022-09-27 16:26:04,637] {dagbag.py:500} INFO - Filling up the DagBag from /opt/airflow/dags/data_upload_to_gcs.py
[2022-09-27 16:26:05,790] {processor.py:654} INFO - DAG(s) dict_keys(['local_data_ingestion_gcs_dag']) retrieved from /opt/airflow/dags/data_upload_to_gcs.py
[2022-09-27 16:26:05,864] {logging_mixin.py:109} INFO - [2022-09-27 16:26:05,863] {dag.py:2396} INFO - Sync 1 DAGs
[2022-09-27 16:26:06,017] {processor.py:171} INFO - Processing /opt/airflow/dags/data_upload_to_gcs.py took 1.388 seconds
[2022-09-27 16:26:36,529] {processor.py:163} INFO - Started process (PID=91) to work on /opt/airflow/dags/data_upload_to_gcs.py
[2022-09-27 16:26:36,534] {processor.py:642} INFO - Processing file /opt/airflow/dags/data_upload_to_gcs.py for tasks to queue
[2022-09-27 16:26:36,536] {logging_mixin.py:109} INFO - [2022-09-27 16:26:36,536] {dagbag.py:500} INFO - Filling up the DagBag from /opt/airflow/dags/data_upload_to_gcs.py
[2022-09-27 16:26:36,709] {processor.py:654} INFO - DAG(s) dict_keys(['local_data_ingestion_gcs_dag']) retrieved from /opt/airflow/dags/data_upload_to_gcs.py
[2022-09-27 16:26:36,766] {logging_mixin.py:109} INFO - [2022-09-27 16:26:36,765] {dag.py:2396} INFO - Sync 1 DAGs
[2022-09-27 16:26:36,815] {processor.py:171} INFO - Processing /opt/airflow/dags/data_upload_to_gcs.py took 0.296 seconds
[2022-09-27 16:27:07,236] {processor.py:163} INFO - Started process (PID=117) to work on /opt/airflow/dags/data_upload_to_gcs.py
[2022-09-27 16:27:07,238] {processor.py:642} INFO - Processing file /opt/airflow/dags/data_upload_to_gcs.py for tasks to queue
[2022-09-27 16:27:07,240] {logging_mixin.py:109} INFO - [2022-09-27 16:27:07,240] {dagbag.py:500} INFO - Filling up the DagBag from /opt/airflow/dags/data_upload_to_gcs.py
[2022-09-27 16:27:07,634] {processor.py:654} INFO - DAG(s) dict_keys(['local_data_ingestion_gcs_dag']) retrieved from /opt/airflow/dags/data_upload_to_gcs.py
[2022-09-27 16:27:07,655] {logging_mixin.py:109} INFO - [2022-09-27 16:27:07,653] {dag.py:2396} INFO - Sync 1 DAGs
[2022-09-27 16:27:07,710] {processor.py:171} INFO - Processing /opt/airflow/dags/data_upload_to_gcs.py took 0.479 seconds
[2022-09-27 16:27:38,203] {processor.py:163} INFO - Started process (PID=142) to work on /opt/airflow/dags/data_upload_to_gcs.py
[2022-09-27 16:27:38,205] {processor.py:642} INFO - Processing file /opt/airflow/dags/data_upload_to_gcs.py for tasks to queue
[2022-09-27 16:27:38,207] {logging_mixin.py:109} INFO - [2022-09-27 16:27:38,207] {dagbag.py:500} INFO - Filling up the DagBag from /opt/airflow/dags/data_upload_to_gcs.py
[2022-09-27 16:27:38,401] {processor.py:654} INFO - DAG(s) dict_keys(['local_data_ingestion_gcs_dag']) retrieved from /opt/airflow/dags/data_upload_to_gcs.py
[2022-09-27 16:27:38,420] {logging_mixin.py:109} INFO - [2022-09-27 16:27:38,420] {dag.py:2396} INFO - Sync 1 DAGs
[2022-09-27 16:27:38,474] {processor.py:171} INFO - Processing /opt/airflow/dags/data_upload_to_gcs.py took 0.280 seconds
[2022-09-27 16:28:08,886] {processor.py:163} INFO - Started process (PID=168) to work on /opt/airflow/dags/data_upload_to_gcs.py
[2022-09-27 16:28:08,889] {processor.py:642} INFO - Processing file /opt/airflow/dags/data_upload_to_gcs.py for tasks to queue
[2022-09-27 16:28:08,890] {logging_mixin.py:109} INFO - [2022-09-27 16:28:08,890] {dagbag.py:500} INFO - Filling up the DagBag from /opt/airflow/dags/data_upload_to_gcs.py
[2022-09-27 16:28:09,086] {processor.py:654} INFO - DAG(s) dict_keys(['local_data_ingestion_gcs_dag']) retrieved from /opt/airflow/dags/data_upload_to_gcs.py
[2022-09-27 16:28:09,107] {logging_mixin.py:109} INFO - [2022-09-27 16:28:09,106] {dag.py:2396} INFO - Sync 1 DAGs
[2022-09-27 16:28:09,159] {processor.py:171} INFO - Processing /opt/airflow/dags/data_upload_to_gcs.py took 0.280 seconds
[2022-09-27 16:28:39,530] {processor.py:163} INFO - Started process (PID=193) to work on /opt/airflow/dags/data_upload_to_gcs.py
[2022-09-27 16:28:39,532] {processor.py:642} INFO - Processing file /opt/airflow/dags/data_upload_to_gcs.py for tasks to queue
[2022-09-27 16:28:39,534] {logging_mixin.py:109} INFO - [2022-09-27 16:28:39,534] {dagbag.py:500} INFO - Filling up the DagBag from /opt/airflow/dags/data_upload_to_gcs.py
[2022-09-27 16:28:39,690] {processor.py:654} INFO - DAG(s) dict_keys(['local_data_ingestion_gcs_dag']) retrieved from /opt/airflow/dags/data_upload_to_gcs.py
[2022-09-27 16:28:39,707] {logging_mixin.py:109} INFO - [2022-09-27 16:28:39,707] {dag.py:2396} INFO - Sync 1 DAGs
[2022-09-27 16:28:39,817] {processor.py:171} INFO - Processing /opt/airflow/dags/data_upload_to_gcs.py took 0.292 seconds
[2022-09-27 16:29:10,254] {processor.py:163} INFO - Started process (PID=218) to work on /opt/airflow/dags/data_upload_to_gcs.py
[2022-09-27 16:29:10,256] {processor.py:642} INFO - Processing file /opt/airflow/dags/data_upload_to_gcs.py for tasks to queue
[2022-09-27 16:29:10,257] {logging_mixin.py:109} INFO - [2022-09-27 16:29:10,257] {dagbag.py:500} INFO - Filling up the DagBag from /opt/airflow/dags/data_upload_to_gcs.py
[2022-09-27 16:29:10,430] {processor.py:654} INFO - DAG(s) dict_keys(['local_data_ingestion_gcs_dag']) retrieved from /opt/airflow/dags/data_upload_to_gcs.py
[2022-09-27 16:29:10,465] {logging_mixin.py:109} INFO - [2022-09-27 16:29:10,464] {dag.py:2396} INFO - Sync 1 DAGs
[2022-09-27 16:29:10,524] {processor.py:171} INFO - Processing /opt/airflow/dags/data_upload_to_gcs.py took 0.274 seconds
[2022-09-27 16:29:40,761] {processor.py:163} INFO - Started process (PID=243) to work on /opt/airflow/dags/data_upload_to_gcs.py
[2022-09-27 16:29:40,764] {processor.py:642} INFO - Processing file /opt/airflow/dags/data_upload_to_gcs.py for tasks to queue
[2022-09-27 16:29:40,767] {logging_mixin.py:109} INFO - [2022-09-27 16:29:40,767] {dagbag.py:500} INFO - Filling up the DagBag from /opt/airflow/dags/data_upload_to_gcs.py
[2022-09-27 16:29:41,418] {processor.py:654} INFO - DAG(s) dict_keys(['local_data_ingestion_gcs_dag']) retrieved from /opt/airflow/dags/data_upload_to_gcs.py
[2022-09-27 16:29:41,476] {logging_mixin.py:109} INFO - [2022-09-27 16:29:41,476] {dag.py:2396} INFO - Sync 1 DAGs
[2022-09-27 16:29:41,596] {processor.py:171} INFO - Processing /opt/airflow/dags/data_upload_to_gcs.py took 0.842 seconds
[2022-09-27 16:30:12,124] {processor.py:163} INFO - Started process (PID=268) to work on /opt/airflow/dags/data_upload_to_gcs.py
[2022-09-27 16:30:12,127] {processor.py:642} INFO - Processing file /opt/airflow/dags/data_upload_to_gcs.py for tasks to queue
[2022-09-27 16:30:12,128] {logging_mixin.py:109} INFO - [2022-09-27 16:30:12,128] {dagbag.py:500} INFO - Filling up the DagBag from /opt/airflow/dags/data_upload_to_gcs.py
[2022-09-27 16:30:12,334] {processor.py:654} INFO - DAG(s) dict_keys(['local_data_ingestion_gcs_dag']) retrieved from /opt/airflow/dags/data_upload_to_gcs.py
[2022-09-27 16:30:12,353] {logging_mixin.py:109} INFO - [2022-09-27 16:30:12,352] {dag.py:2396} INFO - Sync 1 DAGs
[2022-09-27 16:30:12,557] {processor.py:171} INFO - Processing /opt/airflow/dags/data_upload_to_gcs.py took 0.440 seconds
[2022-09-27 16:30:43,148] {processor.py:163} INFO - Started process (PID=302) to work on /opt/airflow/dags/data_upload_to_gcs.py
[2022-09-27 16:30:43,154] {processor.py:642} INFO - Processing file /opt/airflow/dags/data_upload_to_gcs.py for tasks to queue
[2022-09-27 16:30:43,156] {logging_mixin.py:109} INFO - [2022-09-27 16:30:43,156] {dagbag.py:500} INFO - Filling up the DagBag from /opt/airflow/dags/data_upload_to_gcs.py
[2022-09-27 16:30:43,314] {processor.py:654} INFO - DAG(s) dict_keys(['local_data_ingestion_gcs_dag']) retrieved from /opt/airflow/dags/data_upload_to_gcs.py
[2022-09-27 16:30:43,328] {logging_mixin.py:109} INFO - [2022-09-27 16:30:43,328] {dag.py:2396} INFO - Sync 1 DAGs
[2022-09-27 16:30:43,476] {processor.py:171} INFO - Processing /opt/airflow/dags/data_upload_to_gcs.py took 0.333 seconds
[2022-09-27 16:31:13,658] {processor.py:163} INFO - Started process (PID=327) to work on /opt/airflow/dags/data_upload_to_gcs.py
[2022-09-27 16:31:13,661] {processor.py:642} INFO - Processing file /opt/airflow/dags/data_upload_to_gcs.py for tasks to queue
[2022-09-27 16:31:13,663] {logging_mixin.py:109} INFO - [2022-09-27 16:31:13,663] {dagbag.py:500} INFO - Filling up the DagBag from /opt/airflow/dags/data_upload_to_gcs.py
[2022-09-27 16:31:13,872] {processor.py:654} INFO - DAG(s) dict_keys(['local_data_ingestion_gcs_dag']) retrieved from /opt/airflow/dags/data_upload_to_gcs.py
[2022-09-27 16:31:13,896] {logging_mixin.py:109} INFO - [2022-09-27 16:31:13,896] {dag.py:2396} INFO - Sync 1 DAGs
[2022-09-27 16:31:14,094] {processor.py:171} INFO - Processing /opt/airflow/dags/data_upload_to_gcs.py took 0.446 seconds
[2022-09-27 16:31:44,546] {processor.py:163} INFO - Started process (PID=353) to work on /opt/airflow/dags/data_upload_to_gcs.py
[2022-09-27 16:31:44,548] {processor.py:642} INFO - Processing file /opt/airflow/dags/data_upload_to_gcs.py for tasks to queue
[2022-09-27 16:31:44,550] {logging_mixin.py:109} INFO - [2022-09-27 16:31:44,550] {dagbag.py:500} INFO - Filling up the DagBag from /opt/airflow/dags/data_upload_to_gcs.py
[2022-09-27 16:31:44,737] {processor.py:654} INFO - DAG(s) dict_keys(['local_data_ingestion_gcs_dag']) retrieved from /opt/airflow/dags/data_upload_to_gcs.py
[2022-09-27 16:31:44,755] {logging_mixin.py:109} INFO - [2022-09-27 16:31:44,754] {dag.py:2396} INFO - Sync 1 DAGs
[2022-09-27 16:31:44,954] {processor.py:171} INFO - Processing /opt/airflow/dags/data_upload_to_gcs.py took 0.413 seconds
[2022-09-27 16:32:15,459] {processor.py:163} INFO - Started process (PID=378) to work on /opt/airflow/dags/data_upload_to_gcs.py
[2022-09-27 16:32:15,462] {processor.py:642} INFO - Processing file /opt/airflow/dags/data_upload_to_gcs.py for tasks to queue
[2022-09-27 16:32:15,464] {logging_mixin.py:109} INFO - [2022-09-27 16:32:15,463] {dagbag.py:500} INFO - Filling up the DagBag from /opt/airflow/dags/data_upload_to_gcs.py
[2022-09-27 16:32:15,760] {processor.py:654} INFO - DAG(s) dict_keys(['local_data_ingestion_gcs_dag']) retrieved from /opt/airflow/dags/data_upload_to_gcs.py
[2022-09-27 16:32:15,797] {logging_mixin.py:109} INFO - [2022-09-27 16:32:15,792] {dag.py:2396} INFO - Sync 1 DAGs
[2022-09-27 16:32:16,050] {processor.py:171} INFO - Processing /opt/airflow/dags/data_upload_to_gcs.py took 0.596 seconds
[2022-09-27 16:32:46,216] {processor.py:163} INFO - Started process (PID=403) to work on /opt/airflow/dags/data_upload_to_gcs.py
[2022-09-27 16:32:46,218] {processor.py:642} INFO - Processing file /opt/airflow/dags/data_upload_to_gcs.py for tasks to queue
[2022-09-27 16:32:46,220] {logging_mixin.py:109} INFO - [2022-09-27 16:32:46,220] {dagbag.py:500} INFO - Filling up the DagBag from /opt/airflow/dags/data_upload_to_gcs.py
[2022-09-27 16:32:46,527] {processor.py:654} INFO - DAG(s) dict_keys(['local_data_ingestion_gcs_dag']) retrieved from /opt/airflow/dags/data_upload_to_gcs.py
[2022-09-27 16:32:46,544] {logging_mixin.py:109} INFO - [2022-09-27 16:32:46,543] {dag.py:2396} INFO - Sync 1 DAGs
[2022-09-27 16:32:46,676] {processor.py:171} INFO - Processing /opt/airflow/dags/data_upload_to_gcs.py took 0.465 seconds
[2022-09-27 16:33:17,308] {processor.py:163} INFO - Started process (PID=428) to work on /opt/airflow/dags/data_upload_to_gcs.py
[2022-09-27 16:33:17,313] {processor.py:642} INFO - Processing file /opt/airflow/dags/data_upload_to_gcs.py for tasks to queue
[2022-09-27 16:33:17,315] {logging_mixin.py:109} INFO - [2022-09-27 16:33:17,315] {dagbag.py:500} INFO - Filling up the DagBag from /opt/airflow/dags/data_upload_to_gcs.py
[2022-09-27 16:33:17,631] {processor.py:654} INFO - DAG(s) dict_keys(['local_data_ingestion_gcs_dag']) retrieved from /opt/airflow/dags/data_upload_to_gcs.py
[2022-09-27 16:33:17,645] {logging_mixin.py:109} INFO - [2022-09-27 16:33:17,645] {dag.py:2396} INFO - Sync 1 DAGs
[2022-09-27 16:33:17,815] {processor.py:171} INFO - Processing /opt/airflow/dags/data_upload_to_gcs.py took 0.515 seconds
[2022-09-27 16:33:48,374] {processor.py:163} INFO - Started process (PID=454) to work on /opt/airflow/dags/data_upload_to_gcs.py
[2022-09-27 16:33:48,376] {processor.py:642} INFO - Processing file /opt/airflow/dags/data_upload_to_gcs.py for tasks to queue
[2022-09-27 16:33:48,377] {logging_mixin.py:109} INFO - [2022-09-27 16:33:48,377] {dagbag.py:500} INFO - Filling up the DagBag from /opt/airflow/dags/data_upload_to_gcs.py
[2022-09-27 16:33:48,576] {processor.py:654} INFO - DAG(s) dict_keys(['local_data_ingestion_gcs_dag']) retrieved from /opt/airflow/dags/data_upload_to_gcs.py
[2022-09-27 16:33:48,705] {logging_mixin.py:109} INFO - [2022-09-27 16:33:48,704] {dag.py:2396} INFO - Sync 1 DAGs
[2022-09-27 16:33:48,744] {processor.py:171} INFO - Processing /opt/airflow/dags/data_upload_to_gcs.py took 0.375 seconds
[2022-09-27 16:34:19,674] {processor.py:163} INFO - Started process (PID=479) to work on /opt/airflow/dags/data_upload_to_gcs.py
[2022-09-27 16:34:19,676] {processor.py:642} INFO - Processing file /opt/airflow/dags/data_upload_to_gcs.py for tasks to queue
[2022-09-27 16:34:19,680] {logging_mixin.py:109} INFO - [2022-09-27 16:34:19,680] {dagbag.py:500} INFO - Filling up the DagBag from /opt/airflow/dags/data_upload_to_gcs.py
[2022-09-27 16:34:20,013] {processor.py:654} INFO - DAG(s) dict_keys(['local_data_ingestion_gcs_dag']) retrieved from /opt/airflow/dags/data_upload_to_gcs.py
[2022-09-27 16:34:20,026] {logging_mixin.py:109} INFO - [2022-09-27 16:34:20,025] {dag.py:2396} INFO - Sync 1 DAGs
[2022-09-27 16:34:20,073] {processor.py:171} INFO - Processing /opt/airflow/dags/data_upload_to_gcs.py took 0.403 seconds
[2022-09-27 16:34:50,826] {processor.py:163} INFO - Started process (PID=504) to work on /opt/airflow/dags/data_upload_to_gcs.py
[2022-09-27 16:34:50,829] {processor.py:642} INFO - Processing file /opt/airflow/dags/data_upload_to_gcs.py for tasks to queue
[2022-09-27 16:34:50,830] {logging_mixin.py:109} INFO - [2022-09-27 16:34:50,830] {dagbag.py:500} INFO - Filling up the DagBag from /opt/airflow/dags/data_upload_to_gcs.py
[2022-09-27 16:34:51,350] {processor.py:654} INFO - DAG(s) dict_keys(['local_data_ingestion_gcs_dag']) retrieved from /opt/airflow/dags/data_upload_to_gcs.py
[2022-09-27 16:34:51,365] {logging_mixin.py:109} INFO - [2022-09-27 16:34:51,365] {dag.py:2396} INFO - Sync 1 DAGs
[2022-09-27 16:34:51,466] {processor.py:171} INFO - Processing /opt/airflow/dags/data_upload_to_gcs.py took 0.644 seconds
[2022-09-27 16:34:58,595] {processor.py:163} INFO - Started process (PID=514) to work on /opt/airflow/dags/data_upload_to_gcs.py
[2022-09-27 16:34:58,597] {processor.py:642} INFO - Processing file /opt/airflow/dags/data_upload_to_gcs.py for tasks to queue
[2022-09-27 16:34:58,601] {logging_mixin.py:109} INFO - [2022-09-27 16:34:58,600] {dagbag.py:500} INFO - Filling up the DagBag from /opt/airflow/dags/data_upload_to_gcs.py
[2022-09-27 16:34:59,023] {processor.py:654} INFO - DAG(s) dict_keys(['local_data_ingestion_gcs_dag']) retrieved from /opt/airflow/dags/data_upload_to_gcs.py
[2022-09-27 16:34:59,634] {logging_mixin.py:109} INFO - [2022-09-27 16:34:59,633] {dag.py:2396} INFO - Sync 1 DAGs
[2022-09-27 16:34:59,702] {processor.py:171} INFO - Processing /opt/airflow/dags/data_upload_to_gcs.py took 1.112 seconds
[2022-09-27 16:37:17,736] {processor.py:163} INFO - Started process (PID=46) to work on /opt/airflow/dags/data_upload_to_gcs.py
[2022-09-27 16:37:17,741] {processor.py:642} INFO - Processing file /opt/airflow/dags/data_upload_to_gcs.py for tasks to queue
[2022-09-27 16:37:17,744] {logging_mixin.py:109} INFO - [2022-09-27 16:37:17,743] {dagbag.py:500} INFO - Filling up the DagBag from /opt/airflow/dags/data_upload_to_gcs.py
[2022-09-27 16:37:18,479] {processor.py:654} INFO - DAG(s) dict_keys(['local_data_ingestion_gcs_dag']) retrieved from /opt/airflow/dags/data_upload_to_gcs.py
[2022-09-27 16:37:18,512] {logging_mixin.py:109} INFO - [2022-09-27 16:37:18,512] {dag.py:2396} INFO - Sync 1 DAGs
[2022-09-27 16:37:18,595] {processor.py:171} INFO - Processing /opt/airflow/dags/data_upload_to_gcs.py took 0.902 seconds
[2022-09-27 16:37:48,771] {processor.py:163} INFO - Started process (PID=72) to work on /opt/airflow/dags/data_upload_to_gcs.py
[2022-09-27 16:37:48,787] {processor.py:642} INFO - Processing file /opt/airflow/dags/data_upload_to_gcs.py for tasks to queue
[2022-09-27 16:37:48,792] {logging_mixin.py:109} INFO - [2022-09-27 16:37:48,792] {dagbag.py:500} INFO - Filling up the DagBag from /opt/airflow/dags/data_upload_to_gcs.py
[2022-09-27 16:37:49,106] {processor.py:654} INFO - DAG(s) dict_keys(['local_data_ingestion_gcs_dag']) retrieved from /opt/airflow/dags/data_upload_to_gcs.py
[2022-09-27 16:37:49,123] {logging_mixin.py:109} INFO - [2022-09-27 16:37:49,123] {dag.py:2396} INFO - Sync 1 DAGs
[2022-09-27 16:37:49,191] {processor.py:171} INFO - Processing /opt/airflow/dags/data_upload_to_gcs.py took 0.425 seconds
[2022-09-27 16:38:19,623] {processor.py:163} INFO - Started process (PID=88) to work on /opt/airflow/dags/data_upload_to_gcs.py
[2022-09-27 16:38:19,633] {processor.py:642} INFO - Processing file /opt/airflow/dags/data_upload_to_gcs.py for tasks to queue
[2022-09-27 16:38:19,649] {logging_mixin.py:109} INFO - [2022-09-27 16:38:19,649] {dagbag.py:500} INFO - Filling up the DagBag from /opt/airflow/dags/data_upload_to_gcs.py
[2022-09-27 16:38:20,259] {processor.py:654} INFO - DAG(s) dict_keys(['local_data_ingestion_gcs_dag']) retrieved from /opt/airflow/dags/data_upload_to_gcs.py
[2022-09-27 16:38:20,404] {logging_mixin.py:109} INFO - [2022-09-27 16:38:20,394] {dag.py:2396} INFO - Sync 1 DAGs
[2022-09-27 16:38:20,578] {processor.py:171} INFO - Processing /opt/airflow/dags/data_upload_to_gcs.py took 0.973 seconds
[2022-09-27 16:38:51,158] {processor.py:163} INFO - Started process (PID=112) to work on /opt/airflow/dags/data_upload_to_gcs.py
[2022-09-27 16:38:51,162] {processor.py:642} INFO - Processing file /opt/airflow/dags/data_upload_to_gcs.py for tasks to queue
[2022-09-27 16:38:51,165] {logging_mixin.py:109} INFO - [2022-09-27 16:38:51,165] {dagbag.py:500} INFO - Filling up the DagBag from /opt/airflow/dags/data_upload_to_gcs.py
[2022-09-27 16:38:51,569] {processor.py:654} INFO - DAG(s) dict_keys(['local_data_ingestion_gcs_dag']) retrieved from /opt/airflow/dags/data_upload_to_gcs.py
[2022-09-27 16:38:51,588] {logging_mixin.py:109} INFO - [2022-09-27 16:38:51,587] {dag.py:2396} INFO - Sync 1 DAGs
[2022-09-27 16:38:51,643] {processor.py:171} INFO - Processing /opt/airflow/dags/data_upload_to_gcs.py took 0.505 seconds
[2022-09-27 16:39:21,936] {processor.py:163} INFO - Started process (PID=139) to work on /opt/airflow/dags/data_upload_to_gcs.py
[2022-09-27 16:39:21,937] {processor.py:642} INFO - Processing file /opt/airflow/dags/data_upload_to_gcs.py for tasks to queue
[2022-09-27 16:39:21,939] {logging_mixin.py:109} INFO - [2022-09-27 16:39:21,939] {dagbag.py:500} INFO - Filling up the DagBag from /opt/airflow/dags/data_upload_to_gcs.py
[2022-09-27 16:39:22,167] {processor.py:654} INFO - DAG(s) dict_keys(['local_data_ingestion_gcs_dag']) retrieved from /opt/airflow/dags/data_upload_to_gcs.py
[2022-09-27 16:39:22,183] {logging_mixin.py:109} INFO - [2022-09-27 16:39:22,182] {dag.py:2396} INFO - Sync 1 DAGs
[2022-09-27 16:39:22,232] {processor.py:171} INFO - Processing /opt/airflow/dags/data_upload_to_gcs.py took 0.301 seconds
[2022-09-27 16:39:52,837] {processor.py:163} INFO - Started process (PID=164) to work on /opt/airflow/dags/data_upload_to_gcs.py
[2022-09-27 16:39:52,842] {processor.py:642} INFO - Processing file /opt/airflow/dags/data_upload_to_gcs.py for tasks to queue
[2022-09-27 16:39:52,859] {logging_mixin.py:109} INFO - [2022-09-27 16:39:52,859] {dagbag.py:500} INFO - Filling up the DagBag from /opt/airflow/dags/data_upload_to_gcs.py
[2022-09-27 16:39:53,376] {processor.py:654} INFO - DAG(s) dict_keys(['local_data_ingestion_gcs_dag']) retrieved from /opt/airflow/dags/data_upload_to_gcs.py
[2022-09-27 16:39:53,391] {logging_mixin.py:109} INFO - [2022-09-27 16:39:53,390] {dag.py:2396} INFO - Sync 1 DAGs
[2022-09-27 16:39:53,438] {processor.py:171} INFO - Processing /opt/airflow/dags/data_upload_to_gcs.py took 0.611 seconds
[2022-09-27 16:40:23,785] {processor.py:163} INFO - Started process (PID=190) to work on /opt/airflow/dags/data_upload_to_gcs.py
[2022-09-27 16:40:23,787] {processor.py:642} INFO - Processing file /opt/airflow/dags/data_upload_to_gcs.py for tasks to queue
[2022-09-27 16:40:23,789] {logging_mixin.py:109} INFO - [2022-09-27 16:40:23,789] {dagbag.py:500} INFO - Filling up the DagBag from /opt/airflow/dags/data_upload_to_gcs.py
[2022-09-27 16:40:24,240] {processor.py:654} INFO - DAG(s) dict_keys(['local_data_ingestion_gcs_dag']) retrieved from /opt/airflow/dags/data_upload_to_gcs.py
[2022-09-27 16:40:24,266] {logging_mixin.py:109} INFO - [2022-09-27 16:40:24,265] {dag.py:2396} INFO - Sync 1 DAGs
[2022-09-27 16:40:24,370] {processor.py:171} INFO - Processing /opt/airflow/dags/data_upload_to_gcs.py took 0.590 seconds
[2022-09-27 16:40:55,068] {processor.py:163} INFO - Started process (PID=216) to work on /opt/airflow/dags/data_upload_to_gcs.py
[2022-09-27 16:40:55,071] {processor.py:642} INFO - Processing file /opt/airflow/dags/data_upload_to_gcs.py for tasks to queue
[2022-09-27 16:40:55,073] {logging_mixin.py:109} INFO - [2022-09-27 16:40:55,073] {dagbag.py:500} INFO - Filling up the DagBag from /opt/airflow/dags/data_upload_to_gcs.py
[2022-09-27 16:40:55,349] {processor.py:654} INFO - DAG(s) dict_keys(['local_data_ingestion_gcs_dag']) retrieved from /opt/airflow/dags/data_upload_to_gcs.py
[2022-09-27 16:40:55,373] {logging_mixin.py:109} INFO - [2022-09-27 16:40:55,373] {dag.py:2396} INFO - Sync 1 DAGs
[2022-09-27 16:40:55,427] {processor.py:171} INFO - Processing /opt/airflow/dags/data_upload_to_gcs.py took 0.364 seconds
[2022-09-27 16:41:25,831] {processor.py:163} INFO - Started process (PID=242) to work on /opt/airflow/dags/data_upload_to_gcs.py
[2022-09-27 16:41:25,834] {processor.py:642} INFO - Processing file /opt/airflow/dags/data_upload_to_gcs.py for tasks to queue
[2022-09-27 16:41:25,837] {logging_mixin.py:109} INFO - [2022-09-27 16:41:25,836] {dagbag.py:500} INFO - Filling up the DagBag from /opt/airflow/dags/data_upload_to_gcs.py
[2022-09-27 16:41:26,158] {processor.py:654} INFO - DAG(s) dict_keys(['local_data_ingestion_gcs_dag']) retrieved from /opt/airflow/dags/data_upload_to_gcs.py
[2022-09-27 16:41:26,171] {logging_mixin.py:109} INFO - [2022-09-27 16:41:26,171] {dag.py:2396} INFO - Sync 1 DAGs
[2022-09-27 16:41:26,239] {processor.py:171} INFO - Processing /opt/airflow/dags/data_upload_to_gcs.py took 0.417 seconds
[2022-09-27 16:41:56,643] {processor.py:163} INFO - Started process (PID=266) to work on /opt/airflow/dags/data_upload_to_gcs.py
[2022-09-27 16:41:56,646] {processor.py:642} INFO - Processing file /opt/airflow/dags/data_upload_to_gcs.py for tasks to queue
[2022-09-27 16:41:56,648] {logging_mixin.py:109} INFO - [2022-09-27 16:41:56,647] {dagbag.py:500} INFO - Filling up the DagBag from /opt/airflow/dags/data_upload_to_gcs.py
[2022-09-27 16:41:56,786] {processor.py:654} INFO - DAG(s) dict_keys(['local_data_ingestion_gcs_dag']) retrieved from /opt/airflow/dags/data_upload_to_gcs.py
[2022-09-27 16:41:56,797] {logging_mixin.py:109} INFO - [2022-09-27 16:41:56,797] {dag.py:2396} INFO - Sync 1 DAGs
[2022-09-27 16:41:56,918] {processor.py:171} INFO - Processing /opt/airflow/dags/data_upload_to_gcs.py took 0.279 seconds
[2022-09-27 16:42:27,282] {processor.py:163} INFO - Started process (PID=291) to work on /opt/airflow/dags/data_upload_to_gcs.py
[2022-09-27 16:42:27,284] {processor.py:642} INFO - Processing file /opt/airflow/dags/data_upload_to_gcs.py for tasks to queue
[2022-09-27 16:42:27,286] {logging_mixin.py:109} INFO - [2022-09-27 16:42:27,286] {dagbag.py:500} INFO - Filling up the DagBag from /opt/airflow/dags/data_upload_to_gcs.py
[2022-09-27 16:42:27,466] {processor.py:654} INFO - DAG(s) dict_keys(['local_data_ingestion_gcs_dag']) retrieved from /opt/airflow/dags/data_upload_to_gcs.py
[2022-09-27 16:42:27,482] {logging_mixin.py:109} INFO - [2022-09-27 16:42:27,482] {dag.py:2396} INFO - Sync 1 DAGs
[2022-09-27 16:42:27,645] {processor.py:171} INFO - Processing /opt/airflow/dags/data_upload_to_gcs.py took 0.367 seconds
[2022-09-27 16:42:58,312] {processor.py:163} INFO - Started process (PID=317) to work on /opt/airflow/dags/data_upload_to_gcs.py
[2022-09-27 16:42:58,314] {processor.py:642} INFO - Processing file /opt/airflow/dags/data_upload_to_gcs.py for tasks to queue
[2022-09-27 16:42:58,316] {logging_mixin.py:109} INFO - [2022-09-27 16:42:58,315] {dagbag.py:500} INFO - Filling up the DagBag from /opt/airflow/dags/data_upload_to_gcs.py
[2022-09-27 16:42:58,452] {processor.py:654} INFO - DAG(s) dict_keys(['local_data_ingestion_gcs_dag']) retrieved from /opt/airflow/dags/data_upload_to_gcs.py
[2022-09-27 16:42:58,464] {logging_mixin.py:109} INFO - [2022-09-27 16:42:58,464] {dag.py:2396} INFO - Sync 1 DAGs
[2022-09-27 16:42:58,592] {processor.py:171} INFO - Processing /opt/airflow/dags/data_upload_to_gcs.py took 0.285 seconds
[2022-09-27 16:43:28,819] {processor.py:163} INFO - Started process (PID=342) to work on /opt/airflow/dags/data_upload_to_gcs.py
[2022-09-27 16:43:28,824] {processor.py:642} INFO - Processing file /opt/airflow/dags/data_upload_to_gcs.py for tasks to queue
[2022-09-27 16:43:28,828] {logging_mixin.py:109} INFO - [2022-09-27 16:43:28,825] {dagbag.py:500} INFO - Filling up the DagBag from /opt/airflow/dags/data_upload_to_gcs.py
[2022-09-27 16:43:29,008] {processor.py:654} INFO - DAG(s) dict_keys(['local_data_ingestion_gcs_dag']) retrieved from /opt/airflow/dags/data_upload_to_gcs.py
[2022-09-27 16:43:29,020] {logging_mixin.py:109} INFO - [2022-09-27 16:43:29,020] {dag.py:2396} INFO - Sync 1 DAGs
[2022-09-27 16:43:29,144] {processor.py:171} INFO - Processing /opt/airflow/dags/data_upload_to_gcs.py took 0.334 seconds
[2022-09-27 16:43:59,646] {processor.py:163} INFO - Started process (PID=368) to work on /opt/airflow/dags/data_upload_to_gcs.py
[2022-09-27 16:43:59,649] {processor.py:642} INFO - Processing file /opt/airflow/dags/data_upload_to_gcs.py for tasks to queue
[2022-09-27 16:43:59,652] {logging_mixin.py:109} INFO - [2022-09-27 16:43:59,652] {dagbag.py:500} INFO - Filling up the DagBag from /opt/airflow/dags/data_upload_to_gcs.py
[2022-09-27 16:43:59,901] {processor.py:654} INFO - DAG(s) dict_keys(['local_data_ingestion_gcs_dag']) retrieved from /opt/airflow/dags/data_upload_to_gcs.py
[2022-09-27 16:43:59,923] {logging_mixin.py:109} INFO - [2022-09-27 16:43:59,923] {dag.py:2396} INFO - Sync 1 DAGs
[2022-09-27 16:44:00,093] {processor.py:171} INFO - Processing /opt/airflow/dags/data_upload_to_gcs.py took 0.457 seconds
[2022-09-27 16:44:30,556] {processor.py:163} INFO - Started process (PID=393) to work on /opt/airflow/dags/data_upload_to_gcs.py
[2022-09-27 16:44:30,558] {processor.py:642} INFO - Processing file /opt/airflow/dags/data_upload_to_gcs.py for tasks to queue
[2022-09-27 16:44:30,560] {logging_mixin.py:109} INFO - [2022-09-27 16:44:30,559] {dagbag.py:500} INFO - Filling up the DagBag from /opt/airflow/dags/data_upload_to_gcs.py
[2022-09-27 16:44:30,744] {processor.py:654} INFO - DAG(s) dict_keys(['local_data_ingestion_gcs_dag']) retrieved from /opt/airflow/dags/data_upload_to_gcs.py
[2022-09-27 16:44:30,782] {logging_mixin.py:109} INFO - [2022-09-27 16:44:30,780] {dag.py:2396} INFO - Sync 1 DAGs
[2022-09-27 16:44:30,953] {processor.py:171} INFO - Processing /opt/airflow/dags/data_upload_to_gcs.py took 0.402 seconds
[2022-09-27 16:45:01,603] {processor.py:163} INFO - Started process (PID=418) to work on /opt/airflow/dags/data_upload_to_gcs.py
[2022-09-27 16:45:01,607] {processor.py:642} INFO - Processing file /opt/airflow/dags/data_upload_to_gcs.py for tasks to queue
[2022-09-27 16:45:01,625] {logging_mixin.py:109} INFO - [2022-09-27 16:45:01,625] {dagbag.py:500} INFO - Filling up the DagBag from /opt/airflow/dags/data_upload_to_gcs.py
[2022-09-27 16:45:02,445] {processor.py:654} INFO - DAG(s) dict_keys(['local_data_ingestion_gcs_dag']) retrieved from /opt/airflow/dags/data_upload_to_gcs.py
[2022-09-27 16:45:02,853] {logging_mixin.py:109} INFO - [2022-09-27 16:45:02,852] {dag.py:2396} INFO - Sync 1 DAGs
[2022-09-27 16:45:03,060] {processor.py:171} INFO - Processing /opt/airflow/dags/data_upload_to_gcs.py took 1.463 seconds
[2022-09-27 16:45:33,274] {processor.py:163} INFO - Started process (PID=444) to work on /opt/airflow/dags/data_upload_to_gcs.py
[2022-09-27 16:45:33,279] {processor.py:642} INFO - Processing file /opt/airflow/dags/data_upload_to_gcs.py for tasks to queue
[2022-09-27 16:45:33,281] {logging_mixin.py:109} INFO - [2022-09-27 16:45:33,280] {dagbag.py:500} INFO - Filling up the DagBag from /opt/airflow/dags/data_upload_to_gcs.py
[2022-09-27 16:45:33,554] {processor.py:654} INFO - DAG(s) dict_keys(['local_data_ingestion_gcs_dag']) retrieved from /opt/airflow/dags/data_upload_to_gcs.py
[2022-09-27 16:45:33,566] {logging_mixin.py:109} INFO - [2022-09-27 16:45:33,566] {dag.py:2396} INFO - Sync 1 DAGs
[2022-09-27 16:45:33,608] {processor.py:171} INFO - Processing /opt/airflow/dags/data_upload_to_gcs.py took 0.341 seconds
[2022-09-27 16:46:04,409] {processor.py:163} INFO - Started process (PID=469) to work on /opt/airflow/dags/data_upload_to_gcs.py
[2022-09-27 16:46:04,411] {processor.py:642} INFO - Processing file /opt/airflow/dags/data_upload_to_gcs.py for tasks to queue
[2022-09-27 16:46:04,414] {logging_mixin.py:109} INFO - [2022-09-27 16:46:04,413] {dagbag.py:500} INFO - Filling up the DagBag from /opt/airflow/dags/data_upload_to_gcs.py
[2022-09-27 16:46:04,757] {processor.py:654} INFO - DAG(s) dict_keys(['local_data_ingestion_gcs_dag']) retrieved from /opt/airflow/dags/data_upload_to_gcs.py
[2022-09-27 16:46:04,775] {logging_mixin.py:109} INFO - [2022-09-27 16:46:04,775] {dag.py:2396} INFO - Sync 1 DAGs
[2022-09-27 16:46:04,826] {processor.py:171} INFO - Processing /opt/airflow/dags/data_upload_to_gcs.py took 0.423 seconds
[2022-09-27 16:46:34,901] {processor.py:163} INFO - Started process (PID=494) to work on /opt/airflow/dags/data_upload_to_gcs.py
[2022-09-27 16:46:34,906] {processor.py:642} INFO - Processing file /opt/airflow/dags/data_upload_to_gcs.py for tasks to queue
[2022-09-27 16:46:34,910] {logging_mixin.py:109} INFO - [2022-09-27 16:46:34,909] {dagbag.py:500} INFO - Filling up the DagBag from /opt/airflow/dags/data_upload_to_gcs.py
[2022-09-27 16:46:35,232] {processor.py:654} INFO - DAG(s) dict_keys(['local_data_ingestion_gcs_dag']) retrieved from /opt/airflow/dags/data_upload_to_gcs.py
[2022-09-27 16:46:35,246] {logging_mixin.py:109} INFO - [2022-09-27 16:46:35,246] {dag.py:2396} INFO - Sync 1 DAGs
[2022-09-27 16:46:35,289] {processor.py:171} INFO - Processing /opt/airflow/dags/data_upload_to_gcs.py took 0.396 seconds
[2022-09-27 16:47:05,542] {processor.py:163} INFO - Started process (PID=518) to work on /opt/airflow/dags/data_upload_to_gcs.py
[2022-09-27 16:47:05,545] {processor.py:642} INFO - Processing file /opt/airflow/dags/data_upload_to_gcs.py for tasks to queue
[2022-09-27 16:47:05,548] {logging_mixin.py:109} INFO - [2022-09-27 16:47:05,547] {dagbag.py:500} INFO - Filling up the DagBag from /opt/airflow/dags/data_upload_to_gcs.py
[2022-09-27 16:47:06,228] {processor.py:654} INFO - DAG(s) dict_keys(['local_data_ingestion_gcs_dag']) retrieved from /opt/airflow/dags/data_upload_to_gcs.py
[2022-09-27 16:47:06,249] {logging_mixin.py:109} INFO - [2022-09-27 16:47:06,249] {dag.py:2396} INFO - Sync 1 DAGs
[2022-09-27 16:47:06,394] {processor.py:171} INFO - Processing /opt/airflow/dags/data_upload_to_gcs.py took 0.858 seconds
[2022-09-27 16:50:18,492] {processor.py:163} INFO - Started process (PID=46) to work on /opt/airflow/dags/data_upload_to_gcs.py
[2022-09-27 16:50:18,519] {processor.py:642} INFO - Processing file /opt/airflow/dags/data_upload_to_gcs.py for tasks to queue
[2022-09-27 16:50:18,523] {logging_mixin.py:109} INFO - [2022-09-27 16:50:18,523] {dagbag.py:500} INFO - Filling up the DagBag from /opt/airflow/dags/data_upload_to_gcs.py
[2022-09-27 16:50:19,123] {processor.py:654} INFO - DAG(s) dict_keys(['local_data_ingestion_gcs_dag']) retrieved from /opt/airflow/dags/data_upload_to_gcs.py
[2022-09-27 16:50:19,260] {logging_mixin.py:109} INFO - [2022-09-27 16:50:19,259] {dag.py:2396} INFO - Sync 1 DAGs
[2022-09-27 16:50:19,521] {processor.py:171} INFO - Processing /opt/airflow/dags/data_upload_to_gcs.py took 1.035 seconds
[2022-09-27 16:50:49,673] {processor.py:163} INFO - Started process (PID=72) to work on /opt/airflow/dags/data_upload_to_gcs.py
[2022-09-27 16:50:49,688] {processor.py:642} INFO - Processing file /opt/airflow/dags/data_upload_to_gcs.py for tasks to queue
[2022-09-27 16:50:49,690] {logging_mixin.py:109} INFO - [2022-09-27 16:50:49,690] {dagbag.py:500} INFO - Filling up the DagBag from /opt/airflow/dags/data_upload_to_gcs.py
[2022-09-27 16:50:49,907] {processor.py:654} INFO - DAG(s) dict_keys(['local_data_ingestion_gcs_dag']) retrieved from /opt/airflow/dags/data_upload_to_gcs.py
[2022-09-27 16:50:49,925] {logging_mixin.py:109} INFO - [2022-09-27 16:50:49,925] {dag.py:2396} INFO - Sync 1 DAGs
[2022-09-27 16:50:49,952] {logging_mixin.py:109} INFO - [2022-09-27 16:50:49,952] {dag.py:2935} INFO - Setting next_dagrun for local_data_ingestion_gcs_dag to 2022-09-26 00:00:00+00:00
[2022-09-27 16:50:49,972] {processor.py:171} INFO - Processing /opt/airflow/dags/data_upload_to_gcs.py took 0.303 seconds
[2022-09-27 16:51:20,229] {processor.py:163} INFO - Started process (PID=97) to work on /opt/airflow/dags/data_upload_to_gcs.py
[2022-09-27 16:51:20,233] {processor.py:642} INFO - Processing file /opt/airflow/dags/data_upload_to_gcs.py for tasks to queue
[2022-09-27 16:51:20,235] {logging_mixin.py:109} INFO - [2022-09-27 16:51:20,234] {dagbag.py:500} INFO - Filling up the DagBag from /opt/airflow/dags/data_upload_to_gcs.py
[2022-09-27 16:51:20,391] {processor.py:654} INFO - DAG(s) dict_keys(['local_data_ingestion_gcs_dag']) retrieved from /opt/airflow/dags/data_upload_to_gcs.py
[2022-09-27 16:51:20,424] {logging_mixin.py:109} INFO - [2022-09-27 16:51:20,424] {dag.py:2396} INFO - Sync 1 DAGs
[2022-09-27 16:51:20,503] {processor.py:171} INFO - Processing /opt/airflow/dags/data_upload_to_gcs.py took 0.278 seconds
[2022-09-27 16:51:50,582] {processor.py:163} INFO - Started process (PID=122) to work on /opt/airflow/dags/data_upload_to_gcs.py
[2022-09-27 16:51:50,590] {processor.py:642} INFO - Processing file /opt/airflow/dags/data_upload_to_gcs.py for tasks to queue
[2022-09-27 16:51:50,592] {logging_mixin.py:109} INFO - [2022-09-27 16:51:50,592] {dagbag.py:500} INFO - Filling up the DagBag from /opt/airflow/dags/data_upload_to_gcs.py
[2022-09-27 16:51:50,865] {processor.py:654} INFO - DAG(s) dict_keys(['local_data_ingestion_gcs_dag']) retrieved from /opt/airflow/dags/data_upload_to_gcs.py
[2022-09-27 16:51:50,877] {logging_mixin.py:109} INFO - [2022-09-27 16:51:50,877] {dag.py:2396} INFO - Sync 1 DAGs
[2022-09-27 16:51:50,915] {processor.py:171} INFO - Processing /opt/airflow/dags/data_upload_to_gcs.py took 0.337 seconds
[2022-09-27 16:52:21,303] {processor.py:163} INFO - Started process (PID=147) to work on /opt/airflow/dags/data_upload_to_gcs.py
[2022-09-27 16:52:21,305] {processor.py:642} INFO - Processing file /opt/airflow/dags/data_upload_to_gcs.py for tasks to queue
[2022-09-27 16:52:21,307] {logging_mixin.py:109} INFO - [2022-09-27 16:52:21,307] {dagbag.py:500} INFO - Filling up the DagBag from /opt/airflow/dags/data_upload_to_gcs.py
[2022-09-27 16:52:21,611] {processor.py:654} INFO - DAG(s) dict_keys(['local_data_ingestion_gcs_dag']) retrieved from /opt/airflow/dags/data_upload_to_gcs.py
[2022-09-27 16:52:21,623] {logging_mixin.py:109} INFO - [2022-09-27 16:52:21,623] {dag.py:2396} INFO - Sync 1 DAGs
[2022-09-27 16:52:21,662] {processor.py:171} INFO - Processing /opt/airflow/dags/data_upload_to_gcs.py took 0.366 seconds
[2022-09-27 16:52:52,034] {processor.py:163} INFO - Started process (PID=172) to work on /opt/airflow/dags/data_upload_to_gcs.py
[2022-09-27 16:52:52,037] {processor.py:642} INFO - Processing file /opt/airflow/dags/data_upload_to_gcs.py for tasks to queue
[2022-09-27 16:52:52,052] {logging_mixin.py:109} INFO - [2022-09-27 16:52:52,052] {dagbag.py:500} INFO - Filling up the DagBag from /opt/airflow/dags/data_upload_to_gcs.py
[2022-09-27 16:52:52,392] {processor.py:654} INFO - DAG(s) dict_keys(['local_data_ingestion_gcs_dag']) retrieved from /opt/airflow/dags/data_upload_to_gcs.py
[2022-09-27 16:52:52,423] {logging_mixin.py:109} INFO - [2022-09-27 16:52:52,422] {dag.py:2396} INFO - Sync 1 DAGs
[2022-09-27 16:52:52,537] {processor.py:171} INFO - Processing /opt/airflow/dags/data_upload_to_gcs.py took 0.510 seconds
[2022-09-27 16:53:22,851] {processor.py:163} INFO - Started process (PID=199) to work on /opt/airflow/dags/data_upload_to_gcs.py
[2022-09-27 16:53:22,855] {processor.py:642} INFO - Processing file /opt/airflow/dags/data_upload_to_gcs.py for tasks to queue
[2022-09-27 16:53:22,856] {logging_mixin.py:109} INFO - [2022-09-27 16:53:22,856] {dagbag.py:500} INFO - Filling up the DagBag from /opt/airflow/dags/data_upload_to_gcs.py
[2022-09-27 16:53:23,257] {processor.py:654} INFO - DAG(s) dict_keys(['local_data_ingestion_gcs_dag']) retrieved from /opt/airflow/dags/data_upload_to_gcs.py
[2022-09-27 16:53:23,271] {logging_mixin.py:109} INFO - [2022-09-27 16:53:23,271] {dag.py:2396} INFO - Sync 1 DAGs
[2022-09-27 16:53:23,326] {processor.py:171} INFO - Processing /opt/airflow/dags/data_upload_to_gcs.py took 0.481 seconds
[2022-09-27 16:53:53,563] {processor.py:163} INFO - Started process (PID=224) to work on /opt/airflow/dags/data_upload_to_gcs.py
[2022-09-27 16:53:53,571] {processor.py:642} INFO - Processing file /opt/airflow/dags/data_upload_to_gcs.py for tasks to queue
[2022-09-27 16:53:53,574] {logging_mixin.py:109} INFO - [2022-09-27 16:53:53,574] {dagbag.py:500} INFO - Filling up the DagBag from /opt/airflow/dags/data_upload_to_gcs.py
[2022-09-27 16:53:53,821] {processor.py:654} INFO - DAG(s) dict_keys(['local_data_ingestion_gcs_dag']) retrieved from /opt/airflow/dags/data_upload_to_gcs.py
[2022-09-27 16:53:53,834] {logging_mixin.py:109} INFO - [2022-09-27 16:53:53,832] {dag.py:2396} INFO - Sync 1 DAGs
[2022-09-27 16:53:53,875] {processor.py:171} INFO - Processing /opt/airflow/dags/data_upload_to_gcs.py took 0.317 seconds
[2022-09-27 16:54:24,020] {processor.py:163} INFO - Started process (PID=249) to work on /opt/airflow/dags/data_upload_to_gcs.py
[2022-09-27 16:54:24,023] {processor.py:642} INFO - Processing file /opt/airflow/dags/data_upload_to_gcs.py for tasks to queue
[2022-09-27 16:54:24,024] {logging_mixin.py:109} INFO - [2022-09-27 16:54:24,024] {dagbag.py:500} INFO - Filling up the DagBag from /opt/airflow/dags/data_upload_to_gcs.py
[2022-09-27 16:54:24,315] {processor.py:654} INFO - DAG(s) dict_keys(['local_data_ingestion_gcs_dag']) retrieved from /opt/airflow/dags/data_upload_to_gcs.py
[2022-09-27 16:54:24,359] {logging_mixin.py:109} INFO - [2022-09-27 16:54:24,358] {dag.py:2396} INFO - Sync 1 DAGs
[2022-09-27 16:54:24,522] {processor.py:171} INFO - Processing /opt/airflow/dags/data_upload_to_gcs.py took 0.509 seconds
[2022-09-27 16:54:54,784] {processor.py:163} INFO - Started process (PID=275) to work on /opt/airflow/dags/data_upload_to_gcs.py
[2022-09-27 16:54:54,789] {processor.py:642} INFO - Processing file /opt/airflow/dags/data_upload_to_gcs.py for tasks to queue
[2022-09-27 16:54:54,791] {logging_mixin.py:109} INFO - [2022-09-27 16:54:54,791] {dagbag.py:500} INFO - Filling up the DagBag from /opt/airflow/dags/data_upload_to_gcs.py
[2022-09-27 16:54:55,523] {processor.py:654} INFO - DAG(s) dict_keys(['local_data_ingestion_gcs_dag']) retrieved from /opt/airflow/dags/data_upload_to_gcs.py
[2022-09-27 16:54:55,568] {logging_mixin.py:109} INFO - [2022-09-27 16:54:55,568] {dag.py:2396} INFO - Sync 1 DAGs
[2022-09-27 16:54:55,764] {processor.py:171} INFO - Processing /opt/airflow/dags/data_upload_to_gcs.py took 0.985 seconds
[2022-09-27 16:55:26,684] {processor.py:163} INFO - Started process (PID=303) to work on /opt/airflow/dags/data_upload_to_gcs.py
[2022-09-27 16:55:26,690] {processor.py:642} INFO - Processing file /opt/airflow/dags/data_upload_to_gcs.py for tasks to queue
[2022-09-27 16:55:26,692] {logging_mixin.py:109} INFO - [2022-09-27 16:55:26,692] {dagbag.py:500} INFO - Filling up the DagBag from /opt/airflow/dags/data_upload_to_gcs.py
[2022-09-27 16:55:26,998] {processor.py:654} INFO - DAG(s) dict_keys(['local_data_ingestion_gcs_dag']) retrieved from /opt/airflow/dags/data_upload_to_gcs.py
[2022-09-27 16:55:27,038] {logging_mixin.py:109} INFO - [2022-09-27 16:55:27,037] {dag.py:2396} INFO - Sync 1 DAGs
[2022-09-27 16:55:27,285] {processor.py:171} INFO - Processing /opt/airflow/dags/data_upload_to_gcs.py took 0.606 seconds
[2022-09-27 16:55:58,021] {processor.py:163} INFO - Started process (PID=328) to work on /opt/airflow/dags/data_upload_to_gcs.py
[2022-09-27 16:55:58,023] {processor.py:642} INFO - Processing file /opt/airflow/dags/data_upload_to_gcs.py for tasks to queue
[2022-09-27 16:55:58,025] {logging_mixin.py:109} INFO - [2022-09-27 16:55:58,024] {dagbag.py:500} INFO - Filling up the DagBag from /opt/airflow/dags/data_upload_to_gcs.py
[2022-09-27 16:55:58,254] {processor.py:654} INFO - DAG(s) dict_keys(['local_data_ingestion_gcs_dag']) retrieved from /opt/airflow/dags/data_upload_to_gcs.py
[2022-09-27 16:55:58,269] {logging_mixin.py:109} INFO - [2022-09-27 16:55:58,268] {dag.py:2396} INFO - Sync 1 DAGs
[2022-09-27 16:55:58,467] {processor.py:171} INFO - Processing /opt/airflow/dags/data_upload_to_gcs.py took 0.451 seconds
[2022-09-27 16:56:28,744] {processor.py:163} INFO - Started process (PID=353) to work on /opt/airflow/dags/data_upload_to_gcs.py
[2022-09-27 16:56:28,755] {processor.py:642} INFO - Processing file /opt/airflow/dags/data_upload_to_gcs.py for tasks to queue
[2022-09-27 16:56:28,760] {logging_mixin.py:109} INFO - [2022-09-27 16:56:28,760] {dagbag.py:500} INFO - Filling up the DagBag from /opt/airflow/dags/data_upload_to_gcs.py
[2022-09-27 16:56:28,923] {processor.py:654} INFO - DAG(s) dict_keys(['local_data_ingestion_gcs_dag']) retrieved from /opt/airflow/dags/data_upload_to_gcs.py
[2022-09-27 16:56:28,936] {logging_mixin.py:109} INFO - [2022-09-27 16:56:28,936] {dag.py:2396} INFO - Sync 1 DAGs
[2022-09-27 16:56:29,068] {processor.py:171} INFO - Processing /opt/airflow/dags/data_upload_to_gcs.py took 0.334 seconds
[2022-09-27 16:56:59,143] {processor.py:163} INFO - Started process (PID=377) to work on /opt/airflow/dags/data_upload_to_gcs.py
[2022-09-27 16:56:59,147] {processor.py:642} INFO - Processing file /opt/airflow/dags/data_upload_to_gcs.py for tasks to queue
[2022-09-27 16:56:59,152] {logging_mixin.py:109} INFO - [2022-09-27 16:56:59,152] {dagbag.py:500} INFO - Filling up the DagBag from /opt/airflow/dags/data_upload_to_gcs.py
[2022-09-27 16:56:59,439] {processor.py:654} INFO - DAG(s) dict_keys(['local_data_ingestion_gcs_dag']) retrieved from /opt/airflow/dags/data_upload_to_gcs.py
[2022-09-27 16:56:59,456] {logging_mixin.py:109} INFO - [2022-09-27 16:56:59,456] {dag.py:2396} INFO - Sync 1 DAGs
[2022-09-27 16:56:59,690] {processor.py:171} INFO - Processing /opt/airflow/dags/data_upload_to_gcs.py took 0.553 seconds
[2022-09-27 16:57:30,300] {processor.py:163} INFO - Started process (PID=401) to work on /opt/airflow/dags/data_upload_to_gcs.py
[2022-09-27 16:57:30,304] {processor.py:642} INFO - Processing file /opt/airflow/dags/data_upload_to_gcs.py for tasks to queue
[2022-09-27 16:57:30,305] {logging_mixin.py:109} INFO - [2022-09-27 16:57:30,305] {dagbag.py:500} INFO - Filling up the DagBag from /opt/airflow/dags/data_upload_to_gcs.py
[2022-09-27 16:57:30,694] {processor.py:654} INFO - DAG(s) dict_keys(['local_data_ingestion_gcs_dag']) retrieved from /opt/airflow/dags/data_upload_to_gcs.py
[2022-09-27 16:57:30,777] {logging_mixin.py:109} INFO - [2022-09-27 16:57:30,767] {dag.py:2396} INFO - Sync 1 DAGs
[2022-09-27 16:57:31,092] {processor.py:171} INFO - Processing /opt/airflow/dags/data_upload_to_gcs.py took 0.797 seconds
[2022-09-27 16:58:01,232] {processor.py:163} INFO - Started process (PID=426) to work on /opt/airflow/dags/data_upload_to_gcs.py
[2022-09-27 16:58:01,234] {processor.py:642} INFO - Processing file /opt/airflow/dags/data_upload_to_gcs.py for tasks to queue
[2022-09-27 16:58:01,236] {logging_mixin.py:109} INFO - [2022-09-27 16:58:01,236] {dagbag.py:500} INFO - Filling up the DagBag from /opt/airflow/dags/data_upload_to_gcs.py
[2022-09-27 16:58:01,614] {processor.py:654} INFO - DAG(s) dict_keys(['local_data_ingestion_gcs_dag']) retrieved from /opt/airflow/dags/data_upload_to_gcs.py
[2022-09-27 16:58:01,650] {logging_mixin.py:109} INFO - [2022-09-27 16:58:01,643] {dag.py:2396} INFO - Sync 1 DAGs
[2022-09-27 16:58:01,865] {processor.py:171} INFO - Processing /opt/airflow/dags/data_upload_to_gcs.py took 0.638 seconds
[2022-09-27 17:02:48,940] {processor.py:163} INFO - Started process (PID=46) to work on /opt/airflow/dags/data_upload_to_gcs.py
[2022-09-27 17:02:48,944] {processor.py:642} INFO - Processing file /opt/airflow/dags/data_upload_to_gcs.py for tasks to queue
[2022-09-27 17:02:48,950] {logging_mixin.py:109} INFO - [2022-09-27 17:02:48,949] {dagbag.py:500} INFO - Filling up the DagBag from /opt/airflow/dags/data_upload_to_gcs.py
[2022-09-27 17:02:50,153] {processor.py:654} INFO - DAG(s) dict_keys(['local_data_ingestion_gcs_dag']) retrieved from /opt/airflow/dags/data_upload_to_gcs.py
[2022-09-27 17:02:50,192] {logging_mixin.py:109} INFO - [2022-09-27 17:02:50,191] {dag.py:2396} INFO - Sync 1 DAGs
[2022-09-27 17:02:50,328] {processor.py:171} INFO - Processing /opt/airflow/dags/data_upload_to_gcs.py took 1.392 seconds
[2022-09-27 17:04:47,486] {processor.py:163} INFO - Started process (PID=37) to work on /opt/airflow/dags/data_upload_to_gcs.py
[2022-09-27 17:04:47,502] {processor.py:642} INFO - Processing file /opt/airflow/dags/data_upload_to_gcs.py for tasks to queue
[2022-09-27 17:04:47,518] {logging_mixin.py:109} INFO - [2022-09-27 17:04:47,518] {dagbag.py:500} INFO - Filling up the DagBag from /opt/airflow/dags/data_upload_to_gcs.py
[2022-09-27 17:04:47,635] {logging_mixin.py:109} INFO - [2022-09-27 17:04:47,633] {dagbag.py:334} ERROR - Failed to import: /opt/airflow/dags/data_upload_to_gcs.py
Traceback (most recent call last):
  File "/home/airflow/.local/lib/python3.7/site-packages/airflow/models/dagbag.py", line 331, in _load_modules_from_file
    loader.exec_module(new_module)
  File "<frozen importlib._bootstrap_external>", line 724, in exec_module
  File "<frozen importlib._bootstrap_external>", line 860, in get_code
  File "<frozen importlib._bootstrap_external>", line 791, in source_to_code
  File "<frozen importlib._bootstrap>", line 219, in _call_with_frames_removed
  File "/opt/airflow/dags/data_upload_to_gcs.py", line 11
    file_path = "C:\Users\Febian\Desktop\IYKRA"
               ^
SyntaxError: (unicode error) 'unicodeescape' codec can't decode bytes in position 2-3: truncated \UXXXXXXXX escape
[2022-09-27 17:04:47,679] {processor.py:690} INFO - Deactivated 1 DAGs which are no longer present in /opt/airflow/dags/data_upload_to_gcs.py
[2022-09-27 17:04:47,680] {processor.py:656} WARNING - No viable dags retrieved from /opt/airflow/dags/data_upload_to_gcs.py
[2022-09-27 17:04:47,698] {processor.py:171} INFO - Processing /opt/airflow/dags/data_upload_to_gcs.py took 0.216 seconds
[2022-09-27 17:05:17,956] {processor.py:163} INFO - Started process (PID=62) to work on /opt/airflow/dags/data_upload_to_gcs.py
[2022-09-27 17:05:17,958] {processor.py:642} INFO - Processing file /opt/airflow/dags/data_upload_to_gcs.py for tasks to queue
[2022-09-27 17:05:17,959] {logging_mixin.py:109} INFO - [2022-09-27 17:05:17,959] {dagbag.py:500} INFO - Filling up the DagBag from /opt/airflow/dags/data_upload_to_gcs.py
[2022-09-27 17:05:18,012] {logging_mixin.py:109} INFO - [2022-09-27 17:05:18,010] {dagbag.py:334} ERROR - Failed to import: /opt/airflow/dags/data_upload_to_gcs.py
Traceback (most recent call last):
  File "/home/airflow/.local/lib/python3.7/site-packages/airflow/models/dagbag.py", line 331, in _load_modules_from_file
    loader.exec_module(new_module)
  File "<frozen importlib._bootstrap_external>", line 724, in exec_module
  File "<frozen importlib._bootstrap_external>", line 860, in get_code
  File "<frozen importlib._bootstrap_external>", line 791, in source_to_code
  File "<frozen importlib._bootstrap>", line 219, in _call_with_frames_removed
  File "/opt/airflow/dags/data_upload_to_gcs.py", line 11
    file_path = "C:\Users\Febian\Desktop\IYKRA"
               ^
SyntaxError: (unicode error) 'unicodeescape' codec can't decode bytes in position 2-3: truncated \UXXXXXXXX escape
[2022-09-27 17:05:18,040] {processor.py:656} WARNING - No viable dags retrieved from /opt/airflow/dags/data_upload_to_gcs.py
[2022-09-27 17:05:18,061] {processor.py:171} INFO - Processing /opt/airflow/dags/data_upload_to_gcs.py took 0.110 seconds
[2022-09-27 17:08:16,493] {processor.py:163} INFO - Started process (PID=47) to work on /opt/airflow/dags/data_upload_to_gcs.py
[2022-09-27 17:08:16,498] {processor.py:642} INFO - Processing file /opt/airflow/dags/data_upload_to_gcs.py for tasks to queue
[2022-09-27 17:08:16,529] {logging_mixin.py:109} INFO - [2022-09-27 17:08:16,528] {dagbag.py:500} INFO - Filling up the DagBag from /opt/airflow/dags/data_upload_to_gcs.py
[2022-09-27 17:08:16,731] {logging_mixin.py:109} INFO - [2022-09-27 17:08:16,730] {dagbag.py:334} ERROR - Failed to import: /opt/airflow/dags/data_upload_to_gcs.py
Traceback (most recent call last):
  File "/home/airflow/.local/lib/python3.7/site-packages/airflow/models/dagbag.py", line 331, in _load_modules_from_file
    loader.exec_module(new_module)
  File "<frozen importlib._bootstrap_external>", line 724, in exec_module
  File "<frozen importlib._bootstrap_external>", line 860, in get_code
  File "<frozen importlib._bootstrap_external>", line 791, in source_to_code
  File "<frozen importlib._bootstrap>", line 219, in _call_with_frames_removed
  File "/opt/airflow/dags/data_upload_to_gcs.py", line 11
    file_path = "C:\Users\Febian\Desktop\IYKRA"
               ^
SyntaxError: (unicode error) 'unicodeescape' codec can't decode bytes in position 2-3: truncated \UXXXXXXXX escape
[2022-09-27 17:08:16,845] {processor.py:656} WARNING - No viable dags retrieved from /opt/airflow/dags/data_upload_to_gcs.py
[2022-09-27 17:08:16,957] {processor.py:171} INFO - Processing /opt/airflow/dags/data_upload_to_gcs.py took 0.480 seconds
[2022-09-27 17:08:48,375] {processor.py:163} INFO - Started process (PID=74) to work on /opt/airflow/dags/data_upload_to_gcs.py
[2022-09-27 17:08:48,377] {processor.py:642} INFO - Processing file /opt/airflow/dags/data_upload_to_gcs.py for tasks to queue
[2022-09-27 17:08:48,379] {logging_mixin.py:109} INFO - [2022-09-27 17:08:48,378] {dagbag.py:500} INFO - Filling up the DagBag from /opt/airflow/dags/data_upload_to_gcs.py
[2022-09-27 17:08:48,472] {logging_mixin.py:109} INFO - [2022-09-27 17:08:48,467] {dagbag.py:334} ERROR - Failed to import: /opt/airflow/dags/data_upload_to_gcs.py
Traceback (most recent call last):
  File "/home/airflow/.local/lib/python3.7/site-packages/airflow/models/dagbag.py", line 331, in _load_modules_from_file
    loader.exec_module(new_module)
  File "<frozen importlib._bootstrap_external>", line 724, in exec_module
  File "<frozen importlib._bootstrap_external>", line 860, in get_code
  File "<frozen importlib._bootstrap_external>", line 791, in source_to_code
  File "<frozen importlib._bootstrap>", line 219, in _call_with_frames_removed
  File "/opt/airflow/dags/data_upload_to_gcs.py", line 11
    file_path = "C:\Users\Febian\Desktop\IYKRA"
               ^
SyntaxError: (unicode error) 'unicodeescape' codec can't decode bytes in position 2-3: truncated \UXXXXXXXX escape
[2022-09-27 17:08:48,517] {processor.py:656} WARNING - No viable dags retrieved from /opt/airflow/dags/data_upload_to_gcs.py
[2022-09-27 17:08:48,644] {processor.py:171} INFO - Processing /opt/airflow/dags/data_upload_to_gcs.py took 0.277 seconds
[2022-09-27 17:09:19,586] {processor.py:163} INFO - Started process (PID=99) to work on /opt/airflow/dags/data_upload_to_gcs.py
[2022-09-27 17:09:19,598] {processor.py:642} INFO - Processing file /opt/airflow/dags/data_upload_to_gcs.py for tasks to queue
[2022-09-27 17:09:19,609] {logging_mixin.py:109} INFO - [2022-09-27 17:09:19,609] {dagbag.py:500} INFO - Filling up the DagBag from /opt/airflow/dags/data_upload_to_gcs.py
[2022-09-27 17:09:19,728] {logging_mixin.py:109} INFO - [2022-09-27 17:09:19,726] {dagbag.py:334} ERROR - Failed to import: /opt/airflow/dags/data_upload_to_gcs.py
Traceback (most recent call last):
  File "/home/airflow/.local/lib/python3.7/site-packages/airflow/models/dagbag.py", line 331, in _load_modules_from_file
    loader.exec_module(new_module)
  File "<frozen importlib._bootstrap_external>", line 724, in exec_module
  File "<frozen importlib._bootstrap_external>", line 860, in get_code
  File "<frozen importlib._bootstrap_external>", line 791, in source_to_code
  File "<frozen importlib._bootstrap>", line 219, in _call_with_frames_removed
  File "/opt/airflow/dags/data_upload_to_gcs.py", line 11
    file_path = "C:\Users\Febian\Desktop\IYKRA"
               ^
SyntaxError: (unicode error) 'unicodeescape' codec can't decode bytes in position 2-3: truncated \UXXXXXXXX escape
[2022-09-27 17:09:19,758] {processor.py:656} WARNING - No viable dags retrieved from /opt/airflow/dags/data_upload_to_gcs.py
[2022-09-27 17:09:19,781] {processor.py:171} INFO - Processing /opt/airflow/dags/data_upload_to_gcs.py took 0.204 seconds
[2022-09-27 17:11:49,193] {processor.py:163} INFO - Started process (PID=39) to work on /opt/airflow/dags/data_upload_to_gcs.py
[2022-09-27 17:11:49,201] {processor.py:642} INFO - Processing file /opt/airflow/dags/data_upload_to_gcs.py for tasks to queue
[2022-09-27 17:11:49,202] {logging_mixin.py:109} INFO - [2022-09-27 17:11:49,202] {dagbag.py:500} INFO - Filling up the DagBag from /opt/airflow/dags/data_upload_to_gcs.py
[2022-09-27 17:11:49,286] {logging_mixin.py:109} INFO - [2022-09-27 17:11:49,284] {dagbag.py:334} ERROR - Failed to import: /opt/airflow/dags/data_upload_to_gcs.py
Traceback (most recent call last):
  File "/home/airflow/.local/lib/python3.7/site-packages/airflow/models/dagbag.py", line 331, in _load_modules_from_file
    loader.exec_module(new_module)
  File "<frozen importlib._bootstrap_external>", line 724, in exec_module
  File "<frozen importlib._bootstrap_external>", line 860, in get_code
  File "<frozen importlib._bootstrap_external>", line 791, in source_to_code
  File "<frozen importlib._bootstrap>", line 219, in _call_with_frames_removed
  File "/opt/airflow/dags/data_upload_to_gcs.py", line 11
    file_path = "C:\Users\Febian\Desktop\IYKRA"
               ^
SyntaxError: (unicode error) 'unicodeescape' codec can't decode bytes in position 2-3: truncated \UXXXXXXXX escape
[2022-09-27 17:11:49,348] {processor.py:656} WARNING - No viable dags retrieved from /opt/airflow/dags/data_upload_to_gcs.py
[2022-09-27 17:11:49,382] {processor.py:171} INFO - Processing /opt/airflow/dags/data_upload_to_gcs.py took 0.193 seconds
[2022-09-27 17:12:19,972] {processor.py:163} INFO - Started process (PID=64) to work on /opt/airflow/dags/data_upload_to_gcs.py
[2022-09-27 17:12:19,976] {processor.py:642} INFO - Processing file /opt/airflow/dags/data_upload_to_gcs.py for tasks to queue
[2022-09-27 17:12:19,980] {logging_mixin.py:109} INFO - [2022-09-27 17:12:19,980] {dagbag.py:500} INFO - Filling up the DagBag from /opt/airflow/dags/data_upload_to_gcs.py
[2022-09-27 17:12:20,242] {logging_mixin.py:109} INFO - [2022-09-27 17:12:20,241] {dagbag.py:334} ERROR - Failed to import: /opt/airflow/dags/data_upload_to_gcs.py
Traceback (most recent call last):
  File "/home/airflow/.local/lib/python3.7/site-packages/airflow/models/dagbag.py", line 331, in _load_modules_from_file
    loader.exec_module(new_module)
  File "<frozen importlib._bootstrap_external>", line 724, in exec_module
  File "<frozen importlib._bootstrap_external>", line 860, in get_code
  File "<frozen importlib._bootstrap_external>", line 791, in source_to_code
  File "<frozen importlib._bootstrap>", line 219, in _call_with_frames_removed
  File "/opt/airflow/dags/data_upload_to_gcs.py", line 11
    file_path = "C:\Users\Febian\Desktop\IYKRA"
               ^
SyntaxError: (unicode error) 'unicodeescape' codec can't decode bytes in position 2-3: truncated \UXXXXXXXX escape
[2022-09-27 17:12:20,321] {processor.py:656} WARNING - No viable dags retrieved from /opt/airflow/dags/data_upload_to_gcs.py
[2022-09-27 17:12:20,405] {processor.py:171} INFO - Processing /opt/airflow/dags/data_upload_to_gcs.py took 0.437 seconds
[2022-09-27 17:12:50,586] {processor.py:163} INFO - Started process (PID=89) to work on /opt/airflow/dags/data_upload_to_gcs.py
[2022-09-27 17:12:50,591] {processor.py:642} INFO - Processing file /opt/airflow/dags/data_upload_to_gcs.py for tasks to queue
[2022-09-27 17:12:50,593] {logging_mixin.py:109} INFO - [2022-09-27 17:12:50,593] {dagbag.py:500} INFO - Filling up the DagBag from /opt/airflow/dags/data_upload_to_gcs.py
[2022-09-27 17:12:50,664] {logging_mixin.py:109} INFO - [2022-09-27 17:12:50,663] {dagbag.py:334} ERROR - Failed to import: /opt/airflow/dags/data_upload_to_gcs.py
Traceback (most recent call last):
  File "/home/airflow/.local/lib/python3.7/site-packages/airflow/models/dagbag.py", line 331, in _load_modules_from_file
    loader.exec_module(new_module)
  File "<frozen importlib._bootstrap_external>", line 724, in exec_module
  File "<frozen importlib._bootstrap_external>", line 860, in get_code
  File "<frozen importlib._bootstrap_external>", line 791, in source_to_code
  File "<frozen importlib._bootstrap>", line 219, in _call_with_frames_removed
  File "/opt/airflow/dags/data_upload_to_gcs.py", line 11
    file_path = "C:\Users\Febian\Desktop\IYKRA"
               ^
SyntaxError: (unicode error) 'unicodeescape' codec can't decode bytes in position 2-3: truncated \UXXXXXXXX escape
[2022-09-27 17:12:50,698] {processor.py:656} WARNING - No viable dags retrieved from /opt/airflow/dags/data_upload_to_gcs.py
[2022-09-27 17:12:50,722] {processor.py:171} INFO - Processing /opt/airflow/dags/data_upload_to_gcs.py took 0.143 seconds
[2022-09-27 17:13:21,453] {processor.py:163} INFO - Started process (PID=115) to work on /opt/airflow/dags/data_upload_to_gcs.py
[2022-09-27 17:13:21,465] {processor.py:642} INFO - Processing file /opt/airflow/dags/data_upload_to_gcs.py for tasks to queue
[2022-09-27 17:13:21,471] {logging_mixin.py:109} INFO - [2022-09-27 17:13:21,471] {dagbag.py:500} INFO - Filling up the DagBag from /opt/airflow/dags/data_upload_to_gcs.py
[2022-09-27 17:13:21,504] {logging_mixin.py:109} INFO - [2022-09-27 17:13:21,503] {dagbag.py:334} ERROR - Failed to import: /opt/airflow/dags/data_upload_to_gcs.py
Traceback (most recent call last):
  File "/home/airflow/.local/lib/python3.7/site-packages/airflow/models/dagbag.py", line 331, in _load_modules_from_file
    loader.exec_module(new_module)
  File "<frozen importlib._bootstrap_external>", line 724, in exec_module
  File "<frozen importlib._bootstrap_external>", line 860, in get_code
  File "<frozen importlib._bootstrap_external>", line 791, in source_to_code
  File "<frozen importlib._bootstrap>", line 219, in _call_with_frames_removed
  File "/opt/airflow/dags/data_upload_to_gcs.py", line 11
    file_path = "C:\Users\Febian\Desktop\IYKRA"
               ^
SyntaxError: (unicode error) 'unicodeescape' codec can't decode bytes in position 2-3: truncated \UXXXXXXXX escape
[2022-09-27 17:13:21,534] {processor.py:656} WARNING - No viable dags retrieved from /opt/airflow/dags/data_upload_to_gcs.py
[2022-09-27 17:13:21,552] {processor.py:171} INFO - Processing /opt/airflow/dags/data_upload_to_gcs.py took 0.112 seconds
[2022-09-27 17:13:51,829] {processor.py:163} INFO - Started process (PID=140) to work on /opt/airflow/dags/data_upload_to_gcs.py
[2022-09-27 17:13:51,857] {processor.py:642} INFO - Processing file /opt/airflow/dags/data_upload_to_gcs.py for tasks to queue
[2022-09-27 17:13:51,859] {logging_mixin.py:109} INFO - [2022-09-27 17:13:51,859] {dagbag.py:500} INFO - Filling up the DagBag from /opt/airflow/dags/data_upload_to_gcs.py
[2022-09-27 17:13:51,923] {logging_mixin.py:109} INFO - [2022-09-27 17:13:51,920] {dagbag.py:334} ERROR - Failed to import: /opt/airflow/dags/data_upload_to_gcs.py
Traceback (most recent call last):
  File "/home/airflow/.local/lib/python3.7/site-packages/airflow/models/dagbag.py", line 331, in _load_modules_from_file
    loader.exec_module(new_module)
  File "<frozen importlib._bootstrap_external>", line 724, in exec_module
  File "<frozen importlib._bootstrap_external>", line 860, in get_code
  File "<frozen importlib._bootstrap_external>", line 791, in source_to_code
  File "<frozen importlib._bootstrap>", line 219, in _call_with_frames_removed
  File "/opt/airflow/dags/data_upload_to_gcs.py", line 11
    file_path = "C:\Users\Febian\Desktop\IYKRA"
               ^
SyntaxError: (unicode error) 'unicodeescape' codec can't decode bytes in position 2-3: truncated \UXXXXXXXX escape
[2022-09-27 17:13:51,967] {processor.py:656} WARNING - No viable dags retrieved from /opt/airflow/dags/data_upload_to_gcs.py
[2022-09-27 17:13:51,993] {processor.py:171} INFO - Processing /opt/airflow/dags/data_upload_to_gcs.py took 0.178 seconds
[2022-09-27 17:14:22,650] {processor.py:163} INFO - Started process (PID=162) to work on /opt/airflow/dags/data_upload_to_gcs.py
[2022-09-27 17:14:22,653] {processor.py:642} INFO - Processing file /opt/airflow/dags/data_upload_to_gcs.py for tasks to queue
[2022-09-27 17:14:22,655] {logging_mixin.py:109} INFO - [2022-09-27 17:14:22,655] {dagbag.py:500} INFO - Filling up the DagBag from /opt/airflow/dags/data_upload_to_gcs.py
[2022-09-27 17:14:22,746] {logging_mixin.py:109} INFO - [2022-09-27 17:14:22,736] {dagbag.py:334} ERROR - Failed to import: /opt/airflow/dags/data_upload_to_gcs.py
Traceback (most recent call last):
  File "/home/airflow/.local/lib/python3.7/site-packages/airflow/models/dagbag.py", line 331, in _load_modules_from_file
    loader.exec_module(new_module)
  File "<frozen importlib._bootstrap_external>", line 724, in exec_module
  File "<frozen importlib._bootstrap_external>", line 860, in get_code
  File "<frozen importlib._bootstrap_external>", line 791, in source_to_code
  File "<frozen importlib._bootstrap>", line 219, in _call_with_frames_removed
  File "/opt/airflow/dags/data_upload_to_gcs.py", line 11
    file_path = "C:\Users\Febian\Desktop\IYKRA"
               ^
SyntaxError: (unicode error) 'unicodeescape' codec can't decode bytes in position 2-3: truncated \UXXXXXXXX escape
[2022-09-27 17:14:22,784] {processor.py:656} WARNING - No viable dags retrieved from /opt/airflow/dags/data_upload_to_gcs.py
[2022-09-27 17:14:22,798] {processor.py:171} INFO - Processing /opt/airflow/dags/data_upload_to_gcs.py took 0.161 seconds
