[2022-09-24 11:23:53,198] {processor.py:163} INFO - Started process (PID=47) to work on /opt/airflow/dags/xcom_dag.py
[2022-09-24 11:23:53,226] {processor.py:642} INFO - Processing file /opt/airflow/dags/xcom_dag.py for tasks to queue
[2022-09-24 11:23:53,228] {logging_mixin.py:109} INFO - [2022-09-24 11:23:53,227] {dagbag.py:500} INFO - Filling up the DagBag from /opt/airflow/dags/xcom_dag.py
[2022-09-24 11:23:53,849] {processor.py:654} INFO - DAG(s) dict_keys(['xcom_dag']) retrieved from /opt/airflow/dags/xcom_dag.py
[2022-09-24 11:24:23,646] {logging_mixin.py:109} INFO - [2022-09-24 11:24:23,642] {manager.py:496} INFO - Created Permission View: can edit on DAG:xcom_dag
[2022-09-24 11:24:23,701] {logging_mixin.py:109} INFO - [2022-09-24 11:24:23,701] {manager.py:496} INFO - Created Permission View: can read on DAG:xcom_dag
[2022-09-24 11:24:23,702] {logging_mixin.py:109} INFO - [2022-09-24 11:24:23,701] {dag.py:2396} INFO - Sync 1 DAGs
[2022-09-24 11:24:23,726] {logging_mixin.py:109} INFO - [2022-09-24 11:24:23,726] {dag.py:2415} INFO - Creating ORM DAG for xcom_dag
[2022-09-24 11:24:23,760] {logging_mixin.py:109} INFO - [2022-09-24 11:24:23,759] {dag.py:2935} INFO - Setting next_dagrun for xcom_dag to 2022-09-23 00:00:00+00:00
[2022-09-24 11:24:23,802] {processor.py:171} INFO - Processing /opt/airflow/dags/xcom_dag.py took 30.613 seconds
[2022-09-24 11:24:54,169] {processor.py:163} INFO - Started process (PID=87) to work on /opt/airflow/dags/xcom_dag.py
[2022-09-24 11:24:54,171] {processor.py:642} INFO - Processing file /opt/airflow/dags/xcom_dag.py for tasks to queue
[2022-09-24 11:24:54,172] {logging_mixin.py:109} INFO - [2022-09-24 11:24:54,172] {dagbag.py:500} INFO - Filling up the DagBag from /opt/airflow/dags/xcom_dag.py
[2022-09-24 11:24:54,296] {processor.py:654} INFO - DAG(s) dict_keys(['xcom_dag']) retrieved from /opt/airflow/dags/xcom_dag.py
[2022-09-24 11:24:54,317] {logging_mixin.py:109} INFO - [2022-09-24 11:24:54,317] {dag.py:2396} INFO - Sync 1 DAGs
[2022-09-24 11:24:54,356] {logging_mixin.py:109} INFO - [2022-09-24 11:24:54,356] {dag.py:2935} INFO - Setting next_dagrun for xcom_dag to 2022-09-23 00:00:00+00:00
[2022-09-24 11:24:54,438] {processor.py:171} INFO - Processing /opt/airflow/dags/xcom_dag.py took 0.280 seconds
[2022-09-24 11:25:25,118] {processor.py:163} INFO - Started process (PID=112) to work on /opt/airflow/dags/xcom_dag.py
[2022-09-24 11:25:25,121] {processor.py:642} INFO - Processing file /opt/airflow/dags/xcom_dag.py for tasks to queue
[2022-09-24 11:25:25,124] {logging_mixin.py:109} INFO - [2022-09-24 11:25:25,124] {dagbag.py:500} INFO - Filling up the DagBag from /opt/airflow/dags/xcom_dag.py
[2022-09-24 11:25:25,559] {processor.py:654} INFO - DAG(s) dict_keys(['xcom_dag']) retrieved from /opt/airflow/dags/xcom_dag.py
[2022-09-24 11:25:25,611] {logging_mixin.py:109} INFO - [2022-09-24 11:25:25,611] {dag.py:2396} INFO - Sync 1 DAGs
[2022-09-24 11:25:25,683] {logging_mixin.py:109} INFO - [2022-09-24 11:25:25,683] {dag.py:2935} INFO - Setting next_dagrun for xcom_dag to 2022-09-23 00:00:00+00:00
[2022-09-24 11:25:25,707] {processor.py:171} INFO - Processing /opt/airflow/dags/xcom_dag.py took 0.593 seconds
[2022-09-24 11:25:56,204] {processor.py:163} INFO - Started process (PID=137) to work on /opt/airflow/dags/xcom_dag.py
[2022-09-24 11:25:56,206] {processor.py:642} INFO - Processing file /opt/airflow/dags/xcom_dag.py for tasks to queue
[2022-09-24 11:25:56,207] {logging_mixin.py:109} INFO - [2022-09-24 11:25:56,207] {dagbag.py:500} INFO - Filling up the DagBag from /opt/airflow/dags/xcom_dag.py
[2022-09-24 11:25:56,280] {processor.py:654} INFO - DAG(s) dict_keys(['xcom_dag']) retrieved from /opt/airflow/dags/xcom_dag.py
[2022-09-24 11:25:56,317] {logging_mixin.py:109} INFO - [2022-09-24 11:25:56,317] {dag.py:2396} INFO - Sync 1 DAGs
[2022-09-24 11:25:56,369] {logging_mixin.py:109} INFO - [2022-09-24 11:25:56,369] {dag.py:2935} INFO - Setting next_dagrun for xcom_dag to 2022-09-23 00:00:00+00:00
[2022-09-24 11:25:56,382] {processor.py:171} INFO - Processing /opt/airflow/dags/xcom_dag.py took 0.182 seconds
[2022-09-24 11:26:27,064] {processor.py:163} INFO - Started process (PID=170) to work on /opt/airflow/dags/xcom_dag.py
[2022-09-24 11:26:27,066] {processor.py:642} INFO - Processing file /opt/airflow/dags/xcom_dag.py for tasks to queue
[2022-09-24 11:26:27,069] {logging_mixin.py:109} INFO - [2022-09-24 11:26:27,069] {dagbag.py:500} INFO - Filling up the DagBag from /opt/airflow/dags/xcom_dag.py
[2022-09-24 11:26:27,246] {processor.py:654} INFO - DAG(s) dict_keys(['xcom_dag']) retrieved from /opt/airflow/dags/xcom_dag.py
[2022-09-24 11:26:27,275] {logging_mixin.py:109} INFO - [2022-09-24 11:26:27,275] {dag.py:2396} INFO - Sync 1 DAGs
[2022-09-24 11:26:27,310] {logging_mixin.py:109} INFO - [2022-09-24 11:26:27,310] {dag.py:2935} INFO - Setting next_dagrun for xcom_dag to 2022-09-23 00:00:00+00:00
[2022-09-24 11:26:27,331] {processor.py:171} INFO - Processing /opt/airflow/dags/xcom_dag.py took 0.272 seconds
[2022-09-24 11:26:57,755] {processor.py:163} INFO - Started process (PID=195) to work on /opt/airflow/dags/xcom_dag.py
[2022-09-24 11:26:57,758] {processor.py:642} INFO - Processing file /opt/airflow/dags/xcom_dag.py for tasks to queue
[2022-09-24 11:26:57,764] {logging_mixin.py:109} INFO - [2022-09-24 11:26:57,764] {dagbag.py:500} INFO - Filling up the DagBag from /opt/airflow/dags/xcom_dag.py
[2022-09-24 11:26:58,045] {processor.py:654} INFO - DAG(s) dict_keys(['xcom_dag']) retrieved from /opt/airflow/dags/xcom_dag.py
[2022-09-24 11:26:58,101] {logging_mixin.py:109} INFO - [2022-09-24 11:26:58,101] {dag.py:2396} INFO - Sync 1 DAGs
[2022-09-24 11:26:58,203] {logging_mixin.py:109} INFO - [2022-09-24 11:26:58,203] {dag.py:2935} INFO - Setting next_dagrun for xcom_dag to 2022-09-23 00:00:00+00:00
[2022-09-24 11:26:58,286] {processor.py:171} INFO - Processing /opt/airflow/dags/xcom_dag.py took 0.538 seconds
[2022-09-24 11:27:28,999] {processor.py:163} INFO - Started process (PID=219) to work on /opt/airflow/dags/xcom_dag.py
[2022-09-24 11:27:29,002] {processor.py:642} INFO - Processing file /opt/airflow/dags/xcom_dag.py for tasks to queue
[2022-09-24 11:27:29,062] {logging_mixin.py:109} INFO - [2022-09-24 11:27:29,062] {dagbag.py:500} INFO - Filling up the DagBag from /opt/airflow/dags/xcom_dag.py
[2022-09-24 11:27:29,551] {processor.py:654} INFO - DAG(s) dict_keys(['xcom_dag']) retrieved from /opt/airflow/dags/xcom_dag.py
[2022-09-24 11:27:29,644] {logging_mixin.py:109} INFO - [2022-09-24 11:27:29,643] {dag.py:2396} INFO - Sync 1 DAGs
[2022-09-24 11:27:29,841] {logging_mixin.py:109} INFO - [2022-09-24 11:27:29,841] {dag.py:2935} INFO - Setting next_dagrun for xcom_dag to 2022-09-23 00:00:00+00:00
[2022-09-24 11:27:29,931] {processor.py:171} INFO - Processing /opt/airflow/dags/xcom_dag.py took 0.937 seconds
[2022-09-24 11:37:37,867] {processor.py:163} INFO - Started process (PID=45) to work on /opt/airflow/dags/xcom_dag.py
[2022-09-24 11:37:37,884] {processor.py:642} INFO - Processing file /opt/airflow/dags/xcom_dag.py for tasks to queue
[2022-09-24 11:37:37,886] {logging_mixin.py:109} INFO - [2022-09-24 11:37:37,886] {dagbag.py:500} INFO - Filling up the DagBag from /opt/airflow/dags/xcom_dag.py
[2022-09-24 11:37:38,128] {processor.py:654} INFO - DAG(s) dict_keys(['xcom_dag']) retrieved from /opt/airflow/dags/xcom_dag.py
[2022-09-24 11:37:38,201] {logging_mixin.py:109} INFO - [2022-09-24 11:37:38,201] {dag.py:2396} INFO - Sync 1 DAGs
[2022-09-24 11:37:38,293] {logging_mixin.py:109} INFO - [2022-09-24 11:37:38,292] {dag.py:2935} INFO - Setting next_dagrun for xcom_dag to 2022-09-23 00:00:00+00:00
[2022-09-24 11:37:38,390] {processor.py:171} INFO - Processing /opt/airflow/dags/xcom_dag.py took 0.530 seconds
[2022-09-24 11:38:09,084] {processor.py:163} INFO - Started process (PID=60) to work on /opt/airflow/dags/xcom_dag.py
[2022-09-24 11:38:09,086] {processor.py:642} INFO - Processing file /opt/airflow/dags/xcom_dag.py for tasks to queue
[2022-09-24 11:38:09,088] {logging_mixin.py:109} INFO - [2022-09-24 11:38:09,088] {dagbag.py:500} INFO - Filling up the DagBag from /opt/airflow/dags/xcom_dag.py
[2022-09-24 11:38:09,263] {processor.py:654} INFO - DAG(s) dict_keys(['xcom_dag']) retrieved from /opt/airflow/dags/xcom_dag.py
[2022-09-24 11:38:09,298] {logging_mixin.py:109} INFO - [2022-09-24 11:38:09,298] {dag.py:2396} INFO - Sync 1 DAGs
[2022-09-24 11:38:09,341] {logging_mixin.py:109} INFO - [2022-09-24 11:38:09,341] {dag.py:2935} INFO - Setting next_dagrun for xcom_dag to 2022-09-23 00:00:00+00:00
[2022-09-24 11:38:09,362] {processor.py:171} INFO - Processing /opt/airflow/dags/xcom_dag.py took 0.283 seconds
[2022-09-24 11:38:39,614] {processor.py:163} INFO - Started process (PID=93) to work on /opt/airflow/dags/xcom_dag.py
[2022-09-24 11:38:39,616] {processor.py:642} INFO - Processing file /opt/airflow/dags/xcom_dag.py for tasks to queue
[2022-09-24 11:38:39,618] {logging_mixin.py:109} INFO - [2022-09-24 11:38:39,618] {dagbag.py:500} INFO - Filling up the DagBag from /opt/airflow/dags/xcom_dag.py
[2022-09-24 11:38:40,297] {processor.py:654} INFO - DAG(s) dict_keys(['xcom_dag']) retrieved from /opt/airflow/dags/xcom_dag.py
[2022-09-24 11:38:40,347] {logging_mixin.py:109} INFO - [2022-09-24 11:38:40,346] {dag.py:2396} INFO - Sync 1 DAGs
[2022-09-24 11:38:40,438] {logging_mixin.py:109} INFO - [2022-09-24 11:38:40,438] {dag.py:2935} INFO - Setting next_dagrun for xcom_dag to 2022-09-23 00:00:00+00:00
[2022-09-24 11:38:40,487] {processor.py:171} INFO - Processing /opt/airflow/dags/xcom_dag.py took 0.881 seconds
[2022-09-24 11:39:10,805] {processor.py:163} INFO - Started process (PID=118) to work on /opt/airflow/dags/xcom_dag.py
[2022-09-24 11:39:10,807] {processor.py:642} INFO - Processing file /opt/airflow/dags/xcom_dag.py for tasks to queue
[2022-09-24 11:39:10,808] {logging_mixin.py:109} INFO - [2022-09-24 11:39:10,808] {dagbag.py:500} INFO - Filling up the DagBag from /opt/airflow/dags/xcom_dag.py
[2022-09-24 11:39:10,895] {processor.py:654} INFO - DAG(s) dict_keys(['xcom_dag']) retrieved from /opt/airflow/dags/xcom_dag.py
[2022-09-24 11:39:10,918] {logging_mixin.py:109} INFO - [2022-09-24 11:39:10,918] {dag.py:2396} INFO - Sync 1 DAGs
[2022-09-24 11:39:10,951] {logging_mixin.py:109} INFO - [2022-09-24 11:39:10,950] {dag.py:2935} INFO - Setting next_dagrun for xcom_dag to 2022-09-23 00:00:00+00:00
[2022-09-24 11:39:10,970] {processor.py:171} INFO - Processing /opt/airflow/dags/xcom_dag.py took 0.170 seconds
[2022-09-24 11:39:41,029] {processor.py:163} INFO - Started process (PID=144) to work on /opt/airflow/dags/xcom_dag.py
[2022-09-24 11:39:41,030] {processor.py:642} INFO - Processing file /opt/airflow/dags/xcom_dag.py for tasks to queue
[2022-09-24 11:39:41,031] {logging_mixin.py:109} INFO - [2022-09-24 11:39:41,031] {dagbag.py:500} INFO - Filling up the DagBag from /opt/airflow/dags/xcom_dag.py
[2022-09-24 11:39:41,078] {processor.py:654} INFO - DAG(s) dict_keys(['xcom_dag']) retrieved from /opt/airflow/dags/xcom_dag.py
[2022-09-24 11:39:41,089] {logging_mixin.py:109} INFO - [2022-09-24 11:39:41,089] {dag.py:2396} INFO - Sync 1 DAGs
[2022-09-24 11:39:41,115] {logging_mixin.py:109} INFO - [2022-09-24 11:39:41,115] {dag.py:2935} INFO - Setting next_dagrun for xcom_dag to 2022-09-23 00:00:00+00:00
[2022-09-24 11:39:41,134] {processor.py:171} INFO - Processing /opt/airflow/dags/xcom_dag.py took 0.109 seconds
[2022-09-24 11:40:11,422] {processor.py:163} INFO - Started process (PID=167) to work on /opt/airflow/dags/xcom_dag.py
[2022-09-24 11:40:11,425] {processor.py:642} INFO - Processing file /opt/airflow/dags/xcom_dag.py for tasks to queue
[2022-09-24 11:40:11,426] {logging_mixin.py:109} INFO - [2022-09-24 11:40:11,426] {dagbag.py:500} INFO - Filling up the DagBag from /opt/airflow/dags/xcom_dag.py
[2022-09-24 11:40:11,496] {processor.py:654} INFO - DAG(s) dict_keys(['xcom_dag']) retrieved from /opt/airflow/dags/xcom_dag.py
[2022-09-24 11:40:11,514] {logging_mixin.py:109} INFO - [2022-09-24 11:40:11,514] {dag.py:2396} INFO - Sync 1 DAGs
[2022-09-24 11:40:11,538] {logging_mixin.py:109} INFO - [2022-09-24 11:40:11,538] {dag.py:2935} INFO - Setting next_dagrun for xcom_dag to 2022-09-23 00:00:00+00:00
[2022-09-24 11:40:11,554] {processor.py:171} INFO - Processing /opt/airflow/dags/xcom_dag.py took 0.136 seconds
[2022-09-24 11:40:41,735] {processor.py:163} INFO - Started process (PID=192) to work on /opt/airflow/dags/xcom_dag.py
[2022-09-24 11:40:41,736] {processor.py:642} INFO - Processing file /opt/airflow/dags/xcom_dag.py for tasks to queue
[2022-09-24 11:40:41,737] {logging_mixin.py:109} INFO - [2022-09-24 11:40:41,737] {dagbag.py:500} INFO - Filling up the DagBag from /opt/airflow/dags/xcom_dag.py
[2022-09-24 11:40:41,815] {processor.py:654} INFO - DAG(s) dict_keys(['xcom_dag']) retrieved from /opt/airflow/dags/xcom_dag.py
[2022-09-24 11:40:41,833] {logging_mixin.py:109} INFO - [2022-09-24 11:40:41,833] {dag.py:2396} INFO - Sync 1 DAGs
[2022-09-24 11:40:41,865] {logging_mixin.py:109} INFO - [2022-09-24 11:40:41,865] {dag.py:2935} INFO - Setting next_dagrun for xcom_dag to 2022-09-23 00:00:00+00:00
[2022-09-24 11:40:41,893] {processor.py:171} INFO - Processing /opt/airflow/dags/xcom_dag.py took 0.163 seconds
[2022-09-24 11:41:12,059] {processor.py:163} INFO - Started process (PID=228) to work on /opt/airflow/dags/xcom_dag.py
[2022-09-24 11:41:12,061] {processor.py:642} INFO - Processing file /opt/airflow/dags/xcom_dag.py for tasks to queue
[2022-09-24 11:41:12,063] {logging_mixin.py:109} INFO - [2022-09-24 11:41:12,062] {dagbag.py:500} INFO - Filling up the DagBag from /opt/airflow/dags/xcom_dag.py
[2022-09-24 11:41:12,194] {processor.py:654} INFO - DAG(s) dict_keys(['xcom_dag']) retrieved from /opt/airflow/dags/xcom_dag.py
[2022-09-24 11:41:12,214] {logging_mixin.py:109} INFO - [2022-09-24 11:41:12,213] {dag.py:2396} INFO - Sync 1 DAGs
[2022-09-24 11:41:12,251] {logging_mixin.py:109} INFO - [2022-09-24 11:41:12,250] {dag.py:2935} INFO - Setting next_dagrun for xcom_dag to 2022-09-23 00:00:00+00:00
[2022-09-24 11:41:12,275] {processor.py:171} INFO - Processing /opt/airflow/dags/xcom_dag.py took 0.226 seconds
[2022-09-24 11:41:42,633] {processor.py:163} INFO - Started process (PID=252) to work on /opt/airflow/dags/xcom_dag.py
[2022-09-24 11:41:42,636] {processor.py:642} INFO - Processing file /opt/airflow/dags/xcom_dag.py for tasks to queue
[2022-09-24 11:41:42,637] {logging_mixin.py:109} INFO - [2022-09-24 11:41:42,637] {dagbag.py:500} INFO - Filling up the DagBag from /opt/airflow/dags/xcom_dag.py
[2022-09-24 11:41:42,692] {processor.py:654} INFO - DAG(s) dict_keys(['xcom_dag']) retrieved from /opt/airflow/dags/xcom_dag.py
[2022-09-24 11:41:42,707] {logging_mixin.py:109} INFO - [2022-09-24 11:41:42,707] {dag.py:2396} INFO - Sync 1 DAGs
[2022-09-24 11:41:42,729] {logging_mixin.py:109} INFO - [2022-09-24 11:41:42,729] {dag.py:2935} INFO - Setting next_dagrun for xcom_dag to 2022-09-23 00:00:00+00:00
[2022-09-24 11:41:42,742] {processor.py:171} INFO - Processing /opt/airflow/dags/xcom_dag.py took 0.114 seconds
[2022-09-24 11:42:12,944] {processor.py:163} INFO - Started process (PID=276) to work on /opt/airflow/dags/xcom_dag.py
[2022-09-24 11:42:12,946] {processor.py:642} INFO - Processing file /opt/airflow/dags/xcom_dag.py for tasks to queue
[2022-09-24 11:42:12,947] {logging_mixin.py:109} INFO - [2022-09-24 11:42:12,947] {dagbag.py:500} INFO - Filling up the DagBag from /opt/airflow/dags/xcom_dag.py
[2022-09-24 11:42:12,987] {processor.py:654} INFO - DAG(s) dict_keys(['xcom_dag']) retrieved from /opt/airflow/dags/xcom_dag.py
[2022-09-24 11:42:12,998] {logging_mixin.py:109} INFO - [2022-09-24 11:42:12,998] {dag.py:2396} INFO - Sync 1 DAGs
[2022-09-24 11:42:13,019] {logging_mixin.py:109} INFO - [2022-09-24 11:42:13,019] {dag.py:2935} INFO - Setting next_dagrun for xcom_dag to 2022-09-23 00:00:00+00:00
[2022-09-24 11:42:13,032] {processor.py:171} INFO - Processing /opt/airflow/dags/xcom_dag.py took 0.090 seconds
[2022-09-24 11:42:43,365] {processor.py:163} INFO - Started process (PID=301) to work on /opt/airflow/dags/xcom_dag.py
[2022-09-24 11:42:43,367] {processor.py:642} INFO - Processing file /opt/airflow/dags/xcom_dag.py for tasks to queue
[2022-09-24 11:42:43,379] {logging_mixin.py:109} INFO - [2022-09-24 11:42:43,378] {dagbag.py:500} INFO - Filling up the DagBag from /opt/airflow/dags/xcom_dag.py
[2022-09-24 11:42:43,529] {processor.py:654} INFO - DAG(s) dict_keys(['xcom_dag']) retrieved from /opt/airflow/dags/xcom_dag.py
[2022-09-24 11:42:43,571] {logging_mixin.py:109} INFO - [2022-09-24 11:42:43,571] {dag.py:2396} INFO - Sync 1 DAGs
[2022-09-24 11:42:43,606] {logging_mixin.py:109} INFO - [2022-09-24 11:42:43,606] {dag.py:2935} INFO - Setting next_dagrun for xcom_dag to 2022-09-23 00:00:00+00:00
[2022-09-24 11:42:43,632] {processor.py:171} INFO - Processing /opt/airflow/dags/xcom_dag.py took 0.275 seconds
[2022-09-24 12:55:37,031] {processor.py:163} INFO - Started process (PID=54) to work on /opt/airflow/dags/xcom_dag.py
[2022-09-24 12:55:37,267] {processor.py:642} INFO - Processing file /opt/airflow/dags/xcom_dag.py for tasks to queue
[2022-09-24 12:55:37,449] {logging_mixin.py:109} INFO - [2022-09-24 12:55:37,449] {dagbag.py:500} INFO - Filling up the DagBag from /opt/airflow/dags/xcom_dag.py
[2022-09-24 12:55:39,779] {processor.py:654} INFO - DAG(s) dict_keys(['xcom_dag']) retrieved from /opt/airflow/dags/xcom_dag.py
[2022-09-24 12:55:39,881] {logging_mixin.py:109} INFO - [2022-09-24 12:55:39,880] {dag.py:2396} INFO - Sync 1 DAGs
[2022-09-24 12:55:40,339] {logging_mixin.py:109} INFO - [2022-09-24 12:55:40,339] {dag.py:2935} INFO - Setting next_dagrun for xcom_dag to 2022-09-23 00:00:00+00:00
[2022-09-24 12:55:41,110] {processor.py:171} INFO - Processing /opt/airflow/dags/xcom_dag.py took 4.087 seconds
[2022-09-24 12:56:12,327] {processor.py:163} INFO - Started process (PID=78) to work on /opt/airflow/dags/xcom_dag.py
[2022-09-24 12:56:12,462] {processor.py:642} INFO - Processing file /opt/airflow/dags/xcom_dag.py for tasks to queue
[2022-09-24 12:56:12,464] {logging_mixin.py:109} INFO - [2022-09-24 12:56:12,464] {dagbag.py:500} INFO - Filling up the DagBag from /opt/airflow/dags/xcom_dag.py
[2022-09-24 12:56:14,241] {processor.py:654} INFO - DAG(s) dict_keys(['xcom_dag']) retrieved from /opt/airflow/dags/xcom_dag.py
[2022-09-24 12:56:14,647] {logging_mixin.py:109} INFO - [2022-09-24 12:56:14,631] {dag.py:2396} INFO - Sync 1 DAGs
[2022-09-24 12:56:15,183] {logging_mixin.py:109} INFO - [2022-09-24 12:56:15,182] {dag.py:2935} INFO - Setting next_dagrun for xcom_dag to 2022-09-23 00:00:00+00:00
[2022-09-24 12:56:15,699] {processor.py:171} INFO - Processing /opt/airflow/dags/xcom_dag.py took 3.379 seconds
[2022-09-24 12:56:46,321] {processor.py:163} INFO - Started process (PID=102) to work on /opt/airflow/dags/xcom_dag.py
[2022-09-24 12:56:46,333] {processor.py:642} INFO - Processing file /opt/airflow/dags/xcom_dag.py for tasks to queue
[2022-09-24 12:56:46,340] {logging_mixin.py:109} INFO - [2022-09-24 12:56:46,339] {dagbag.py:500} INFO - Filling up the DagBag from /opt/airflow/dags/xcom_dag.py
[2022-09-24 12:56:46,902] {processor.py:654} INFO - DAG(s) dict_keys(['xcom_dag']) retrieved from /opt/airflow/dags/xcom_dag.py
[2022-09-24 12:56:46,962] {logging_mixin.py:109} INFO - [2022-09-24 12:56:46,962] {dag.py:2396} INFO - Sync 1 DAGs
[2022-09-24 12:56:47,252] {logging_mixin.py:109} INFO - [2022-09-24 12:56:47,252] {dag.py:2935} INFO - Setting next_dagrun for xcom_dag to 2022-09-23 00:00:00+00:00
[2022-09-24 12:56:47,329] {processor.py:171} INFO - Processing /opt/airflow/dags/xcom_dag.py took 1.054 seconds
[2022-09-24 12:57:18,132] {processor.py:163} INFO - Started process (PID=112) to work on /opt/airflow/dags/xcom_dag.py
[2022-09-24 12:57:18,136] {processor.py:642} INFO - Processing file /opt/airflow/dags/xcom_dag.py for tasks to queue
[2022-09-24 12:57:18,145] {logging_mixin.py:109} INFO - [2022-09-24 12:57:18,145] {dagbag.py:500} INFO - Filling up the DagBag from /opt/airflow/dags/xcom_dag.py
[2022-09-24 12:57:18,388] {processor.py:654} INFO - DAG(s) dict_keys(['xcom_dag']) retrieved from /opt/airflow/dags/xcom_dag.py
[2022-09-24 12:57:18,451] {logging_mixin.py:109} INFO - [2022-09-24 12:57:18,451] {dag.py:2396} INFO - Sync 1 DAGs
[2022-09-24 12:57:18,552] {logging_mixin.py:109} INFO - [2022-09-24 12:57:18,551] {dag.py:2935} INFO - Setting next_dagrun for xcom_dag to 2022-09-23 00:00:00+00:00
[2022-09-24 12:57:18,662] {processor.py:171} INFO - Processing /opt/airflow/dags/xcom_dag.py took 0.543 seconds
[2022-09-24 12:57:48,940] {processor.py:163} INFO - Started process (PID=136) to work on /opt/airflow/dags/xcom_dag.py
[2022-09-24 12:57:48,955] {processor.py:642} INFO - Processing file /opt/airflow/dags/xcom_dag.py for tasks to queue
[2022-09-24 12:57:48,957] {logging_mixin.py:109} INFO - [2022-09-24 12:57:48,957] {dagbag.py:500} INFO - Filling up the DagBag from /opt/airflow/dags/xcom_dag.py
[2022-09-24 12:57:49,118] {processor.py:654} INFO - DAG(s) dict_keys(['xcom_dag']) retrieved from /opt/airflow/dags/xcom_dag.py
[2022-09-24 12:57:49,134] {logging_mixin.py:109} INFO - [2022-09-24 12:57:49,134] {dag.py:2396} INFO - Sync 1 DAGs
[2022-09-24 12:57:49,158] {logging_mixin.py:109} INFO - [2022-09-24 12:57:49,158] {dag.py:2935} INFO - Setting next_dagrun for xcom_dag to 2022-09-23 00:00:00+00:00
[2022-09-24 12:57:49,174] {processor.py:171} INFO - Processing /opt/airflow/dags/xcom_dag.py took 0.238 seconds
[2022-09-24 15:02:56,662] {processor.py:163} INFO - Started process (PID=64) to work on /opt/airflow/dags/xcom_dag.py
[2022-09-24 15:02:56,668] {processor.py:642} INFO - Processing file /opt/airflow/dags/xcom_dag.py for tasks to queue
[2022-09-24 15:02:56,679] {logging_mixin.py:109} INFO - [2022-09-24 15:02:56,679] {dagbag.py:500} INFO - Filling up the DagBag from /opt/airflow/dags/xcom_dag.py
[2022-09-24 15:02:57,254] {processor.py:654} INFO - DAG(s) dict_keys(['xcom_dag']) retrieved from /opt/airflow/dags/xcom_dag.py
[2022-09-24 15:02:57,494] {logging_mixin.py:109} INFO - [2022-09-24 15:02:57,494] {dag.py:2396} INFO - Sync 1 DAGs
[2022-09-24 15:02:57,671] {logging_mixin.py:109} INFO - [2022-09-24 15:02:57,670] {dag.py:2935} INFO - Setting next_dagrun for xcom_dag to 2022-09-23 00:00:00+00:00
[2022-09-24 15:02:57,745] {processor.py:171} INFO - Processing /opt/airflow/dags/xcom_dag.py took 1.110 seconds
[2022-09-24 15:03:28,033] {processor.py:163} INFO - Started process (PID=79) to work on /opt/airflow/dags/xcom_dag.py
[2022-09-24 15:03:28,046] {processor.py:642} INFO - Processing file /opt/airflow/dags/xcom_dag.py for tasks to queue
[2022-09-24 15:03:28,049] {logging_mixin.py:109} INFO - [2022-09-24 15:03:28,049] {dagbag.py:500} INFO - Filling up the DagBag from /opt/airflow/dags/xcom_dag.py
[2022-09-24 15:03:28,275] {processor.py:654} INFO - DAG(s) dict_keys(['xcom_dag']) retrieved from /opt/airflow/dags/xcom_dag.py
[2022-09-24 15:03:28,329] {logging_mixin.py:109} INFO - [2022-09-24 15:03:28,329] {dag.py:2396} INFO - Sync 1 DAGs
[2022-09-24 15:03:28,402] {logging_mixin.py:109} INFO - [2022-09-24 15:03:28,402] {dag.py:2935} INFO - Setting next_dagrun for xcom_dag to 2022-09-23 00:00:00+00:00
[2022-09-24 15:03:28,449] {processor.py:171} INFO - Processing /opt/airflow/dags/xcom_dag.py took 0.422 seconds
[2022-09-24 15:03:58,777] {processor.py:163} INFO - Started process (PID=103) to work on /opt/airflow/dags/xcom_dag.py
[2022-09-24 15:03:58,783] {processor.py:642} INFO - Processing file /opt/airflow/dags/xcom_dag.py for tasks to queue
[2022-09-24 15:03:58,794] {logging_mixin.py:109} INFO - [2022-09-24 15:03:58,794] {dagbag.py:500} INFO - Filling up the DagBag from /opt/airflow/dags/xcom_dag.py
[2022-09-24 15:03:58,876] {processor.py:654} INFO - DAG(s) dict_keys(['xcom_dag']) retrieved from /opt/airflow/dags/xcom_dag.py
[2022-09-24 15:03:58,896] {logging_mixin.py:109} INFO - [2022-09-24 15:03:58,896] {dag.py:2396} INFO - Sync 1 DAGs
[2022-09-24 15:03:58,934] {logging_mixin.py:109} INFO - [2022-09-24 15:03:58,933] {dag.py:2935} INFO - Setting next_dagrun for xcom_dag to 2022-09-23 00:00:00+00:00
[2022-09-24 15:03:58,952] {processor.py:171} INFO - Processing /opt/airflow/dags/xcom_dag.py took 0.183 seconds
[2022-09-24 15:04:29,491] {processor.py:163} INFO - Started process (PID=128) to work on /opt/airflow/dags/xcom_dag.py
[2022-09-24 15:04:29,494] {processor.py:642} INFO - Processing file /opt/airflow/dags/xcom_dag.py for tasks to queue
[2022-09-24 15:04:29,496] {logging_mixin.py:109} INFO - [2022-09-24 15:04:29,496] {dagbag.py:500} INFO - Filling up the DagBag from /opt/airflow/dags/xcom_dag.py
[2022-09-24 15:04:29,655] {processor.py:654} INFO - DAG(s) dict_keys(['xcom_dag']) retrieved from /opt/airflow/dags/xcom_dag.py
[2022-09-24 15:04:29,677] {logging_mixin.py:109} INFO - [2022-09-24 15:04:29,677] {dag.py:2396} INFO - Sync 1 DAGs
[2022-09-24 15:04:29,710] {logging_mixin.py:109} INFO - [2022-09-24 15:04:29,710] {dag.py:2935} INFO - Setting next_dagrun for xcom_dag to 2022-09-23 00:00:00+00:00
[2022-09-24 15:04:29,728] {processor.py:171} INFO - Processing /opt/airflow/dags/xcom_dag.py took 0.246 seconds
