[2022-09-24 11:42:25,138] {taskinstance.py:1032} INFO - Dependencies all met for <TaskInstance: data_ingestion_gcs_dag.download_dataset_task manual__2022-09-24T11:42:19.271354+00:00 [queued]>
[2022-09-24 11:42:25,162] {taskinstance.py:1032} INFO - Dependencies all met for <TaskInstance: data_ingestion_gcs_dag.download_dataset_task manual__2022-09-24T11:42:19.271354+00:00 [queued]>
[2022-09-24 11:42:25,163] {taskinstance.py:1238} INFO - 
--------------------------------------------------------------------------------
[2022-09-24 11:42:25,164] {taskinstance.py:1239} INFO - Starting attempt 1 of 2
[2022-09-24 11:42:25,165] {taskinstance.py:1240} INFO - 
--------------------------------------------------------------------------------
[2022-09-24 11:42:25,188] {taskinstance.py:1259} INFO - Executing <Task(BashOperator): download_dataset_task> on 2022-09-24 11:42:19.271354+00:00
[2022-09-24 11:42:25,198] {standard_task_runner.py:52} INFO - Started process 245 to run task
[2022-09-24 11:42:25,237] {standard_task_runner.py:76} INFO - Running: ['***', 'tasks', 'run', 'data_ingestion_gcs_dag', 'download_dataset_task', 'manual__2022-09-24T11:42:19.271354+00:00', '--job-id', '51', '--raw', '--subdir', 'DAGS_FOLDER/data_ingestion_gcs_dag.py', '--cfg-path', '/tmp/tmpwr25k273', '--error-file', '/tmp/tmp8j5f1kj4']
[2022-09-24 11:42:25,239] {standard_task_runner.py:77} INFO - Job 51: Subtask download_dataset_task
[2022-09-24 11:42:25,439] {logging_mixin.py:109} INFO - Running <TaskInstance: data_ingestion_gcs_dag.download_dataset_task manual__2022-09-24T11:42:19.271354+00:00 [running]> on host 0e8ed230e9aa
[2022-09-24 11:42:25,643] {taskinstance.py:1426} INFO - Exporting the following env vars:
AIRFLOW_CTX_DAG_OWNER=***
AIRFLOW_CTX_DAG_ID=data_ingestion_gcs_dag
AIRFLOW_CTX_TASK_ID=download_dataset_task
AIRFLOW_CTX_EXECUTION_DATE=2022-09-24T11:42:19.271354+00:00
AIRFLOW_CTX_DAG_RUN_ID=manual__2022-09-24T11:42:19.271354+00:00
[2022-09-24 11:42:25,648] {subprocess.py:62} INFO - Tmp dir root location: 
 /tmp
[2022-09-24 11:42:25,651] {subprocess.py:74} INFO - Running command: ['bash', '-c', 'curl -sSL https://people.sc.fsu.edu/~jburkardt/data/csv/crash_catalonia.csv > /opt/***//crash_catalonia.csv']
[2022-09-24 11:42:25,681] {subprocess.py:85} INFO - Output:
[2022-09-24 11:42:27,938] {subprocess.py:93} INFO - Command exited with return code 0
[2022-09-24 11:42:28,105] {taskinstance.py:1277} INFO - Marking task as SUCCESS. dag_id=data_ingestion_gcs_dag, task_id=download_dataset_task, execution_date=20220924T114219, start_date=20220924T114225, end_date=20220924T114228
[2022-09-24 11:42:28,249] {local_task_job.py:154} INFO - Task exited with return code 0
[2022-09-24 11:42:28,472] {local_task_job.py:264} INFO - 1 downstream tasks scheduled from follow-on schedule check
