[2022-10-06 05:01:33,572] {processor.py:163} INFO - Started process (PID=56) to work on /opt/airflow/dags/data_ingestion_gcs_dag.py
[2022-10-06 05:01:33,602] {processor.py:642} INFO - Processing file /opt/airflow/dags/data_ingestion_gcs_dag.py for tasks to queue
[2022-10-06 05:01:33,632] {logging_mixin.py:109} INFO - [2022-10-06 05:01:33,632] {dagbag.py:500} INFO - Filling up the DagBag from /opt/airflow/dags/data_ingestion_gcs_dag.py
[2022-10-06 05:01:45,917] {processor.py:654} INFO - DAG(s) dict_keys(['data_ingestion_gcs_dag']) retrieved from /opt/airflow/dags/data_ingestion_gcs_dag.py
[2022-10-06 05:01:48,801] {logging_mixin.py:109} INFO - [2022-10-06 05:01:48,800] {dag.py:2396} INFO - Sync 1 DAGs
[2022-10-06 05:01:49,109] {processor.py:171} INFO - Processing /opt/airflow/dags/data_ingestion_gcs_dag.py took 15.591 seconds
[2022-10-06 05:02:20,058] {processor.py:163} INFO - Started process (PID=80) to work on /opt/airflow/dags/data_ingestion_gcs_dag.py
[2022-10-06 05:02:20,097] {processor.py:642} INFO - Processing file /opt/airflow/dags/data_ingestion_gcs_dag.py for tasks to queue
[2022-10-06 05:02:20,114] {logging_mixin.py:109} INFO - [2022-10-06 05:02:20,114] {dagbag.py:500} INFO - Filling up the DagBag from /opt/airflow/dags/data_ingestion_gcs_dag.py
[2022-10-06 05:02:34,927] {processor.py:654} INFO - DAG(s) dict_keys(['data_ingestion_gcs_dag']) retrieved from /opt/airflow/dags/data_ingestion_gcs_dag.py
[2022-10-06 05:02:34,986] {logging_mixin.py:109} INFO - [2022-10-06 05:02:34,985] {dag.py:2396} INFO - Sync 1 DAGs
[2022-10-06 05:02:35,102] {processor.py:171} INFO - Processing /opt/airflow/dags/data_ingestion_gcs_dag.py took 15.047 seconds
[2022-10-06 05:03:05,243] {processor.py:163} INFO - Started process (PID=104) to work on /opt/airflow/dags/data_ingestion_gcs_dag.py
[2022-10-06 05:03:05,245] {processor.py:642} INFO - Processing file /opt/airflow/dags/data_ingestion_gcs_dag.py for tasks to queue
[2022-10-06 05:03:05,246] {logging_mixin.py:109} INFO - [2022-10-06 05:03:05,246] {dagbag.py:500} INFO - Filling up the DagBag from /opt/airflow/dags/data_ingestion_gcs_dag.py
[2022-10-06 05:03:08,967] {processor.py:654} INFO - DAG(s) dict_keys(['data_ingestion_gcs_dag']) retrieved from /opt/airflow/dags/data_ingestion_gcs_dag.py
[2022-10-06 05:03:09,038] {logging_mixin.py:109} INFO - [2022-10-06 05:03:09,037] {dag.py:2396} INFO - Sync 1 DAGs
[2022-10-06 05:03:09,122] {logging_mixin.py:109} INFO - [2022-10-06 05:03:09,121] {dag.py:2935} INFO - Setting next_dagrun for data_ingestion_gcs_dag to 2022-10-05 00:00:00+00:00
[2022-10-06 05:03:09,163] {processor.py:171} INFO - Processing /opt/airflow/dags/data_ingestion_gcs_dag.py took 3.925 seconds
[2022-10-06 05:03:40,809] {processor.py:163} INFO - Started process (PID=128) to work on /opt/airflow/dags/data_ingestion_gcs_dag.py
[2022-10-06 05:03:40,844] {processor.py:642} INFO - Processing file /opt/airflow/dags/data_ingestion_gcs_dag.py for tasks to queue
[2022-10-06 05:03:40,863] {logging_mixin.py:109} INFO - [2022-10-06 05:03:40,862] {dagbag.py:500} INFO - Filling up the DagBag from /opt/airflow/dags/data_ingestion_gcs_dag.py
[2022-10-06 05:03:47,525] {processor.py:654} INFO - DAG(s) dict_keys(['data_ingestion_gcs_dag']) retrieved from /opt/airflow/dags/data_ingestion_gcs_dag.py
[2022-10-06 05:03:47,558] {logging_mixin.py:109} INFO - [2022-10-06 05:03:47,555] {dag.py:2396} INFO - Sync 1 DAGs
[2022-10-06 05:03:47,691] {processor.py:171} INFO - Processing /opt/airflow/dags/data_ingestion_gcs_dag.py took 6.932 seconds
[2022-10-06 05:04:17,789] {processor.py:163} INFO - Started process (PID=153) to work on /opt/airflow/dags/data_ingestion_gcs_dag.py
[2022-10-06 05:04:17,791] {processor.py:642} INFO - Processing file /opt/airflow/dags/data_ingestion_gcs_dag.py for tasks to queue
[2022-10-06 05:04:17,793] {logging_mixin.py:109} INFO - [2022-10-06 05:04:17,792] {dagbag.py:500} INFO - Filling up the DagBag from /opt/airflow/dags/data_ingestion_gcs_dag.py
[2022-10-06 05:04:18,727] {processor.py:654} INFO - DAG(s) dict_keys(['data_ingestion_gcs_dag']) retrieved from /opt/airflow/dags/data_ingestion_gcs_dag.py
[2022-10-06 05:04:18,743] {logging_mixin.py:109} INFO - [2022-10-06 05:04:18,742] {dag.py:2396} INFO - Sync 1 DAGs
[2022-10-06 05:04:18,761] {logging_mixin.py:109} INFO - [2022-10-06 05:04:18,761] {dag.py:2935} INFO - Setting next_dagrun for data_ingestion_gcs_dag to 2022-10-06T00:00:00+00:00
[2022-10-06 05:04:18,774] {processor.py:171} INFO - Processing /opt/airflow/dags/data_ingestion_gcs_dag.py took 0.990 seconds
[2022-10-06 05:04:49,653] {processor.py:163} INFO - Started process (PID=177) to work on /opt/airflow/dags/data_ingestion_gcs_dag.py
[2022-10-06 05:04:49,681] {processor.py:642} INFO - Processing file /opt/airflow/dags/data_ingestion_gcs_dag.py for tasks to queue
[2022-10-06 05:04:49,713] {logging_mixin.py:109} INFO - [2022-10-06 05:04:49,713] {dagbag.py:500} INFO - Filling up the DagBag from /opt/airflow/dags/data_ingestion_gcs_dag.py
[2022-10-06 05:04:54,336] {processor.py:654} INFO - DAG(s) dict_keys(['data_ingestion_gcs_dag']) retrieved from /opt/airflow/dags/data_ingestion_gcs_dag.py
[2022-10-06 05:04:54,431] {logging_mixin.py:109} INFO - [2022-10-06 05:04:54,419] {dag.py:2396} INFO - Sync 1 DAGs
[2022-10-06 05:04:54,582] {logging_mixin.py:109} INFO - [2022-10-06 05:04:54,582] {dag.py:2935} INFO - Setting next_dagrun for data_ingestion_gcs_dag to 2022-10-06T00:00:00+00:00
[2022-10-06 05:04:54,750] {processor.py:171} INFO - Processing /opt/airflow/dags/data_ingestion_gcs_dag.py took 5.102 seconds
[2022-10-06 05:05:25,473] {processor.py:163} INFO - Started process (PID=200) to work on /opt/airflow/dags/data_ingestion_gcs_dag.py
[2022-10-06 05:05:25,475] {processor.py:642} INFO - Processing file /opt/airflow/dags/data_ingestion_gcs_dag.py for tasks to queue
[2022-10-06 05:05:25,478] {logging_mixin.py:109} INFO - [2022-10-06 05:05:25,478] {dagbag.py:500} INFO - Filling up the DagBag from /opt/airflow/dags/data_ingestion_gcs_dag.py
[2022-10-06 05:05:27,866] {processor.py:654} INFO - DAG(s) dict_keys(['data_ingestion_gcs_dag']) retrieved from /opt/airflow/dags/data_ingestion_gcs_dag.py
[2022-10-06 05:05:27,891] {logging_mixin.py:109} INFO - [2022-10-06 05:05:27,891] {dag.py:2396} INFO - Sync 1 DAGs
[2022-10-06 05:05:27,961] {logging_mixin.py:109} INFO - [2022-10-06 05:05:27,961] {dag.py:2935} INFO - Setting next_dagrun for data_ingestion_gcs_dag to 2022-10-06T00:00:00+00:00
[2022-10-06 05:05:28,019] {processor.py:171} INFO - Processing /opt/airflow/dags/data_ingestion_gcs_dag.py took 2.551 seconds
[2022-10-06 05:05:59,055] {processor.py:163} INFO - Started process (PID=224) to work on /opt/airflow/dags/data_ingestion_gcs_dag.py
[2022-10-06 05:05:59,057] {processor.py:642} INFO - Processing file /opt/airflow/dags/data_ingestion_gcs_dag.py for tasks to queue
[2022-10-06 05:05:59,059] {logging_mixin.py:109} INFO - [2022-10-06 05:05:59,059] {dagbag.py:500} INFO - Filling up the DagBag from /opt/airflow/dags/data_ingestion_gcs_dag.py
[2022-10-06 05:06:00,906] {processor.py:654} INFO - DAG(s) dict_keys(['data_ingestion_gcs_dag']) retrieved from /opt/airflow/dags/data_ingestion_gcs_dag.py
[2022-10-06 05:06:00,927] {logging_mixin.py:109} INFO - [2022-10-06 05:06:00,927] {dag.py:2396} INFO - Sync 1 DAGs
[2022-10-06 05:06:00,959] {logging_mixin.py:109} INFO - [2022-10-06 05:06:00,958] {dag.py:2935} INFO - Setting next_dagrun for data_ingestion_gcs_dag to 2022-10-06T00:00:00+00:00
[2022-10-06 05:06:00,983] {processor.py:171} INFO - Processing /opt/airflow/dags/data_ingestion_gcs_dag.py took 1.936 seconds
[2022-10-06 05:06:31,342] {processor.py:163} INFO - Started process (PID=248) to work on /opt/airflow/dags/data_ingestion_gcs_dag.py
[2022-10-06 05:06:31,344] {processor.py:642} INFO - Processing file /opt/airflow/dags/data_ingestion_gcs_dag.py for tasks to queue
[2022-10-06 05:06:31,346] {logging_mixin.py:109} INFO - [2022-10-06 05:06:31,346] {dagbag.py:500} INFO - Filling up the DagBag from /opt/airflow/dags/data_ingestion_gcs_dag.py
[2022-10-06 05:06:32,573] {processor.py:654} INFO - DAG(s) dict_keys(['data_ingestion_gcs_dag']) retrieved from /opt/airflow/dags/data_ingestion_gcs_dag.py
[2022-10-06 05:06:32,594] {logging_mixin.py:109} INFO - [2022-10-06 05:06:32,591] {dag.py:2396} INFO - Sync 1 DAGs
[2022-10-06 05:06:32,634] {logging_mixin.py:109} INFO - [2022-10-06 05:06:32,634] {dag.py:2935} INFO - Setting next_dagrun for data_ingestion_gcs_dag to 2022-10-06T00:00:00+00:00
[2022-10-06 05:06:32,658] {processor.py:171} INFO - Processing /opt/airflow/dags/data_ingestion_gcs_dag.py took 1.320 seconds
[2022-10-06 05:07:03,350] {processor.py:163} INFO - Started process (PID=282) to work on /opt/airflow/dags/data_ingestion_gcs_dag.py
[2022-10-06 05:07:03,357] {processor.py:642} INFO - Processing file /opt/airflow/dags/data_ingestion_gcs_dag.py for tasks to queue
[2022-10-06 05:07:03,373] {logging_mixin.py:109} INFO - [2022-10-06 05:07:03,373] {dagbag.py:500} INFO - Filling up the DagBag from /opt/airflow/dags/data_ingestion_gcs_dag.py
[2022-10-06 05:07:06,587] {processor.py:654} INFO - DAG(s) dict_keys(['data_ingestion_gcs_dag']) retrieved from /opt/airflow/dags/data_ingestion_gcs_dag.py
[2022-10-06 05:07:06,630] {logging_mixin.py:109} INFO - [2022-10-06 05:07:06,629] {dag.py:2396} INFO - Sync 1 DAGs
[2022-10-06 05:07:06,681] {logging_mixin.py:109} INFO - [2022-10-06 05:07:06,679] {dag.py:2935} INFO - Setting next_dagrun for data_ingestion_gcs_dag to 2022-10-06T00:00:00+00:00
[2022-10-06 05:07:06,710] {processor.py:171} INFO - Processing /opt/airflow/dags/data_ingestion_gcs_dag.py took 3.364 seconds
[2022-10-06 05:07:36,978] {processor.py:163} INFO - Started process (PID=306) to work on /opt/airflow/dags/data_ingestion_gcs_dag.py
[2022-10-06 05:07:36,993] {processor.py:642} INFO - Processing file /opt/airflow/dags/data_ingestion_gcs_dag.py for tasks to queue
[2022-10-06 05:07:37,005] {logging_mixin.py:109} INFO - [2022-10-06 05:07:37,005] {dagbag.py:500} INFO - Filling up the DagBag from /opt/airflow/dags/data_ingestion_gcs_dag.py
[2022-10-06 05:07:39,019] {processor.py:654} INFO - DAG(s) dict_keys(['data_ingestion_gcs_dag']) retrieved from /opt/airflow/dags/data_ingestion_gcs_dag.py
[2022-10-06 05:07:39,056] {logging_mixin.py:109} INFO - [2022-10-06 05:07:39,051] {dag.py:2396} INFO - Sync 1 DAGs
[2022-10-06 05:07:39,123] {logging_mixin.py:109} INFO - [2022-10-06 05:07:39,123] {dag.py:2935} INFO - Setting next_dagrun for data_ingestion_gcs_dag to 2022-10-06T00:00:00+00:00
[2022-10-06 05:07:39,148] {processor.py:171} INFO - Processing /opt/airflow/dags/data_ingestion_gcs_dag.py took 2.173 seconds
[2022-10-06 05:08:09,544] {processor.py:163} INFO - Started process (PID=330) to work on /opt/airflow/dags/data_ingestion_gcs_dag.py
[2022-10-06 05:08:09,559] {processor.py:642} INFO - Processing file /opt/airflow/dags/data_ingestion_gcs_dag.py for tasks to queue
[2022-10-06 05:08:09,574] {logging_mixin.py:109} INFO - [2022-10-06 05:08:09,574] {dagbag.py:500} INFO - Filling up the DagBag from /opt/airflow/dags/data_ingestion_gcs_dag.py
[2022-10-06 05:08:11,901] {processor.py:654} INFO - DAG(s) dict_keys(['data_ingestion_gcs_dag']) retrieved from /opt/airflow/dags/data_ingestion_gcs_dag.py
[2022-10-06 05:08:11,933] {logging_mixin.py:109} INFO - [2022-10-06 05:08:11,931] {dag.py:2396} INFO - Sync 1 DAGs
[2022-10-06 05:08:12,010] {logging_mixin.py:109} INFO - [2022-10-06 05:08:12,009] {dag.py:2935} INFO - Setting next_dagrun for data_ingestion_gcs_dag to 2022-10-06T00:00:00+00:00
[2022-10-06 05:08:12,040] {processor.py:171} INFO - Processing /opt/airflow/dags/data_ingestion_gcs_dag.py took 2.500 seconds
[2022-10-06 05:08:43,135] {processor.py:163} INFO - Started process (PID=354) to work on /opt/airflow/dags/data_ingestion_gcs_dag.py
[2022-10-06 05:08:43,150] {processor.py:642} INFO - Processing file /opt/airflow/dags/data_ingestion_gcs_dag.py for tasks to queue
[2022-10-06 05:08:43,204] {logging_mixin.py:109} INFO - [2022-10-06 05:08:43,204] {dagbag.py:500} INFO - Filling up the DagBag from /opt/airflow/dags/data_ingestion_gcs_dag.py
[2022-10-06 05:08:47,052] {processor.py:654} INFO - DAG(s) dict_keys(['data_ingestion_gcs_dag']) retrieved from /opt/airflow/dags/data_ingestion_gcs_dag.py
[2022-10-06 05:08:47,107] {logging_mixin.py:109} INFO - [2022-10-06 05:08:47,095] {dag.py:2396} INFO - Sync 1 DAGs
[2022-10-06 05:08:47,187] {logging_mixin.py:109} INFO - [2022-10-06 05:08:47,187] {dag.py:2935} INFO - Setting next_dagrun for data_ingestion_gcs_dag to 2022-10-06T00:00:00+00:00
[2022-10-06 05:08:47,247] {processor.py:171} INFO - Processing /opt/airflow/dags/data_ingestion_gcs_dag.py took 4.117 seconds
[2022-10-06 05:09:17,771] {processor.py:163} INFO - Started process (PID=386) to work on /opt/airflow/dags/data_ingestion_gcs_dag.py
[2022-10-06 05:09:17,774] {processor.py:642} INFO - Processing file /opt/airflow/dags/data_ingestion_gcs_dag.py for tasks to queue
[2022-10-06 05:09:17,775] {logging_mixin.py:109} INFO - [2022-10-06 05:09:17,775] {dagbag.py:500} INFO - Filling up the DagBag from /opt/airflow/dags/data_ingestion_gcs_dag.py
[2022-10-06 05:09:19,743] {processor.py:654} INFO - DAG(s) dict_keys(['data_ingestion_gcs_dag']) retrieved from /opt/airflow/dags/data_ingestion_gcs_dag.py
[2022-10-06 05:09:19,762] {logging_mixin.py:109} INFO - [2022-10-06 05:09:19,761] {dag.py:2396} INFO - Sync 1 DAGs
[2022-10-06 05:09:19,800] {logging_mixin.py:109} INFO - [2022-10-06 05:09:19,800] {dag.py:2935} INFO - Setting next_dagrun for data_ingestion_gcs_dag to 2022-10-06T00:00:00+00:00
[2022-10-06 05:09:19,819] {processor.py:171} INFO - Processing /opt/airflow/dags/data_ingestion_gcs_dag.py took 2.052 seconds
[2022-10-06 05:09:50,417] {processor.py:163} INFO - Started process (PID=410) to work on /opt/airflow/dags/data_ingestion_gcs_dag.py
[2022-10-06 05:09:50,421] {processor.py:642} INFO - Processing file /opt/airflow/dags/data_ingestion_gcs_dag.py for tasks to queue
[2022-10-06 05:09:50,429] {logging_mixin.py:109} INFO - [2022-10-06 05:09:50,429] {dagbag.py:500} INFO - Filling up the DagBag from /opt/airflow/dags/data_ingestion_gcs_dag.py
[2022-10-06 05:09:52,310] {processor.py:654} INFO - DAG(s) dict_keys(['data_ingestion_gcs_dag']) retrieved from /opt/airflow/dags/data_ingestion_gcs_dag.py
[2022-10-06 05:09:52,340] {logging_mixin.py:109} INFO - [2022-10-06 05:09:52,339] {dag.py:2396} INFO - Sync 1 DAGs
[2022-10-06 05:09:52,377] {logging_mixin.py:109} INFO - [2022-10-06 05:09:52,377] {dag.py:2935} INFO - Setting next_dagrun for data_ingestion_gcs_dag to 2022-10-06T00:00:00+00:00
[2022-10-06 05:09:52,395] {processor.py:171} INFO - Processing /opt/airflow/dags/data_ingestion_gcs_dag.py took 1.983 seconds
[2022-10-06 05:10:22,759] {processor.py:163} INFO - Started process (PID=435) to work on /opt/airflow/dags/data_ingestion_gcs_dag.py
[2022-10-06 05:10:22,777] {processor.py:642} INFO - Processing file /opt/airflow/dags/data_ingestion_gcs_dag.py for tasks to queue
[2022-10-06 05:10:22,799] {logging_mixin.py:109} INFO - [2022-10-06 05:10:22,799] {dagbag.py:500} INFO - Filling up the DagBag from /opt/airflow/dags/data_ingestion_gcs_dag.py
[2022-10-06 05:10:25,771] {processor.py:654} INFO - DAG(s) dict_keys(['data_ingestion_gcs_dag']) retrieved from /opt/airflow/dags/data_ingestion_gcs_dag.py
[2022-10-06 05:10:25,833] {logging_mixin.py:109} INFO - [2022-10-06 05:10:25,833] {dag.py:2396} INFO - Sync 1 DAGs
[2022-10-06 05:10:25,882] {logging_mixin.py:109} INFO - [2022-10-06 05:10:25,882] {dag.py:2935} INFO - Setting next_dagrun for data_ingestion_gcs_dag to 2022-10-06T00:00:00+00:00
[2022-10-06 05:10:25,927] {processor.py:171} INFO - Processing /opt/airflow/dags/data_ingestion_gcs_dag.py took 3.172 seconds
