[2022-10-06 05:01:33,587] {processor.py:163} INFO - Started process (PID=57) to work on /opt/airflow/dags/setting_conn_gcp_airflow.py
[2022-10-06 05:01:33,607] {processor.py:642} INFO - Processing file /opt/airflow/dags/setting_conn_gcp_airflow.py for tasks to queue
[2022-10-06 05:01:33,617] {logging_mixin.py:109} INFO - [2022-10-06 05:01:33,617] {dagbag.py:500} INFO - Filling up the DagBag from /opt/airflow/dags/setting_conn_gcp_airflow.py
[2022-10-06 05:01:34,912] {processor.py:654} INFO - DAG(s) dict_keys(['AddGCPConnection']) retrieved from /opt/airflow/dags/setting_conn_gcp_airflow.py
[2022-10-06 05:01:35,289] {logging_mixin.py:109} INFO - [2022-10-06 05:01:35,289] {dag.py:2396} INFO - Sync 1 DAGs
[2022-10-06 05:01:35,522] {logging_mixin.py:109} INFO - [2022-10-06 05:01:35,521] {dag.py:2935} INFO - Setting next_dagrun for AddGCPConnection to 2020-05-09T00:00:00+00:00
[2022-10-06 05:01:35,718] {processor.py:171} INFO - Processing /opt/airflow/dags/setting_conn_gcp_airflow.py took 2.187 seconds
[2022-10-06 05:02:06,610] {processor.py:163} INFO - Started process (PID=71) to work on /opt/airflow/dags/setting_conn_gcp_airflow.py
[2022-10-06 05:02:06,631] {processor.py:642} INFO - Processing file /opt/airflow/dags/setting_conn_gcp_airflow.py for tasks to queue
[2022-10-06 05:02:06,664] {logging_mixin.py:109} INFO - [2022-10-06 05:02:06,664] {dagbag.py:500} INFO - Filling up the DagBag from /opt/airflow/dags/setting_conn_gcp_airflow.py
[2022-10-06 05:02:07,223] {processor.py:654} INFO - DAG(s) dict_keys(['AddGCPConnection']) retrieved from /opt/airflow/dags/setting_conn_gcp_airflow.py
[2022-10-06 05:02:07,418] {logging_mixin.py:109} INFO - [2022-10-06 05:02:07,418] {dag.py:2396} INFO - Sync 1 DAGs
[2022-10-06 05:02:07,573] {logging_mixin.py:109} INFO - [2022-10-06 05:02:07,567] {dag.py:2935} INFO - Setting next_dagrun for AddGCPConnection to 2020-05-09T00:00:00+00:00
[2022-10-06 05:02:07,709] {processor.py:171} INFO - Processing /opt/airflow/dags/setting_conn_gcp_airflow.py took 1.103 seconds
[2022-10-06 05:02:38,440] {processor.py:163} INFO - Started process (PID=94) to work on /opt/airflow/dags/setting_conn_gcp_airflow.py
[2022-10-06 05:02:38,450] {processor.py:642} INFO - Processing file /opt/airflow/dags/setting_conn_gcp_airflow.py for tasks to queue
[2022-10-06 05:02:38,452] {logging_mixin.py:109} INFO - [2022-10-06 05:02:38,452] {dagbag.py:500} INFO - Filling up the DagBag from /opt/airflow/dags/setting_conn_gcp_airflow.py
[2022-10-06 05:02:38,840] {processor.py:654} INFO - DAG(s) dict_keys(['AddGCPConnection']) retrieved from /opt/airflow/dags/setting_conn_gcp_airflow.py
[2022-10-06 05:02:39,038] {logging_mixin.py:109} INFO - [2022-10-06 05:02:39,038] {dag.py:2396} INFO - Sync 1 DAGs
[2022-10-06 05:02:39,204] {logging_mixin.py:109} INFO - [2022-10-06 05:02:39,203] {dag.py:2935} INFO - Setting next_dagrun for AddGCPConnection to 2020-05-09T00:00:00+00:00
[2022-10-06 05:02:39,352] {processor.py:171} INFO - Processing /opt/airflow/dags/setting_conn_gcp_airflow.py took 0.930 seconds
[2022-10-06 05:03:10,116] {processor.py:163} INFO - Started process (PID=118) to work on /opt/airflow/dags/setting_conn_gcp_airflow.py
[2022-10-06 05:03:10,179] {processor.py:642} INFO - Processing file /opt/airflow/dags/setting_conn_gcp_airflow.py for tasks to queue
[2022-10-06 05:03:10,202] {logging_mixin.py:109} INFO - [2022-10-06 05:03:10,201] {dagbag.py:500} INFO - Filling up the DagBag from /opt/airflow/dags/setting_conn_gcp_airflow.py
[2022-10-06 05:03:12,330] {processor.py:654} INFO - DAG(s) dict_keys(['AddGCPConnection']) retrieved from /opt/airflow/dags/setting_conn_gcp_airflow.py
[2022-10-06 05:03:12,400] {logging_mixin.py:109} INFO - [2022-10-06 05:03:12,399] {dag.py:2396} INFO - Sync 1 DAGs
[2022-10-06 05:03:12,471] {logging_mixin.py:109} INFO - [2022-10-06 05:03:12,471] {dag.py:2935} INFO - Setting next_dagrun for AddGCPConnection to 2020-05-09T00:00:00+00:00
[2022-10-06 05:03:12,557] {processor.py:171} INFO - Processing /opt/airflow/dags/setting_conn_gcp_airflow.py took 2.459 seconds
[2022-10-06 05:03:43,381] {processor.py:163} INFO - Started process (PID=129) to work on /opt/airflow/dags/setting_conn_gcp_airflow.py
[2022-10-06 05:03:43,389] {processor.py:642} INFO - Processing file /opt/airflow/dags/setting_conn_gcp_airflow.py for tasks to queue
[2022-10-06 05:03:43,409] {logging_mixin.py:109} INFO - [2022-10-06 05:03:43,408] {dagbag.py:500} INFO - Filling up the DagBag from /opt/airflow/dags/setting_conn_gcp_airflow.py
[2022-10-06 05:03:43,810] {processor.py:654} INFO - DAG(s) dict_keys(['AddGCPConnection']) retrieved from /opt/airflow/dags/setting_conn_gcp_airflow.py
[2022-10-06 05:03:43,848] {logging_mixin.py:109} INFO - [2022-10-06 05:03:43,848] {dag.py:2396} INFO - Sync 1 DAGs
[2022-10-06 05:03:44,047] {logging_mixin.py:109} INFO - [2022-10-06 05:03:44,047] {dag.py:2935} INFO - Setting next_dagrun for AddGCPConnection to 2020-05-09T00:00:00+00:00
[2022-10-06 05:03:44,084] {processor.py:171} INFO - Processing /opt/airflow/dags/setting_conn_gcp_airflow.py took 0.706 seconds
[2022-10-06 05:04:14,182] {processor.py:163} INFO - Started process (PID=152) to work on /opt/airflow/dags/setting_conn_gcp_airflow.py
[2022-10-06 05:04:14,213] {processor.py:642} INFO - Processing file /opt/airflow/dags/setting_conn_gcp_airflow.py for tasks to queue
[2022-10-06 05:04:14,245] {logging_mixin.py:109} INFO - [2022-10-06 05:04:14,245] {dagbag.py:500} INFO - Filling up the DagBag from /opt/airflow/dags/setting_conn_gcp_airflow.py
[2022-10-06 05:04:14,424] {processor.py:654} INFO - DAG(s) dict_keys(['AddGCPConnection']) retrieved from /opt/airflow/dags/setting_conn_gcp_airflow.py
[2022-10-06 05:04:14,464] {logging_mixin.py:109} INFO - [2022-10-06 05:04:14,464] {dag.py:2396} INFO - Sync 1 DAGs
[2022-10-06 05:04:14,555] {logging_mixin.py:109} INFO - [2022-10-06 05:04:14,555] {dag.py:2935} INFO - Setting next_dagrun for AddGCPConnection to 2020-05-09T00:00:00+00:00
[2022-10-06 05:04:14,622] {processor.py:171} INFO - Processing /opt/airflow/dags/setting_conn_gcp_airflow.py took 0.446 seconds
[2022-10-06 05:04:45,178] {processor.py:163} INFO - Started process (PID=174) to work on /opt/airflow/dags/setting_conn_gcp_airflow.py
[2022-10-06 05:04:45,180] {processor.py:642} INFO - Processing file /opt/airflow/dags/setting_conn_gcp_airflow.py for tasks to queue
[2022-10-06 05:04:45,182] {logging_mixin.py:109} INFO - [2022-10-06 05:04:45,182] {dagbag.py:500} INFO - Filling up the DagBag from /opt/airflow/dags/setting_conn_gcp_airflow.py
[2022-10-06 05:04:45,395] {processor.py:654} INFO - DAG(s) dict_keys(['AddGCPConnection']) retrieved from /opt/airflow/dags/setting_conn_gcp_airflow.py
[2022-10-06 05:04:45,417] {logging_mixin.py:109} INFO - [2022-10-06 05:04:45,416] {dag.py:2396} INFO - Sync 1 DAGs
[2022-10-06 05:04:45,452] {logging_mixin.py:109} INFO - [2022-10-06 05:04:45,451] {dag.py:2935} INFO - Setting next_dagrun for AddGCPConnection to 2020-05-09T00:00:00+00:00
[2022-10-06 05:04:45,480] {processor.py:171} INFO - Processing /opt/airflow/dags/setting_conn_gcp_airflow.py took 0.306 seconds
[2022-10-06 05:05:16,239] {processor.py:163} INFO - Started process (PID=190) to work on /opt/airflow/dags/setting_conn_gcp_airflow.py
[2022-10-06 05:05:16,241] {processor.py:642} INFO - Processing file /opt/airflow/dags/setting_conn_gcp_airflow.py for tasks to queue
[2022-10-06 05:05:16,244] {logging_mixin.py:109} INFO - [2022-10-06 05:05:16,243] {dagbag.py:500} INFO - Filling up the DagBag from /opt/airflow/dags/setting_conn_gcp_airflow.py
[2022-10-06 05:05:16,315] {processor.py:654} INFO - DAG(s) dict_keys(['AddGCPConnection']) retrieved from /opt/airflow/dags/setting_conn_gcp_airflow.py
[2022-10-06 05:05:16,329] {logging_mixin.py:109} INFO - [2022-10-06 05:05:16,328] {dag.py:2396} INFO - Sync 1 DAGs
[2022-10-06 05:05:16,362] {logging_mixin.py:109} INFO - [2022-10-06 05:05:16,362] {dag.py:2935} INFO - Setting next_dagrun for AddGCPConnection to 2020-05-09T00:00:00+00:00
[2022-10-06 05:05:16,380] {processor.py:171} INFO - Processing /opt/airflow/dags/setting_conn_gcp_airflow.py took 0.146 seconds
[2022-10-06 05:05:46,735] {processor.py:163} INFO - Started process (PID=214) to work on /opt/airflow/dags/setting_conn_gcp_airflow.py
[2022-10-06 05:05:46,738] {processor.py:642} INFO - Processing file /opt/airflow/dags/setting_conn_gcp_airflow.py for tasks to queue
[2022-10-06 05:05:46,739] {logging_mixin.py:109} INFO - [2022-10-06 05:05:46,739] {dagbag.py:500} INFO - Filling up the DagBag from /opt/airflow/dags/setting_conn_gcp_airflow.py
[2022-10-06 05:05:46,815] {processor.py:654} INFO - DAG(s) dict_keys(['AddGCPConnection']) retrieved from /opt/airflow/dags/setting_conn_gcp_airflow.py
[2022-10-06 05:05:46,830] {logging_mixin.py:109} INFO - [2022-10-06 05:05:46,830] {dag.py:2396} INFO - Sync 1 DAGs
[2022-10-06 05:05:46,857] {logging_mixin.py:109} INFO - [2022-10-06 05:05:46,856] {dag.py:2935} INFO - Setting next_dagrun for AddGCPConnection to 2020-05-09T00:00:00+00:00
[2022-10-06 05:05:46,883] {processor.py:171} INFO - Processing /opt/airflow/dags/setting_conn_gcp_airflow.py took 0.154 seconds
[2022-10-06 05:06:17,113] {processor.py:163} INFO - Started process (PID=238) to work on /opt/airflow/dags/setting_conn_gcp_airflow.py
[2022-10-06 05:06:17,126] {processor.py:642} INFO - Processing file /opt/airflow/dags/setting_conn_gcp_airflow.py for tasks to queue
[2022-10-06 05:06:17,131] {logging_mixin.py:109} INFO - [2022-10-06 05:06:17,129] {dagbag.py:500} INFO - Filling up the DagBag from /opt/airflow/dags/setting_conn_gcp_airflow.py
[2022-10-06 05:06:17,284] {processor.py:654} INFO - DAG(s) dict_keys(['AddGCPConnection']) retrieved from /opt/airflow/dags/setting_conn_gcp_airflow.py
[2022-10-06 05:06:17,299] {logging_mixin.py:109} INFO - [2022-10-06 05:06:17,299] {dag.py:2396} INFO - Sync 1 DAGs
[2022-10-06 05:06:17,323] {logging_mixin.py:109} INFO - [2022-10-06 05:06:17,323] {dag.py:2935} INFO - Setting next_dagrun for AddGCPConnection to 2020-05-09T00:00:00+00:00
[2022-10-06 05:06:17,341] {processor.py:171} INFO - Processing /opt/airflow/dags/setting_conn_gcp_airflow.py took 0.232 seconds
[2022-10-06 05:06:47,679] {processor.py:163} INFO - Started process (PID=270) to work on /opt/airflow/dags/setting_conn_gcp_airflow.py
[2022-10-06 05:06:47,694] {processor.py:642} INFO - Processing file /opt/airflow/dags/setting_conn_gcp_airflow.py for tasks to queue
[2022-10-06 05:06:47,708] {logging_mixin.py:109} INFO - [2022-10-06 05:06:47,700] {dagbag.py:500} INFO - Filling up the DagBag from /opt/airflow/dags/setting_conn_gcp_airflow.py
[2022-10-06 05:06:47,837] {processor.py:654} INFO - DAG(s) dict_keys(['AddGCPConnection']) retrieved from /opt/airflow/dags/setting_conn_gcp_airflow.py
[2022-10-06 05:06:47,862] {logging_mixin.py:109} INFO - [2022-10-06 05:06:47,862] {dag.py:2396} INFO - Sync 1 DAGs
[2022-10-06 05:06:47,931] {logging_mixin.py:109} INFO - [2022-10-06 05:06:47,931] {dag.py:2935} INFO - Setting next_dagrun for AddGCPConnection to 2020-05-09T00:00:00+00:00
[2022-10-06 05:06:47,959] {processor.py:171} INFO - Processing /opt/airflow/dags/setting_conn_gcp_airflow.py took 0.288 seconds
[2022-10-06 05:07:18,519] {processor.py:163} INFO - Started process (PID=287) to work on /opt/airflow/dags/setting_conn_gcp_airflow.py
[2022-10-06 05:07:18,522] {processor.py:642} INFO - Processing file /opt/airflow/dags/setting_conn_gcp_airflow.py for tasks to queue
[2022-10-06 05:07:18,524] {logging_mixin.py:109} INFO - [2022-10-06 05:07:18,524] {dagbag.py:500} INFO - Filling up the DagBag from /opt/airflow/dags/setting_conn_gcp_airflow.py
[2022-10-06 05:07:18,673] {processor.py:654} INFO - DAG(s) dict_keys(['AddGCPConnection']) retrieved from /opt/airflow/dags/setting_conn_gcp_airflow.py
[2022-10-06 05:07:18,708] {logging_mixin.py:109} INFO - [2022-10-06 05:07:18,708] {dag.py:2396} INFO - Sync 1 DAGs
[2022-10-06 05:07:18,793] {logging_mixin.py:109} INFO - [2022-10-06 05:07:18,792] {dag.py:2935} INFO - Setting next_dagrun for AddGCPConnection to 2020-05-09T00:00:00+00:00
[2022-10-06 05:07:18,828] {processor.py:171} INFO - Processing /opt/airflow/dags/setting_conn_gcp_airflow.py took 0.317 seconds
[2022-10-06 05:07:49,232] {processor.py:163} INFO - Started process (PID=320) to work on /opt/airflow/dags/setting_conn_gcp_airflow.py
[2022-10-06 05:07:49,246] {processor.py:642} INFO - Processing file /opt/airflow/dags/setting_conn_gcp_airflow.py for tasks to queue
[2022-10-06 05:07:49,262] {logging_mixin.py:109} INFO - [2022-10-06 05:07:49,262] {dagbag.py:500} INFO - Filling up the DagBag from /opt/airflow/dags/setting_conn_gcp_airflow.py
[2022-10-06 05:07:49,544] {processor.py:654} INFO - DAG(s) dict_keys(['AddGCPConnection']) retrieved from /opt/airflow/dags/setting_conn_gcp_airflow.py
[2022-10-06 05:07:49,572] {logging_mixin.py:109} INFO - [2022-10-06 05:07:49,572] {dag.py:2396} INFO - Sync 1 DAGs
[2022-10-06 05:07:49,625] {logging_mixin.py:109} INFO - [2022-10-06 05:07:49,624] {dag.py:2935} INFO - Setting next_dagrun for AddGCPConnection to 2020-05-09T00:00:00+00:00
[2022-10-06 05:07:49,646] {processor.py:171} INFO - Processing /opt/airflow/dags/setting_conn_gcp_airflow.py took 0.419 seconds
[2022-10-06 05:08:19,962] {processor.py:163} INFO - Started process (PID=344) to work on /opt/airflow/dags/setting_conn_gcp_airflow.py
[2022-10-06 05:08:19,969] {processor.py:642} INFO - Processing file /opt/airflow/dags/setting_conn_gcp_airflow.py for tasks to queue
[2022-10-06 05:08:19,980] {logging_mixin.py:109} INFO - [2022-10-06 05:08:19,980] {dagbag.py:500} INFO - Filling up the DagBag from /opt/airflow/dags/setting_conn_gcp_airflow.py
[2022-10-06 05:08:20,080] {processor.py:654} INFO - DAG(s) dict_keys(['AddGCPConnection']) retrieved from /opt/airflow/dags/setting_conn_gcp_airflow.py
[2022-10-06 05:08:20,104] {logging_mixin.py:109} INFO - [2022-10-06 05:08:20,103] {dag.py:2396} INFO - Sync 1 DAGs
[2022-10-06 05:08:20,129] {logging_mixin.py:109} INFO - [2022-10-06 05:08:20,129] {dag.py:2935} INFO - Setting next_dagrun for AddGCPConnection to 2020-05-09T00:00:00+00:00
[2022-10-06 05:08:20,143] {processor.py:171} INFO - Processing /opt/airflow/dags/setting_conn_gcp_airflow.py took 0.186 seconds
[2022-10-06 05:08:50,225] {processor.py:163} INFO - Started process (PID=367) to work on /opt/airflow/dags/setting_conn_gcp_airflow.py
[2022-10-06 05:08:50,230] {processor.py:642} INFO - Processing file /opt/airflow/dags/setting_conn_gcp_airflow.py for tasks to queue
[2022-10-06 05:08:50,232] {logging_mixin.py:109} INFO - [2022-10-06 05:08:50,232] {dagbag.py:500} INFO - Filling up the DagBag from /opt/airflow/dags/setting_conn_gcp_airflow.py
[2022-10-06 05:08:50,444] {processor.py:654} INFO - DAG(s) dict_keys(['AddGCPConnection']) retrieved from /opt/airflow/dags/setting_conn_gcp_airflow.py
[2022-10-06 05:08:50,460] {logging_mixin.py:109} INFO - [2022-10-06 05:08:50,460] {dag.py:2396} INFO - Sync 1 DAGs
[2022-10-06 05:08:50,489] {logging_mixin.py:109} INFO - [2022-10-06 05:08:50,489] {dag.py:2935} INFO - Setting next_dagrun for AddGCPConnection to 2020-05-09T00:00:00+00:00
[2022-10-06 05:08:50,505] {processor.py:171} INFO - Processing /opt/airflow/dags/setting_conn_gcp_airflow.py took 0.286 seconds
[2022-10-06 05:09:20,860] {processor.py:163} INFO - Started process (PID=391) to work on /opt/airflow/dags/setting_conn_gcp_airflow.py
[2022-10-06 05:09:20,865] {processor.py:642} INFO - Processing file /opt/airflow/dags/setting_conn_gcp_airflow.py for tasks to queue
[2022-10-06 05:09:20,873] {logging_mixin.py:109} INFO - [2022-10-06 05:09:20,873] {dagbag.py:500} INFO - Filling up the DagBag from /opt/airflow/dags/setting_conn_gcp_airflow.py
[2022-10-06 05:09:21,056] {processor.py:654} INFO - DAG(s) dict_keys(['AddGCPConnection']) retrieved from /opt/airflow/dags/setting_conn_gcp_airflow.py
[2022-10-06 05:09:21,086] {logging_mixin.py:109} INFO - [2022-10-06 05:09:21,086] {dag.py:2396} INFO - Sync 1 DAGs
[2022-10-06 05:09:21,131] {logging_mixin.py:109} INFO - [2022-10-06 05:09:21,131] {dag.py:2935} INFO - Setting next_dagrun for AddGCPConnection to 2020-05-09T00:00:00+00:00
[2022-10-06 05:09:21,161] {processor.py:171} INFO - Processing /opt/airflow/dags/setting_conn_gcp_airflow.py took 0.309 seconds
[2022-10-06 05:09:51,431] {processor.py:163} INFO - Started process (PID=415) to work on /opt/airflow/dags/setting_conn_gcp_airflow.py
[2022-10-06 05:09:51,433] {processor.py:642} INFO - Processing file /opt/airflow/dags/setting_conn_gcp_airflow.py for tasks to queue
[2022-10-06 05:09:51,435] {logging_mixin.py:109} INFO - [2022-10-06 05:09:51,435] {dagbag.py:500} INFO - Filling up the DagBag from /opt/airflow/dags/setting_conn_gcp_airflow.py
[2022-10-06 05:09:51,683] {processor.py:654} INFO - DAG(s) dict_keys(['AddGCPConnection']) retrieved from /opt/airflow/dags/setting_conn_gcp_airflow.py
[2022-10-06 05:09:51,709] {logging_mixin.py:109} INFO - [2022-10-06 05:09:51,709] {dag.py:2396} INFO - Sync 1 DAGs
[2022-10-06 05:09:51,749] {logging_mixin.py:109} INFO - [2022-10-06 05:09:51,748] {dag.py:2935} INFO - Setting next_dagrun for AddGCPConnection to 2020-05-09T00:00:00+00:00
[2022-10-06 05:09:51,782] {processor.py:171} INFO - Processing /opt/airflow/dags/setting_conn_gcp_airflow.py took 0.357 seconds
[2022-10-06 05:10:22,848] {processor.py:163} INFO - Started process (PID=436) to work on /opt/airflow/dags/setting_conn_gcp_airflow.py
[2022-10-06 05:10:22,927] {processor.py:642} INFO - Processing file /opt/airflow/dags/setting_conn_gcp_airflow.py for tasks to queue
[2022-10-06 05:10:22,943] {logging_mixin.py:109} INFO - [2022-10-06 05:10:22,943] {dagbag.py:500} INFO - Filling up the DagBag from /opt/airflow/dags/setting_conn_gcp_airflow.py
[2022-10-06 05:10:23,106] {processor.py:654} INFO - DAG(s) dict_keys(['AddGCPConnection']) retrieved from /opt/airflow/dags/setting_conn_gcp_airflow.py
[2022-10-06 05:10:23,142] {logging_mixin.py:109} INFO - [2022-10-06 05:10:23,142] {dag.py:2396} INFO - Sync 1 DAGs
[2022-10-06 05:10:23,270] {logging_mixin.py:109} INFO - [2022-10-06 05:10:23,270] {dag.py:2935} INFO - Setting next_dagrun for AddGCPConnection to 2020-05-09T00:00:00+00:00
[2022-10-06 05:10:23,305] {processor.py:171} INFO - Processing /opt/airflow/dags/setting_conn_gcp_airflow.py took 0.461 seconds
