[2022-09-28 02:21:32,382] {taskinstance.py:1032} INFO - Dependencies all met for <TaskInstance: local_data_ingestion_gcs_dag.upload_file manual__2022-09-28T02:21:30.526282+00:00 [queued]>
[2022-09-28 02:21:32,405] {taskinstance.py:1032} INFO - Dependencies all met for <TaskInstance: local_data_ingestion_gcs_dag.upload_file manual__2022-09-28T02:21:30.526282+00:00 [queued]>
[2022-09-28 02:21:32,409] {taskinstance.py:1238} INFO - 
--------------------------------------------------------------------------------
[2022-09-28 02:21:32,412] {taskinstance.py:1239} INFO - Starting attempt 1 of 2
[2022-09-28 02:21:32,413] {taskinstance.py:1240} INFO - 
--------------------------------------------------------------------------------
[2022-09-28 02:21:32,464] {taskinstance.py:1259} INFO - Executing <Task(LocalFilesystemToGCSOperator): upload_file> on 2022-09-28 02:21:30.526282+00:00
[2022-09-28 02:21:32,483] {standard_task_runner.py:52} INFO - Started process 97 to run task
[2022-09-28 02:21:32,496] {standard_task_runner.py:76} INFO - Running: ['***', 'tasks', 'run', 'local_data_ingestion_gcs_dag', 'upload_file', 'manual__2022-09-28T02:21:30.526282+00:00', '--job-id', '165', '--raw', '--subdir', 'DAGS_FOLDER/upload_to_gcs.py', '--cfg-path', '/tmp/tmpez1ze_a_', '--error-file', '/tmp/tmp1acgok6r']
[2022-09-28 02:21:32,498] {standard_task_runner.py:77} INFO - Job 165: Subtask upload_file
[2022-09-28 02:21:32,654] {logging_mixin.py:109} INFO - Running <TaskInstance: local_data_ingestion_gcs_dag.upload_file manual__2022-09-28T02:21:30.526282+00:00 [running]> on host 85830348c970
[2022-09-28 02:21:32,798] {taskinstance.py:1426} INFO - Exporting the following env vars:
AIRFLOW_CTX_DAG_OWNER=***
AIRFLOW_CTX_DAG_ID=local_data_ingestion_gcs_dag
AIRFLOW_CTX_TASK_ID=upload_file
AIRFLOW_CTX_EXECUTION_DATE=2022-09-28T02:21:30.526282+00:00
AIRFLOW_CTX_DAG_RUN_ID=manual__2022-09-28T02:21:30.526282+00:00
[2022-09-28 02:21:32,801] {crypto.py:82} WARNING - empty cryptography key - values will not be stored encrypted.
[2022-09-28 02:21:32,833] {taskinstance.py:1277} INFO - Marking task as SUCCESS. dag_id=local_data_ingestion_gcs_dag, task_id=upload_file, execution_date=20220928T022130, start_date=20220928T022132, end_date=20220928T022132
[2022-09-28 02:21:32,933] {local_task_job.py:154} INFO - Task exited with return code 0
[2022-09-28 02:21:33,147] {local_task_job.py:264} INFO - 0 downstream tasks scheduled from follow-on schedule check
