[2022-10-03 07:50:18,933] {taskinstance.py:1032} INFO - Dependencies all met for <TaskInstance: data_ingestion_gcs_dag.local_to_gcs_task manual__2022-10-03T07:49:30.257785+00:00 [queued]>
[2022-10-03 07:50:18,948] {taskinstance.py:1032} INFO - Dependencies all met for <TaskInstance: data_ingestion_gcs_dag.local_to_gcs_task manual__2022-10-03T07:49:30.257785+00:00 [queued]>
[2022-10-03 07:50:18,949] {taskinstance.py:1238} INFO - 
--------------------------------------------------------------------------------
[2022-10-03 07:50:18,949] {taskinstance.py:1239} INFO - Starting attempt 1 of 2
[2022-10-03 07:50:18,950] {taskinstance.py:1240} INFO - 
--------------------------------------------------------------------------------
[2022-10-03 07:50:18,968] {taskinstance.py:1259} INFO - Executing <Task(PythonOperator): local_to_gcs_task> on 2022-10-03 07:49:30.257785+00:00
[2022-10-03 07:50:18,976] {standard_task_runner.py:52} INFO - Started process 221 to run task
[2022-10-03 07:50:18,980] {standard_task_runner.py:76} INFO - Running: ['***', 'tasks', 'run', 'data_ingestion_gcs_dag', 'local_to_gcs_task', 'manual__2022-10-03T07:49:30.257785+00:00', '--job-id', '311', '--raw', '--subdir', 'DAGS_FOLDER/data_ingestion_gcs_dag.py', '--cfg-path', '/tmp/tmpf_w8tmu8', '--error-file', '/tmp/tmp4_e26cqj']
[2022-10-03 07:50:18,981] {standard_task_runner.py:77} INFO - Job 311: Subtask local_to_gcs_task
[2022-10-03 07:50:19,048] {logging_mixin.py:109} INFO - Running <TaskInstance: data_ingestion_gcs_dag.local_to_gcs_task manual__2022-10-03T07:49:30.257785+00:00 [running]> on host 0114b0d4e7c4
[2022-10-03 07:50:19,124] {taskinstance.py:1426} INFO - Exporting the following env vars:
AIRFLOW_CTX_DAG_OWNER=***
AIRFLOW_CTX_DAG_ID=data_ingestion_gcs_dag
AIRFLOW_CTX_TASK_ID=local_to_gcs_task
AIRFLOW_CTX_EXECUTION_DATE=2022-10-03T07:49:30.257785+00:00
AIRFLOW_CTX_DAG_RUN_ID=manual__2022-10-03T07:49:30.257785+00:00
[2022-10-03 07:50:24,317] {python.py:175} INFO - Done. Returned value was: None
[2022-10-03 07:50:24,340] {taskinstance.py:1277} INFO - Marking task as SUCCESS. dag_id=data_ingestion_gcs_dag, task_id=local_to_gcs_task, execution_date=20221003T074930, start_date=20221003T075018, end_date=20221003T075024
[2022-10-03 07:50:24,406] {local_task_job.py:154} INFO - Task exited with return code 0
[2022-10-03 07:50:24,461] {local_task_job.py:264} INFO - 1 downstream tasks scheduled from follow-on schedule check
