[2022-09-28 05:37:09,036] {taskinstance.py:1032} INFO - Dependencies all met for <TaskInstance: data_ingestion_gcs_dag.local_to_gcs_task manual__2022-09-28T05:31:13.222680+00:00 [queued]>
[2022-09-28 05:37:09,071] {taskinstance.py:1032} INFO - Dependencies all met for <TaskInstance: data_ingestion_gcs_dag.local_to_gcs_task manual__2022-09-28T05:31:13.222680+00:00 [queued]>
[2022-09-28 05:37:09,072] {taskinstance.py:1238} INFO - 
--------------------------------------------------------------------------------
[2022-09-28 05:37:09,072] {taskinstance.py:1239} INFO - Starting attempt 1 of 2
[2022-09-28 05:37:09,073] {taskinstance.py:1240} INFO - 
--------------------------------------------------------------------------------
[2022-09-28 05:37:09,095] {taskinstance.py:1259} INFO - Executing <Task(PythonOperator): local_to_gcs_task> on 2022-09-28 05:31:13.222680+00:00
[2022-09-28 05:37:09,102] {standard_task_runner.py:52} INFO - Started process 527 to run task
[2022-09-28 05:37:09,106] {standard_task_runner.py:76} INFO - Running: ['***', 'tasks', 'run', 'data_ingestion_gcs_dag', 'local_to_gcs_task', 'manual__2022-09-28T05:31:13.222680+00:00', '--job-id', '227', '--raw', '--subdir', 'DAGS_FOLDER/data_ingestion_gcs_dag.py', '--cfg-path', '/tmp/tmpj90c6oo4', '--error-file', '/tmp/tmp2riqi9jb']
[2022-09-28 05:37:09,108] {standard_task_runner.py:77} INFO - Job 227: Subtask local_to_gcs_task
[2022-09-28 05:37:09,204] {logging_mixin.py:109} INFO - Running <TaskInstance: data_ingestion_gcs_dag.local_to_gcs_task manual__2022-09-28T05:31:13.222680+00:00 [running]> on host 7339e28b3b1f
[2022-09-28 05:37:09,276] {taskinstance.py:1426} INFO - Exporting the following env vars:
AIRFLOW_CTX_DAG_OWNER=***
AIRFLOW_CTX_DAG_ID=data_ingestion_gcs_dag
AIRFLOW_CTX_TASK_ID=local_to_gcs_task
AIRFLOW_CTX_EXECUTION_DATE=2022-09-28T05:31:13.222680+00:00
AIRFLOW_CTX_DAG_RUN_ID=manual__2022-09-28T05:31:13.222680+00:00
[2022-09-28 05:37:21,001] {python.py:175} INFO - Done. Returned value was: None
[2022-09-28 05:37:21,021] {taskinstance.py:1277} INFO - Marking task as SUCCESS. dag_id=data_ingestion_gcs_dag, task_id=local_to_gcs_task, execution_date=20220928T053113, start_date=20220928T053709, end_date=20220928T053721
[2022-09-28 05:37:21,074] {local_task_job.py:154} INFO - Task exited with return code 0
[2022-09-28 05:37:21,130] {local_task_job.py:264} INFO - 0 downstream tasks scheduled from follow-on schedule check
