[2022-09-28 09:36:00,015] {taskinstance.py:1032} INFO - Dependencies all met for <TaskInstance: data_ingestion_gcs_dag.local_to_gcs_task manual__2022-09-28T05:31:13.222680+00:00 [queued]>
[2022-09-28 09:36:00,047] {taskinstance.py:1032} INFO - Dependencies all met for <TaskInstance: data_ingestion_gcs_dag.local_to_gcs_task manual__2022-09-28T05:31:13.222680+00:00 [queued]>
[2022-09-28 09:36:00,048] {taskinstance.py:1238} INFO - 
--------------------------------------------------------------------------------
[2022-09-28 09:36:00,058] {taskinstance.py:1239} INFO - Starting attempt 2 of 3
[2022-09-28 09:36:00,059] {taskinstance.py:1240} INFO - 
--------------------------------------------------------------------------------
[2022-09-28 09:36:00,110] {taskinstance.py:1259} INFO - Executing <Task(PythonOperator): local_to_gcs_task> on 2022-09-28 05:31:13.222680+00:00
[2022-09-28 09:36:00,126] {standard_task_runner.py:52} INFO - Started process 183 to run task
[2022-09-28 09:36:00,144] {standard_task_runner.py:76} INFO - Running: ['***', 'tasks', 'run', 'data_ingestion_gcs_dag', 'local_to_gcs_task', 'manual__2022-09-28T05:31:13.222680+00:00', '--job-id', '293', '--raw', '--subdir', 'DAGS_FOLDER/data_ingestion_gcs_dag.py', '--cfg-path', '/tmp/tmp2c90s8ix', '--error-file', '/tmp/tmpxf0y0dl9']
[2022-09-28 09:36:00,146] {standard_task_runner.py:77} INFO - Job 293: Subtask local_to_gcs_task
[2022-09-28 09:36:00,322] {logging_mixin.py:109} INFO - Running <TaskInstance: data_ingestion_gcs_dag.local_to_gcs_task manual__2022-09-28T05:31:13.222680+00:00 [running]> on host 7862f99ff0e5
[2022-09-28 09:36:00,571] {taskinstance.py:1426} INFO - Exporting the following env vars:
AIRFLOW_CTX_DAG_OWNER=***
AIRFLOW_CTX_DAG_ID=data_ingestion_gcs_dag
AIRFLOW_CTX_TASK_ID=local_to_gcs_task
AIRFLOW_CTX_EXECUTION_DATE=2022-09-28T05:31:13.222680+00:00
AIRFLOW_CTX_DAG_RUN_ID=manual__2022-09-28T05:31:13.222680+00:00
[2022-09-28 09:36:14,584] {python.py:175} INFO - Done. Returned value was: None
[2022-09-28 09:36:14,672] {taskinstance.py:1277} INFO - Marking task as SUCCESS. dag_id=data_ingestion_gcs_dag, task_id=local_to_gcs_task, execution_date=20220928T053113, start_date=20220928T093600, end_date=20220928T093614
[2022-09-28 09:36:14,757] {local_task_job.py:154} INFO - Task exited with return code 0
[2022-09-28 09:36:14,808] {local_task_job.py:264} INFO - 0 downstream tasks scheduled from follow-on schedule check
