[2022-09-28 03:54:50,407] {taskinstance.py:1032} INFO - Dependencies all met for <TaskInstance: data_ingestion_gcs_dag.local_to_gcs_task manual__2022-09-28T01:17:59.932244+00:00 [queued]>
[2022-09-28 03:54:50,423] {taskinstance.py:1032} INFO - Dependencies all met for <TaskInstance: data_ingestion_gcs_dag.local_to_gcs_task manual__2022-09-28T01:17:59.932244+00:00 [queued]>
[2022-09-28 03:54:50,424] {taskinstance.py:1238} INFO - 
--------------------------------------------------------------------------------
[2022-09-28 03:54:50,425] {taskinstance.py:1239} INFO - Starting attempt 2 of 3
[2022-09-28 03:54:50,426] {taskinstance.py:1240} INFO - 
--------------------------------------------------------------------------------
[2022-09-28 03:54:50,446] {taskinstance.py:1259} INFO - Executing <Task(PythonOperator): local_to_gcs_task> on 2022-09-28 01:17:59.932244+00:00
[2022-09-28 03:54:50,453] {standard_task_runner.py:52} INFO - Started process 241 to run task
[2022-09-28 03:54:50,457] {standard_task_runner.py:76} INFO - Running: ['***', 'tasks', 'run', 'data_ingestion_gcs_dag', 'local_to_gcs_task', 'manual__2022-09-28T01:17:59.932244+00:00', '--job-id', '189', '--raw', '--subdir', 'DAGS_FOLDER/data_ingestion_gcs_dag.py', '--cfg-path', '/tmp/tmpkeug6fij', '--error-file', '/tmp/tmpypu2gwk0']
[2022-09-28 03:54:50,458] {standard_task_runner.py:77} INFO - Job 189: Subtask local_to_gcs_task
[2022-09-28 03:54:50,533] {logging_mixin.py:109} INFO - Running <TaskInstance: data_ingestion_gcs_dag.local_to_gcs_task manual__2022-09-28T01:17:59.932244+00:00 [running]> on host ff773bd43bea
[2022-09-28 03:54:50,617] {taskinstance.py:1426} INFO - Exporting the following env vars:
AIRFLOW_CTX_DAG_OWNER=***
AIRFLOW_CTX_DAG_ID=data_ingestion_gcs_dag
AIRFLOW_CTX_TASK_ID=local_to_gcs_task
AIRFLOW_CTX_EXECUTION_DATE=2022-09-28T01:17:59.932244+00:00
AIRFLOW_CTX_DAG_RUN_ID=manual__2022-09-28T01:17:59.932244+00:00
[2022-09-28 03:55:02,677] {python.py:175} INFO - Done. Returned value was: None
[2022-09-28 03:55:02,696] {taskinstance.py:1277} INFO - Marking task as SUCCESS. dag_id=data_ingestion_gcs_dag, task_id=local_to_gcs_task, execution_date=20220928T011759, start_date=20220928T035450, end_date=20220928T035502
[2022-09-28 03:55:02,729] {local_task_job.py:154} INFO - Task exited with return code 0
[2022-09-28 03:55:02,773] {local_task_job.py:264} INFO - 0 downstream tasks scheduled from follow-on schedule check
