[2022-09-27 05:42:04,311] {taskinstance.py:1032} INFO - Dependencies all met for <TaskInstance: data_ingestion_gcs_dag.format_to_parquet_task scheduled__2022-09-26T00:00:00+00:00 [queued]>
[2022-09-27 05:42:04,346] {taskinstance.py:1032} INFO - Dependencies all met for <TaskInstance: data_ingestion_gcs_dag.format_to_parquet_task scheduled__2022-09-26T00:00:00+00:00 [queued]>
[2022-09-27 05:42:04,347] {taskinstance.py:1238} INFO - 
--------------------------------------------------------------------------------
[2022-09-27 05:42:04,348] {taskinstance.py:1239} INFO - Starting attempt 1 of 2
[2022-09-27 05:42:04,350] {taskinstance.py:1240} INFO - 
--------------------------------------------------------------------------------
[2022-09-27 05:42:04,404] {taskinstance.py:1259} INFO - Executing <Task(PythonOperator): format_to_parquet_task> on 2022-09-26 00:00:00+00:00
[2022-09-27 05:42:04,416] {standard_task_runner.py:52} INFO - Started process 191 to run task
[2022-09-27 05:42:04,431] {standard_task_runner.py:76} INFO - Running: ['***', 'tasks', 'run', 'data_ingestion_gcs_dag', 'format_to_parquet_task', 'scheduled__2022-09-26T00:00:00+00:00', '--job-id', '67', '--raw', '--subdir', 'DAGS_FOLDER/data_ingestion_gcs_dag.py', '--cfg-path', '/tmp/tmpd0go2r3g', '--error-file', '/tmp/tmpdse4vffk']
[2022-09-27 05:42:04,433] {standard_task_runner.py:77} INFO - Job 67: Subtask format_to_parquet_task
[2022-09-27 05:42:04,610] {logging_mixin.py:109} INFO - Running <TaskInstance: data_ingestion_gcs_dag.format_to_parquet_task scheduled__2022-09-26T00:00:00+00:00 [running]> on host 248fe7f7a039
[2022-09-27 05:42:04,817] {taskinstance.py:1426} INFO - Exporting the following env vars:
AIRFLOW_CTX_DAG_OWNER=***
AIRFLOW_CTX_DAG_ID=data_ingestion_gcs_dag
AIRFLOW_CTX_TASK_ID=format_to_parquet_task
AIRFLOW_CTX_EXECUTION_DATE=2022-09-26T00:00:00+00:00
AIRFLOW_CTX_DAG_RUN_ID=scheduled__2022-09-26T00:00:00+00:00
[2022-09-27 05:42:05,728] {python.py:175} INFO - Done. Returned value was: None
[2022-09-27 05:42:05,876] {taskinstance.py:1277} INFO - Marking task as SUCCESS. dag_id=data_ingestion_gcs_dag, task_id=format_to_parquet_task, execution_date=20220926T000000, start_date=20220927T054204, end_date=20220927T054205
[2022-09-27 05:42:06,027] {local_task_job.py:154} INFO - Task exited with return code 0
[2022-09-27 05:42:06,244] {local_task_job.py:264} INFO - 1 downstream tasks scheduled from follow-on schedule check
