[2022-10-03 07:25:00,328] {processor.py:163} INFO - Started process (PID=64) to work on /opt/airflow/dags/data_ingestion_gcs_dag.py
[2022-10-03 07:25:00,350] {processor.py:642} INFO - Processing file /opt/airflow/dags/data_ingestion_gcs_dag.py for tasks to queue
[2022-10-03 07:25:00,354] {logging_mixin.py:109} INFO - [2022-10-03 07:25:00,354] {dagbag.py:500} INFO - Filling up the DagBag from /opt/airflow/dags/data_ingestion_gcs_dag.py
[2022-10-03 07:25:30,584] {logging_mixin.py:109} INFO - [2022-10-03 07:25:30,583] {timeout.py:36} ERROR - Process timed out, PID: 64
[2022-10-03 07:25:31,375] {logging_mixin.py:109} INFO - [2022-10-03 07:25:30,675] {dagbag.py:334} ERROR - Failed to import: /opt/airflow/dags/data_ingestion_gcs_dag.py
Traceback (most recent call last):
  File "/home/airflow/.local/lib/python3.7/site-packages/airflow/models/dagbag.py", line 331, in _load_modules_from_file
    loader.exec_module(new_module)
  File "<frozen importlib._bootstrap_external>", line 728, in exec_module
  File "<frozen importlib._bootstrap>", line 219, in _call_with_frames_removed
  File "/opt/airflow/dags/data_ingestion_gcs_dag.py", line 11, in <module>
    from airflow.providers.google.cloud.operators.bigquery import BigQueryCreateExternalTableOperator
  File "/home/airflow/.local/lib/python3.7/site-packages/airflow/providers/google/cloud/operators/bigquery.py", line 38, in <module>
    from airflow.providers.google.cloud.hooks.bigquery import BigQueryHook, BigQueryJob
  File "/home/airflow/.local/lib/python3.7/site-packages/airflow/providers/google/cloud/hooks/bigquery.py", line 33, in <module>
    from google.cloud.bigquery import (
  File "/home/airflow/.local/lib/python3.7/site-packages/google/cloud/bigquery/__init__.py", line 35, in <module>
    from google.cloud.bigquery.client import Client
  File "/home/airflow/.local/lib/python3.7/site-packages/google/cloud/bigquery/client.py", line 61, in <module>
    from google.cloud.bigquery_storage_v1.services.big_query_read.client import (
  File "/home/airflow/.local/lib/python3.7/site-packages/google/cloud/bigquery_storage_v1/__init__.py", line 25, in <module>
    from google.cloud.bigquery_storage_v1 import client
  File "/home/airflow/.local/lib/python3.7/site-packages/google/cloud/bigquery_storage_v1/client.py", line 27, in <module>
    from google.cloud.bigquery_storage_v1.services import big_query_read
  File "/home/airflow/.local/lib/python3.7/site-packages/google/cloud/bigquery_storage_v1/services/big_query_read/__init__.py", line 16, in <module>
    from .client import BigQueryReadClient
  File "/home/airflow/.local/lib/python3.7/site-packages/airflow/utils/timeout.py", line 37, in handle_timeout
    raise AirflowTaskTimeout(self.error_message)
airflow.exceptions.AirflowTaskTimeout: DagBag import timeout for /opt/airflow/dags/data_ingestion_gcs_dag.py after 30.0s.
Please take a look at these docs to improve your DAG import time:
* https://airflow.apache.org/docs/apache-airflow/2.2.3/best-practices.html#top-level-python-code
* https://airflow.apache.org/docs/apache-airflow/2.2.3/best-practices.html#reducing-dag-complexity, PID: 64
[2022-10-03 07:25:31,759] {processor.py:690} INFO - Deactivated 1 DAGs which are no longer present in /opt/airflow/dags/data_ingestion_gcs_dag.py
[2022-10-03 07:25:31,769] {processor.py:656} WARNING - No viable dags retrieved from /opt/airflow/dags/data_ingestion_gcs_dag.py
[2022-10-03 07:25:32,192] {processor.py:171} INFO - Processing /opt/airflow/dags/data_ingestion_gcs_dag.py took 31.867 seconds
[2022-10-03 07:25:55,706] {processor.py:163} INFO - Started process (PID=100) to work on /opt/airflow/dags/data_ingestion_gcs_dag.py
[2022-10-03 07:25:55,815] {processor.py:642} INFO - Processing file /opt/airflow/dags/data_ingestion_gcs_dag.py for tasks to queue
[2022-10-03 07:25:55,854] {logging_mixin.py:109} INFO - [2022-10-03 07:25:55,853] {dagbag.py:500} INFO - Filling up the DagBag from /opt/airflow/dags/data_ingestion_gcs_dag.py
[2022-10-03 07:26:22,837] {processor.py:654} INFO - DAG(s) dict_keys(['data_ingestion_gcs_dag']) retrieved from /opt/airflow/dags/data_ingestion_gcs_dag.py
[2022-10-03 07:26:30,065] {logging_mixin.py:109} INFO - [2022-10-03 07:26:30,065] {dag.py:2396} INFO - Sync 1 DAGs
[2022-10-03 07:26:30,336] {processor.py:171} INFO - Processing /opt/airflow/dags/data_ingestion_gcs_dag.py took 34.886 seconds
[2022-10-03 07:26:50,481] {processor.py:163} INFO - Started process (PID=131) to work on /opt/airflow/dags/data_ingestion_gcs_dag.py
[2022-10-03 07:26:50,528] {processor.py:642} INFO - Processing file /opt/airflow/dags/data_ingestion_gcs_dag.py for tasks to queue
[2022-10-03 07:26:50,533] {logging_mixin.py:109} INFO - [2022-10-03 07:26:50,533] {dagbag.py:500} INFO - Filling up the DagBag from /opt/airflow/dags/data_ingestion_gcs_dag.py
[2022-10-03 07:27:05,317] {processor.py:654} INFO - DAG(s) dict_keys(['data_ingestion_gcs_dag']) retrieved from /opt/airflow/dags/data_ingestion_gcs_dag.py
[2022-10-03 07:27:05,558] {logging_mixin.py:109} INFO - [2022-10-03 07:27:05,558] {dag.py:2396} INFO - Sync 1 DAGs
[2022-10-03 07:27:06,072] {logging_mixin.py:109} INFO - [2022-10-03 07:27:06,045] {dag.py:2935} INFO - Setting next_dagrun for data_ingestion_gcs_dag to 2022-10-02 00:00:00+00:00
[2022-10-03 07:27:06,586] {processor.py:171} INFO - Processing /opt/airflow/dags/data_ingestion_gcs_dag.py took 16.286 seconds
[2022-10-03 07:27:37,583] {processor.py:163} INFO - Started process (PID=166) to work on /opt/airflow/dags/data_ingestion_gcs_dag.py
[2022-10-03 07:27:37,610] {processor.py:642} INFO - Processing file /opt/airflow/dags/data_ingestion_gcs_dag.py for tasks to queue
[2022-10-03 07:27:37,613] {logging_mixin.py:109} INFO - [2022-10-03 07:27:37,612] {dagbag.py:500} INFO - Filling up the DagBag from /opt/airflow/dags/data_ingestion_gcs_dag.py
[2022-10-03 07:27:46,765] {processor.py:654} INFO - DAG(s) dict_keys(['data_ingestion_gcs_dag']) retrieved from /opt/airflow/dags/data_ingestion_gcs_dag.py
[2022-10-03 07:27:46,903] {logging_mixin.py:109} INFO - [2022-10-03 07:27:46,902] {dag.py:2396} INFO - Sync 1 DAGs
[2022-10-03 07:27:47,230] {processor.py:171} INFO - Processing /opt/airflow/dags/data_ingestion_gcs_dag.py took 9.652 seconds
[2022-10-03 07:28:19,260] {processor.py:163} INFO - Started process (PID=190) to work on /opt/airflow/dags/data_ingestion_gcs_dag.py
[2022-10-03 07:28:19,310] {processor.py:642} INFO - Processing file /opt/airflow/dags/data_ingestion_gcs_dag.py for tasks to queue
[2022-10-03 07:28:19,343] {logging_mixin.py:109} INFO - [2022-10-03 07:28:19,342] {dagbag.py:500} INFO - Filling up the DagBag from /opt/airflow/dags/data_ingestion_gcs_dag.py
[2022-10-03 07:28:26,776] {processor.py:654} INFO - DAG(s) dict_keys(['data_ingestion_gcs_dag']) retrieved from /opt/airflow/dags/data_ingestion_gcs_dag.py
[2022-10-03 07:28:26,899] {logging_mixin.py:109} INFO - [2022-10-03 07:28:26,898] {dag.py:2396} INFO - Sync 1 DAGs
[2022-10-03 07:28:27,425] {processor.py:171} INFO - Processing /opt/airflow/dags/data_ingestion_gcs_dag.py took 8.175 seconds
[2022-10-03 07:28:57,988] {processor.py:163} INFO - Started process (PID=213) to work on /opt/airflow/dags/data_ingestion_gcs_dag.py
[2022-10-03 07:28:58,014] {processor.py:642} INFO - Processing file /opt/airflow/dags/data_ingestion_gcs_dag.py for tasks to queue
[2022-10-03 07:28:58,018] {logging_mixin.py:109} INFO - [2022-10-03 07:28:58,018] {dagbag.py:500} INFO - Filling up the DagBag from /opt/airflow/dags/data_ingestion_gcs_dag.py
[2022-10-03 07:29:02,661] {processor.py:654} INFO - DAG(s) dict_keys(['data_ingestion_gcs_dag']) retrieved from /opt/airflow/dags/data_ingestion_gcs_dag.py
[2022-10-03 07:29:02,721] {logging_mixin.py:109} INFO - [2022-10-03 07:29:02,720] {dag.py:2396} INFO - Sync 1 DAGs
[2022-10-03 07:29:02,778] {processor.py:171} INFO - Processing /opt/airflow/dags/data_ingestion_gcs_dag.py took 4.809 seconds
[2022-10-03 07:29:32,978] {processor.py:163} INFO - Started process (PID=228) to work on /opt/airflow/dags/data_ingestion_gcs_dag.py
[2022-10-03 07:29:32,988] {processor.py:642} INFO - Processing file /opt/airflow/dags/data_ingestion_gcs_dag.py for tasks to queue
[2022-10-03 07:29:32,992] {logging_mixin.py:109} INFO - [2022-10-03 07:29:32,992] {dagbag.py:500} INFO - Filling up the DagBag from /opt/airflow/dags/data_ingestion_gcs_dag.py
[2022-10-03 07:29:37,251] {processor.py:654} INFO - DAG(s) dict_keys(['data_ingestion_gcs_dag']) retrieved from /opt/airflow/dags/data_ingestion_gcs_dag.py
[2022-10-03 07:29:37,341] {logging_mixin.py:109} INFO - [2022-10-03 07:29:37,340] {dag.py:2396} INFO - Sync 1 DAGs
[2022-10-03 07:29:37,467] {logging_mixin.py:109} INFO - [2022-10-03 07:29:37,456] {dag.py:2935} INFO - Setting next_dagrun for data_ingestion_gcs_dag to 2022-10-03T00:00:00+00:00
[2022-10-03 07:29:37,685] {processor.py:171} INFO - Processing /opt/airflow/dags/data_ingestion_gcs_dag.py took 4.719 seconds
[2022-10-03 07:46:03,299] {processor.py:163} INFO - Started process (PID=54) to work on /opt/airflow/dags/data_ingestion_gcs_dag.py
[2022-10-03 07:46:03,313] {processor.py:642} INFO - Processing file /opt/airflow/dags/data_ingestion_gcs_dag.py for tasks to queue
[2022-10-03 07:46:03,316] {logging_mixin.py:109} INFO - [2022-10-03 07:46:03,316] {dagbag.py:500} INFO - Filling up the DagBag from /opt/airflow/dags/data_ingestion_gcs_dag.py
[2022-10-03 07:46:10,129] {processor.py:654} INFO - DAG(s) dict_keys(['data_ingestion_gcs_dag']) retrieved from /opt/airflow/dags/data_ingestion_gcs_dag.py
[2022-10-03 07:46:13,970] {logging_mixin.py:109} INFO - [2022-10-03 07:46:13,970] {dag.py:2396} INFO - Sync 1 DAGs
[2022-10-03 07:46:14,032] {logging_mixin.py:109} INFO - [2022-10-03 07:46:14,031] {dag.py:2935} INFO - Setting next_dagrun for data_ingestion_gcs_dag to 2022-10-03T00:00:00+00:00
[2022-10-03 07:46:14,112] {processor.py:171} INFO - Processing /opt/airflow/dags/data_ingestion_gcs_dag.py took 10.817 seconds
[2022-10-03 07:46:44,782] {processor.py:163} INFO - Started process (PID=79) to work on /opt/airflow/dags/data_ingestion_gcs_dag.py
[2022-10-03 07:46:44,784] {processor.py:642} INFO - Processing file /opt/airflow/dags/data_ingestion_gcs_dag.py for tasks to queue
[2022-10-03 07:46:44,786] {logging_mixin.py:109} INFO - [2022-10-03 07:46:44,786] {dagbag.py:500} INFO - Filling up the DagBag from /opt/airflow/dags/data_ingestion_gcs_dag.py
[2022-10-03 07:46:46,626] {processor.py:654} INFO - DAG(s) dict_keys(['data_ingestion_gcs_dag']) retrieved from /opt/airflow/dags/data_ingestion_gcs_dag.py
[2022-10-03 07:46:46,642] {logging_mixin.py:109} INFO - [2022-10-03 07:46:46,641] {dag.py:2396} INFO - Sync 1 DAGs
[2022-10-03 07:46:46,673] {logging_mixin.py:109} INFO - [2022-10-03 07:46:46,673] {dag.py:2935} INFO - Setting next_dagrun for data_ingestion_gcs_dag to 2022-10-03T00:00:00+00:00
[2022-10-03 07:46:46,690] {processor.py:171} INFO - Processing /opt/airflow/dags/data_ingestion_gcs_dag.py took 1.916 seconds
[2022-10-03 07:47:17,347] {processor.py:163} INFO - Started process (PID=104) to work on /opt/airflow/dags/data_ingestion_gcs_dag.py
[2022-10-03 07:47:17,353] {processor.py:642} INFO - Processing file /opt/airflow/dags/data_ingestion_gcs_dag.py for tasks to queue
[2022-10-03 07:47:17,355] {logging_mixin.py:109} INFO - [2022-10-03 07:47:17,355] {dagbag.py:500} INFO - Filling up the DagBag from /opt/airflow/dags/data_ingestion_gcs_dag.py
[2022-10-03 07:47:21,421] {processor.py:654} INFO - DAG(s) dict_keys(['data_ingestion_gcs_dag']) retrieved from /opt/airflow/dags/data_ingestion_gcs_dag.py
[2022-10-03 07:47:21,442] {logging_mixin.py:109} INFO - [2022-10-03 07:47:21,442] {dag.py:2396} INFO - Sync 1 DAGs
[2022-10-03 07:47:21,485] {logging_mixin.py:109} INFO - [2022-10-03 07:47:21,485] {dag.py:2935} INFO - Setting next_dagrun for data_ingestion_gcs_dag to 2022-10-03T00:00:00+00:00
[2022-10-03 07:47:21,508] {processor.py:171} INFO - Processing /opt/airflow/dags/data_ingestion_gcs_dag.py took 4.168 seconds
[2022-10-03 07:47:51,693] {processor.py:163} INFO - Started process (PID=129) to work on /opt/airflow/dags/data_ingestion_gcs_dag.py
[2022-10-03 07:47:51,696] {processor.py:642} INFO - Processing file /opt/airflow/dags/data_ingestion_gcs_dag.py for tasks to queue
[2022-10-03 07:47:51,698] {logging_mixin.py:109} INFO - [2022-10-03 07:47:51,697] {dagbag.py:500} INFO - Filling up the DagBag from /opt/airflow/dags/data_ingestion_gcs_dag.py
[2022-10-03 07:47:54,014] {processor.py:654} INFO - DAG(s) dict_keys(['data_ingestion_gcs_dag']) retrieved from /opt/airflow/dags/data_ingestion_gcs_dag.py
[2022-10-03 07:47:54,057] {logging_mixin.py:109} INFO - [2022-10-03 07:47:54,055] {dag.py:2396} INFO - Sync 1 DAGs
[2022-10-03 07:47:54,114] {logging_mixin.py:109} INFO - [2022-10-03 07:47:54,114] {dag.py:2935} INFO - Setting next_dagrun for data_ingestion_gcs_dag to 2022-10-03T00:00:00+00:00
[2022-10-03 07:47:54,141] {processor.py:171} INFO - Processing /opt/airflow/dags/data_ingestion_gcs_dag.py took 2.453 seconds
[2022-10-03 07:48:24,567] {processor.py:163} INFO - Started process (PID=154) to work on /opt/airflow/dags/data_ingestion_gcs_dag.py
[2022-10-03 07:48:24,570] {processor.py:642} INFO - Processing file /opt/airflow/dags/data_ingestion_gcs_dag.py for tasks to queue
[2022-10-03 07:48:24,574] {logging_mixin.py:109} INFO - [2022-10-03 07:48:24,573] {dagbag.py:500} INFO - Filling up the DagBag from /opt/airflow/dags/data_ingestion_gcs_dag.py
[2022-10-03 07:48:26,430] {processor.py:654} INFO - DAG(s) dict_keys(['data_ingestion_gcs_dag']) retrieved from /opt/airflow/dags/data_ingestion_gcs_dag.py
[2022-10-03 07:48:26,449] {logging_mixin.py:109} INFO - [2022-10-03 07:48:26,449] {dag.py:2396} INFO - Sync 1 DAGs
[2022-10-03 07:48:26,483] {logging_mixin.py:109} INFO - [2022-10-03 07:48:26,483] {dag.py:2935} INFO - Setting next_dagrun for data_ingestion_gcs_dag to 2022-10-03T00:00:00+00:00
[2022-10-03 07:48:26,503] {processor.py:171} INFO - Processing /opt/airflow/dags/data_ingestion_gcs_dag.py took 1.946 seconds
[2022-10-03 07:48:57,313] {processor.py:163} INFO - Started process (PID=179) to work on /opt/airflow/dags/data_ingestion_gcs_dag.py
[2022-10-03 07:48:57,316] {processor.py:642} INFO - Processing file /opt/airflow/dags/data_ingestion_gcs_dag.py for tasks to queue
[2022-10-03 07:48:57,320] {logging_mixin.py:109} INFO - [2022-10-03 07:48:57,320] {dagbag.py:500} INFO - Filling up the DagBag from /opt/airflow/dags/data_ingestion_gcs_dag.py
[2022-10-03 07:48:59,520] {processor.py:654} INFO - DAG(s) dict_keys(['data_ingestion_gcs_dag']) retrieved from /opt/airflow/dags/data_ingestion_gcs_dag.py
[2022-10-03 07:48:59,542] {logging_mixin.py:109} INFO - [2022-10-03 07:48:59,542] {dag.py:2396} INFO - Sync 1 DAGs
[2022-10-03 07:48:59,572] {logging_mixin.py:109} INFO - [2022-10-03 07:48:59,572] {dag.py:2935} INFO - Setting next_dagrun for data_ingestion_gcs_dag to 2022-10-03T00:00:00+00:00
[2022-10-03 07:48:59,595] {processor.py:171} INFO - Processing /opt/airflow/dags/data_ingestion_gcs_dag.py took 2.288 seconds
[2022-10-03 07:49:29,843] {processor.py:163} INFO - Started process (PID=211) to work on /opt/airflow/dags/data_ingestion_gcs_dag.py
[2022-10-03 07:49:29,846] {processor.py:642} INFO - Processing file /opt/airflow/dags/data_ingestion_gcs_dag.py for tasks to queue
[2022-10-03 07:49:29,853] {logging_mixin.py:109} INFO - [2022-10-03 07:49:29,850] {dagbag.py:500} INFO - Filling up the DagBag from /opt/airflow/dags/data_ingestion_gcs_dag.py
[2022-10-03 07:49:33,160] {processor.py:654} INFO - DAG(s) dict_keys(['data_ingestion_gcs_dag']) retrieved from /opt/airflow/dags/data_ingestion_gcs_dag.py
[2022-10-03 07:49:33,192] {logging_mixin.py:109} INFO - [2022-10-03 07:49:33,191] {dag.py:2396} INFO - Sync 1 DAGs
[2022-10-03 07:49:33,307] {processor.py:171} INFO - Processing /opt/airflow/dags/data_ingestion_gcs_dag.py took 3.468 seconds
[2022-10-03 07:50:04,066] {processor.py:163} INFO - Started process (PID=226) to work on /opt/airflow/dags/data_ingestion_gcs_dag.py
[2022-10-03 07:50:04,069] {processor.py:642} INFO - Processing file /opt/airflow/dags/data_ingestion_gcs_dag.py for tasks to queue
[2022-10-03 07:50:04,078] {logging_mixin.py:109} INFO - [2022-10-03 07:50:04,076] {dagbag.py:500} INFO - Filling up the DagBag from /opt/airflow/dags/data_ingestion_gcs_dag.py
[2022-10-03 07:50:08,045] {processor.py:654} INFO - DAG(s) dict_keys(['data_ingestion_gcs_dag']) retrieved from /opt/airflow/dags/data_ingestion_gcs_dag.py
[2022-10-03 07:50:08,106] {logging_mixin.py:109} INFO - [2022-10-03 07:50:08,102] {dag.py:2396} INFO - Sync 1 DAGs
[2022-10-03 07:50:08,285] {processor.py:171} INFO - Processing /opt/airflow/dags/data_ingestion_gcs_dag.py took 4.226 seconds
[2022-10-03 07:50:38,481] {processor.py:163} INFO - Started process (PID=250) to work on /opt/airflow/dags/data_ingestion_gcs_dag.py
[2022-10-03 07:50:38,485] {processor.py:642} INFO - Processing file /opt/airflow/dags/data_ingestion_gcs_dag.py for tasks to queue
[2022-10-03 07:50:38,489] {logging_mixin.py:109} INFO - [2022-10-03 07:50:38,488] {dagbag.py:500} INFO - Filling up the DagBag from /opt/airflow/dags/data_ingestion_gcs_dag.py
[2022-10-03 07:50:40,700] {processor.py:654} INFO - DAG(s) dict_keys(['data_ingestion_gcs_dag']) retrieved from /opt/airflow/dags/data_ingestion_gcs_dag.py
[2022-10-03 07:50:40,719] {logging_mixin.py:109} INFO - [2022-10-03 07:50:40,718] {dag.py:2396} INFO - Sync 1 DAGs
[2022-10-03 07:50:40,768] {processor.py:171} INFO - Processing /opt/airflow/dags/data_ingestion_gcs_dag.py took 2.292 seconds
[2022-10-03 07:51:11,403] {processor.py:163} INFO - Started process (PID=275) to work on /opt/airflow/dags/data_ingestion_gcs_dag.py
[2022-10-03 07:51:11,415] {processor.py:642} INFO - Processing file /opt/airflow/dags/data_ingestion_gcs_dag.py for tasks to queue
[2022-10-03 07:51:11,424] {logging_mixin.py:109} INFO - [2022-10-03 07:51:11,424] {dagbag.py:500} INFO - Filling up the DagBag from /opt/airflow/dags/data_ingestion_gcs_dag.py
[2022-10-03 07:51:13,986] {processor.py:654} INFO - DAG(s) dict_keys(['data_ingestion_gcs_dag']) retrieved from /opt/airflow/dags/data_ingestion_gcs_dag.py
[2022-10-03 07:51:14,012] {logging_mixin.py:109} INFO - [2022-10-03 07:51:14,011] {dag.py:2396} INFO - Sync 1 DAGs
[2022-10-03 07:51:14,083] {processor.py:171} INFO - Processing /opt/airflow/dags/data_ingestion_gcs_dag.py took 2.687 seconds
[2022-10-03 07:51:44,430] {processor.py:163} INFO - Started process (PID=301) to work on /opt/airflow/dags/data_ingestion_gcs_dag.py
[2022-10-03 07:51:44,433] {processor.py:642} INFO - Processing file /opt/airflow/dags/data_ingestion_gcs_dag.py for tasks to queue
[2022-10-03 07:51:44,434] {logging_mixin.py:109} INFO - [2022-10-03 07:51:44,434] {dagbag.py:500} INFO - Filling up the DagBag from /opt/airflow/dags/data_ingestion_gcs_dag.py
[2022-10-03 07:51:46,263] {processor.py:654} INFO - DAG(s) dict_keys(['data_ingestion_gcs_dag']) retrieved from /opt/airflow/dags/data_ingestion_gcs_dag.py
[2022-10-03 07:51:46,291] {logging_mixin.py:109} INFO - [2022-10-03 07:51:46,290] {dag.py:2396} INFO - Sync 1 DAGs
[2022-10-03 07:51:46,350] {processor.py:171} INFO - Processing /opt/airflow/dags/data_ingestion_gcs_dag.py took 1.931 seconds
[2022-10-03 07:52:16,485] {processor.py:163} INFO - Started process (PID=327) to work on /opt/airflow/dags/data_ingestion_gcs_dag.py
[2022-10-03 07:52:16,487] {processor.py:642} INFO - Processing file /opt/airflow/dags/data_ingestion_gcs_dag.py for tasks to queue
[2022-10-03 07:52:16,499] {logging_mixin.py:109} INFO - [2022-10-03 07:52:16,499] {dagbag.py:500} INFO - Filling up the DagBag from /opt/airflow/dags/data_ingestion_gcs_dag.py
[2022-10-03 07:52:17,828] {processor.py:654} INFO - DAG(s) dict_keys(['data_ingestion_gcs_dag']) retrieved from /opt/airflow/dags/data_ingestion_gcs_dag.py
[2022-10-03 07:52:17,841] {logging_mixin.py:109} INFO - [2022-10-03 07:52:17,841] {dag.py:2396} INFO - Sync 1 DAGs
[2022-10-03 07:52:17,912] {processor.py:171} INFO - Processing /opt/airflow/dags/data_ingestion_gcs_dag.py took 1.431 seconds
[2022-10-03 07:52:48,321] {processor.py:163} INFO - Started process (PID=352) to work on /opt/airflow/dags/data_ingestion_gcs_dag.py
[2022-10-03 07:52:48,338] {processor.py:642} INFO - Processing file /opt/airflow/dags/data_ingestion_gcs_dag.py for tasks to queue
[2022-10-03 07:52:48,366] {logging_mixin.py:109} INFO - [2022-10-03 07:52:48,366] {dagbag.py:500} INFO - Filling up the DagBag from /opt/airflow/dags/data_ingestion_gcs_dag.py
[2022-10-03 07:52:52,296] {processor.py:654} INFO - DAG(s) dict_keys(['data_ingestion_gcs_dag']) retrieved from /opt/airflow/dags/data_ingestion_gcs_dag.py
[2022-10-03 07:52:52,326] {logging_mixin.py:109} INFO - [2022-10-03 07:52:52,326] {dag.py:2396} INFO - Sync 1 DAGs
[2022-10-03 07:52:52,429] {processor.py:171} INFO - Processing /opt/airflow/dags/data_ingestion_gcs_dag.py took 4.161 seconds
[2022-10-03 07:53:22,649] {processor.py:163} INFO - Started process (PID=377) to work on /opt/airflow/dags/data_ingestion_gcs_dag.py
[2022-10-03 07:53:22,654] {processor.py:642} INFO - Processing file /opt/airflow/dags/data_ingestion_gcs_dag.py for tasks to queue
[2022-10-03 07:53:22,655] {logging_mixin.py:109} INFO - [2022-10-03 07:53:22,655] {dagbag.py:500} INFO - Filling up the DagBag from /opt/airflow/dags/data_ingestion_gcs_dag.py
[2022-10-03 07:53:26,040] {processor.py:654} INFO - DAG(s) dict_keys(['data_ingestion_gcs_dag']) retrieved from /opt/airflow/dags/data_ingestion_gcs_dag.py
[2022-10-03 07:53:26,083] {logging_mixin.py:109} INFO - [2022-10-03 07:53:26,083] {dag.py:2396} INFO - Sync 1 DAGs
[2022-10-03 07:53:26,184] {processor.py:171} INFO - Processing /opt/airflow/dags/data_ingestion_gcs_dag.py took 3.549 seconds
[2022-10-03 07:53:42,970] {processor.py:163} INFO - Started process (PID=391) to work on /opt/airflow/dags/data_ingestion_gcs_dag.py
[2022-10-03 07:53:42,972] {processor.py:642} INFO - Processing file /opt/airflow/dags/data_ingestion_gcs_dag.py for tasks to queue
[2022-10-03 07:53:42,973] {logging_mixin.py:109} INFO - [2022-10-03 07:53:42,973] {dagbag.py:500} INFO - Filling up the DagBag from /opt/airflow/dags/data_ingestion_gcs_dag.py
[2022-10-03 07:53:46,194] {processor.py:654} INFO - DAG(s) dict_keys(['data_ingestion_gcs_dag']) retrieved from /opt/airflow/dags/data_ingestion_gcs_dag.py
[2022-10-03 07:53:46,259] {logging_mixin.py:109} INFO - [2022-10-03 07:53:46,258] {dag.py:2396} INFO - Sync 1 DAGs
[2022-10-03 07:53:46,594] {processor.py:171} INFO - Processing /opt/airflow/dags/data_ingestion_gcs_dag.py took 3.630 seconds
[2022-10-03 07:54:17,451] {processor.py:163} INFO - Started process (PID=415) to work on /opt/airflow/dags/data_ingestion_gcs_dag.py
[2022-10-03 07:54:17,453] {processor.py:642} INFO - Processing file /opt/airflow/dags/data_ingestion_gcs_dag.py for tasks to queue
[2022-10-03 07:54:17,454] {logging_mixin.py:109} INFO - [2022-10-03 07:54:17,454] {dagbag.py:500} INFO - Filling up the DagBag from /opt/airflow/dags/data_ingestion_gcs_dag.py
[2022-10-03 07:54:18,535] {processor.py:654} INFO - DAG(s) dict_keys(['data_ingestion_gcs_dag']) retrieved from /opt/airflow/dags/data_ingestion_gcs_dag.py
[2022-10-03 07:54:18,551] {logging_mixin.py:109} INFO - [2022-10-03 07:54:18,551] {dag.py:2396} INFO - Sync 1 DAGs
[2022-10-03 07:54:18,596] {processor.py:171} INFO - Processing /opt/airflow/dags/data_ingestion_gcs_dag.py took 1.148 seconds
[2022-10-03 07:54:48,733] {processor.py:163} INFO - Started process (PID=440) to work on /opt/airflow/dags/data_ingestion_gcs_dag.py
[2022-10-03 07:54:48,736] {processor.py:642} INFO - Processing file /opt/airflow/dags/data_ingestion_gcs_dag.py for tasks to queue
[2022-10-03 07:54:48,737] {logging_mixin.py:109} INFO - [2022-10-03 07:54:48,737] {dagbag.py:500} INFO - Filling up the DagBag from /opt/airflow/dags/data_ingestion_gcs_dag.py
[2022-10-03 07:54:49,925] {processor.py:654} INFO - DAG(s) dict_keys(['data_ingestion_gcs_dag']) retrieved from /opt/airflow/dags/data_ingestion_gcs_dag.py
[2022-10-03 07:54:49,954] {logging_mixin.py:109} INFO - [2022-10-03 07:54:49,953] {dag.py:2396} INFO - Sync 1 DAGs
[2022-10-03 07:54:50,023] {processor.py:171} INFO - Processing /opt/airflow/dags/data_ingestion_gcs_dag.py took 1.295 seconds
[2022-10-03 07:55:20,377] {processor.py:163} INFO - Started process (PID=465) to work on /opt/airflow/dags/data_ingestion_gcs_dag.py
[2022-10-03 07:55:20,378] {processor.py:642} INFO - Processing file /opt/airflow/dags/data_ingestion_gcs_dag.py for tasks to queue
[2022-10-03 07:55:20,379] {logging_mixin.py:109} INFO - [2022-10-03 07:55:20,379] {dagbag.py:500} INFO - Filling up the DagBag from /opt/airflow/dags/data_ingestion_gcs_dag.py
[2022-10-03 07:55:21,994] {processor.py:654} INFO - DAG(s) dict_keys(['data_ingestion_gcs_dag']) retrieved from /opt/airflow/dags/data_ingestion_gcs_dag.py
[2022-10-03 07:55:22,071] {logging_mixin.py:109} INFO - [2022-10-03 07:55:22,070] {dag.py:2396} INFO - Sync 1 DAGs
[2022-10-03 07:55:22,168] {processor.py:171} INFO - Processing /opt/airflow/dags/data_ingestion_gcs_dag.py took 1.795 seconds
[2022-10-03 07:55:52,368] {processor.py:163} INFO - Started process (PID=489) to work on /opt/airflow/dags/data_ingestion_gcs_dag.py
[2022-10-03 07:55:52,371] {processor.py:642} INFO - Processing file /opt/airflow/dags/data_ingestion_gcs_dag.py for tasks to queue
[2022-10-03 07:55:52,383] {logging_mixin.py:109} INFO - [2022-10-03 07:55:52,382] {dagbag.py:500} INFO - Filling up the DagBag from /opt/airflow/dags/data_ingestion_gcs_dag.py
[2022-10-03 07:55:55,024] {processor.py:654} INFO - DAG(s) dict_keys(['data_ingestion_gcs_dag']) retrieved from /opt/airflow/dags/data_ingestion_gcs_dag.py
[2022-10-03 07:55:55,054] {logging_mixin.py:109} INFO - [2022-10-03 07:55:55,052] {dag.py:2396} INFO - Sync 1 DAGs
[2022-10-03 07:55:55,221] {processor.py:171} INFO - Processing /opt/airflow/dags/data_ingestion_gcs_dag.py took 2.860 seconds
[2022-10-03 07:56:25,964] {processor.py:163} INFO - Started process (PID=514) to work on /opt/airflow/dags/data_ingestion_gcs_dag.py
[2022-10-03 07:56:25,967] {processor.py:642} INFO - Processing file /opt/airflow/dags/data_ingestion_gcs_dag.py for tasks to queue
[2022-10-03 07:56:25,968] {logging_mixin.py:109} INFO - [2022-10-03 07:56:25,968] {dagbag.py:500} INFO - Filling up the DagBag from /opt/airflow/dags/data_ingestion_gcs_dag.py
[2022-10-03 07:56:27,155] {processor.py:654} INFO - DAG(s) dict_keys(['data_ingestion_gcs_dag']) retrieved from /opt/airflow/dags/data_ingestion_gcs_dag.py
[2022-10-03 07:56:27,171] {logging_mixin.py:109} INFO - [2022-10-03 07:56:27,171] {dag.py:2396} INFO - Sync 1 DAGs
[2022-10-03 07:56:27,195] {logging_mixin.py:109} INFO - [2022-10-03 07:56:27,194] {dag.py:2935} INFO - Setting next_dagrun for data_ingestion_gcs_dag to 2022-10-03T00:00:00+00:00
[2022-10-03 07:56:27,208] {processor.py:171} INFO - Processing /opt/airflow/dags/data_ingestion_gcs_dag.py took 1.248 seconds
[2022-10-03 07:56:58,098] {processor.py:163} INFO - Started process (PID=539) to work on /opt/airflow/dags/data_ingestion_gcs_dag.py
[2022-10-03 07:56:58,101] {processor.py:642} INFO - Processing file /opt/airflow/dags/data_ingestion_gcs_dag.py for tasks to queue
[2022-10-03 07:56:58,103] {logging_mixin.py:109} INFO - [2022-10-03 07:56:58,103] {dagbag.py:500} INFO - Filling up the DagBag from /opt/airflow/dags/data_ingestion_gcs_dag.py
[2022-10-03 07:57:00,510] {processor.py:654} INFO - DAG(s) dict_keys(['data_ingestion_gcs_dag']) retrieved from /opt/airflow/dags/data_ingestion_gcs_dag.py
[2022-10-03 07:57:00,537] {logging_mixin.py:109} INFO - [2022-10-03 07:57:00,536] {dag.py:2396} INFO - Sync 1 DAGs
[2022-10-03 07:57:00,590] {logging_mixin.py:109} INFO - [2022-10-03 07:57:00,589] {dag.py:2935} INFO - Setting next_dagrun for data_ingestion_gcs_dag to 2022-10-03T00:00:00+00:00
[2022-10-03 07:57:00,640] {processor.py:171} INFO - Processing /opt/airflow/dags/data_ingestion_gcs_dag.py took 2.553 seconds
[2022-10-03 07:57:31,372] {processor.py:163} INFO - Started process (PID=566) to work on /opt/airflow/dags/data_ingestion_gcs_dag.py
[2022-10-03 07:57:31,376] {processor.py:642} INFO - Processing file /opt/airflow/dags/data_ingestion_gcs_dag.py for tasks to queue
[2022-10-03 07:57:31,379] {logging_mixin.py:109} INFO - [2022-10-03 07:57:31,379] {dagbag.py:500} INFO - Filling up the DagBag from /opt/airflow/dags/data_ingestion_gcs_dag.py
[2022-10-03 07:57:33,915] {processor.py:654} INFO - DAG(s) dict_keys(['data_ingestion_gcs_dag']) retrieved from /opt/airflow/dags/data_ingestion_gcs_dag.py
[2022-10-03 07:57:33,949] {logging_mixin.py:109} INFO - [2022-10-03 07:57:33,949] {dag.py:2396} INFO - Sync 1 DAGs
[2022-10-03 07:57:34,015] {logging_mixin.py:109} INFO - [2022-10-03 07:57:34,015] {dag.py:2935} INFO - Setting next_dagrun for data_ingestion_gcs_dag to 2022-10-03T00:00:00+00:00
[2022-10-03 07:57:34,048] {processor.py:171} INFO - Processing /opt/airflow/dags/data_ingestion_gcs_dag.py took 2.683 seconds
[2022-10-03 07:57:56,670] {processor.py:163} INFO - Started process (PID=581) to work on /opt/airflow/dags/data_ingestion_gcs_dag.py
[2022-10-03 07:57:56,672] {processor.py:642} INFO - Processing file /opt/airflow/dags/data_ingestion_gcs_dag.py for tasks to queue
[2022-10-03 07:57:56,677] {logging_mixin.py:109} INFO - [2022-10-03 07:57:56,676] {dagbag.py:500} INFO - Filling up the DagBag from /opt/airflow/dags/data_ingestion_gcs_dag.py
[2022-10-03 07:57:59,741] {processor.py:654} INFO - DAG(s) dict_keys(['data_ingestion_gcs_dag']) retrieved from /opt/airflow/dags/data_ingestion_gcs_dag.py
[2022-10-03 07:57:59,779] {logging_mixin.py:109} INFO - [2022-10-03 07:57:59,770] {dag.py:2396} INFO - Sync 1 DAGs
[2022-10-03 07:57:59,847] {logging_mixin.py:109} INFO - [2022-10-03 07:57:59,847] {dag.py:2935} INFO - Setting next_dagrun for data_ingestion_gcs_dag to 2022-10-03T00:00:00+00:00
[2022-10-03 07:57:59,955] {processor.py:171} INFO - Processing /opt/airflow/dags/data_ingestion_gcs_dag.py took 3.290 seconds
[2022-10-03 07:58:30,155] {processor.py:163} INFO - Started process (PID=604) to work on /opt/airflow/dags/data_ingestion_gcs_dag.py
[2022-10-03 07:58:30,174] {processor.py:642} INFO - Processing file /opt/airflow/dags/data_ingestion_gcs_dag.py for tasks to queue
[2022-10-03 07:58:30,181] {logging_mixin.py:109} INFO - [2022-10-03 07:58:30,181] {dagbag.py:500} INFO - Filling up the DagBag from /opt/airflow/dags/data_ingestion_gcs_dag.py
[2022-10-03 12:11:04,993] {processor.py:163} INFO - Started process (PID=47) to work on /opt/airflow/dags/data_ingestion_gcs_dag.py
[2022-10-03 12:11:04,997] {processor.py:642} INFO - Processing file /opt/airflow/dags/data_ingestion_gcs_dag.py for tasks to queue
[2022-10-03 12:11:05,011] {logging_mixin.py:109} INFO - [2022-10-03 12:11:05,011] {dagbag.py:500} INFO - Filling up the DagBag from /opt/airflow/dags/data_ingestion_gcs_dag.py
[2022-10-03 12:11:13,020] {processor.py:654} INFO - DAG(s) dict_keys(['data_ingestion_gcs_dag']) retrieved from /opt/airflow/dags/data_ingestion_gcs_dag.py
[2022-10-03 12:11:13,070] {logging_mixin.py:109} INFO - [2022-10-03 12:11:13,069] {dag.py:2396} INFO - Sync 1 DAGs
[2022-10-03 12:11:13,144] {logging_mixin.py:109} INFO - [2022-10-03 12:11:13,144] {dag.py:2935} INFO - Setting next_dagrun for data_ingestion_gcs_dag to 2022-10-03T00:00:00+00:00
[2022-10-03 12:11:13,192] {processor.py:171} INFO - Processing /opt/airflow/dags/data_ingestion_gcs_dag.py took 8.231 seconds
[2022-10-03 12:11:43,490] {processor.py:163} INFO - Started process (PID=71) to work on /opt/airflow/dags/data_ingestion_gcs_dag.py
[2022-10-03 12:11:43,494] {processor.py:642} INFO - Processing file /opt/airflow/dags/data_ingestion_gcs_dag.py for tasks to queue
[2022-10-03 12:11:43,506] {logging_mixin.py:109} INFO - [2022-10-03 12:11:43,506] {dagbag.py:500} INFO - Filling up the DagBag from /opt/airflow/dags/data_ingestion_gcs_dag.py
[2022-10-03 12:11:45,859] {processor.py:654} INFO - DAG(s) dict_keys(['data_ingestion_gcs_dag']) retrieved from /opt/airflow/dags/data_ingestion_gcs_dag.py
[2022-10-03 12:11:45,876] {logging_mixin.py:109} INFO - [2022-10-03 12:11:45,875] {dag.py:2396} INFO - Sync 1 DAGs
[2022-10-03 12:11:45,944] {logging_mixin.py:109} INFO - [2022-10-03 12:11:45,944] {dag.py:2935} INFO - Setting next_dagrun for data_ingestion_gcs_dag to 2022-10-03T00:00:00+00:00
[2022-10-03 12:11:46,004] {processor.py:171} INFO - Processing /opt/airflow/dags/data_ingestion_gcs_dag.py took 2.521 seconds
[2022-10-03 12:12:16,074] {processor.py:163} INFO - Started process (PID=95) to work on /opt/airflow/dags/data_ingestion_gcs_dag.py
[2022-10-03 12:12:16,076] {processor.py:642} INFO - Processing file /opt/airflow/dags/data_ingestion_gcs_dag.py for tasks to queue
[2022-10-03 12:12:16,077] {logging_mixin.py:109} INFO - [2022-10-03 12:12:16,077] {dagbag.py:500} INFO - Filling up the DagBag from /opt/airflow/dags/data_ingestion_gcs_dag.py
[2022-10-03 12:12:17,495] {processor.py:654} INFO - DAG(s) dict_keys(['data_ingestion_gcs_dag']) retrieved from /opt/airflow/dags/data_ingestion_gcs_dag.py
[2022-10-03 12:12:17,512] {logging_mixin.py:109} INFO - [2022-10-03 12:12:17,511] {dag.py:2396} INFO - Sync 1 DAGs
[2022-10-03 12:12:17,534] {logging_mixin.py:109} INFO - [2022-10-03 12:12:17,534] {dag.py:2935} INFO - Setting next_dagrun for data_ingestion_gcs_dag to 2022-10-03T00:00:00+00:00
[2022-10-03 12:12:17,549] {processor.py:171} INFO - Processing /opt/airflow/dags/data_ingestion_gcs_dag.py took 1.481 seconds
