[2022-10-03 07:25:00,382] {processor.py:163} INFO - Started process (PID=63) to work on /opt/airflow/dags/setting_conn_gcp_airflow.py
[2022-10-03 07:25:00,391] {processor.py:642} INFO - Processing file /opt/airflow/dags/setting_conn_gcp_airflow.py for tasks to queue
[2022-10-03 07:25:00,393] {logging_mixin.py:109} INFO - [2022-10-03 07:25:00,392] {dagbag.py:500} INFO - Filling up the DagBag from /opt/airflow/dags/setting_conn_gcp_airflow.py
[2022-10-03 07:25:00,936] {processor.py:654} INFO - DAG(s) dict_keys(['AddGCPConnection']) retrieved from /opt/airflow/dags/setting_conn_gcp_airflow.py
[2022-10-03 07:25:55,258] {processor.py:163} INFO - Started process (PID=99) to work on /opt/airflow/dags/setting_conn_gcp_airflow.py
[2022-10-03 07:25:55,321] {processor.py:642} INFO - Processing file /opt/airflow/dags/setting_conn_gcp_airflow.py for tasks to queue
[2022-10-03 07:25:55,335] {logging_mixin.py:109} INFO - [2022-10-03 07:25:55,335] {dagbag.py:500} INFO - Filling up the DagBag from /opt/airflow/dags/setting_conn_gcp_airflow.py
[2022-10-03 07:25:56,646] {processor.py:654} INFO - DAG(s) dict_keys(['AddGCPConnection']) retrieved from /opt/airflow/dags/setting_conn_gcp_airflow.py
[2022-10-03 07:26:50,425] {processor.py:163} INFO - Started process (PID=130) to work on /opt/airflow/dags/setting_conn_gcp_airflow.py
[2022-10-03 07:26:50,443] {processor.py:642} INFO - Processing file /opt/airflow/dags/setting_conn_gcp_airflow.py for tasks to queue
[2022-10-03 07:26:50,468] {logging_mixin.py:109} INFO - [2022-10-03 07:26:50,468] {dagbag.py:500} INFO - Filling up the DagBag from /opt/airflow/dags/setting_conn_gcp_airflow.py
[2022-10-03 07:26:51,183] {processor.py:654} INFO - DAG(s) dict_keys(['AddGCPConnection']) retrieved from /opt/airflow/dags/setting_conn_gcp_airflow.py
[2022-10-03 07:27:30,400] {logging_mixin.py:109} INFO - [2022-10-03 07:27:30,400] {manager.py:496} INFO - Created Permission View: can read on DAG:AddGCPConnection
[2022-10-03 07:27:30,559] {logging_mixin.py:109} INFO - [2022-10-03 07:27:30,559] {manager.py:496} INFO - Created Permission View: can edit on DAG:AddGCPConnection
[2022-10-03 07:27:30,589] {logging_mixin.py:109} INFO - [2022-10-03 07:27:30,589] {dag.py:2396} INFO - Sync 1 DAGs
[2022-10-03 07:27:30,809] {logging_mixin.py:109} INFO - [2022-10-03 07:27:30,809] {dag.py:2415} INFO - Creating ORM DAG for AddGCPConnection
[2022-10-03 07:27:30,945] {logging_mixin.py:109} INFO - [2022-10-03 07:27:30,913] {dag.py:2935} INFO - Setting next_dagrun for AddGCPConnection to 2020-05-09T00:00:00+00:00
[2022-10-03 07:27:31,330] {processor.py:171} INFO - Processing /opt/airflow/dags/setting_conn_gcp_airflow.py took 41.015 seconds
[2022-10-03 07:28:01,955] {processor.py:163} INFO - Started process (PID=180) to work on /opt/airflow/dags/setting_conn_gcp_airflow.py
[2022-10-03 07:28:01,975] {processor.py:642} INFO - Processing file /opt/airflow/dags/setting_conn_gcp_airflow.py for tasks to queue
[2022-10-03 07:28:01,982] {logging_mixin.py:109} INFO - [2022-10-03 07:28:01,982] {dagbag.py:500} INFO - Filling up the DagBag from /opt/airflow/dags/setting_conn_gcp_airflow.py
[2022-10-03 07:28:02,298] {processor.py:654} INFO - DAG(s) dict_keys(['AddGCPConnection']) retrieved from /opt/airflow/dags/setting_conn_gcp_airflow.py
[2022-10-03 07:28:02,349] {logging_mixin.py:109} INFO - [2022-10-03 07:28:02,349] {dag.py:2396} INFO - Sync 1 DAGs
[2022-10-03 07:28:02,441] {logging_mixin.py:109} INFO - [2022-10-03 07:28:02,441] {dag.py:2935} INFO - Setting next_dagrun for AddGCPConnection to 2020-05-09T00:00:00+00:00
[2022-10-03 07:28:02,633] {processor.py:171} INFO - Processing /opt/airflow/dags/setting_conn_gcp_airflow.py took 0.695 seconds
[2022-10-03 07:28:33,956] {processor.py:163} INFO - Started process (PID=195) to work on /opt/airflow/dags/setting_conn_gcp_airflow.py
[2022-10-03 07:28:33,969] {processor.py:642} INFO - Processing file /opt/airflow/dags/setting_conn_gcp_airflow.py for tasks to queue
[2022-10-03 07:28:33,988] {logging_mixin.py:109} INFO - [2022-10-03 07:28:33,988] {dagbag.py:500} INFO - Filling up the DagBag from /opt/airflow/dags/setting_conn_gcp_airflow.py
[2022-10-03 07:28:34,748] {processor.py:654} INFO - DAG(s) dict_keys(['AddGCPConnection']) retrieved from /opt/airflow/dags/setting_conn_gcp_airflow.py
[2022-10-03 07:28:34,899] {logging_mixin.py:109} INFO - [2022-10-03 07:28:34,899] {dag.py:2396} INFO - Sync 1 DAGs
[2022-10-03 07:28:34,989] {logging_mixin.py:109} INFO - [2022-10-03 07:28:34,989] {dag.py:2935} INFO - Setting next_dagrun for AddGCPConnection to 2020-05-09T00:00:00+00:00
[2022-10-03 07:28:35,037] {processor.py:171} INFO - Processing /opt/airflow/dags/setting_conn_gcp_airflow.py took 1.089 seconds
[2022-10-03 07:29:05,619] {processor.py:163} INFO - Started process (PID=218) to work on /opt/airflow/dags/setting_conn_gcp_airflow.py
[2022-10-03 07:29:05,621] {processor.py:642} INFO - Processing file /opt/airflow/dags/setting_conn_gcp_airflow.py for tasks to queue
[2022-10-03 07:29:05,628] {logging_mixin.py:109} INFO - [2022-10-03 07:29:05,627] {dagbag.py:500} INFO - Filling up the DagBag from /opt/airflow/dags/setting_conn_gcp_airflow.py
[2022-10-03 07:29:05,936] {processor.py:654} INFO - DAG(s) dict_keys(['AddGCPConnection']) retrieved from /opt/airflow/dags/setting_conn_gcp_airflow.py
[2022-10-03 07:29:06,162] {logging_mixin.py:109} INFO - [2022-10-03 07:29:06,162] {dag.py:2396} INFO - Sync 1 DAGs
[2022-10-03 07:29:06,282] {logging_mixin.py:109} INFO - [2022-10-03 07:29:06,281] {dag.py:2935} INFO - Setting next_dagrun for AddGCPConnection to 2020-05-09T00:00:00+00:00
[2022-10-03 07:29:06,465] {processor.py:171} INFO - Processing /opt/airflow/dags/setting_conn_gcp_airflow.py took 0.865 seconds
[2022-10-03 07:29:37,649] {processor.py:163} INFO - Started process (PID=242) to work on /opt/airflow/dags/setting_conn_gcp_airflow.py
[2022-10-03 07:29:37,665] {processor.py:642} INFO - Processing file /opt/airflow/dags/setting_conn_gcp_airflow.py for tasks to queue
[2022-10-03 07:29:37,670] {logging_mixin.py:109} INFO - [2022-10-03 07:29:37,670] {dagbag.py:500} INFO - Filling up the DagBag from /opt/airflow/dags/setting_conn_gcp_airflow.py
[2022-10-03 07:29:38,236] {processor.py:654} INFO - DAG(s) dict_keys(['AddGCPConnection']) retrieved from /opt/airflow/dags/setting_conn_gcp_airflow.py
[2022-10-03 07:29:38,358] {logging_mixin.py:109} INFO - [2022-10-03 07:29:38,357] {dag.py:2396} INFO - Sync 1 DAGs
[2022-10-03 07:29:38,480] {logging_mixin.py:109} INFO - [2022-10-03 07:29:38,480] {dag.py:2935} INFO - Setting next_dagrun for AddGCPConnection to 2020-05-09T00:00:00+00:00
[2022-10-03 07:29:38,578] {processor.py:171} INFO - Processing /opt/airflow/dags/setting_conn_gcp_airflow.py took 0.945 seconds
[2022-10-03 07:46:03,363] {processor.py:163} INFO - Started process (PID=55) to work on /opt/airflow/dags/setting_conn_gcp_airflow.py
[2022-10-03 07:46:03,376] {processor.py:642} INFO - Processing file /opt/airflow/dags/setting_conn_gcp_airflow.py for tasks to queue
[2022-10-03 07:46:03,392] {logging_mixin.py:109} INFO - [2022-10-03 07:46:03,391] {dagbag.py:500} INFO - Filling up the DagBag from /opt/airflow/dags/setting_conn_gcp_airflow.py
[2022-10-03 07:46:03,686] {processor.py:654} INFO - DAG(s) dict_keys(['AddGCPConnection']) retrieved from /opt/airflow/dags/setting_conn_gcp_airflow.py
[2022-10-03 07:46:03,725] {logging_mixin.py:109} INFO - [2022-10-03 07:46:03,725] {dag.py:2396} INFO - Sync 1 DAGs
[2022-10-03 07:46:03,803] {logging_mixin.py:109} INFO - [2022-10-03 07:46:03,802] {dag.py:2935} INFO - Setting next_dagrun for AddGCPConnection to 2020-05-09T00:00:00+00:00
[2022-10-03 07:46:03,861] {processor.py:171} INFO - Processing /opt/airflow/dags/setting_conn_gcp_airflow.py took 0.533 seconds
[2022-10-03 07:46:34,799] {processor.py:163} INFO - Started process (PID=78) to work on /opt/airflow/dags/setting_conn_gcp_airflow.py
[2022-10-03 07:46:34,826] {processor.py:642} INFO - Processing file /opt/airflow/dags/setting_conn_gcp_airflow.py for tasks to queue
[2022-10-03 07:46:34,834] {logging_mixin.py:109} INFO - [2022-10-03 07:46:34,834] {dagbag.py:500} INFO - Filling up the DagBag from /opt/airflow/dags/setting_conn_gcp_airflow.py
[2022-10-03 07:46:35,348] {processor.py:654} INFO - DAG(s) dict_keys(['AddGCPConnection']) retrieved from /opt/airflow/dags/setting_conn_gcp_airflow.py
[2022-10-03 07:46:35,408] {logging_mixin.py:109} INFO - [2022-10-03 07:46:35,408] {dag.py:2396} INFO - Sync 1 DAGs
[2022-10-03 07:46:35,492] {logging_mixin.py:109} INFO - [2022-10-03 07:46:35,491] {dag.py:2935} INFO - Setting next_dagrun for AddGCPConnection to 2020-05-09T00:00:00+00:00
[2022-10-03 07:46:35,563] {processor.py:171} INFO - Processing /opt/airflow/dags/setting_conn_gcp_airflow.py took 0.799 seconds
[2022-10-03 07:47:05,989] {processor.py:163} INFO - Started process (PID=93) to work on /opt/airflow/dags/setting_conn_gcp_airflow.py
[2022-10-03 07:47:05,991] {processor.py:642} INFO - Processing file /opt/airflow/dags/setting_conn_gcp_airflow.py for tasks to queue
[2022-10-03 07:47:05,993] {logging_mixin.py:109} INFO - [2022-10-03 07:47:05,993] {dagbag.py:500} INFO - Filling up the DagBag from /opt/airflow/dags/setting_conn_gcp_airflow.py
[2022-10-03 07:47:06,159] {processor.py:654} INFO - DAG(s) dict_keys(['AddGCPConnection']) retrieved from /opt/airflow/dags/setting_conn_gcp_airflow.py
[2022-10-03 07:47:06,194] {logging_mixin.py:109} INFO - [2022-10-03 07:47:06,194] {dag.py:2396} INFO - Sync 1 DAGs
[2022-10-03 07:47:06,233] {logging_mixin.py:109} INFO - [2022-10-03 07:47:06,232] {dag.py:2935} INFO - Setting next_dagrun for AddGCPConnection to 2020-05-09T00:00:00+00:00
[2022-10-03 07:47:06,252] {processor.py:171} INFO - Processing /opt/airflow/dags/setting_conn_gcp_airflow.py took 0.267 seconds
[2022-10-03 07:47:37,525] {processor.py:163} INFO - Started process (PID=118) to work on /opt/airflow/dags/setting_conn_gcp_airflow.py
[2022-10-03 07:47:37,552] {processor.py:642} INFO - Processing file /opt/airflow/dags/setting_conn_gcp_airflow.py for tasks to queue
[2022-10-03 07:47:37,567] {logging_mixin.py:109} INFO - [2022-10-03 07:47:37,567] {dagbag.py:500} INFO - Filling up the DagBag from /opt/airflow/dags/setting_conn_gcp_airflow.py
[2022-10-03 07:47:38,016] {processor.py:654} INFO - DAG(s) dict_keys(['AddGCPConnection']) retrieved from /opt/airflow/dags/setting_conn_gcp_airflow.py
[2022-10-03 07:47:38,053] {logging_mixin.py:109} INFO - [2022-10-03 07:47:38,053] {dag.py:2396} INFO - Sync 1 DAGs
[2022-10-03 07:47:38,127] {logging_mixin.py:109} INFO - [2022-10-03 07:47:38,127] {dag.py:2935} INFO - Setting next_dagrun for AddGCPConnection to 2020-05-09T00:00:00+00:00
[2022-10-03 07:47:38,170] {processor.py:171} INFO - Processing /opt/airflow/dags/setting_conn_gcp_airflow.py took 0.688 seconds
[2022-10-03 07:48:08,442] {processor.py:163} INFO - Started process (PID=143) to work on /opt/airflow/dags/setting_conn_gcp_airflow.py
[2022-10-03 07:48:08,446] {processor.py:642} INFO - Processing file /opt/airflow/dags/setting_conn_gcp_airflow.py for tasks to queue
[2022-10-03 07:48:08,458] {logging_mixin.py:109} INFO - [2022-10-03 07:48:08,457] {dagbag.py:500} INFO - Filling up the DagBag from /opt/airflow/dags/setting_conn_gcp_airflow.py
[2022-10-03 07:48:08,622] {processor.py:654} INFO - DAG(s) dict_keys(['AddGCPConnection']) retrieved from /opt/airflow/dags/setting_conn_gcp_airflow.py
[2022-10-03 07:48:08,650] {logging_mixin.py:109} INFO - [2022-10-03 07:48:08,649] {dag.py:2396} INFO - Sync 1 DAGs
[2022-10-03 07:48:08,682] {logging_mixin.py:109} INFO - [2022-10-03 07:48:08,682] {dag.py:2935} INFO - Setting next_dagrun for AddGCPConnection to 2020-05-09T00:00:00+00:00
[2022-10-03 07:48:08,703] {processor.py:171} INFO - Processing /opt/airflow/dags/setting_conn_gcp_airflow.py took 0.268 seconds
[2022-10-03 07:48:38,900] {processor.py:163} INFO - Started process (PID=169) to work on /opt/airflow/dags/setting_conn_gcp_airflow.py
[2022-10-03 07:48:38,903] {processor.py:642} INFO - Processing file /opt/airflow/dags/setting_conn_gcp_airflow.py for tasks to queue
[2022-10-03 07:48:38,910] {logging_mixin.py:109} INFO - [2022-10-03 07:48:38,910] {dagbag.py:500} INFO - Filling up the DagBag from /opt/airflow/dags/setting_conn_gcp_airflow.py
[2022-10-03 07:48:39,023] {processor.py:654} INFO - DAG(s) dict_keys(['AddGCPConnection']) retrieved from /opt/airflow/dags/setting_conn_gcp_airflow.py
[2022-10-03 07:48:39,050] {logging_mixin.py:109} INFO - [2022-10-03 07:48:39,050] {dag.py:2396} INFO - Sync 1 DAGs
[2022-10-03 07:48:39,119] {logging_mixin.py:109} INFO - [2022-10-03 07:48:39,118] {dag.py:2935} INFO - Setting next_dagrun for AddGCPConnection to 2020-05-09T00:00:00+00:00
[2022-10-03 07:48:39,149] {processor.py:171} INFO - Processing /opt/airflow/dags/setting_conn_gcp_airflow.py took 0.284 seconds
[2022-10-03 07:49:09,919] {processor.py:163} INFO - Started process (PID=193) to work on /opt/airflow/dags/setting_conn_gcp_airflow.py
[2022-10-03 07:49:09,923] {processor.py:642} INFO - Processing file /opt/airflow/dags/setting_conn_gcp_airflow.py for tasks to queue
[2022-10-03 07:49:09,925] {logging_mixin.py:109} INFO - [2022-10-03 07:49:09,925] {dagbag.py:500} INFO - Filling up the DagBag from /opt/airflow/dags/setting_conn_gcp_airflow.py
[2022-10-03 07:49:10,183] {processor.py:654} INFO - DAG(s) dict_keys(['AddGCPConnection']) retrieved from /opt/airflow/dags/setting_conn_gcp_airflow.py
[2022-10-03 07:49:10,234] {logging_mixin.py:109} INFO - [2022-10-03 07:49:10,234] {dag.py:2396} INFO - Sync 1 DAGs
[2022-10-03 07:49:10,356] {logging_mixin.py:109} INFO - [2022-10-03 07:49:10,356] {dag.py:2935} INFO - Setting next_dagrun for AddGCPConnection to 2020-05-09T00:00:00+00:00
[2022-10-03 07:49:10,390] {processor.py:171} INFO - Processing /opt/airflow/dags/setting_conn_gcp_airflow.py took 0.484 seconds
[2022-10-03 07:49:40,527] {processor.py:163} INFO - Started process (PID=216) to work on /opt/airflow/dags/setting_conn_gcp_airflow.py
[2022-10-03 07:49:40,529] {processor.py:642} INFO - Processing file /opt/airflow/dags/setting_conn_gcp_airflow.py for tasks to queue
[2022-10-03 07:49:40,530] {logging_mixin.py:109} INFO - [2022-10-03 07:49:40,530] {dagbag.py:500} INFO - Filling up the DagBag from /opt/airflow/dags/setting_conn_gcp_airflow.py
[2022-10-03 07:49:40,681] {processor.py:654} INFO - DAG(s) dict_keys(['AddGCPConnection']) retrieved from /opt/airflow/dags/setting_conn_gcp_airflow.py
[2022-10-03 07:49:40,720] {logging_mixin.py:109} INFO - [2022-10-03 07:49:40,720] {dag.py:2396} INFO - Sync 1 DAGs
[2022-10-03 07:49:40,781] {logging_mixin.py:109} INFO - [2022-10-03 07:49:40,780] {dag.py:2935} INFO - Setting next_dagrun for AddGCPConnection to 2020-05-09T00:00:00+00:00
[2022-10-03 07:49:40,804] {processor.py:171} INFO - Processing /opt/airflow/dags/setting_conn_gcp_airflow.py took 0.282 seconds
[2022-10-03 07:50:11,602] {processor.py:163} INFO - Started process (PID=240) to work on /opt/airflow/dags/setting_conn_gcp_airflow.py
[2022-10-03 07:50:11,651] {processor.py:642} INFO - Processing file /opt/airflow/dags/setting_conn_gcp_airflow.py for tasks to queue
[2022-10-03 07:50:11,655] {logging_mixin.py:109} INFO - [2022-10-03 07:50:11,654] {dagbag.py:500} INFO - Filling up the DagBag from /opt/airflow/dags/setting_conn_gcp_airflow.py
[2022-10-03 07:50:11,873] {processor.py:654} INFO - DAG(s) dict_keys(['AddGCPConnection']) retrieved from /opt/airflow/dags/setting_conn_gcp_airflow.py
[2022-10-03 07:50:12,161] {logging_mixin.py:109} INFO - [2022-10-03 07:50:12,161] {dag.py:2396} INFO - Sync 1 DAGs
[2022-10-03 07:50:12,236] {logging_mixin.py:109} INFO - [2022-10-03 07:50:12,235] {dag.py:2935} INFO - Setting next_dagrun for AddGCPConnection to 2020-05-09T00:00:00+00:00
[2022-10-03 07:50:12,339] {processor.py:171} INFO - Processing /opt/airflow/dags/setting_conn_gcp_airflow.py took 0.742 seconds
[2022-10-03 07:50:42,497] {processor.py:163} INFO - Started process (PID=255) to work on /opt/airflow/dags/setting_conn_gcp_airflow.py
[2022-10-03 07:50:42,499] {processor.py:642} INFO - Processing file /opt/airflow/dags/setting_conn_gcp_airflow.py for tasks to queue
[2022-10-03 07:50:42,501] {logging_mixin.py:109} INFO - [2022-10-03 07:50:42,501] {dagbag.py:500} INFO - Filling up the DagBag from /opt/airflow/dags/setting_conn_gcp_airflow.py
[2022-10-03 07:50:42,579] {processor.py:654} INFO - DAG(s) dict_keys(['AddGCPConnection']) retrieved from /opt/airflow/dags/setting_conn_gcp_airflow.py
[2022-10-03 07:50:42,607] {logging_mixin.py:109} INFO - [2022-10-03 07:50:42,607] {dag.py:2396} INFO - Sync 1 DAGs
[2022-10-03 07:50:42,642] {logging_mixin.py:109} INFO - [2022-10-03 07:50:42,642] {dag.py:2935} INFO - Setting next_dagrun for AddGCPConnection to 2020-05-09T00:00:00+00:00
[2022-10-03 07:50:42,663] {processor.py:171} INFO - Processing /opt/airflow/dags/setting_conn_gcp_airflow.py took 0.174 seconds
[2022-10-03 07:51:13,381] {processor.py:163} INFO - Started process (PID=280) to work on /opt/airflow/dags/setting_conn_gcp_airflow.py
[2022-10-03 07:51:13,384] {processor.py:642} INFO - Processing file /opt/airflow/dags/setting_conn_gcp_airflow.py for tasks to queue
[2022-10-03 07:51:13,393] {logging_mixin.py:109} INFO - [2022-10-03 07:51:13,393] {dagbag.py:500} INFO - Filling up the DagBag from /opt/airflow/dags/setting_conn_gcp_airflow.py
[2022-10-03 07:51:13,571] {processor.py:654} INFO - DAG(s) dict_keys(['AddGCPConnection']) retrieved from /opt/airflow/dags/setting_conn_gcp_airflow.py
[2022-10-03 07:51:13,606] {logging_mixin.py:109} INFO - [2022-10-03 07:51:13,606] {dag.py:2396} INFO - Sync 1 DAGs
[2022-10-03 07:51:13,695] {logging_mixin.py:109} INFO - [2022-10-03 07:51:13,695] {dag.py:2935} INFO - Setting next_dagrun for AddGCPConnection to 2020-05-09T00:00:00+00:00
[2022-10-03 07:51:13,732] {processor.py:171} INFO - Processing /opt/airflow/dags/setting_conn_gcp_airflow.py took 0.356 seconds
[2022-10-03 07:51:44,428] {processor.py:163} INFO - Started process (PID=302) to work on /opt/airflow/dags/setting_conn_gcp_airflow.py
[2022-10-03 07:51:44,432] {processor.py:642} INFO - Processing file /opt/airflow/dags/setting_conn_gcp_airflow.py for tasks to queue
[2022-10-03 07:51:44,440] {logging_mixin.py:109} INFO - [2022-10-03 07:51:44,440] {dagbag.py:500} INFO - Filling up the DagBag from /opt/airflow/dags/setting_conn_gcp_airflow.py
[2022-10-03 07:51:44,543] {processor.py:654} INFO - DAG(s) dict_keys(['AddGCPConnection']) retrieved from /opt/airflow/dags/setting_conn_gcp_airflow.py
[2022-10-03 07:51:44,574] {logging_mixin.py:109} INFO - [2022-10-03 07:51:44,574] {dag.py:2396} INFO - Sync 1 DAGs
[2022-10-03 07:51:44,609] {logging_mixin.py:109} INFO - [2022-10-03 07:51:44,609] {dag.py:2935} INFO - Setting next_dagrun for AddGCPConnection to 2020-05-09T00:00:00+00:00
[2022-10-03 07:51:44,634] {processor.py:171} INFO - Processing /opt/airflow/dags/setting_conn_gcp_airflow.py took 0.210 seconds
[2022-10-03 07:52:15,219] {processor.py:163} INFO - Started process (PID=326) to work on /opt/airflow/dags/setting_conn_gcp_airflow.py
[2022-10-03 07:52:15,224] {processor.py:642} INFO - Processing file /opt/airflow/dags/setting_conn_gcp_airflow.py for tasks to queue
[2022-10-03 07:52:15,229] {logging_mixin.py:109} INFO - [2022-10-03 07:52:15,227] {dagbag.py:500} INFO - Filling up the DagBag from /opt/airflow/dags/setting_conn_gcp_airflow.py
[2022-10-03 07:52:15,315] {processor.py:654} INFO - DAG(s) dict_keys(['AddGCPConnection']) retrieved from /opt/airflow/dags/setting_conn_gcp_airflow.py
[2022-10-03 07:52:15,334] {logging_mixin.py:109} INFO - [2022-10-03 07:52:15,334] {dag.py:2396} INFO - Sync 1 DAGs
[2022-10-03 07:52:15,372] {logging_mixin.py:109} INFO - [2022-10-03 07:52:15,372] {dag.py:2935} INFO - Setting next_dagrun for AddGCPConnection to 2020-05-09T00:00:00+00:00
[2022-10-03 07:52:15,391] {processor.py:171} INFO - Processing /opt/airflow/dags/setting_conn_gcp_airflow.py took 0.177 seconds
[2022-10-03 07:52:46,087] {processor.py:163} INFO - Started process (PID=351) to work on /opt/airflow/dags/setting_conn_gcp_airflow.py
[2022-10-03 07:52:46,109] {processor.py:642} INFO - Processing file /opt/airflow/dags/setting_conn_gcp_airflow.py for tasks to queue
[2022-10-03 07:52:46,121] {logging_mixin.py:109} INFO - [2022-10-03 07:52:46,121] {dagbag.py:500} INFO - Filling up the DagBag from /opt/airflow/dags/setting_conn_gcp_airflow.py
[2022-10-03 07:52:46,556] {processor.py:654} INFO - DAG(s) dict_keys(['AddGCPConnection']) retrieved from /opt/airflow/dags/setting_conn_gcp_airflow.py
[2022-10-03 07:52:46,601] {logging_mixin.py:109} INFO - [2022-10-03 07:52:46,600] {dag.py:2396} INFO - Sync 1 DAGs
[2022-10-03 07:52:46,675] {logging_mixin.py:109} INFO - [2022-10-03 07:52:46,674] {dag.py:2935} INFO - Setting next_dagrun for AddGCPConnection to 2020-05-09T00:00:00+00:00
[2022-10-03 07:52:46,759] {processor.py:171} INFO - Processing /opt/airflow/dags/setting_conn_gcp_airflow.py took 0.699 seconds
[2022-10-03 07:53:17,553] {processor.py:163} INFO - Started process (PID=367) to work on /opt/airflow/dags/setting_conn_gcp_airflow.py
[2022-10-03 07:53:17,555] {processor.py:642} INFO - Processing file /opt/airflow/dags/setting_conn_gcp_airflow.py for tasks to queue
[2022-10-03 07:53:17,557] {logging_mixin.py:109} INFO - [2022-10-03 07:53:17,557] {dagbag.py:500} INFO - Filling up the DagBag from /opt/airflow/dags/setting_conn_gcp_airflow.py
[2022-10-03 07:53:17,801] {processor.py:654} INFO - DAG(s) dict_keys(['AddGCPConnection']) retrieved from /opt/airflow/dags/setting_conn_gcp_airflow.py
[2022-10-03 07:53:17,821] {logging_mixin.py:109} INFO - [2022-10-03 07:53:17,821] {dag.py:2396} INFO - Sync 1 DAGs
[2022-10-03 07:53:17,853] {logging_mixin.py:109} INFO - [2022-10-03 07:53:17,853] {dag.py:2935} INFO - Setting next_dagrun for AddGCPConnection to 2020-05-09T00:00:00+00:00
[2022-10-03 07:53:17,870] {processor.py:171} INFO - Processing /opt/airflow/dags/setting_conn_gcp_airflow.py took 0.329 seconds
[2022-10-03 07:53:48,121] {processor.py:163} INFO - Started process (PID=396) to work on /opt/airflow/dags/setting_conn_gcp_airflow.py
[2022-10-03 07:53:48,128] {processor.py:642} INFO - Processing file /opt/airflow/dags/setting_conn_gcp_airflow.py for tasks to queue
[2022-10-03 07:53:48,132] {logging_mixin.py:109} INFO - [2022-10-03 07:53:48,132] {dagbag.py:500} INFO - Filling up the DagBag from /opt/airflow/dags/setting_conn_gcp_airflow.py
[2022-10-03 07:53:48,248] {processor.py:654} INFO - DAG(s) dict_keys(['AddGCPConnection']) retrieved from /opt/airflow/dags/setting_conn_gcp_airflow.py
[2022-10-03 07:53:48,282] {logging_mixin.py:109} INFO - [2022-10-03 07:53:48,278] {dag.py:2396} INFO - Sync 1 DAGs
[2022-10-03 07:53:48,319] {logging_mixin.py:109} INFO - [2022-10-03 07:53:48,318] {dag.py:2935} INFO - Setting next_dagrun for AddGCPConnection to 2020-05-09T00:00:00+00:00
[2022-10-03 07:53:48,339] {processor.py:171} INFO - Processing /opt/airflow/dags/setting_conn_gcp_airflow.py took 0.227 seconds
[2022-10-03 07:54:18,471] {processor.py:163} INFO - Started process (PID=420) to work on /opt/airflow/dags/setting_conn_gcp_airflow.py
[2022-10-03 07:54:18,473] {processor.py:642} INFO - Processing file /opt/airflow/dags/setting_conn_gcp_airflow.py for tasks to queue
[2022-10-03 07:54:18,474] {logging_mixin.py:109} INFO - [2022-10-03 07:54:18,474] {dagbag.py:500} INFO - Filling up the DagBag from /opt/airflow/dags/setting_conn_gcp_airflow.py
[2022-10-03 07:54:18,542] {processor.py:654} INFO - DAG(s) dict_keys(['AddGCPConnection']) retrieved from /opt/airflow/dags/setting_conn_gcp_airflow.py
[2022-10-03 07:54:18,557] {logging_mixin.py:109} INFO - [2022-10-03 07:54:18,557] {dag.py:2396} INFO - Sync 1 DAGs
[2022-10-03 07:54:18,583] {logging_mixin.py:109} INFO - [2022-10-03 07:54:18,583] {dag.py:2935} INFO - Setting next_dagrun for AddGCPConnection to 2020-05-09T00:00:00+00:00
[2022-10-03 07:54:18,602] {processor.py:171} INFO - Processing /opt/airflow/dags/setting_conn_gcp_airflow.py took 0.134 seconds
[2022-10-03 07:54:48,735] {processor.py:163} INFO - Started process (PID=441) to work on /opt/airflow/dags/setting_conn_gcp_airflow.py
[2022-10-03 07:54:48,737] {processor.py:642} INFO - Processing file /opt/airflow/dags/setting_conn_gcp_airflow.py for tasks to queue
[2022-10-03 07:54:48,739] {logging_mixin.py:109} INFO - [2022-10-03 07:54:48,738] {dagbag.py:500} INFO - Filling up the DagBag from /opt/airflow/dags/setting_conn_gcp_airflow.py
[2022-10-03 07:54:48,815] {processor.py:654} INFO - DAG(s) dict_keys(['AddGCPConnection']) retrieved from /opt/airflow/dags/setting_conn_gcp_airflow.py
[2022-10-03 07:54:48,830] {logging_mixin.py:109} INFO - [2022-10-03 07:54:48,830] {dag.py:2396} INFO - Sync 1 DAGs
[2022-10-03 07:54:48,854] {logging_mixin.py:109} INFO - [2022-10-03 07:54:48,854] {dag.py:2935} INFO - Setting next_dagrun for AddGCPConnection to 2020-05-09T00:00:00+00:00
[2022-10-03 07:54:48,870] {processor.py:171} INFO - Processing /opt/airflow/dags/setting_conn_gcp_airflow.py took 0.140 seconds
[2022-10-03 07:55:19,204] {processor.py:163} INFO - Started process (PID=464) to work on /opt/airflow/dags/setting_conn_gcp_airflow.py
[2022-10-03 07:55:19,207] {processor.py:642} INFO - Processing file /opt/airflow/dags/setting_conn_gcp_airflow.py for tasks to queue
[2022-10-03 07:55:19,208] {logging_mixin.py:109} INFO - [2022-10-03 07:55:19,208] {dagbag.py:500} INFO - Filling up the DagBag from /opt/airflow/dags/setting_conn_gcp_airflow.py
[2022-10-03 07:55:19,275] {processor.py:654} INFO - DAG(s) dict_keys(['AddGCPConnection']) retrieved from /opt/airflow/dags/setting_conn_gcp_airflow.py
[2022-10-03 07:55:19,291] {logging_mixin.py:109} INFO - [2022-10-03 07:55:19,291] {dag.py:2396} INFO - Sync 1 DAGs
[2022-10-03 07:55:19,316] {logging_mixin.py:109} INFO - [2022-10-03 07:55:19,316] {dag.py:2935} INFO - Setting next_dagrun for AddGCPConnection to 2020-05-09T00:00:00+00:00
[2022-10-03 07:55:19,336] {processor.py:171} INFO - Processing /opt/airflow/dags/setting_conn_gcp_airflow.py took 0.137 seconds
[2022-10-03 07:55:49,923] {processor.py:163} INFO - Started process (PID=488) to work on /opt/airflow/dags/setting_conn_gcp_airflow.py
[2022-10-03 07:55:49,927] {processor.py:642} INFO - Processing file /opt/airflow/dags/setting_conn_gcp_airflow.py for tasks to queue
[2022-10-03 07:55:49,931] {logging_mixin.py:109} INFO - [2022-10-03 07:55:49,931] {dagbag.py:500} INFO - Filling up the DagBag from /opt/airflow/dags/setting_conn_gcp_airflow.py
[2022-10-03 07:55:50,152] {processor.py:654} INFO - DAG(s) dict_keys(['AddGCPConnection']) retrieved from /opt/airflow/dags/setting_conn_gcp_airflow.py
[2022-10-03 07:55:50,185] {logging_mixin.py:109} INFO - [2022-10-03 07:55:50,185] {dag.py:2396} INFO - Sync 1 DAGs
[2022-10-03 07:55:50,230] {logging_mixin.py:109} INFO - [2022-10-03 07:55:50,230] {dag.py:2935} INFO - Setting next_dagrun for AddGCPConnection to 2020-05-09T00:00:00+00:00
[2022-10-03 07:55:50,267] {processor.py:171} INFO - Processing /opt/airflow/dags/setting_conn_gcp_airflow.py took 0.350 seconds
[2022-10-03 07:56:20,669] {processor.py:163} INFO - Started process (PID=513) to work on /opt/airflow/dags/setting_conn_gcp_airflow.py
[2022-10-03 07:56:20,671] {processor.py:642} INFO - Processing file /opt/airflow/dags/setting_conn_gcp_airflow.py for tasks to queue
[2022-10-03 07:56:20,673] {logging_mixin.py:109} INFO - [2022-10-03 07:56:20,673] {dagbag.py:500} INFO - Filling up the DagBag from /opt/airflow/dags/setting_conn_gcp_airflow.py
[2022-10-03 07:56:20,810] {processor.py:654} INFO - DAG(s) dict_keys(['AddGCPConnection']) retrieved from /opt/airflow/dags/setting_conn_gcp_airflow.py
[2022-10-03 07:56:20,840] {logging_mixin.py:109} INFO - [2022-10-03 07:56:20,840] {dag.py:2396} INFO - Sync 1 DAGs
[2022-10-03 07:56:20,895] {logging_mixin.py:109} INFO - [2022-10-03 07:56:20,895] {dag.py:2935} INFO - Setting next_dagrun for AddGCPConnection to 2020-05-09T00:00:00+00:00
[2022-10-03 07:56:20,926] {processor.py:171} INFO - Processing /opt/airflow/dags/setting_conn_gcp_airflow.py took 0.263 seconds
[2022-10-03 07:56:51,918] {processor.py:163} INFO - Started process (PID=528) to work on /opt/airflow/dags/setting_conn_gcp_airflow.py
[2022-10-03 07:56:51,920] {processor.py:642} INFO - Processing file /opt/airflow/dags/setting_conn_gcp_airflow.py for tasks to queue
[2022-10-03 07:56:51,922] {logging_mixin.py:109} INFO - [2022-10-03 07:56:51,921] {dagbag.py:500} INFO - Filling up the DagBag from /opt/airflow/dags/setting_conn_gcp_airflow.py
[2022-10-03 07:56:52,061] {processor.py:654} INFO - DAG(s) dict_keys(['AddGCPConnection']) retrieved from /opt/airflow/dags/setting_conn_gcp_airflow.py
[2022-10-03 07:56:52,075] {logging_mixin.py:109} INFO - [2022-10-03 07:56:52,075] {dag.py:2396} INFO - Sync 1 DAGs
[2022-10-03 07:56:52,102] {logging_mixin.py:109} INFO - [2022-10-03 07:56:52,102] {dag.py:2935} INFO - Setting next_dagrun for AddGCPConnection to 2020-05-09T00:00:00+00:00
[2022-10-03 07:56:52,118] {processor.py:171} INFO - Processing /opt/airflow/dags/setting_conn_gcp_airflow.py took 0.205 seconds
[2022-10-03 07:57:22,296] {processor.py:163} INFO - Started process (PID=554) to work on /opt/airflow/dags/setting_conn_gcp_airflow.py
[2022-10-03 07:57:22,298] {processor.py:642} INFO - Processing file /opt/airflow/dags/setting_conn_gcp_airflow.py for tasks to queue
[2022-10-03 07:57:22,300] {logging_mixin.py:109} INFO - [2022-10-03 07:57:22,300] {dagbag.py:500} INFO - Filling up the DagBag from /opt/airflow/dags/setting_conn_gcp_airflow.py
[2022-10-03 07:57:22,368] {processor.py:654} INFO - DAG(s) dict_keys(['AddGCPConnection']) retrieved from /opt/airflow/dags/setting_conn_gcp_airflow.py
[2022-10-03 07:57:22,382] {logging_mixin.py:109} INFO - [2022-10-03 07:57:22,382] {dag.py:2396} INFO - Sync 1 DAGs
[2022-10-03 07:57:22,421] {logging_mixin.py:109} INFO - [2022-10-03 07:57:22,421] {dag.py:2935} INFO - Setting next_dagrun for AddGCPConnection to 2020-05-09T00:00:00+00:00
[2022-10-03 07:57:22,436] {processor.py:171} INFO - Processing /opt/airflow/dags/setting_conn_gcp_airflow.py took 0.147 seconds
[2022-10-03 07:57:52,510] {processor.py:163} INFO - Started process (PID=580) to work on /opt/airflow/dags/setting_conn_gcp_airflow.py
[2022-10-03 07:57:52,512] {processor.py:642} INFO - Processing file /opt/airflow/dags/setting_conn_gcp_airflow.py for tasks to queue
[2022-10-03 07:57:52,513] {logging_mixin.py:109} INFO - [2022-10-03 07:57:52,513] {dagbag.py:500} INFO - Filling up the DagBag from /opt/airflow/dags/setting_conn_gcp_airflow.py
[2022-10-03 07:57:52,595] {processor.py:654} INFO - DAG(s) dict_keys(['AddGCPConnection']) retrieved from /opt/airflow/dags/setting_conn_gcp_airflow.py
[2022-10-03 07:57:52,613] {logging_mixin.py:109} INFO - [2022-10-03 07:57:52,612] {dag.py:2396} INFO - Sync 1 DAGs
[2022-10-03 07:57:52,643] {logging_mixin.py:109} INFO - [2022-10-03 07:57:52,643] {dag.py:2935} INFO - Setting next_dagrun for AddGCPConnection to 2020-05-09T00:00:00+00:00
[2022-10-03 07:57:52,660] {processor.py:171} INFO - Processing /opt/airflow/dags/setting_conn_gcp_airflow.py took 0.156 seconds
[2022-10-03 07:58:22,766] {processor.py:163} INFO - Started process (PID=603) to work on /opt/airflow/dags/setting_conn_gcp_airflow.py
[2022-10-03 07:58:22,768] {processor.py:642} INFO - Processing file /opt/airflow/dags/setting_conn_gcp_airflow.py for tasks to queue
[2022-10-03 07:58:22,770] {logging_mixin.py:109} INFO - [2022-10-03 07:58:22,769] {dagbag.py:500} INFO - Filling up the DagBag from /opt/airflow/dags/setting_conn_gcp_airflow.py
[2022-10-03 07:58:22,821] {processor.py:654} INFO - DAG(s) dict_keys(['AddGCPConnection']) retrieved from /opt/airflow/dags/setting_conn_gcp_airflow.py
[2022-10-03 07:58:22,836] {logging_mixin.py:109} INFO - [2022-10-03 07:58:22,835] {dag.py:2396} INFO - Sync 1 DAGs
[2022-10-03 07:58:22,858] {logging_mixin.py:109} INFO - [2022-10-03 07:58:22,858] {dag.py:2935} INFO - Setting next_dagrun for AddGCPConnection to 2020-05-09T00:00:00+00:00
[2022-10-03 07:58:22,872] {processor.py:171} INFO - Processing /opt/airflow/dags/setting_conn_gcp_airflow.py took 0.111 seconds
[2022-10-03 12:11:04,976] {processor.py:163} INFO - Started process (PID=48) to work on /opt/airflow/dags/setting_conn_gcp_airflow.py
[2022-10-03 12:11:04,990] {processor.py:642} INFO - Processing file /opt/airflow/dags/setting_conn_gcp_airflow.py for tasks to queue
[2022-10-03 12:11:04,995] {logging_mixin.py:109} INFO - [2022-10-03 12:11:04,995] {dagbag.py:500} INFO - Filling up the DagBag from /opt/airflow/dags/setting_conn_gcp_airflow.py
[2022-10-03 12:11:05,211] {processor.py:654} INFO - DAG(s) dict_keys(['AddGCPConnection']) retrieved from /opt/airflow/dags/setting_conn_gcp_airflow.py
[2022-10-03 12:11:05,244] {logging_mixin.py:109} INFO - [2022-10-03 12:11:05,244] {dag.py:2396} INFO - Sync 1 DAGs
[2022-10-03 12:11:05,285] {logging_mixin.py:109} INFO - [2022-10-03 12:11:05,285] {dag.py:2935} INFO - Setting next_dagrun for AddGCPConnection to 2020-05-09T00:00:00+00:00
[2022-10-03 12:11:05,324] {processor.py:171} INFO - Processing /opt/airflow/dags/setting_conn_gcp_airflow.py took 0.355 seconds
[2022-10-03 12:11:36,021] {processor.py:163} INFO - Started process (PID=70) to work on /opt/airflow/dags/setting_conn_gcp_airflow.py
[2022-10-03 12:11:36,035] {processor.py:642} INFO - Processing file /opt/airflow/dags/setting_conn_gcp_airflow.py for tasks to queue
[2022-10-03 12:11:36,036] {logging_mixin.py:109} INFO - [2022-10-03 12:11:36,036] {dagbag.py:500} INFO - Filling up the DagBag from /opt/airflow/dags/setting_conn_gcp_airflow.py
[2022-10-03 12:11:36,223] {processor.py:654} INFO - DAG(s) dict_keys(['AddGCPConnection']) retrieved from /opt/airflow/dags/setting_conn_gcp_airflow.py
[2022-10-03 12:11:36,261] {logging_mixin.py:109} INFO - [2022-10-03 12:11:36,260] {dag.py:2396} INFO - Sync 1 DAGs
[2022-10-03 12:11:36,301] {logging_mixin.py:109} INFO - [2022-10-03 12:11:36,301] {dag.py:2935} INFO - Setting next_dagrun for AddGCPConnection to 2020-05-09T00:00:00+00:00
[2022-10-03 12:11:36,321] {processor.py:171} INFO - Processing /opt/airflow/dags/setting_conn_gcp_airflow.py took 0.308 seconds
[2022-10-03 12:12:06,574] {processor.py:163} INFO - Started process (PID=94) to work on /opt/airflow/dags/setting_conn_gcp_airflow.py
[2022-10-03 12:12:06,577] {processor.py:642} INFO - Processing file /opt/airflow/dags/setting_conn_gcp_airflow.py for tasks to queue
[2022-10-03 12:12:06,579] {logging_mixin.py:109} INFO - [2022-10-03 12:12:06,579] {dagbag.py:500} INFO - Filling up the DagBag from /opt/airflow/dags/setting_conn_gcp_airflow.py
[2022-10-03 12:12:06,710] {processor.py:654} INFO - DAG(s) dict_keys(['AddGCPConnection']) retrieved from /opt/airflow/dags/setting_conn_gcp_airflow.py
[2022-10-03 12:12:06,727] {logging_mixin.py:109} INFO - [2022-10-03 12:12:06,727] {dag.py:2396} INFO - Sync 1 DAGs
[2022-10-03 12:12:06,779] {logging_mixin.py:109} INFO - [2022-10-03 12:12:06,774] {dag.py:2935} INFO - Setting next_dagrun for AddGCPConnection to 2020-05-09T00:00:00+00:00
[2022-10-03 12:12:06,834] {processor.py:171} INFO - Processing /opt/airflow/dags/setting_conn_gcp_airflow.py took 0.266 seconds
[2022-10-03 12:12:37,350] {processor.py:163} INFO - Started process (PID=110) to work on /opt/airflow/dags/setting_conn_gcp_airflow.py
[2022-10-03 12:12:37,353] {processor.py:642} INFO - Processing file /opt/airflow/dags/setting_conn_gcp_airflow.py for tasks to queue
[2022-10-03 12:12:37,356] {logging_mixin.py:109} INFO - [2022-10-03 12:12:37,356] {dagbag.py:500} INFO - Filling up the DagBag from /opt/airflow/dags/setting_conn_gcp_airflow.py
[2022-10-03 12:12:37,523] {processor.py:654} INFO - DAG(s) dict_keys(['AddGCPConnection']) retrieved from /opt/airflow/dags/setting_conn_gcp_airflow.py
[2022-10-03 12:12:37,536] {logging_mixin.py:109} INFO - [2022-10-03 12:12:37,536] {dag.py:2396} INFO - Sync 1 DAGs
[2022-10-03 12:12:37,562] {logging_mixin.py:109} INFO - [2022-10-03 12:12:37,561] {dag.py:2935} INFO - Setting next_dagrun for AddGCPConnection to 2020-05-09T00:00:00+00:00
[2022-10-03 12:12:37,579] {processor.py:171} INFO - Processing /opt/airflow/dags/setting_conn_gcp_airflow.py took 0.233 seconds
