[2022-09-28 03:51:57,691] {taskinstance.py:1032} INFO - Dependencies all met for <TaskInstance: local_data_ingestion_gcs_dag.upload_file manual__2022-09-28T03:51:49.882954+00:00 [queued]>
[2022-09-28 03:51:57,717] {taskinstance.py:1032} INFO - Dependencies all met for <TaskInstance: local_data_ingestion_gcs_dag.upload_file manual__2022-09-28T03:51:49.882954+00:00 [queued]>
[2022-09-28 03:51:57,720] {taskinstance.py:1238} INFO - 
--------------------------------------------------------------------------------
[2022-09-28 03:51:57,721] {taskinstance.py:1239} INFO - Starting attempt 1 of 2
[2022-09-28 03:51:57,722] {taskinstance.py:1240} INFO - 
--------------------------------------------------------------------------------
[2022-09-28 03:51:57,749] {taskinstance.py:1259} INFO - Executing <Task(LocalFilesystemToGCSOperator): upload_file> on 2022-09-28 03:51:49.882954+00:00
[2022-09-28 03:51:57,757] {standard_task_runner.py:52} INFO - Started process 124 to run task
[2022-09-28 03:51:57,761] {standard_task_runner.py:76} INFO - Running: ['***', 'tasks', 'run', 'local_data_ingestion_gcs_dag', 'upload_file', 'manual__2022-09-28T03:51:49.882954+00:00', '--job-id', '186', '--raw', '--subdir', 'DAGS_FOLDER/upload_to_gcs.py', '--cfg-path', '/tmp/tmpj8gidls8', '--error-file', '/tmp/tmpivcjt55c']
[2022-09-28 03:51:57,763] {standard_task_runner.py:77} INFO - Job 186: Subtask upload_file
[2022-09-28 03:51:57,857] {logging_mixin.py:109} INFO - Running <TaskInstance: local_data_ingestion_gcs_dag.upload_file manual__2022-09-28T03:51:49.882954+00:00 [running]> on host ff773bd43bea
[2022-09-28 03:51:57,941] {taskinstance.py:1426} INFO - Exporting the following env vars:
AIRFLOW_CTX_DAG_OWNER=***
AIRFLOW_CTX_DAG_ID=local_data_ingestion_gcs_dag
AIRFLOW_CTX_TASK_ID=upload_file
AIRFLOW_CTX_EXECUTION_DATE=2022-09-28T03:51:49.882954+00:00
AIRFLOW_CTX_DAG_RUN_ID=manual__2022-09-28T03:51:49.882954+00:00
[2022-09-28 03:51:57,945] {crypto.py:82} WARNING - empty cryptography key - values will not be stored encrypted.
[2022-09-28 03:51:57,986] {taskinstance.py:1277} INFO - Marking task as SUCCESS. dag_id=local_data_ingestion_gcs_dag, task_id=upload_file, execution_date=20220928T035149, start_date=20220928T035157, end_date=20220928T035157
[2022-09-28 03:51:58,057] {local_task_job.py:154} INFO - Task exited with return code 0
[2022-09-28 03:51:58,126] {local_task_job.py:264} INFO - 0 downstream tasks scheduled from follow-on schedule check
