[2022-09-24 11:42:31,404] {taskinstance.py:1032} INFO - Dependencies all met for <TaskInstance: data_ingestion_gcs_dag.format_to_parquet_task manual__2022-09-24T11:42:19.271354+00:00 [queued]>
[2022-09-24 11:42:31,437] {taskinstance.py:1032} INFO - Dependencies all met for <TaskInstance: data_ingestion_gcs_dag.format_to_parquet_task manual__2022-09-24T11:42:19.271354+00:00 [queued]>
[2022-09-24 11:42:31,438] {taskinstance.py:1238} INFO - 
--------------------------------------------------------------------------------
[2022-09-24 11:42:31,439] {taskinstance.py:1239} INFO - Starting attempt 1 of 2
[2022-09-24 11:42:31,441] {taskinstance.py:1240} INFO - 
--------------------------------------------------------------------------------
[2022-09-24 11:42:31,647] {taskinstance.py:1259} INFO - Executing <Task(PythonOperator): format_to_parquet_task> on 2022-09-24 11:42:19.271354+00:00
[2022-09-24 11:42:31,656] {standard_task_runner.py:52} INFO - Started process 259 to run task
[2022-09-24 11:42:31,664] {standard_task_runner.py:76} INFO - Running: ['***', 'tasks', 'run', 'data_ingestion_gcs_dag', 'format_to_parquet_task', 'manual__2022-09-24T11:42:19.271354+00:00', '--job-id', '52', '--raw', '--subdir', 'DAGS_FOLDER/data_ingestion_gcs_dag.py', '--cfg-path', '/tmp/tmp0iyg53lp', '--error-file', '/tmp/tmpz8b7st19']
[2022-09-24 11:42:31,665] {standard_task_runner.py:77} INFO - Job 52: Subtask format_to_parquet_task
[2022-09-24 11:42:31,830] {logging_mixin.py:109} INFO - Running <TaskInstance: data_ingestion_gcs_dag.format_to_parquet_task manual__2022-09-24T11:42:19.271354+00:00 [running]> on host 0e8ed230e9aa
[2022-09-24 11:42:32,297] {taskinstance.py:1426} INFO - Exporting the following env vars:
AIRFLOW_CTX_DAG_OWNER=***
AIRFLOW_CTX_DAG_ID=data_ingestion_gcs_dag
AIRFLOW_CTX_TASK_ID=format_to_parquet_task
AIRFLOW_CTX_EXECUTION_DATE=2022-09-24T11:42:19.271354+00:00
AIRFLOW_CTX_DAG_RUN_ID=manual__2022-09-24T11:42:19.271354+00:00
[2022-09-24 11:42:33,059] {python.py:175} INFO - Done. Returned value was: None
[2022-09-24 11:42:33,153] {taskinstance.py:1277} INFO - Marking task as SUCCESS. dag_id=data_ingestion_gcs_dag, task_id=format_to_parquet_task, execution_date=20220924T114219, start_date=20220924T114231, end_date=20220924T114233
[2022-09-24 11:42:33,797] {local_task_job.py:154} INFO - Task exited with return code 0
[2022-09-24 11:42:33,973] {local_task_job.py:264} INFO - 1 downstream tasks scheduled from follow-on schedule check
