[2022-09-27 05:40:38,448] {taskinstance.py:1032} INFO - Dependencies all met for <TaskInstance: data_ingestion_gcs_dag.format_to_parquet_task scheduled__2022-09-24T00:00:00+00:00 [queued]>
[2022-09-27 05:40:38,651] {taskinstance.py:1032} INFO - Dependencies all met for <TaskInstance: data_ingestion_gcs_dag.format_to_parquet_task scheduled__2022-09-24T00:00:00+00:00 [queued]>
[2022-09-27 05:40:38,672] {taskinstance.py:1238} INFO - 
--------------------------------------------------------------------------------
[2022-09-27 05:40:38,699] {taskinstance.py:1239} INFO - Starting attempt 1 of 2
[2022-09-27 05:40:38,700] {taskinstance.py:1240} INFO - 
--------------------------------------------------------------------------------
[2022-09-27 05:40:38,881] {taskinstance.py:1259} INFO - Executing <Task(PythonOperator): format_to_parquet_task> on 2022-09-24 00:00:00+00:00
[2022-09-27 05:40:39,147] {standard_task_runner.py:52} INFO - Started process 130 to run task
[2022-09-27 05:40:39,464] {standard_task_runner.py:76} INFO - Running: ['***', 'tasks', 'run', 'data_ingestion_gcs_dag', 'format_to_parquet_task', 'scheduled__2022-09-24T00:00:00+00:00', '--job-id', '64', '--raw', '--subdir', 'DAGS_FOLDER/data_ingestion_gcs_dag.py', '--cfg-path', '/tmp/tmplq4qr86k', '--error-file', '/tmp/tmp6nixs6es']
[2022-09-27 05:40:39,479] {standard_task_runner.py:77} INFO - Job 64: Subtask format_to_parquet_task
[2022-09-27 05:40:42,171] {logging_mixin.py:109} INFO - Running <TaskInstance: data_ingestion_gcs_dag.format_to_parquet_task scheduled__2022-09-24T00:00:00+00:00 [running]> on host 248fe7f7a039
[2022-09-27 05:40:43,738] {taskinstance.py:1426} INFO - Exporting the following env vars:
AIRFLOW_CTX_DAG_OWNER=***
AIRFLOW_CTX_DAG_ID=data_ingestion_gcs_dag
AIRFLOW_CTX_TASK_ID=format_to_parquet_task
AIRFLOW_CTX_EXECUTION_DATE=2022-09-24T00:00:00+00:00
AIRFLOW_CTX_DAG_RUN_ID=scheduled__2022-09-24T00:00:00+00:00
[2022-09-27 05:40:44,813] {python.py:175} INFO - Done. Returned value was: None
[2022-09-27 05:40:44,906] {taskinstance.py:1277} INFO - Marking task as SUCCESS. dag_id=data_ingestion_gcs_dag, task_id=format_to_parquet_task, execution_date=20220924T000000, start_date=20220927T054038, end_date=20220927T054044
[2022-09-27 05:40:45,133] {local_task_job.py:154} INFO - Task exited with return code 0
[2022-09-27 05:40:45,541] {local_task_job.py:264} INFO - 1 downstream tasks scheduled from follow-on schedule check
