[2022-09-28 09:37:36,038] {taskinstance.py:1032} INFO - Dependencies all met for <TaskInstance: data_ingestion_gcs_dag.local_to_gcs_task manual__2022-09-28T09:34:10.557471+00:00 [queued]>
[2022-09-28 09:37:36,060] {taskinstance.py:1032} INFO - Dependencies all met for <TaskInstance: data_ingestion_gcs_dag.local_to_gcs_task manual__2022-09-28T09:34:10.557471+00:00 [queued]>
[2022-09-28 09:37:36,061] {taskinstance.py:1238} INFO - 
--------------------------------------------------------------------------------
[2022-09-28 09:37:36,062] {taskinstance.py:1239} INFO - Starting attempt 1 of 2
[2022-09-28 09:37:36,062] {taskinstance.py:1240} INFO - 
--------------------------------------------------------------------------------
[2022-09-28 09:37:36,087] {taskinstance.py:1259} INFO - Executing <Task(PythonOperator): local_to_gcs_task> on 2022-09-28 09:34:10.557471+00:00
[2022-09-28 09:37:36,095] {standard_task_runner.py:52} INFO - Started process 255 to run task
[2022-09-28 09:37:36,102] {standard_task_runner.py:76} INFO - Running: ['***', 'tasks', 'run', 'data_ingestion_gcs_dag', 'local_to_gcs_task', 'manual__2022-09-28T09:34:10.557471+00:00', '--job-id', '296', '--raw', '--subdir', 'DAGS_FOLDER/data_ingestion_gcs_dag.py', '--cfg-path', '/tmp/tmpx5s5ukzn', '--error-file', '/tmp/tmp6h5icgzx']
[2022-09-28 09:37:36,103] {standard_task_runner.py:77} INFO - Job 296: Subtask local_to_gcs_task
[2022-09-28 09:37:36,188] {logging_mixin.py:109} INFO - Running <TaskInstance: data_ingestion_gcs_dag.local_to_gcs_task manual__2022-09-28T09:34:10.557471+00:00 [running]> on host 7862f99ff0e5
[2022-09-28 09:37:36,278] {taskinstance.py:1426} INFO - Exporting the following env vars:
AIRFLOW_CTX_DAG_OWNER=***
AIRFLOW_CTX_DAG_ID=data_ingestion_gcs_dag
AIRFLOW_CTX_TASK_ID=local_to_gcs_task
AIRFLOW_CTX_EXECUTION_DATE=2022-09-28T09:34:10.557471+00:00
AIRFLOW_CTX_DAG_RUN_ID=manual__2022-09-28T09:34:10.557471+00:00
[2022-09-28 09:37:47,680] {python.py:175} INFO - Done. Returned value was: None
[2022-09-28 09:37:47,710] {taskinstance.py:1277} INFO - Marking task as SUCCESS. dag_id=data_ingestion_gcs_dag, task_id=local_to_gcs_task, execution_date=20220928T093410, start_date=20220928T093736, end_date=20220928T093747
[2022-09-28 09:37:47,776] {local_task_job.py:154} INFO - Task exited with return code 0
[2022-09-28 09:37:47,832] {local_task_job.py:264} INFO - 0 downstream tasks scheduled from follow-on schedule check
