[2022-09-27 17:13:31,502] {taskinstance.py:1032} INFO - Dependencies all met for <TaskInstance: data_ingestion_gcs_dag.format_to_parquet_task manual__2022-09-27T17:13:14.714798+00:00 [queued]>
[2022-09-27 17:13:31,530] {taskinstance.py:1032} INFO - Dependencies all met for <TaskInstance: data_ingestion_gcs_dag.format_to_parquet_task manual__2022-09-27T17:13:14.714798+00:00 [queued]>
[2022-09-27 17:13:31,531] {taskinstance.py:1238} INFO - 
--------------------------------------------------------------------------------
[2022-09-27 17:13:31,532] {taskinstance.py:1239} INFO - Starting attempt 1 of 2
[2022-09-27 17:13:31,533] {taskinstance.py:1240} INFO - 
--------------------------------------------------------------------------------
[2022-09-27 17:13:31,565] {taskinstance.py:1259} INFO - Executing <Task(PythonOperator): format_to_parquet_task> on 2022-09-27 17:13:14.714798+00:00
[2022-09-27 17:13:31,573] {standard_task_runner.py:52} INFO - Started process 122 to run task
[2022-09-27 17:13:31,606] {standard_task_runner.py:76} INFO - Running: ['***', 'tasks', 'run', 'data_ingestion_gcs_dag', 'format_to_parquet_task', 'manual__2022-09-27T17:13:14.714798+00:00', '--job-id', '139', '--raw', '--subdir', 'DAGS_FOLDER/data_ingestion_gcs_dag.py', '--cfg-path', '/tmp/tmp7fese27q', '--error-file', '/tmp/tmp3rv3p1p8']
[2022-09-27 17:13:31,608] {standard_task_runner.py:77} INFO - Job 139: Subtask format_to_parquet_task
[2022-09-27 17:13:31,707] {logging_mixin.py:109} INFO - Running <TaskInstance: data_ingestion_gcs_dag.format_to_parquet_task manual__2022-09-27T17:13:14.714798+00:00 [running]> on host f5057273dea0
[2022-09-27 17:13:31,811] {taskinstance.py:1426} INFO - Exporting the following env vars:
AIRFLOW_CTX_DAG_OWNER=***
AIRFLOW_CTX_DAG_ID=data_ingestion_gcs_dag
AIRFLOW_CTX_TASK_ID=format_to_parquet_task
AIRFLOW_CTX_EXECUTION_DATE=2022-09-27T17:13:14.714798+00:00
AIRFLOW_CTX_DAG_RUN_ID=manual__2022-09-27T17:13:14.714798+00:00
[2022-09-27 17:13:32,598] {python.py:175} INFO - Done. Returned value was: None
[2022-09-27 17:13:32,649] {taskinstance.py:1277} INFO - Marking task as SUCCESS. dag_id=data_ingestion_gcs_dag, task_id=format_to_parquet_task, execution_date=20220927T171314, start_date=20220927T171331, end_date=20220927T171332
[2022-09-27 17:13:32,731] {local_task_job.py:154} INFO - Task exited with return code 0
[2022-09-27 17:13:32,894] {local_task_job.py:264} INFO - 1 downstream tasks scheduled from follow-on schedule check
