[2022-10-03 07:49:38,165] {taskinstance.py:1032} INFO - Dependencies all met for <TaskInstance: data_ingestion_gcs_dag.download_dataset_task manual__2022-10-03T07:49:30.257785+00:00 [queued]>
[2022-10-03 07:49:38,193] {taskinstance.py:1032} INFO - Dependencies all met for <TaskInstance: data_ingestion_gcs_dag.download_dataset_task manual__2022-10-03T07:49:30.257785+00:00 [queued]>
[2022-10-03 07:49:38,194] {taskinstance.py:1238} INFO - 
--------------------------------------------------------------------------------
[2022-10-03 07:49:38,196] {taskinstance.py:1239} INFO - Starting attempt 1 of 2
[2022-10-03 07:49:38,199] {taskinstance.py:1240} INFO - 
--------------------------------------------------------------------------------
[2022-10-03 07:49:38,241] {taskinstance.py:1259} INFO - Executing <Task(BashOperator): download_dataset_task> on 2022-10-03 07:49:30.257785+00:00
[2022-10-03 07:49:38,252] {standard_task_runner.py:52} INFO - Started process 188 to run task
[2022-10-03 07:49:38,257] {standard_task_runner.py:76} INFO - Running: ['***', 'tasks', 'run', 'data_ingestion_gcs_dag', 'download_dataset_task', 'manual__2022-10-03T07:49:30.257785+00:00', '--job-id', '309', '--raw', '--subdir', 'DAGS_FOLDER/data_ingestion_gcs_dag.py', '--cfg-path', '/tmp/tmpsew1n1qd', '--error-file', '/tmp/tmpe9w7p9t9']
[2022-10-03 07:49:38,260] {standard_task_runner.py:77} INFO - Job 309: Subtask download_dataset_task
[2022-10-03 07:49:38,407] {logging_mixin.py:109} INFO - Running <TaskInstance: data_ingestion_gcs_dag.download_dataset_task manual__2022-10-03T07:49:30.257785+00:00 [running]> on host 0114b0d4e7c4
[2022-10-03 07:49:38,595] {taskinstance.py:1426} INFO - Exporting the following env vars:
AIRFLOW_CTX_DAG_OWNER=***
AIRFLOW_CTX_DAG_ID=data_ingestion_gcs_dag
AIRFLOW_CTX_TASK_ID=download_dataset_task
AIRFLOW_CTX_EXECUTION_DATE=2022-10-03T07:49:30.257785+00:00
AIRFLOW_CTX_DAG_RUN_ID=manual__2022-10-03T07:49:30.257785+00:00
[2022-10-03 07:49:38,599] {subprocess.py:62} INFO - Tmp dir root location: 
 /tmp
[2022-10-03 07:49:38,603] {subprocess.py:74} INFO - Running command: ['bash', '-c', 'curl -sSL https://raw.githubusercontent.com/zikranazir/final_project_data_fellowsip-7/alfian/dataset/application_record.csv > /opt/***//application_record.csv']
[2022-10-03 07:49:38,643] {subprocess.py:85} INFO - Output:
[2022-10-03 07:50:08,468] {subprocess.py:93} INFO - Command exited with return code 0
[2022-10-03 07:50:08,622] {taskinstance.py:1277} INFO - Marking task as SUCCESS. dag_id=data_ingestion_gcs_dag, task_id=download_dataset_task, execution_date=20221003T074930, start_date=20221003T074938, end_date=20221003T075008
[2022-10-03 07:50:08,709] {local_task_job.py:154} INFO - Task exited with return code 0
[2022-10-03 07:50:08,811] {local_task_job.py:264} INFO - 1 downstream tasks scheduled from follow-on schedule check
