[2022-10-06 05:03:36,241] {taskinstance.py:1032} INFO - Dependencies all met for <TaskInstance: data_ingestion_gcs_dag.format_to_parquet_task scheduled__2022-10-05T00:00:00+00:00 [queued]>
[2022-10-06 05:03:36,381] {taskinstance.py:1032} INFO - Dependencies all met for <TaskInstance: data_ingestion_gcs_dag.format_to_parquet_task scheduled__2022-10-05T00:00:00+00:00 [queued]>
[2022-10-06 05:03:36,384] {taskinstance.py:1238} INFO - 
--------------------------------------------------------------------------------
[2022-10-06 05:03:36,385] {taskinstance.py:1239} INFO - Starting attempt 1 of 2
[2022-10-06 05:03:36,386] {taskinstance.py:1240} INFO - 
--------------------------------------------------------------------------------
[2022-10-06 05:03:36,505] {taskinstance.py:1259} INFO - Executing <Task(PythonOperator): format_to_parquet_task> on 2022-10-05 00:00:00+00:00
[2022-10-06 05:03:36,528] {standard_task_runner.py:52} INFO - Started process 159 to run task
[2022-10-06 05:03:36,568] {standard_task_runner.py:76} INFO - Running: ['***', 'tasks', 'run', 'data_ingestion_gcs_dag', 'format_to_parquet_task', 'scheduled__2022-10-05T00:00:00+00:00', '--job-id', '327', '--raw', '--subdir', 'DAGS_FOLDER/data_ingestion_gcs_dag.py', '--cfg-path', '/tmp/tmp7vho7dk3', '--error-file', '/tmp/tmpoxdvjxdj']
[2022-10-06 05:03:36,571] {standard_task_runner.py:77} INFO - Job 327: Subtask format_to_parquet_task
[2022-10-06 05:03:37,089] {logging_mixin.py:109} INFO - Running <TaskInstance: data_ingestion_gcs_dag.format_to_parquet_task scheduled__2022-10-05T00:00:00+00:00 [running]> on host d1144214b887
[2022-10-06 05:03:37,699] {taskinstance.py:1426} INFO - Exporting the following env vars:
AIRFLOW_CTX_DAG_OWNER=***
AIRFLOW_CTX_DAG_ID=data_ingestion_gcs_dag
AIRFLOW_CTX_TASK_ID=format_to_parquet_task
AIRFLOW_CTX_EXECUTION_DATE=2022-10-05T00:00:00+00:00
AIRFLOW_CTX_DAG_RUN_ID=scheduled__2022-10-05T00:00:00+00:00
[2022-10-06 05:03:43,213] {python.py:175} INFO - Done. Returned value was: None
[2022-10-06 05:03:43,340] {taskinstance.py:1277} INFO - Marking task as SUCCESS. dag_id=data_ingestion_gcs_dag, task_id=format_to_parquet_task, execution_date=20221005T000000, start_date=20221006T050336, end_date=20221006T050343
[2022-10-06 05:03:43,563] {local_task_job.py:154} INFO - Task exited with return code 0
[2022-10-06 05:03:43,753] {local_task_job.py:264} INFO - 1 downstream tasks scheduled from follow-on schedule check
