[2022-09-28 06:58:33,245] {taskinstance.py:1032} INFO - Dependencies all met for <TaskInstance: local_data_ingestion_gcs_dag.upload_file manual__2022-09-28T06:58:30.728954+00:00 [queued]>
[2022-09-28 06:58:33,267] {taskinstance.py:1032} INFO - Dependencies all met for <TaskInstance: local_data_ingestion_gcs_dag.upload_file manual__2022-09-28T06:58:30.728954+00:00 [queued]>
[2022-09-28 06:58:33,267] {taskinstance.py:1238} INFO - 
--------------------------------------------------------------------------------
[2022-09-28 06:58:33,268] {taskinstance.py:1239} INFO - Starting attempt 1 of 2
[2022-09-28 06:58:33,268] {taskinstance.py:1240} INFO - 
--------------------------------------------------------------------------------
[2022-09-28 06:58:33,288] {taskinstance.py:1259} INFO - Executing <Task(LocalFilesystemToGCSOperator): upload_file> on 2022-09-28 06:58:30.728954+00:00
[2022-09-28 06:58:33,294] {standard_task_runner.py:52} INFO - Started process 233 to run task
[2022-09-28 06:58:33,298] {standard_task_runner.py:76} INFO - Running: ['***', 'tasks', 'run', 'local_data_ingestion_gcs_dag', 'upload_file', 'manual__2022-09-28T06:58:30.728954+00:00', '--job-id', '270', '--raw', '--subdir', 'DAGS_FOLDER/upload_to_gcs.py', '--cfg-path', '/tmp/tmpbi3_n8jb', '--error-file', '/tmp/tmpn4692np9']
[2022-09-28 06:58:33,299] {standard_task_runner.py:77} INFO - Job 270: Subtask upload_file
[2022-09-28 06:58:33,417] {logging_mixin.py:109} INFO - Running <TaskInstance: local_data_ingestion_gcs_dag.upload_file manual__2022-09-28T06:58:30.728954+00:00 [running]> on host 9fd45f7b3445
[2022-09-28 06:58:33,600] {taskinstance.py:1426} INFO - Exporting the following env vars:
AIRFLOW_CTX_DAG_OWNER=***
AIRFLOW_CTX_DAG_ID=local_data_ingestion_gcs_dag
AIRFLOW_CTX_TASK_ID=upload_file
AIRFLOW_CTX_EXECUTION_DATE=2022-09-28T06:58:30.728954+00:00
AIRFLOW_CTX_DAG_RUN_ID=manual__2022-09-28T06:58:30.728954+00:00
[2022-09-28 06:58:33,651] {crypto.py:82} WARNING - empty cryptography key - values will not be stored encrypted.
[2022-09-28 06:58:33,691] {taskinstance.py:1277} INFO - Marking task as SUCCESS. dag_id=local_data_ingestion_gcs_dag, task_id=upload_file, execution_date=20220928T065830, start_date=20220928T065833, end_date=20220928T065833
[2022-09-28 06:58:33,753] {local_task_job.py:154} INFO - Task exited with return code 0
[2022-09-28 06:58:33,805] {local_task_job.py:264} INFO - 0 downstream tasks scheduled from follow-on schedule check
