[2022-09-28 06:58:43,681] {taskinstance.py:1032} INFO - Dependencies all met for <TaskInstance: local_data_ingestion_gcs_dag.upload_file manual__2022-09-28T06:58:30.728954+00:00 [queued]>
[2022-09-28 06:58:43,703] {taskinstance.py:1032} INFO - Dependencies all met for <TaskInstance: local_data_ingestion_gcs_dag.upload_file manual__2022-09-28T06:58:30.728954+00:00 [queued]>
[2022-09-28 06:58:43,704] {taskinstance.py:1238} INFO - 
--------------------------------------------------------------------------------
[2022-09-28 06:58:43,705] {taskinstance.py:1239} INFO - Starting attempt 2 of 3
[2022-09-28 06:58:43,705] {taskinstance.py:1240} INFO - 
--------------------------------------------------------------------------------
[2022-09-28 06:58:43,723] {taskinstance.py:1259} INFO - Executing <Task(LocalFilesystemToGCSOperator): upload_file> on 2022-09-28 06:58:30.728954+00:00
[2022-09-28 06:58:43,759] {standard_task_runner.py:52} INFO - Started process 244 to run task
[2022-09-28 06:58:43,763] {standard_task_runner.py:76} INFO - Running: ['***', 'tasks', 'run', 'local_data_ingestion_gcs_dag', 'upload_file', 'manual__2022-09-28T06:58:30.728954+00:00', '--job-id', '271', '--raw', '--subdir', 'DAGS_FOLDER/upload_to_gcs.py', '--cfg-path', '/tmp/tmpisuirlt7', '--error-file', '/tmp/tmp6oi144rn']
[2022-09-28 06:58:43,768] {standard_task_runner.py:77} INFO - Job 271: Subtask upload_file
[2022-09-28 06:58:43,902] {logging_mixin.py:109} INFO - Running <TaskInstance: local_data_ingestion_gcs_dag.upload_file manual__2022-09-28T06:58:30.728954+00:00 [running]> on host 9fd45f7b3445
[2022-09-28 06:58:43,991] {taskinstance.py:1426} INFO - Exporting the following env vars:
AIRFLOW_CTX_DAG_OWNER=***
AIRFLOW_CTX_DAG_ID=local_data_ingestion_gcs_dag
AIRFLOW_CTX_TASK_ID=upload_file
AIRFLOW_CTX_EXECUTION_DATE=2022-09-28T06:58:30.728954+00:00
AIRFLOW_CTX_DAG_RUN_ID=manual__2022-09-28T06:58:30.728954+00:00
[2022-09-28 06:58:43,993] {crypto.py:82} WARNING - empty cryptography key - values will not be stored encrypted.
[2022-09-28 06:58:44,010] {taskinstance.py:1277} INFO - Marking task as SUCCESS. dag_id=local_data_ingestion_gcs_dag, task_id=upload_file, execution_date=20220928T065830, start_date=20220928T065843, end_date=20220928T065844
[2022-09-28 06:58:44,065] {local_task_job.py:154} INFO - Task exited with return code 0
[2022-09-28 06:58:44,121] {local_task_job.py:264} INFO - 0 downstream tasks scheduled from follow-on schedule check
