[2022-09-28 05:34:12,730] {taskinstance.py:1032} INFO - Dependencies all met for <TaskInstance: data_ingestion_gcs_dag.format_to_parquet_task manual__2022-09-28T05:00:17.130705+00:00 [queued]>
[2022-09-28 05:34:12,760] {taskinstance.py:1032} INFO - Dependencies all met for <TaskInstance: data_ingestion_gcs_dag.format_to_parquet_task manual__2022-09-28T05:00:17.130705+00:00 [queued]>
[2022-09-28 05:34:12,761] {taskinstance.py:1238} INFO - 
--------------------------------------------------------------------------------
[2022-09-28 05:34:12,761] {taskinstance.py:1239} INFO - Starting attempt 2 of 3
[2022-09-28 05:34:12,762] {taskinstance.py:1240} INFO - 
--------------------------------------------------------------------------------
[2022-09-28 05:34:12,808] {taskinstance.py:1259} INFO - Executing <Task(PythonOperator): format_to_parquet_task> on 2022-09-28 05:00:17.130705+00:00
[2022-09-28 05:34:12,816] {standard_task_runner.py:52} INFO - Started process 410 to run task
[2022-09-28 05:34:12,827] {standard_task_runner.py:76} INFO - Running: ['***', 'tasks', 'run', 'data_ingestion_gcs_dag', 'format_to_parquet_task', 'manual__2022-09-28T05:00:17.130705+00:00', '--job-id', '223', '--raw', '--subdir', 'DAGS_FOLDER/data_ingestion_gcs_dag.py', '--cfg-path', '/tmp/tmpd8pl_mnh', '--error-file', '/tmp/tmpk0wqisz9']
[2022-09-28 05:34:12,829] {standard_task_runner.py:77} INFO - Job 223: Subtask format_to_parquet_task
[2022-09-28 05:34:13,224] {logging_mixin.py:109} INFO - Running <TaskInstance: data_ingestion_gcs_dag.format_to_parquet_task manual__2022-09-28T05:00:17.130705+00:00 [running]> on host 7339e28b3b1f
[2022-09-28 05:34:13,665] {taskinstance.py:1426} INFO - Exporting the following env vars:
AIRFLOW_CTX_DAG_OWNER=***
AIRFLOW_CTX_DAG_ID=data_ingestion_gcs_dag
AIRFLOW_CTX_TASK_ID=format_to_parquet_task
AIRFLOW_CTX_EXECUTION_DATE=2022-09-28T05:00:17.130705+00:00
AIRFLOW_CTX_DAG_RUN_ID=manual__2022-09-28T05:00:17.130705+00:00
[2022-09-28 05:34:16,962] {python.py:175} INFO - Done. Returned value was: None
[2022-09-28 05:34:17,023] {taskinstance.py:1277} INFO - Marking task as SUCCESS. dag_id=data_ingestion_gcs_dag, task_id=format_to_parquet_task, execution_date=20220928T050017, start_date=20220928T053412, end_date=20220928T053417
[2022-09-28 05:34:17,128] {local_task_job.py:154} INFO - Task exited with return code 0
[2022-09-28 05:34:17,227] {local_task_job.py:264} INFO - 1 downstream tasks scheduled from follow-on schedule check
