[2022-09-28 05:52:04,928] {taskinstance.py:1032} INFO - Dependencies all met for <TaskInstance: local_data_ingestion_gcs_dag.upload_file manual__2022-09-28T05:52:02.472154+00:00 [queued]>
[2022-09-28 05:52:04,962] {taskinstance.py:1032} INFO - Dependencies all met for <TaskInstance: local_data_ingestion_gcs_dag.upload_file manual__2022-09-28T05:52:02.472154+00:00 [queued]>
[2022-09-28 05:52:04,963] {taskinstance.py:1238} INFO - 
--------------------------------------------------------------------------------
[2022-09-28 05:52:04,963] {taskinstance.py:1239} INFO - Starting attempt 1 of 2
[2022-09-28 05:52:04,964] {taskinstance.py:1240} INFO - 
--------------------------------------------------------------------------------
[2022-09-28 05:52:04,999] {taskinstance.py:1259} INFO - Executing <Task(LocalFilesystemToGCSOperator): upload_file> on 2022-09-28 05:52:02.472154+00:00
[2022-09-28 05:52:05,008] {standard_task_runner.py:52} INFO - Started process 129 to run task
[2022-09-28 05:52:05,012] {standard_task_runner.py:76} INFO - Running: ['***', 'tasks', 'run', 'local_data_ingestion_gcs_dag', 'upload_file', 'manual__2022-09-28T05:52:02.472154+00:00', '--job-id', '232', '--raw', '--subdir', 'DAGS_FOLDER/upload_to_gcs.py', '--cfg-path', '/tmp/tmpg94tabgu', '--error-file', '/tmp/tmp63ze62tf']
[2022-09-28 05:52:05,013] {standard_task_runner.py:77} INFO - Job 232: Subtask upload_file
[2022-09-28 05:52:05,150] {logging_mixin.py:109} INFO - Running <TaskInstance: local_data_ingestion_gcs_dag.upload_file manual__2022-09-28T05:52:02.472154+00:00 [running]> on host ef61b21326ba
[2022-09-28 05:52:05,433] {taskinstance.py:1426} INFO - Exporting the following env vars:
AIRFLOW_CTX_DAG_OWNER=***
AIRFLOW_CTX_DAG_ID=local_data_ingestion_gcs_dag
AIRFLOW_CTX_TASK_ID=upload_file
AIRFLOW_CTX_EXECUTION_DATE=2022-09-28T05:52:02.472154+00:00
AIRFLOW_CTX_DAG_RUN_ID=manual__2022-09-28T05:52:02.472154+00:00
[2022-09-28 05:52:05,441] {crypto.py:82} WARNING - empty cryptography key - values will not be stored encrypted.
[2022-09-28 05:52:05,662] {taskinstance.py:1277} INFO - Marking task as SUCCESS. dag_id=local_data_ingestion_gcs_dag, task_id=upload_file, execution_date=20220928T055202, start_date=20220928T055204, end_date=20220928T055205
[2022-09-28 05:52:05,859] {local_task_job.py:154} INFO - Task exited with return code 0
[2022-09-28 05:52:06,044] {local_task_job.py:264} INFO - 0 downstream tasks scheduled from follow-on schedule check
