[2022-09-28 05:34:36,916] {taskinstance.py:1032} INFO - Dependencies all met for <TaskInstance: data_ingestion_gcs_dag.download_dataset_task manual__2022-09-28T05:31:13.222680+00:00 [queued]>
[2022-09-28 05:34:36,939] {taskinstance.py:1032} INFO - Dependencies all met for <TaskInstance: data_ingestion_gcs_dag.download_dataset_task manual__2022-09-28T05:31:13.222680+00:00 [queued]>
[2022-09-28 05:34:36,941] {taskinstance.py:1238} INFO - 
--------------------------------------------------------------------------------
[2022-09-28 05:34:36,942] {taskinstance.py:1239} INFO - Starting attempt 1 of 2
[2022-09-28 05:34:36,943] {taskinstance.py:1240} INFO - 
--------------------------------------------------------------------------------
[2022-09-28 05:34:36,967] {taskinstance.py:1259} INFO - Executing <Task(BashOperator): download_dataset_task> on 2022-09-28 05:31:13.222680+00:00
[2022-09-28 05:34:36,978] {standard_task_runner.py:52} INFO - Started process 431 to run task
[2022-09-28 05:34:36,982] {standard_task_runner.py:76} INFO - Running: ['***', 'tasks', 'run', 'data_ingestion_gcs_dag', 'download_dataset_task', 'manual__2022-09-28T05:31:13.222680+00:00', '--job-id', '225', '--raw', '--subdir', 'DAGS_FOLDER/data_ingestion_gcs_dag.py', '--cfg-path', '/tmp/tmp7efgfd6y', '--error-file', '/tmp/tmpfxd1mv51']
[2022-09-28 05:34:36,983] {standard_task_runner.py:77} INFO - Job 225: Subtask download_dataset_task
[2022-09-28 05:34:37,084] {logging_mixin.py:109} INFO - Running <TaskInstance: data_ingestion_gcs_dag.download_dataset_task manual__2022-09-28T05:31:13.222680+00:00 [running]> on host 7339e28b3b1f
[2022-09-28 05:34:37,249] {taskinstance.py:1426} INFO - Exporting the following env vars:
AIRFLOW_CTX_DAG_OWNER=***
AIRFLOW_CTX_DAG_ID=data_ingestion_gcs_dag
AIRFLOW_CTX_TASK_ID=download_dataset_task
AIRFLOW_CTX_EXECUTION_DATE=2022-09-28T05:31:13.222680+00:00
AIRFLOW_CTX_DAG_RUN_ID=manual__2022-09-28T05:31:13.222680+00:00
[2022-09-28 05:34:37,258] {subprocess.py:62} INFO - Tmp dir root location: 
 /tmp
[2022-09-28 05:34:37,274] {subprocess.py:74} INFO - Running command: ['bash', '-c', 'curl -sSL https://raw.githubusercontent.com/zikranazir/final_project_data_fellowsip-7/alfian/dataset/application_record.csv > /opt/***//application_record.csv']
[2022-09-28 05:34:37,300] {subprocess.py:85} INFO - Output:
[2022-09-28 05:36:58,665] {subprocess.py:93} INFO - Command exited with return code 0
[2022-09-28 05:36:58,761] {taskinstance.py:1277} INFO - Marking task as SUCCESS. dag_id=data_ingestion_gcs_dag, task_id=download_dataset_task, execution_date=20220928T053113, start_date=20220928T053436, end_date=20220928T053658
[2022-09-28 05:36:58,819] {local_task_job.py:154} INFO - Task exited with return code 0
[2022-09-28 05:36:58,897] {local_task_job.py:264} INFO - 1 downstream tasks scheduled from follow-on schedule check
