[2022-09-28 09:34:15,287] {taskinstance.py:1032} INFO - Dependencies all met for <TaskInstance: data_ingestion_gcs_dag.download_dataset_task manual__2022-09-28T05:31:13.222680+00:00 [queued]>
[2022-09-28 09:34:15,305] {taskinstance.py:1032} INFO - Dependencies all met for <TaskInstance: data_ingestion_gcs_dag.download_dataset_task manual__2022-09-28T05:31:13.222680+00:00 [queued]>
[2022-09-28 09:34:15,306] {taskinstance.py:1238} INFO - 
--------------------------------------------------------------------------------
[2022-09-28 09:34:15,306] {taskinstance.py:1239} INFO - Starting attempt 2 of 3
[2022-09-28 09:34:15,307] {taskinstance.py:1240} INFO - 
--------------------------------------------------------------------------------
[2022-09-28 09:34:15,327] {taskinstance.py:1259} INFO - Executing <Task(BashOperator): download_dataset_task> on 2022-09-28 05:31:13.222680+00:00
[2022-09-28 09:34:15,334] {standard_task_runner.py:52} INFO - Started process 106 to run task
[2022-09-28 09:34:15,338] {standard_task_runner.py:76} INFO - Running: ['***', 'tasks', 'run', 'data_ingestion_gcs_dag', 'download_dataset_task', 'manual__2022-09-28T05:31:13.222680+00:00', '--job-id', '291', '--raw', '--subdir', 'DAGS_FOLDER/data_ingestion_gcs_dag.py', '--cfg-path', '/tmp/tmpr13aonhh', '--error-file', '/tmp/tmp617_codz']
[2022-09-28 09:34:15,340] {standard_task_runner.py:77} INFO - Job 291: Subtask download_dataset_task
[2022-09-28 09:34:15,477] {logging_mixin.py:109} INFO - Running <TaskInstance: data_ingestion_gcs_dag.download_dataset_task manual__2022-09-28T05:31:13.222680+00:00 [running]> on host 7862f99ff0e5
[2022-09-28 09:34:15,672] {taskinstance.py:1426} INFO - Exporting the following env vars:
AIRFLOW_CTX_DAG_OWNER=***
AIRFLOW_CTX_DAG_ID=data_ingestion_gcs_dag
AIRFLOW_CTX_TASK_ID=download_dataset_task
AIRFLOW_CTX_EXECUTION_DATE=2022-09-28T05:31:13.222680+00:00
AIRFLOW_CTX_DAG_RUN_ID=manual__2022-09-28T05:31:13.222680+00:00
[2022-09-28 09:34:15,674] {subprocess.py:62} INFO - Tmp dir root location: 
 /tmp
[2022-09-28 09:34:15,676] {subprocess.py:74} INFO - Running command: ['bash', '-c', 'curl -sSL https://raw.githubusercontent.com/zikranazir/final_project_data_fellowsip-7/alfian/dataset/application_record.csv > /opt/***//application_record.csv']
[2022-09-28 09:34:15,696] {subprocess.py:85} INFO - Output:
[2022-09-28 09:35:51,871] {subprocess.py:93} INFO - Command exited with return code 0
[2022-09-28 09:35:51,964] {taskinstance.py:1277} INFO - Marking task as SUCCESS. dag_id=data_ingestion_gcs_dag, task_id=download_dataset_task, execution_date=20220928T053113, start_date=20220928T093415, end_date=20220928T093551
[2022-09-28 09:35:52,067] {local_task_job.py:154} INFO - Task exited with return code 0
[2022-09-28 09:35:52,141] {local_task_job.py:264} INFO - 1 downstream tasks scheduled from follow-on schedule check
