[2022-09-27 05:42:14,270] {taskinstance.py:1032} INFO - Dependencies all met for <TaskInstance: data_ingestion_gcs_dag.local_to_gcs_task scheduled__2022-09-26T00:00:00+00:00 [queued]>
[2022-09-27 05:42:14,353] {taskinstance.py:1032} INFO - Dependencies all met for <TaskInstance: data_ingestion_gcs_dag.local_to_gcs_task scheduled__2022-09-26T00:00:00+00:00 [queued]>
[2022-09-27 05:42:14,354] {taskinstance.py:1238} INFO - 
--------------------------------------------------------------------------------
[2022-09-27 05:42:14,355] {taskinstance.py:1239} INFO - Starting attempt 1 of 2
[2022-09-27 05:42:14,356] {taskinstance.py:1240} INFO - 
--------------------------------------------------------------------------------
[2022-09-27 05:42:14,389] {taskinstance.py:1259} INFO - Executing <Task(PythonOperator): local_to_gcs_task> on 2022-09-26 00:00:00+00:00
[2022-09-27 05:42:14,402] {standard_task_runner.py:52} INFO - Started process 200 to run task
[2022-09-27 05:42:14,407] {standard_task_runner.py:76} INFO - Running: ['***', 'tasks', 'run', 'data_ingestion_gcs_dag', 'local_to_gcs_task', 'scheduled__2022-09-26T00:00:00+00:00', '--job-id', '68', '--raw', '--subdir', 'DAGS_FOLDER/data_ingestion_gcs_dag.py', '--cfg-path', '/tmp/tmp5zbp_lok', '--error-file', '/tmp/tmpo6apqu41']
[2022-09-27 05:42:14,411] {standard_task_runner.py:77} INFO - Job 68: Subtask local_to_gcs_task
[2022-09-27 05:42:14,571] {logging_mixin.py:109} INFO - Running <TaskInstance: data_ingestion_gcs_dag.local_to_gcs_task scheduled__2022-09-26T00:00:00+00:00 [running]> on host 248fe7f7a039
[2022-09-27 05:42:14,783] {taskinstance.py:1426} INFO - Exporting the following env vars:
AIRFLOW_CTX_DAG_OWNER=***
AIRFLOW_CTX_DAG_ID=data_ingestion_gcs_dag
AIRFLOW_CTX_TASK_ID=local_to_gcs_task
AIRFLOW_CTX_EXECUTION_DATE=2022-09-26T00:00:00+00:00
AIRFLOW_CTX_DAG_RUN_ID=scheduled__2022-09-26T00:00:00+00:00
[2022-09-27 05:42:15,864] {python.py:175} INFO - Done. Returned value was: None
[2022-09-27 05:42:15,974] {taskinstance.py:1277} INFO - Marking task as SUCCESS. dag_id=data_ingestion_gcs_dag, task_id=local_to_gcs_task, execution_date=20220926T000000, start_date=20220927T054214, end_date=20220927T054215
[2022-09-27 05:42:16,141] {local_task_job.py:154} INFO - Task exited with return code 0
[2022-09-27 05:42:16,393] {local_task_job.py:264} INFO - 0 downstream tasks scheduled from follow-on schedule check
