[2022-09-24 03:14:32,036] {taskinstance.py:1032} INFO - Dependencies all met for <TaskInstance: data_ingestion_gcs_dag.download_dataset_task manual__2022-09-24T03:11:45.648085+00:00 [None]>
[2022-09-24 03:14:32,060] {taskinstance.py:1032} INFO - Dependencies all met for <TaskInstance: data_ingestion_gcs_dag.download_dataset_task manual__2022-09-24T03:11:45.648085+00:00 [None]>
[2022-09-24 03:14:32,061] {taskinstance.py:1238} INFO - 
--------------------------------------------------------------------------------
[2022-09-24 03:14:32,062] {taskinstance.py:1239} INFO - Starting attempt 1 of 2
[2022-09-24 03:14:32,063] {taskinstance.py:1240} INFO - 
--------------------------------------------------------------------------------
[2022-09-24 03:14:32,088] {taskinstance.py:1259} INFO - Executing <Task(BashOperator): download_dataset_task> on 2022-09-24 03:11:45.648085+00:00
[2022-09-24 03:14:32,105] {standard_task_runner.py:52} INFO - Started process 211 to run task
[2022-09-24 03:14:32,109] {standard_task_runner.py:76} INFO - Running: ['***', 'tasks', 'run', 'data_ingestion_gcs_dag', 'download_dataset_task', 'manual__2022-09-24T03:11:45.648085+00:00', '--job-id', '15', '--pool', 'default_pool', '--raw', '--subdir', 'DAGS_FOLDER/data_ingestion_gcs_dag.py', '--cfg-path', '/tmp/tmpxwipo6eg', '--error-file', '/tmp/tmpktuzd7tt']
[2022-09-24 03:14:32,113] {standard_task_runner.py:77} INFO - Job 15: Subtask download_dataset_task
[2022-09-24 03:14:32,218] {logging_mixin.py:109} INFO - Running <TaskInstance: data_ingestion_gcs_dag.download_dataset_task manual__2022-09-24T03:11:45.648085+00:00 [running]> on host 825536f7b6a6
[2022-09-24 03:14:32,323] {taskinstance.py:1426} INFO - Exporting the following env vars:
AIRFLOW_CTX_DAG_OWNER=***
AIRFLOW_CTX_DAG_ID=data_ingestion_gcs_dag
AIRFLOW_CTX_TASK_ID=download_dataset_task
AIRFLOW_CTX_EXECUTION_DATE=2022-09-24T03:11:45.648085+00:00
AIRFLOW_CTX_DAG_RUN_ID=manual__2022-09-24T03:11:45.648085+00:00
[2022-09-24 03:14:32,334] {subprocess.py:62} INFO - Tmp dir root location: 
 /tmp
[2022-09-24 03:14:32,350] {subprocess.py:74} INFO - Running command: ['bash', '-c', 'curl -sSL https://github.com/puneettripathi/adf/blob/master/data/airtravel.csv > /opt/***//airtravel.csv']
[2022-09-24 03:14:32,391] {subprocess.py:85} INFO - Output:
[2022-09-24 03:14:33,824] {subprocess.py:93} INFO - Command exited with return code 0
[2022-09-24 03:14:33,873] {taskinstance.py:1277} INFO - Marking task as SUCCESS. dag_id=data_ingestion_gcs_dag, task_id=download_dataset_task, execution_date=20220924T031145, start_date=20220924T031432, end_date=20220924T031433
[2022-09-24 03:14:33,945] {local_task_job.py:154} INFO - Task exited with return code 0
[2022-09-24 03:14:34,009] {local_task_job.py:264} INFO - 1 downstream tasks scheduled from follow-on schedule check
