[2022-09-27 05:40:07,911] {taskinstance.py:1032} INFO - Dependencies all met for <TaskInstance: data_ingestion_gcs_dag.download_dataset_task scheduled__2022-09-24T00:00:00+00:00 [queued]>
[2022-09-27 05:40:08,015] {taskinstance.py:1032} INFO - Dependencies all met for <TaskInstance: data_ingestion_gcs_dag.download_dataset_task scheduled__2022-09-24T00:00:00+00:00 [queued]>
[2022-09-27 05:40:08,021] {taskinstance.py:1238} INFO - 
--------------------------------------------------------------------------------
[2022-09-27 05:40:08,023] {taskinstance.py:1239} INFO - Starting attempt 1 of 2
[2022-09-27 05:40:08,024] {taskinstance.py:1240} INFO - 
--------------------------------------------------------------------------------
[2022-09-27 05:40:08,484] {taskinstance.py:1259} INFO - Executing <Task(BashOperator): download_dataset_task> on 2022-09-24 00:00:00+00:00
[2022-09-27 05:40:08,730] {standard_task_runner.py:52} INFO - Started process 114 to run task
[2022-09-27 05:40:08,922] {standard_task_runner.py:76} INFO - Running: ['***', 'tasks', 'run', 'data_ingestion_gcs_dag', 'download_dataset_task', 'scheduled__2022-09-24T00:00:00+00:00', '--job-id', '63', '--raw', '--subdir', 'DAGS_FOLDER/data_ingestion_gcs_dag.py', '--cfg-path', '/tmp/tmpo4z0wxs9', '--error-file', '/tmp/tmpobi6birx']
[2022-09-27 05:40:09,017] {standard_task_runner.py:77} INFO - Job 63: Subtask download_dataset_task
[2022-09-27 05:40:10,408] {logging_mixin.py:109} INFO - Running <TaskInstance: data_ingestion_gcs_dag.download_dataset_task scheduled__2022-09-24T00:00:00+00:00 [running]> on host 248fe7f7a039
[2022-09-27 05:40:11,426] {taskinstance.py:1426} INFO - Exporting the following env vars:
AIRFLOW_CTX_DAG_OWNER=***
AIRFLOW_CTX_DAG_ID=data_ingestion_gcs_dag
AIRFLOW_CTX_TASK_ID=download_dataset_task
AIRFLOW_CTX_EXECUTION_DATE=2022-09-24T00:00:00+00:00
AIRFLOW_CTX_DAG_RUN_ID=scheduled__2022-09-24T00:00:00+00:00
[2022-09-27 05:40:11,428] {subprocess.py:62} INFO - Tmp dir root location: 
 /tmp
[2022-09-27 05:40:11,444] {subprocess.py:74} INFO - Running command: ['bash', '-c', 'curl -sSL https://people.sc.fsu.edu/~jburkardt/data/csv/crash_catalonia.csv > /opt/***//crash_catalonia.csv']
[2022-09-27 05:40:12,484] {subprocess.py:85} INFO - Output:
[2022-09-27 05:40:16,560] {subprocess.py:93} INFO - Command exited with return code 0
[2022-09-27 05:40:16,924] {taskinstance.py:1277} INFO - Marking task as SUCCESS. dag_id=data_ingestion_gcs_dag, task_id=download_dataset_task, execution_date=20220924T000000, start_date=20220927T054007, end_date=20220927T054016
[2022-09-27 05:40:17,204] {local_task_job.py:154} INFO - Task exited with return code 0
[2022-09-27 05:40:17,947] {local_task_job.py:264} INFO - 0 downstream tasks scheduled from follow-on schedule check
